[2025-02-20T09:24:59.642+0000] {processor.py:186} INFO - Started process (PID=108) to work on /home/airflow/.local/lib/python3.12/site-packages/airflow/example_dags/example_branch_datetime_operator.py
[2025-02-20T09:24:59.643+0000] {processor.py:914} INFO - Processing file /home/airflow/.local/lib/python3.12/site-packages/airflow/example_dags/example_branch_datetime_operator.py for tasks to queue
[2025-02-20T09:24:59.648+0000] {logging_mixin.py:190} INFO - [2025-02-20T09:24:59.648+0000] {dagbag.py:588} INFO - Filling up the DagBag from /home/airflow/.local/lib/python3.12/site-packages/airflow/example_dags/example_branch_datetime_operator.py
[2025-02-20T09:24:59.668+0000] {processor.py:925} INFO - DAG(s) 'example_branch_datetime_operator', 'example_branch_datetime_operator_3', 'example_branch_datetime_operator_2' retrieved from /home/airflow/.local/lib/python3.12/site-packages/airflow/example_dags/example_branch_datetime_operator.py
[2025-02-20T09:24:59.841+0000] {logging_mixin.py:190} INFO - [2025-02-20T09:24:59.840+0000] {override.py:1911} INFO - Created Permission View: can edit on DAG:example_branch_datetime_operator
[2025-02-20T09:24:59.861+0000] {logging_mixin.py:190} INFO - [2025-02-20T09:24:59.860+0000] {override.py:1911} INFO - Created Permission View: can delete on DAG:example_branch_datetime_operator
[2025-02-20T09:24:59.874+0000] {logging_mixin.py:190} INFO - [2025-02-20T09:24:59.873+0000] {override.py:1911} INFO - Created Permission View: can read on DAG:example_branch_datetime_operator
[2025-02-20T09:24:59.890+0000] {logging_mixin.py:190} INFO - [2025-02-20T09:24:59.890+0000] {override.py:1911} INFO - Created Permission View: can create on DAG Run:example_branch_datetime_operator
[2025-02-20T09:24:59.900+0000] {logging_mixin.py:190} INFO - [2025-02-20T09:24:59.899+0000] {override.py:1911} INFO - Created Permission View: menu access on DAG Run:example_branch_datetime_operator
[2025-02-20T09:24:59.910+0000] {logging_mixin.py:190} INFO - [2025-02-20T09:24:59.909+0000] {override.py:1911} INFO - Created Permission View: can delete on DAG Run:example_branch_datetime_operator
[2025-02-20T09:24:59.919+0000] {logging_mixin.py:190} INFO - [2025-02-20T09:24:59.919+0000] {override.py:1911} INFO - Created Permission View: can read on DAG Run:example_branch_datetime_operator
[2025-02-20T09:24:59.946+0000] {logging_mixin.py:190} INFO - [2025-02-20T09:24:59.945+0000] {override.py:1911} INFO - Created Permission View: can edit on DAG:example_branch_datetime_operator_3
[2025-02-20T09:24:59.958+0000] {logging_mixin.py:190} INFO - [2025-02-20T09:24:59.957+0000] {override.py:1911} INFO - Created Permission View: can delete on DAG:example_branch_datetime_operator_3
[2025-02-20T09:24:59.971+0000] {logging_mixin.py:190} INFO - [2025-02-20T09:24:59.970+0000] {override.py:1911} INFO - Created Permission View: can read on DAG:example_branch_datetime_operator_3
[2025-02-20T09:24:59.984+0000] {logging_mixin.py:190} INFO - [2025-02-20T09:24:59.983+0000] {override.py:1911} INFO - Created Permission View: can create on DAG Run:example_branch_datetime_operator_3
[2025-02-20T09:24:59.997+0000] {logging_mixin.py:190} INFO - [2025-02-20T09:24:59.996+0000] {override.py:1911} INFO - Created Permission View: menu access on DAG Run:example_branch_datetime_operator_3
[2025-02-20T09:25:00.009+0000] {logging_mixin.py:190} INFO - [2025-02-20T09:25:00.008+0000] {override.py:1911} INFO - Created Permission View: can delete on DAG Run:example_branch_datetime_operator_3
[2025-02-20T09:25:00.017+0000] {logging_mixin.py:190} INFO - [2025-02-20T09:25:00.017+0000] {override.py:1911} INFO - Created Permission View: can read on DAG Run:example_branch_datetime_operator_3
[2025-02-20T09:25:00.041+0000] {logging_mixin.py:190} INFO - [2025-02-20T09:25:00.041+0000] {override.py:1911} INFO - Created Permission View: can edit on DAG:example_branch_datetime_operator_2
[2025-02-20T09:25:00.055+0000] {logging_mixin.py:190} INFO - [2025-02-20T09:25:00.054+0000] {override.py:1911} INFO - Created Permission View: can delete on DAG:example_branch_datetime_operator_2
[2025-02-20T09:25:00.064+0000] {logging_mixin.py:190} INFO - [2025-02-20T09:25:00.064+0000] {override.py:1911} INFO - Created Permission View: can read on DAG:example_branch_datetime_operator_2
[2025-02-20T09:25:00.075+0000] {logging_mixin.py:190} INFO - [2025-02-20T09:25:00.075+0000] {override.py:1911} INFO - Created Permission View: can create on DAG Run:example_branch_datetime_operator_2
[2025-02-20T09:25:00.087+0000] {logging_mixin.py:190} INFO - [2025-02-20T09:25:00.087+0000] {override.py:1911} INFO - Created Permission View: menu access on DAG Run:example_branch_datetime_operator_2
[2025-02-20T09:25:00.102+0000] {logging_mixin.py:190} INFO - [2025-02-20T09:25:00.101+0000] {override.py:1911} INFO - Created Permission View: can delete on DAG Run:example_branch_datetime_operator_2
[2025-02-20T09:25:00.115+0000] {logging_mixin.py:190} INFO - [2025-02-20T09:25:00.114+0000] {override.py:1911} INFO - Created Permission View: can read on DAG Run:example_branch_datetime_operator_2
[2025-02-20T09:25:00.116+0000] {logging_mixin.py:190} INFO - [2025-02-20T09:25:00.115+0000] {dag.py:3239} INFO - Sync 3 DAGs
[2025-02-20T09:25:00.136+0000] {logging_mixin.py:190} INFO - [2025-02-20T09:25:00.136+0000] {dag.py:3262} INFO - Creating ORM DAG for example_branch_datetime_operator_3
[2025-02-20T09:25:00.137+0000] {logging_mixin.py:190} INFO - [2025-02-20T09:25:00.137+0000] {dag.py:3262} INFO - Creating ORM DAG for example_branch_datetime_operator_2
[2025-02-20T09:25:00.139+0000] {logging_mixin.py:190} INFO - [2025-02-20T09:25:00.139+0000] {dag.py:3262} INFO - Creating ORM DAG for example_branch_datetime_operator
[2025-02-20T09:25:00.154+0000] {logging_mixin.py:190} INFO - [2025-02-20T09:25:00.154+0000] {dag.py:4180} INFO - Setting next_dagrun for example_branch_datetime_operator to 2025-02-19 00:00:00+00:00, run_after=2025-02-20 00:00:00+00:00
[2025-02-20T09:25:00.158+0000] {logging_mixin.py:190} INFO - [2025-02-20T09:25:00.158+0000] {dag.py:4180} INFO - Setting next_dagrun for example_branch_datetime_operator_2 to 2025-02-19 00:00:00+00:00, run_after=2025-02-20 00:00:00+00:00
[2025-02-20T09:25:00.162+0000] {logging_mixin.py:190} INFO - [2025-02-20T09:25:00.161+0000] {dag.py:4180} INFO - Setting next_dagrun for example_branch_datetime_operator_3 to 2025-02-19 00:00:00+00:00, run_after=2025-02-20 00:00:00+00:00
[2025-02-20T09:25:00.191+0000] {processor.py:208} INFO - Processing /home/airflow/.local/lib/python3.12/site-packages/airflow/example_dags/example_branch_datetime_operator.py took 0.560 seconds
[2025-02-20T09:25:31.053+0000] {processor.py:186} INFO - Started process (PID=171) to work on /home/airflow/.local/lib/python3.12/site-packages/airflow/example_dags/example_branch_datetime_operator.py
[2025-02-20T09:25:31.055+0000] {processor.py:914} INFO - Processing file /home/airflow/.local/lib/python3.12/site-packages/airflow/example_dags/example_branch_datetime_operator.py for tasks to queue
[2025-02-20T09:25:31.058+0000] {logging_mixin.py:190} INFO - [2025-02-20T09:25:31.058+0000] {dagbag.py:588} INFO - Filling up the DagBag from /home/airflow/.local/lib/python3.12/site-packages/airflow/example_dags/example_branch_datetime_operator.py
[2025-02-20T09:25:31.079+0000] {processor.py:925} INFO - DAG(s) 'example_branch_datetime_operator_3', 'example_branch_datetime_operator', 'example_branch_datetime_operator_2' retrieved from /home/airflow/.local/lib/python3.12/site-packages/airflow/example_dags/example_branch_datetime_operator.py
[2025-02-20T09:25:31.119+0000] {logging_mixin.py:190} INFO - [2025-02-20T09:25:31.118+0000] {dag.py:3239} INFO - Sync 3 DAGs
[2025-02-20T09:25:31.147+0000] {logging_mixin.py:190} INFO - [2025-02-20T09:25:31.147+0000] {dag.py:4180} INFO - Setting next_dagrun for example_branch_datetime_operator to 2025-02-19 00:00:00+00:00, run_after=2025-02-20 00:00:00+00:00
[2025-02-20T09:25:31.155+0000] {logging_mixin.py:190} INFO - [2025-02-20T09:25:31.154+0000] {dag.py:4180} INFO - Setting next_dagrun for example_branch_datetime_operator_2 to 2025-02-19 00:00:00+00:00, run_after=2025-02-20 00:00:00+00:00
[2025-02-20T09:25:31.158+0000] {logging_mixin.py:190} INFO - [2025-02-20T09:25:31.158+0000] {dag.py:4180} INFO - Setting next_dagrun for example_branch_datetime_operator_3 to 2025-02-19 00:00:00+00:00, run_after=2025-02-20 00:00:00+00:00
[2025-02-20T09:25:31.180+0000] {processor.py:208} INFO - Processing /home/airflow/.local/lib/python3.12/site-packages/airflow/example_dags/example_branch_datetime_operator.py took 0.137 seconds
[2025-02-20T09:26:01.759+0000] {processor.py:186} INFO - Started process (PID=234) to work on /home/airflow/.local/lib/python3.12/site-packages/airflow/example_dags/example_branch_datetime_operator.py
[2025-02-20T09:26:01.760+0000] {processor.py:914} INFO - Processing file /home/airflow/.local/lib/python3.12/site-packages/airflow/example_dags/example_branch_datetime_operator.py for tasks to queue
[2025-02-20T09:26:01.764+0000] {logging_mixin.py:190} INFO - [2025-02-20T09:26:01.763+0000] {dagbag.py:588} INFO - Filling up the DagBag from /home/airflow/.local/lib/python3.12/site-packages/airflow/example_dags/example_branch_datetime_operator.py
[2025-02-20T09:26:01.779+0000] {processor.py:925} INFO - DAG(s) 'example_branch_datetime_operator', 'example_branch_datetime_operator_3', 'example_branch_datetime_operator_2' retrieved from /home/airflow/.local/lib/python3.12/site-packages/airflow/example_dags/example_branch_datetime_operator.py
[2025-02-20T09:26:01.813+0000] {logging_mixin.py:190} INFO - [2025-02-20T09:26:01.812+0000] {dag.py:3239} INFO - Sync 3 DAGs
[2025-02-20T09:26:01.840+0000] {logging_mixin.py:190} INFO - [2025-02-20T09:26:01.839+0000] {dag.py:4180} INFO - Setting next_dagrun for example_branch_datetime_operator to 2025-02-19 00:00:00+00:00, run_after=2025-02-20 00:00:00+00:00
[2025-02-20T09:26:01.846+0000] {logging_mixin.py:190} INFO - [2025-02-20T09:26:01.845+0000] {dag.py:4180} INFO - Setting next_dagrun for example_branch_datetime_operator_2 to 2025-02-19 00:00:00+00:00, run_after=2025-02-20 00:00:00+00:00
[2025-02-20T09:26:01.849+0000] {logging_mixin.py:190} INFO - [2025-02-20T09:26:01.849+0000] {dag.py:4180} INFO - Setting next_dagrun for example_branch_datetime_operator_3 to 2025-02-19 00:00:00+00:00, run_after=2025-02-20 00:00:00+00:00
[2025-02-20T09:26:01.869+0000] {processor.py:208} INFO - Processing /home/airflow/.local/lib/python3.12/site-packages/airflow/example_dags/example_branch_datetime_operator.py took 0.116 seconds
[2025-02-20T09:26:32.677+0000] {processor.py:186} INFO - Started process (PID=297) to work on /home/airflow/.local/lib/python3.12/site-packages/airflow/example_dags/example_branch_datetime_operator.py
[2025-02-20T09:26:32.678+0000] {processor.py:914} INFO - Processing file /home/airflow/.local/lib/python3.12/site-packages/airflow/example_dags/example_branch_datetime_operator.py for tasks to queue
[2025-02-20T09:26:32.682+0000] {logging_mixin.py:190} INFO - [2025-02-20T09:26:32.681+0000] {dagbag.py:588} INFO - Filling up the DagBag from /home/airflow/.local/lib/python3.12/site-packages/airflow/example_dags/example_branch_datetime_operator.py
[2025-02-20T09:26:32.702+0000] {processor.py:925} INFO - DAG(s) 'example_branch_datetime_operator_2', 'example_branch_datetime_operator_3', 'example_branch_datetime_operator' retrieved from /home/airflow/.local/lib/python3.12/site-packages/airflow/example_dags/example_branch_datetime_operator.py
[2025-02-20T09:26:32.742+0000] {logging_mixin.py:190} INFO - [2025-02-20T09:26:32.742+0000] {dag.py:3239} INFO - Sync 3 DAGs
[2025-02-20T09:26:32.770+0000] {logging_mixin.py:190} INFO - [2025-02-20T09:26:32.769+0000] {dag.py:4180} INFO - Setting next_dagrun for example_branch_datetime_operator to 2025-02-19 00:00:00+00:00, run_after=2025-02-20 00:00:00+00:00
[2025-02-20T09:26:32.777+0000] {logging_mixin.py:190} INFO - [2025-02-20T09:26:32.777+0000] {dag.py:4180} INFO - Setting next_dagrun for example_branch_datetime_operator_2 to 2025-02-19 00:00:00+00:00, run_after=2025-02-20 00:00:00+00:00
[2025-02-20T09:26:32.780+0000] {logging_mixin.py:190} INFO - [2025-02-20T09:26:32.780+0000] {dag.py:4180} INFO - Setting next_dagrun for example_branch_datetime_operator_3 to 2025-02-19 00:00:00+00:00, run_after=2025-02-20 00:00:00+00:00
[2025-02-20T09:26:32.801+0000] {processor.py:208} INFO - Processing /home/airflow/.local/lib/python3.12/site-packages/airflow/example_dags/example_branch_datetime_operator.py took 0.131 seconds
[2025-02-20T09:27:03.093+0000] {processor.py:186} INFO - Started process (PID=360) to work on /home/airflow/.local/lib/python3.12/site-packages/airflow/example_dags/example_branch_datetime_operator.py
[2025-02-20T09:27:03.094+0000] {processor.py:914} INFO - Processing file /home/airflow/.local/lib/python3.12/site-packages/airflow/example_dags/example_branch_datetime_operator.py for tasks to queue
[2025-02-20T09:27:03.097+0000] {logging_mixin.py:190} INFO - [2025-02-20T09:27:03.097+0000] {dagbag.py:588} INFO - Filling up the DagBag from /home/airflow/.local/lib/python3.12/site-packages/airflow/example_dags/example_branch_datetime_operator.py
[2025-02-20T09:27:03.112+0000] {processor.py:925} INFO - DAG(s) 'example_branch_datetime_operator_3', 'example_branch_datetime_operator', 'example_branch_datetime_operator_2' retrieved from /home/airflow/.local/lib/python3.12/site-packages/airflow/example_dags/example_branch_datetime_operator.py
[2025-02-20T09:27:03.145+0000] {logging_mixin.py:190} INFO - [2025-02-20T09:27:03.145+0000] {dag.py:3239} INFO - Sync 3 DAGs
[2025-02-20T09:27:03.179+0000] {logging_mixin.py:190} INFO - [2025-02-20T09:27:03.179+0000] {dag.py:4180} INFO - Setting next_dagrun for example_branch_datetime_operator to 2025-02-19 00:00:00+00:00, run_after=2025-02-20 00:00:00+00:00
[2025-02-20T09:27:03.189+0000] {logging_mixin.py:190} INFO - [2025-02-20T09:27:03.188+0000] {dag.py:4180} INFO - Setting next_dagrun for example_branch_datetime_operator_2 to 2025-02-19 00:00:00+00:00, run_after=2025-02-20 00:00:00+00:00
[2025-02-20T09:27:03.192+0000] {logging_mixin.py:190} INFO - [2025-02-20T09:27:03.192+0000] {dag.py:4180} INFO - Setting next_dagrun for example_branch_datetime_operator_3 to 2025-02-19 00:00:00+00:00, run_after=2025-02-20 00:00:00+00:00
[2025-02-20T09:27:03.213+0000] {processor.py:208} INFO - Processing /home/airflow/.local/lib/python3.12/site-packages/airflow/example_dags/example_branch_datetime_operator.py took 0.127 seconds
[2025-02-20T09:27:33.813+0000] {processor.py:186} INFO - Started process (PID=423) to work on /home/airflow/.local/lib/python3.12/site-packages/airflow/example_dags/example_branch_datetime_operator.py
[2025-02-20T09:27:33.814+0000] {processor.py:914} INFO - Processing file /home/airflow/.local/lib/python3.12/site-packages/airflow/example_dags/example_branch_datetime_operator.py for tasks to queue
[2025-02-20T09:27:33.817+0000] {logging_mixin.py:190} INFO - [2025-02-20T09:27:33.816+0000] {dagbag.py:588} INFO - Filling up the DagBag from /home/airflow/.local/lib/python3.12/site-packages/airflow/example_dags/example_branch_datetime_operator.py
[2025-02-20T09:27:33.830+0000] {processor.py:925} INFO - DAG(s) 'example_branch_datetime_operator', 'example_branch_datetime_operator_3', 'example_branch_datetime_operator_2' retrieved from /home/airflow/.local/lib/python3.12/site-packages/airflow/example_dags/example_branch_datetime_operator.py
[2025-02-20T09:27:33.865+0000] {logging_mixin.py:190} INFO - [2025-02-20T09:27:33.865+0000] {dag.py:3239} INFO - Sync 3 DAGs
[2025-02-20T09:27:33.894+0000] {logging_mixin.py:190} INFO - [2025-02-20T09:27:33.894+0000] {dag.py:4180} INFO - Setting next_dagrun for example_branch_datetime_operator to 2025-02-19 00:00:00+00:00, run_after=2025-02-20 00:00:00+00:00
[2025-02-20T09:27:33.900+0000] {logging_mixin.py:190} INFO - [2025-02-20T09:27:33.900+0000] {dag.py:4180} INFO - Setting next_dagrun for example_branch_datetime_operator_2 to 2025-02-19 00:00:00+00:00, run_after=2025-02-20 00:00:00+00:00
[2025-02-20T09:27:33.903+0000] {logging_mixin.py:190} INFO - [2025-02-20T09:27:33.903+0000] {dag.py:4180} INFO - Setting next_dagrun for example_branch_datetime_operator_3 to 2025-02-19 00:00:00+00:00, run_after=2025-02-20 00:00:00+00:00
[2025-02-20T09:27:33.923+0000] {processor.py:208} INFO - Processing /home/airflow/.local/lib/python3.12/site-packages/airflow/example_dags/example_branch_datetime_operator.py took 0.118 seconds
[2025-02-20T09:28:04.752+0000] {processor.py:186} INFO - Started process (PID=486) to work on /home/airflow/.local/lib/python3.12/site-packages/airflow/example_dags/example_branch_datetime_operator.py
[2025-02-20T09:28:04.753+0000] {processor.py:914} INFO - Processing file /home/airflow/.local/lib/python3.12/site-packages/airflow/example_dags/example_branch_datetime_operator.py for tasks to queue
[2025-02-20T09:28:04.756+0000] {logging_mixin.py:190} INFO - [2025-02-20T09:28:04.756+0000] {dagbag.py:588} INFO - Filling up the DagBag from /home/airflow/.local/lib/python3.12/site-packages/airflow/example_dags/example_branch_datetime_operator.py
[2025-02-20T09:28:04.769+0000] {processor.py:925} INFO - DAG(s) 'example_branch_datetime_operator', 'example_branch_datetime_operator_3', 'example_branch_datetime_operator_2' retrieved from /home/airflow/.local/lib/python3.12/site-packages/airflow/example_dags/example_branch_datetime_operator.py
[2025-02-20T09:28:04.807+0000] {logging_mixin.py:190} INFO - [2025-02-20T09:28:04.806+0000] {dag.py:3239} INFO - Sync 3 DAGs
[2025-02-20T09:28:04.833+0000] {logging_mixin.py:190} INFO - [2025-02-20T09:28:04.832+0000] {dag.py:4180} INFO - Setting next_dagrun for example_branch_datetime_operator to 2025-02-19 00:00:00+00:00, run_after=2025-02-20 00:00:00+00:00
[2025-02-20T09:28:04.841+0000] {logging_mixin.py:190} INFO - [2025-02-20T09:28:04.840+0000] {dag.py:4180} INFO - Setting next_dagrun for example_branch_datetime_operator_2 to 2025-02-19 00:00:00+00:00, run_after=2025-02-20 00:00:00+00:00
[2025-02-20T09:28:04.845+0000] {logging_mixin.py:190} INFO - [2025-02-20T09:28:04.844+0000] {dag.py:4180} INFO - Setting next_dagrun for example_branch_datetime_operator_3 to 2025-02-19 00:00:00+00:00, run_after=2025-02-20 00:00:00+00:00
[2025-02-20T09:28:04.868+0000] {processor.py:208} INFO - Processing /home/airflow/.local/lib/python3.12/site-packages/airflow/example_dags/example_branch_datetime_operator.py took 0.124 seconds
