[2025-02-20T09:25:00.237+0000] {processor.py:186} INFO - Started process (PID=111) to work on /home/airflow/.local/lib/python3.12/site-packages/airflow/example_dags/example_branch_day_of_week_operator.py
[2025-02-20T09:25:00.238+0000] {processor.py:914} INFO - Processing file /home/airflow/.local/lib/python3.12/site-packages/airflow/example_dags/example_branch_day_of_week_operator.py for tasks to queue
[2025-02-20T09:25:00.243+0000] {logging_mixin.py:190} INFO - [2025-02-20T09:25:00.242+0000] {dagbag.py:588} INFO - Filling up the DagBag from /home/airflow/.local/lib/python3.12/site-packages/airflow/example_dags/example_branch_day_of_week_operator.py
[2025-02-20T09:25:00.262+0000] {processor.py:925} INFO - DAG(s) 'example_weekday_branch_operator' retrieved from /home/airflow/.local/lib/python3.12/site-packages/airflow/example_dags/example_branch_day_of_week_operator.py
[2025-02-20T09:25:00.415+0000] {logging_mixin.py:190} INFO - [2025-02-20T09:25:00.414+0000] {override.py:1911} INFO - Created Permission View: can edit on DAG:example_weekday_branch_operator
[2025-02-20T09:25:00.433+0000] {logging_mixin.py:190} INFO - [2025-02-20T09:25:00.432+0000] {override.py:1911} INFO - Created Permission View: can delete on DAG:example_weekday_branch_operator
[2025-02-20T09:25:00.444+0000] {logging_mixin.py:190} INFO - [2025-02-20T09:25:00.444+0000] {override.py:1911} INFO - Created Permission View: can read on DAG:example_weekday_branch_operator
[2025-02-20T09:25:00.456+0000] {logging_mixin.py:190} INFO - [2025-02-20T09:25:00.455+0000] {override.py:1911} INFO - Created Permission View: can create on DAG Run:example_weekday_branch_operator
[2025-02-20T09:25:00.469+0000] {logging_mixin.py:190} INFO - [2025-02-20T09:25:00.468+0000] {override.py:1911} INFO - Created Permission View: menu access on DAG Run:example_weekday_branch_operator
[2025-02-20T09:25:00.479+0000] {logging_mixin.py:190} INFO - [2025-02-20T09:25:00.478+0000] {override.py:1911} INFO - Created Permission View: can delete on DAG Run:example_weekday_branch_operator
[2025-02-20T09:25:00.488+0000] {logging_mixin.py:190} INFO - [2025-02-20T09:25:00.488+0000] {override.py:1911} INFO - Created Permission View: can read on DAG Run:example_weekday_branch_operator
[2025-02-20T09:25:00.489+0000] {logging_mixin.py:190} INFO - [2025-02-20T09:25:00.489+0000] {dag.py:3239} INFO - Sync 1 DAGs
[2025-02-20T09:25:00.506+0000] {logging_mixin.py:190} INFO - [2025-02-20T09:25:00.505+0000] {dag.py:3262} INFO - Creating ORM DAG for example_weekday_branch_operator
[2025-02-20T09:25:00.522+0000] {logging_mixin.py:190} INFO - [2025-02-20T09:25:00.522+0000] {dag.py:4180} INFO - Setting next_dagrun for example_weekday_branch_operator to 2025-02-19 00:00:00+00:00, run_after=2025-02-20 00:00:00+00:00
[2025-02-20T09:25:00.544+0000] {processor.py:208} INFO - Processing /home/airflow/.local/lib/python3.12/site-packages/airflow/example_dags/example_branch_day_of_week_operator.py took 0.318 seconds
[2025-02-20T09:25:31.210+0000] {processor.py:186} INFO - Started process (PID=174) to work on /home/airflow/.local/lib/python3.12/site-packages/airflow/example_dags/example_branch_day_of_week_operator.py
[2025-02-20T09:25:31.211+0000] {processor.py:914} INFO - Processing file /home/airflow/.local/lib/python3.12/site-packages/airflow/example_dags/example_branch_day_of_week_operator.py for tasks to queue
[2025-02-20T09:25:31.214+0000] {logging_mixin.py:190} INFO - [2025-02-20T09:25:31.214+0000] {dagbag.py:588} INFO - Filling up the DagBag from /home/airflow/.local/lib/python3.12/site-packages/airflow/example_dags/example_branch_day_of_week_operator.py
[2025-02-20T09:25:31.226+0000] {processor.py:925} INFO - DAG(s) 'example_weekday_branch_operator' retrieved from /home/airflow/.local/lib/python3.12/site-packages/airflow/example_dags/example_branch_day_of_week_operator.py
[2025-02-20T09:25:31.255+0000] {logging_mixin.py:190} INFO - [2025-02-20T09:25:31.255+0000] {dag.py:3239} INFO - Sync 1 DAGs
[2025-02-20T09:25:31.280+0000] {logging_mixin.py:190} INFO - [2025-02-20T09:25:31.280+0000] {dag.py:4180} INFO - Setting next_dagrun for example_weekday_branch_operator to 2025-02-19 00:00:00+00:00, run_after=2025-02-20 00:00:00+00:00
[2025-02-20T09:25:31.303+0000] {processor.py:208} INFO - Processing /home/airflow/.local/lib/python3.12/site-packages/airflow/example_dags/example_branch_day_of_week_operator.py took 0.099 seconds
[2025-02-20T09:26:01.899+0000] {processor.py:186} INFO - Started process (PID=237) to work on /home/airflow/.local/lib/python3.12/site-packages/airflow/example_dags/example_branch_day_of_week_operator.py
[2025-02-20T09:26:01.900+0000] {processor.py:914} INFO - Processing file /home/airflow/.local/lib/python3.12/site-packages/airflow/example_dags/example_branch_day_of_week_operator.py for tasks to queue
[2025-02-20T09:26:01.903+0000] {logging_mixin.py:190} INFO - [2025-02-20T09:26:01.902+0000] {dagbag.py:588} INFO - Filling up the DagBag from /home/airflow/.local/lib/python3.12/site-packages/airflow/example_dags/example_branch_day_of_week_operator.py
[2025-02-20T09:26:01.914+0000] {processor.py:925} INFO - DAG(s) 'example_weekday_branch_operator' retrieved from /home/airflow/.local/lib/python3.12/site-packages/airflow/example_dags/example_branch_day_of_week_operator.py
[2025-02-20T09:26:01.941+0000] {logging_mixin.py:190} INFO - [2025-02-20T09:26:01.941+0000] {dag.py:3239} INFO - Sync 1 DAGs
[2025-02-20T09:26:01.967+0000] {logging_mixin.py:190} INFO - [2025-02-20T09:26:01.966+0000] {dag.py:4180} INFO - Setting next_dagrun for example_weekday_branch_operator to 2025-02-19 00:00:00+00:00, run_after=2025-02-20 00:00:00+00:00
[2025-02-20T09:26:01.987+0000] {processor.py:208} INFO - Processing /home/airflow/.local/lib/python3.12/site-packages/airflow/example_dags/example_branch_day_of_week_operator.py took 0.095 seconds
[2025-02-20T09:26:32.831+0000] {processor.py:186} INFO - Started process (PID=300) to work on /home/airflow/.local/lib/python3.12/site-packages/airflow/example_dags/example_branch_day_of_week_operator.py
[2025-02-20T09:26:32.833+0000] {processor.py:914} INFO - Processing file /home/airflow/.local/lib/python3.12/site-packages/airflow/example_dags/example_branch_day_of_week_operator.py for tasks to queue
[2025-02-20T09:26:32.836+0000] {logging_mixin.py:190} INFO - [2025-02-20T09:26:32.835+0000] {dagbag.py:588} INFO - Filling up the DagBag from /home/airflow/.local/lib/python3.12/site-packages/airflow/example_dags/example_branch_day_of_week_operator.py
[2025-02-20T09:26:32.847+0000] {processor.py:925} INFO - DAG(s) 'example_weekday_branch_operator' retrieved from /home/airflow/.local/lib/python3.12/site-packages/airflow/example_dags/example_branch_day_of_week_operator.py
[2025-02-20T09:26:32.876+0000] {logging_mixin.py:190} INFO - [2025-02-20T09:26:32.876+0000] {dag.py:3239} INFO - Sync 1 DAGs
[2025-02-20T09:26:32.905+0000] {logging_mixin.py:190} INFO - [2025-02-20T09:26:32.905+0000] {dag.py:4180} INFO - Setting next_dagrun for example_weekday_branch_operator to 2025-02-19 00:00:00+00:00, run_after=2025-02-20 00:00:00+00:00
[2025-02-20T09:26:32.927+0000] {processor.py:208} INFO - Processing /home/airflow/.local/lib/python3.12/site-packages/airflow/example_dags/example_branch_day_of_week_operator.py took 0.102 seconds
[2025-02-20T09:27:03.245+0000] {processor.py:186} INFO - Started process (PID=363) to work on /home/airflow/.local/lib/python3.12/site-packages/airflow/example_dags/example_branch_day_of_week_operator.py
[2025-02-20T09:27:03.246+0000] {processor.py:914} INFO - Processing file /home/airflow/.local/lib/python3.12/site-packages/airflow/example_dags/example_branch_day_of_week_operator.py for tasks to queue
[2025-02-20T09:27:03.249+0000] {logging_mixin.py:190} INFO - [2025-02-20T09:27:03.248+0000] {dagbag.py:588} INFO - Filling up the DagBag from /home/airflow/.local/lib/python3.12/site-packages/airflow/example_dags/example_branch_day_of_week_operator.py
[2025-02-20T09:27:03.261+0000] {processor.py:925} INFO - DAG(s) 'example_weekday_branch_operator' retrieved from /home/airflow/.local/lib/python3.12/site-packages/airflow/example_dags/example_branch_day_of_week_operator.py
[2025-02-20T09:27:03.288+0000] {logging_mixin.py:190} INFO - [2025-02-20T09:27:03.288+0000] {dag.py:3239} INFO - Sync 1 DAGs
[2025-02-20T09:27:03.315+0000] {logging_mixin.py:190} INFO - [2025-02-20T09:27:03.315+0000] {dag.py:4180} INFO - Setting next_dagrun for example_weekday_branch_operator to 2025-02-19 00:00:00+00:00, run_after=2025-02-20 00:00:00+00:00
[2025-02-20T09:27:03.338+0000] {processor.py:208} INFO - Processing /home/airflow/.local/lib/python3.12/site-packages/airflow/example_dags/example_branch_day_of_week_operator.py took 0.099 seconds
[2025-02-20T09:27:34.191+0000] {processor.py:186} INFO - Started process (PID=426) to work on /home/airflow/.local/lib/python3.12/site-packages/airflow/example_dags/example_branch_day_of_week_operator.py
[2025-02-20T09:27:34.193+0000] {processor.py:914} INFO - Processing file /home/airflow/.local/lib/python3.12/site-packages/airflow/example_dags/example_branch_day_of_week_operator.py for tasks to queue
[2025-02-20T09:27:34.196+0000] {logging_mixin.py:190} INFO - [2025-02-20T09:27:34.196+0000] {dagbag.py:588} INFO - Filling up the DagBag from /home/airflow/.local/lib/python3.12/site-packages/airflow/example_dags/example_branch_day_of_week_operator.py
[2025-02-20T09:27:34.207+0000] {processor.py:925} INFO - DAG(s) 'example_weekday_branch_operator' retrieved from /home/airflow/.local/lib/python3.12/site-packages/airflow/example_dags/example_branch_day_of_week_operator.py
[2025-02-20T09:27:34.234+0000] {logging_mixin.py:190} INFO - [2025-02-20T09:27:34.234+0000] {dag.py:3239} INFO - Sync 1 DAGs
[2025-02-20T09:27:34.264+0000] {logging_mixin.py:190} INFO - [2025-02-20T09:27:34.263+0000] {dag.py:4180} INFO - Setting next_dagrun for example_weekday_branch_operator to 2025-02-19 00:00:00+00:00, run_after=2025-02-20 00:00:00+00:00
[2025-02-20T09:27:34.288+0000] {processor.py:208} INFO - Processing /home/airflow/.local/lib/python3.12/site-packages/airflow/example_dags/example_branch_day_of_week_operator.py took 0.107 seconds
[2025-02-20T09:28:05.143+0000] {processor.py:186} INFO - Started process (PID=489) to work on /home/airflow/.local/lib/python3.12/site-packages/airflow/example_dags/example_branch_day_of_week_operator.py
[2025-02-20T09:28:05.144+0000] {processor.py:914} INFO - Processing file /home/airflow/.local/lib/python3.12/site-packages/airflow/example_dags/example_branch_day_of_week_operator.py for tasks to queue
[2025-02-20T09:28:05.148+0000] {logging_mixin.py:190} INFO - [2025-02-20T09:28:05.147+0000] {dagbag.py:588} INFO - Filling up the DagBag from /home/airflow/.local/lib/python3.12/site-packages/airflow/example_dags/example_branch_day_of_week_operator.py
[2025-02-20T09:28:05.159+0000] {processor.py:925} INFO - DAG(s) 'example_weekday_branch_operator' retrieved from /home/airflow/.local/lib/python3.12/site-packages/airflow/example_dags/example_branch_day_of_week_operator.py
[2025-02-20T09:28:05.187+0000] {logging_mixin.py:190} INFO - [2025-02-20T09:28:05.187+0000] {dag.py:3239} INFO - Sync 1 DAGs
[2025-02-20T09:28:05.212+0000] {logging_mixin.py:190} INFO - [2025-02-20T09:28:05.212+0000] {dag.py:4180} INFO - Setting next_dagrun for example_weekday_branch_operator to 2025-02-19 00:00:00+00:00, run_after=2025-02-20 00:00:00+00:00
[2025-02-20T09:28:05.233+0000] {processor.py:208} INFO - Processing /home/airflow/.local/lib/python3.12/site-packages/airflow/example_dags/example_branch_day_of_week_operator.py took 0.096 seconds
