[2025-02-20T09:24:58.609+0000] {processor.py:186} INFO - Started process (PID=103) to work on /home/airflow/.local/lib/python3.12/site-packages/airflow/example_dags/example_external_task_marker_dag.py
[2025-02-20T09:24:58.610+0000] {processor.py:914} INFO - Processing file /home/airflow/.local/lib/python3.12/site-packages/airflow/example_dags/example_external_task_marker_dag.py for tasks to queue
[2025-02-20T09:24:58.614+0000] {logging_mixin.py:190} INFO - [2025-02-20T09:24:58.614+0000] {dagbag.py:588} INFO - Filling up the DagBag from /home/airflow/.local/lib/python3.12/site-packages/airflow/example_dags/example_external_task_marker_dag.py
[2025-02-20T09:24:58.628+0000] {processor.py:925} INFO - DAG(s) 'example_external_task_marker_parent', 'example_external_task_marker_child' retrieved from /home/airflow/.local/lib/python3.12/site-packages/airflow/example_dags/example_external_task_marker_dag.py
[2025-02-20T09:24:58.787+0000] {logging_mixin.py:190} INFO - [2025-02-20T09:24:58.786+0000] {override.py:1911} INFO - Created Permission View: can edit on DAG:example_external_task_marker_parent
[2025-02-20T09:24:58.802+0000] {logging_mixin.py:190} INFO - [2025-02-20T09:24:58.801+0000] {override.py:1911} INFO - Created Permission View: can delete on DAG:example_external_task_marker_parent
[2025-02-20T09:24:58.813+0000] {logging_mixin.py:190} INFO - [2025-02-20T09:24:58.812+0000] {override.py:1911} INFO - Created Permission View: can read on DAG:example_external_task_marker_parent
[2025-02-20T09:24:58.826+0000] {logging_mixin.py:190} INFO - [2025-02-20T09:24:58.826+0000] {override.py:1911} INFO - Created Permission View: can create on DAG Run:example_external_task_marker_parent
[2025-02-20T09:24:58.836+0000] {logging_mixin.py:190} INFO - [2025-02-20T09:24:58.835+0000] {override.py:1911} INFO - Created Permission View: menu access on DAG Run:example_external_task_marker_parent
[2025-02-20T09:24:58.846+0000] {logging_mixin.py:190} INFO - [2025-02-20T09:24:58.846+0000] {override.py:1911} INFO - Created Permission View: can delete on DAG Run:example_external_task_marker_parent
[2025-02-20T09:24:58.857+0000] {logging_mixin.py:190} INFO - [2025-02-20T09:24:58.856+0000] {override.py:1911} INFO - Created Permission View: can read on DAG Run:example_external_task_marker_parent
[2025-02-20T09:24:58.877+0000] {logging_mixin.py:190} INFO - [2025-02-20T09:24:58.877+0000] {override.py:1911} INFO - Created Permission View: can edit on DAG:example_external_task_marker_child
[2025-02-20T09:24:58.887+0000] {logging_mixin.py:190} INFO - [2025-02-20T09:24:58.887+0000] {override.py:1911} INFO - Created Permission View: can delete on DAG:example_external_task_marker_child
[2025-02-20T09:24:58.896+0000] {logging_mixin.py:190} INFO - [2025-02-20T09:24:58.896+0000] {override.py:1911} INFO - Created Permission View: can read on DAG:example_external_task_marker_child
[2025-02-20T09:24:58.907+0000] {logging_mixin.py:190} INFO - [2025-02-20T09:24:58.907+0000] {override.py:1911} INFO - Created Permission View: can create on DAG Run:example_external_task_marker_child
[2025-02-20T09:24:58.917+0000] {logging_mixin.py:190} INFO - [2025-02-20T09:24:58.916+0000] {override.py:1911} INFO - Created Permission View: menu access on DAG Run:example_external_task_marker_child
[2025-02-20T09:24:58.927+0000] {logging_mixin.py:190} INFO - [2025-02-20T09:24:58.927+0000] {override.py:1911} INFO - Created Permission View: can delete on DAG Run:example_external_task_marker_child
[2025-02-20T09:24:58.937+0000] {logging_mixin.py:190} INFO - [2025-02-20T09:24:58.936+0000] {override.py:1911} INFO - Created Permission View: can read on DAG Run:example_external_task_marker_child
[2025-02-20T09:24:58.938+0000] {logging_mixin.py:190} INFO - [2025-02-20T09:24:58.937+0000] {dag.py:3239} INFO - Sync 2 DAGs
[2025-02-20T09:24:58.958+0000] {logging_mixin.py:190} INFO - [2025-02-20T09:24:58.957+0000] {dag.py:3262} INFO - Creating ORM DAG for example_external_task_marker_child
[2025-02-20T09:24:58.960+0000] {logging_mixin.py:190} INFO - [2025-02-20T09:24:58.960+0000] {dag.py:3262} INFO - Creating ORM DAG for example_external_task_marker_parent
[2025-02-20T09:24:58.962+0000] {logging_mixin.py:190} INFO - [2025-02-20T09:24:58.962+0000] {dag.py:4180} INFO - Setting next_dagrun for example_external_task_marker_child to None, run_after=None
[2025-02-20T09:24:58.964+0000] {logging_mixin.py:190} INFO - [2025-02-20T09:24:58.964+0000] {dag.py:4180} INFO - Setting next_dagrun for example_external_task_marker_parent to None, run_after=None
[2025-02-20T09:24:58.992+0000] {processor.py:208} INFO - Processing /home/airflow/.local/lib/python3.12/site-packages/airflow/example_dags/example_external_task_marker_dag.py took 0.393 seconds
[2025-02-20T09:25:29.690+0000] {processor.py:186} INFO - Started process (PID=166) to work on /home/airflow/.local/lib/python3.12/site-packages/airflow/example_dags/example_external_task_marker_dag.py
[2025-02-20T09:25:29.691+0000] {processor.py:914} INFO - Processing file /home/airflow/.local/lib/python3.12/site-packages/airflow/example_dags/example_external_task_marker_dag.py for tasks to queue
[2025-02-20T09:25:29.694+0000] {logging_mixin.py:190} INFO - [2025-02-20T09:25:29.693+0000] {dagbag.py:588} INFO - Filling up the DagBag from /home/airflow/.local/lib/python3.12/site-packages/airflow/example_dags/example_external_task_marker_dag.py
[2025-02-20T09:25:29.704+0000] {processor.py:925} INFO - DAG(s) 'example_external_task_marker_parent', 'example_external_task_marker_child' retrieved from /home/airflow/.local/lib/python3.12/site-packages/airflow/example_dags/example_external_task_marker_dag.py
[2025-02-20T09:25:29.734+0000] {logging_mixin.py:190} INFO - [2025-02-20T09:25:29.733+0000] {dag.py:3239} INFO - Sync 2 DAGs
[2025-02-20T09:25:29.750+0000] {logging_mixin.py:190} INFO - [2025-02-20T09:25:29.750+0000] {dag.py:4180} INFO - Setting next_dagrun for example_external_task_marker_child to None, run_after=None
[2025-02-20T09:25:29.755+0000] {logging_mixin.py:190} INFO - [2025-02-20T09:25:29.755+0000] {dag.py:4180} INFO - Setting next_dagrun for example_external_task_marker_parent to None, run_after=None
[2025-02-20T09:25:29.775+0000] {processor.py:208} INFO - Processing /home/airflow/.local/lib/python3.12/site-packages/airflow/example_dags/example_external_task_marker_dag.py took 0.094 seconds
[2025-02-20T09:26:00.407+0000] {processor.py:186} INFO - Started process (PID=229) to work on /home/airflow/.local/lib/python3.12/site-packages/airflow/example_dags/example_external_task_marker_dag.py
[2025-02-20T09:26:00.408+0000] {processor.py:914} INFO - Processing file /home/airflow/.local/lib/python3.12/site-packages/airflow/example_dags/example_external_task_marker_dag.py for tasks to queue
[2025-02-20T09:26:00.411+0000] {logging_mixin.py:190} INFO - [2025-02-20T09:26:00.411+0000] {dagbag.py:588} INFO - Filling up the DagBag from /home/airflow/.local/lib/python3.12/site-packages/airflow/example_dags/example_external_task_marker_dag.py
[2025-02-20T09:26:00.421+0000] {processor.py:925} INFO - DAG(s) 'example_external_task_marker_child', 'example_external_task_marker_parent' retrieved from /home/airflow/.local/lib/python3.12/site-packages/airflow/example_dags/example_external_task_marker_dag.py
[2025-02-20T09:26:00.454+0000] {logging_mixin.py:190} INFO - [2025-02-20T09:26:00.454+0000] {dag.py:3239} INFO - Sync 2 DAGs
[2025-02-20T09:26:00.470+0000] {logging_mixin.py:190} INFO - [2025-02-20T09:26:00.470+0000] {dag.py:4180} INFO - Setting next_dagrun for example_external_task_marker_child to None, run_after=None
[2025-02-20T09:26:00.475+0000] {logging_mixin.py:190} INFO - [2025-02-20T09:26:00.475+0000] {dag.py:4180} INFO - Setting next_dagrun for example_external_task_marker_parent to None, run_after=None
[2025-02-20T09:26:00.493+0000] {processor.py:208} INFO - Processing /home/airflow/.local/lib/python3.12/site-packages/airflow/example_dags/example_external_task_marker_dag.py took 0.092 seconds
[2025-02-20T09:26:30.935+0000] {processor.py:186} INFO - Started process (PID=292) to work on /home/airflow/.local/lib/python3.12/site-packages/airflow/example_dags/example_external_task_marker_dag.py
[2025-02-20T09:26:30.936+0000] {processor.py:914} INFO - Processing file /home/airflow/.local/lib/python3.12/site-packages/airflow/example_dags/example_external_task_marker_dag.py for tasks to queue
[2025-02-20T09:26:30.940+0000] {logging_mixin.py:190} INFO - [2025-02-20T09:26:30.939+0000] {dagbag.py:588} INFO - Filling up the DagBag from /home/airflow/.local/lib/python3.12/site-packages/airflow/example_dags/example_external_task_marker_dag.py
[2025-02-20T09:26:30.949+0000] {processor.py:925} INFO - DAG(s) 'example_external_task_marker_child', 'example_external_task_marker_parent' retrieved from /home/airflow/.local/lib/python3.12/site-packages/airflow/example_dags/example_external_task_marker_dag.py
[2025-02-20T09:26:30.977+0000] {logging_mixin.py:190} INFO - [2025-02-20T09:26:30.977+0000] {dag.py:3239} INFO - Sync 2 DAGs
[2025-02-20T09:26:30.994+0000] {logging_mixin.py:190} INFO - [2025-02-20T09:26:30.993+0000] {dag.py:4180} INFO - Setting next_dagrun for example_external_task_marker_child to None, run_after=None
[2025-02-20T09:26:31.003+0000] {logging_mixin.py:190} INFO - [2025-02-20T09:26:31.003+0000] {dag.py:4180} INFO - Setting next_dagrun for example_external_task_marker_parent to None, run_after=None
[2025-02-20T09:26:31.022+0000] {processor.py:208} INFO - Processing /home/airflow/.local/lib/python3.12/site-packages/airflow/example_dags/example_external_task_marker_dag.py took 0.095 seconds
[2025-02-20T09:27:01.214+0000] {processor.py:186} INFO - Started process (PID=354) to work on /home/airflow/.local/lib/python3.12/site-packages/airflow/example_dags/example_external_task_marker_dag.py
[2025-02-20T09:27:01.215+0000] {processor.py:914} INFO - Processing file /home/airflow/.local/lib/python3.12/site-packages/airflow/example_dags/example_external_task_marker_dag.py for tasks to queue
[2025-02-20T09:27:01.219+0000] {logging_mixin.py:190} INFO - [2025-02-20T09:27:01.218+0000] {dagbag.py:588} INFO - Filling up the DagBag from /home/airflow/.local/lib/python3.12/site-packages/airflow/example_dags/example_external_task_marker_dag.py
[2025-02-20T09:27:01.228+0000] {processor.py:925} INFO - DAG(s) 'example_external_task_marker_parent', 'example_external_task_marker_child' retrieved from /home/airflow/.local/lib/python3.12/site-packages/airflow/example_dags/example_external_task_marker_dag.py
[2025-02-20T09:27:01.257+0000] {logging_mixin.py:190} INFO - [2025-02-20T09:27:01.257+0000] {dag.py:3239} INFO - Sync 2 DAGs
[2025-02-20T09:27:01.273+0000] {logging_mixin.py:190} INFO - [2025-02-20T09:27:01.273+0000] {dag.py:4180} INFO - Setting next_dagrun for example_external_task_marker_child to None, run_after=None
[2025-02-20T09:27:01.279+0000] {logging_mixin.py:190} INFO - [2025-02-20T09:27:01.278+0000] {dag.py:4180} INFO - Setting next_dagrun for example_external_task_marker_parent to None, run_after=None
[2025-02-20T09:27:01.302+0000] {processor.py:208} INFO - Processing /home/airflow/.local/lib/python3.12/site-packages/airflow/example_dags/example_external_task_marker_dag.py took 0.097 seconds
[2025-02-20T09:27:31.374+0000] {processor.py:186} INFO - Started process (PID=417) to work on /home/airflow/.local/lib/python3.12/site-packages/airflow/example_dags/example_external_task_marker_dag.py
[2025-02-20T09:27:31.375+0000] {processor.py:914} INFO - Processing file /home/airflow/.local/lib/python3.12/site-packages/airflow/example_dags/example_external_task_marker_dag.py for tasks to queue
[2025-02-20T09:27:31.378+0000] {logging_mixin.py:190} INFO - [2025-02-20T09:27:31.377+0000] {dagbag.py:588} INFO - Filling up the DagBag from /home/airflow/.local/lib/python3.12/site-packages/airflow/example_dags/example_external_task_marker_dag.py
[2025-02-20T09:27:31.388+0000] {processor.py:925} INFO - DAG(s) 'example_external_task_marker_parent', 'example_external_task_marker_child' retrieved from /home/airflow/.local/lib/python3.12/site-packages/airflow/example_dags/example_external_task_marker_dag.py
[2025-02-20T09:27:31.417+0000] {logging_mixin.py:190} INFO - [2025-02-20T09:27:31.417+0000] {dag.py:3239} INFO - Sync 2 DAGs
[2025-02-20T09:27:31.433+0000] {logging_mixin.py:190} INFO - [2025-02-20T09:27:31.433+0000] {dag.py:4180} INFO - Setting next_dagrun for example_external_task_marker_child to None, run_after=None
[2025-02-20T09:27:31.439+0000] {logging_mixin.py:190} INFO - [2025-02-20T09:27:31.438+0000] {dag.py:4180} INFO - Setting next_dagrun for example_external_task_marker_parent to None, run_after=None
[2025-02-20T09:27:31.457+0000] {processor.py:208} INFO - Processing /home/airflow/.local/lib/python3.12/site-packages/airflow/example_dags/example_external_task_marker_dag.py took 0.092 seconds
[2025-02-20T09:28:02.416+0000] {processor.py:186} INFO - Started process (PID=480) to work on /home/airflow/.local/lib/python3.12/site-packages/airflow/example_dags/example_external_task_marker_dag.py
[2025-02-20T09:28:02.417+0000] {processor.py:914} INFO - Processing file /home/airflow/.local/lib/python3.12/site-packages/airflow/example_dags/example_external_task_marker_dag.py for tasks to queue
[2025-02-20T09:28:02.420+0000] {logging_mixin.py:190} INFO - [2025-02-20T09:28:02.420+0000] {dagbag.py:588} INFO - Filling up the DagBag from /home/airflow/.local/lib/python3.12/site-packages/airflow/example_dags/example_external_task_marker_dag.py
[2025-02-20T09:28:02.430+0000] {processor.py:925} INFO - DAG(s) 'example_external_task_marker_parent', 'example_external_task_marker_child' retrieved from /home/airflow/.local/lib/python3.12/site-packages/airflow/example_dags/example_external_task_marker_dag.py
[2025-02-20T09:28:02.460+0000] {logging_mixin.py:190} INFO - [2025-02-20T09:28:02.460+0000] {dag.py:3239} INFO - Sync 2 DAGs
[2025-02-20T09:28:02.478+0000] {logging_mixin.py:190} INFO - [2025-02-20T09:28:02.478+0000] {dag.py:4180} INFO - Setting next_dagrun for example_external_task_marker_child to None, run_after=None
[2025-02-20T09:28:02.483+0000] {logging_mixin.py:190} INFO - [2025-02-20T09:28:02.483+0000] {dag.py:4180} INFO - Setting next_dagrun for example_external_task_marker_parent to None, run_after=None
[2025-02-20T09:28:02.503+0000] {processor.py:208} INFO - Processing /home/airflow/.local/lib/python3.12/site-packages/airflow/example_dags/example_external_task_marker_dag.py took 0.094 seconds
