[2025-02-20T09:24:49.844+0000] {processor.py:186} INFO - Started process (PID=73) to work on /home/airflow/.local/lib/python3.12/site-packages/airflow/example_dags/example_outlet_event_extra.py
[2025-02-20T09:24:49.846+0000] {processor.py:914} INFO - Processing file /home/airflow/.local/lib/python3.12/site-packages/airflow/example_dags/example_outlet_event_extra.py for tasks to queue
[2025-02-20T09:24:49.851+0000] {logging_mixin.py:190} INFO - [2025-02-20T09:24:49.851+0000] {dagbag.py:588} INFO - Filling up the DagBag from /home/airflow/.local/lib/python3.12/site-packages/airflow/example_dags/example_outlet_event_extra.py
[2025-02-20T09:24:52.368+0000] {processor.py:925} INFO - DAG(s) 'dataset_with_extra_by_context', 'dataset_with_extra_from_classic_operator', 'dataset_with_extra_by_yield' retrieved from /home/airflow/.local/lib/python3.12/site-packages/airflow/example_dags/example_outlet_event_extra.py
[2025-02-20T09:24:52.504+0000] {logging_mixin.py:190} INFO - [2025-02-20T09:24:52.503+0000] {override.py:1911} INFO - Created Permission View: can edit on DAG:dataset_with_extra_by_context
[2025-02-20T09:24:52.521+0000] {logging_mixin.py:190} INFO - [2025-02-20T09:24:52.520+0000] {override.py:1911} INFO - Created Permission View: can delete on DAG:dataset_with_extra_by_context
[2025-02-20T09:24:52.532+0000] {logging_mixin.py:190} INFO - [2025-02-20T09:24:52.532+0000] {override.py:1911} INFO - Created Permission View: can read on DAG:dataset_with_extra_by_context
[2025-02-20T09:24:52.544+0000] {logging_mixin.py:190} INFO - [2025-02-20T09:24:52.543+0000] {override.py:1911} INFO - Created Permission View: can create on DAG Run:dataset_with_extra_by_context
[2025-02-20T09:24:52.556+0000] {logging_mixin.py:190} INFO - [2025-02-20T09:24:52.556+0000] {override.py:1911} INFO - Created Permission View: menu access on DAG Run:dataset_with_extra_by_context
[2025-02-20T09:24:52.567+0000] {logging_mixin.py:190} INFO - [2025-02-20T09:24:52.566+0000] {override.py:1911} INFO - Created Permission View: can delete on DAG Run:dataset_with_extra_by_context
[2025-02-20T09:24:52.577+0000] {logging_mixin.py:190} INFO - [2025-02-20T09:24:52.577+0000] {override.py:1911} INFO - Created Permission View: can read on DAG Run:dataset_with_extra_by_context
[2025-02-20T09:24:52.597+0000] {logging_mixin.py:190} INFO - [2025-02-20T09:24:52.597+0000] {override.py:1911} INFO - Created Permission View: can edit on DAG:dataset_with_extra_from_classic_operator
[2025-02-20T09:24:52.609+0000] {logging_mixin.py:190} INFO - [2025-02-20T09:24:52.608+0000] {override.py:1911} INFO - Created Permission View: can delete on DAG:dataset_with_extra_from_classic_operator
[2025-02-20T09:24:52.619+0000] {logging_mixin.py:190} INFO - [2025-02-20T09:24:52.618+0000] {override.py:1911} INFO - Created Permission View: can read on DAG:dataset_with_extra_from_classic_operator
[2025-02-20T09:24:52.630+0000] {logging_mixin.py:190} INFO - [2025-02-20T09:24:52.629+0000] {override.py:1911} INFO - Created Permission View: can create on DAG Run:dataset_with_extra_from_classic_operator
[2025-02-20T09:24:52.644+0000] {logging_mixin.py:190} INFO - [2025-02-20T09:24:52.643+0000] {override.py:1911} INFO - Created Permission View: menu access on DAG Run:dataset_with_extra_from_classic_operator
[2025-02-20T09:24:52.654+0000] {logging_mixin.py:190} INFO - [2025-02-20T09:24:52.654+0000] {override.py:1911} INFO - Created Permission View: can delete on DAG Run:dataset_with_extra_from_classic_operator
[2025-02-20T09:24:52.664+0000] {logging_mixin.py:190} INFO - [2025-02-20T09:24:52.663+0000] {override.py:1911} INFO - Created Permission View: can read on DAG Run:dataset_with_extra_from_classic_operator
[2025-02-20T09:24:52.683+0000] {logging_mixin.py:190} INFO - [2025-02-20T09:24:52.682+0000] {override.py:1911} INFO - Created Permission View: can edit on DAG:dataset_with_extra_by_yield
[2025-02-20T09:24:52.693+0000] {logging_mixin.py:190} INFO - [2025-02-20T09:24:52.692+0000] {override.py:1911} INFO - Created Permission View: can delete on DAG:dataset_with_extra_by_yield
[2025-02-20T09:24:52.703+0000] {logging_mixin.py:190} INFO - [2025-02-20T09:24:52.703+0000] {override.py:1911} INFO - Created Permission View: can read on DAG:dataset_with_extra_by_yield
[2025-02-20T09:24:52.715+0000] {logging_mixin.py:190} INFO - [2025-02-20T09:24:52.715+0000] {override.py:1911} INFO - Created Permission View: can create on DAG Run:dataset_with_extra_by_yield
[2025-02-20T09:24:52.726+0000] {logging_mixin.py:190} INFO - [2025-02-20T09:24:52.725+0000] {override.py:1911} INFO - Created Permission View: menu access on DAG Run:dataset_with_extra_by_yield
[2025-02-20T09:24:52.735+0000] {logging_mixin.py:190} INFO - [2025-02-20T09:24:52.735+0000] {override.py:1911} INFO - Created Permission View: can delete on DAG Run:dataset_with_extra_by_yield
[2025-02-20T09:24:52.745+0000] {logging_mixin.py:190} INFO - [2025-02-20T09:24:52.744+0000] {override.py:1911} INFO - Created Permission View: can read on DAG Run:dataset_with_extra_by_yield
[2025-02-20T09:24:52.746+0000] {logging_mixin.py:190} INFO - [2025-02-20T09:24:52.745+0000] {dag.py:3239} INFO - Sync 3 DAGs
[2025-02-20T09:24:52.772+0000] {logging_mixin.py:190} INFO - [2025-02-20T09:24:52.771+0000] {dag.py:3262} INFO - Creating ORM DAG for dataset_with_extra_from_classic_operator
[2025-02-20T09:24:52.774+0000] {logging_mixin.py:190} INFO - [2025-02-20T09:24:52.773+0000] {dag.py:3262} INFO - Creating ORM DAG for dataset_with_extra_by_context
[2025-02-20T09:24:52.776+0000] {logging_mixin.py:190} INFO - [2025-02-20T09:24:52.775+0000] {dag.py:3262} INFO - Creating ORM DAG for dataset_with_extra_by_yield
[2025-02-20T09:24:52.790+0000] {logging_mixin.py:190} INFO - [2025-02-20T09:24:52.790+0000] {dag.py:4180} INFO - Setting next_dagrun for dataset_with_extra_by_context to 2025-02-19 00:00:00+00:00, run_after=2025-02-20 00:00:00+00:00
[2025-02-20T09:24:52.795+0000] {logging_mixin.py:190} INFO - [2025-02-20T09:24:52.794+0000] {dag.py:4180} INFO - Setting next_dagrun for dataset_with_extra_by_yield to 2025-02-19 00:00:00+00:00, run_after=2025-02-20 00:00:00+00:00
[2025-02-20T09:24:52.799+0000] {logging_mixin.py:190} INFO - [2025-02-20T09:24:52.798+0000] {dag.py:4180} INFO - Setting next_dagrun for dataset_with_extra_from_classic_operator to 2025-02-19 00:00:00+00:00, run_after=2025-02-20 00:00:00+00:00
[2025-02-20T09:24:52.843+0000] {processor.py:208} INFO - Processing /home/airflow/.local/lib/python3.12/site-packages/airflow/example_dags/example_outlet_event_extra.py took 3.013 seconds
[2025-02-20T09:25:23.751+0000] {processor.py:186} INFO - Started process (PID=137) to work on /home/airflow/.local/lib/python3.12/site-packages/airflow/example_dags/example_outlet_event_extra.py
[2025-02-20T09:25:23.753+0000] {processor.py:914} INFO - Processing file /home/airflow/.local/lib/python3.12/site-packages/airflow/example_dags/example_outlet_event_extra.py for tasks to queue
[2025-02-20T09:25:23.757+0000] {logging_mixin.py:190} INFO - [2025-02-20T09:25:23.756+0000] {dagbag.py:588} INFO - Filling up the DagBag from /home/airflow/.local/lib/python3.12/site-packages/airflow/example_dags/example_outlet_event_extra.py
[2025-02-20T09:25:24.437+0000] {processor.py:925} INFO - DAG(s) 'dataset_with_extra_by_yield', 'dataset_with_extra_by_context', 'dataset_with_extra_from_classic_operator' retrieved from /home/airflow/.local/lib/python3.12/site-packages/airflow/example_dags/example_outlet_event_extra.py
[2025-02-20T09:25:24.480+0000] {logging_mixin.py:190} INFO - [2025-02-20T09:25:24.480+0000] {dag.py:3239} INFO - Sync 3 DAGs
[2025-02-20T09:25:24.517+0000] {logging_mixin.py:190} INFO - [2025-02-20T09:25:24.516+0000] {dag.py:4180} INFO - Setting next_dagrun for dataset_with_extra_by_context to 2025-02-19 00:00:00+00:00, run_after=2025-02-20 00:00:00+00:00
[2025-02-20T09:25:24.523+0000] {logging_mixin.py:190} INFO - [2025-02-20T09:25:24.523+0000] {dag.py:4180} INFO - Setting next_dagrun for dataset_with_extra_by_yield to 2025-02-19 00:00:00+00:00, run_after=2025-02-20 00:00:00+00:00
[2025-02-20T09:25:24.527+0000] {logging_mixin.py:190} INFO - [2025-02-20T09:25:24.527+0000] {dag.py:4180} INFO - Setting next_dagrun for dataset_with_extra_from_classic_operator to 2025-02-19 00:00:00+00:00, run_after=2025-02-20 00:00:00+00:00
[2025-02-20T09:25:24.550+0000] {processor.py:208} INFO - Processing /home/airflow/.local/lib/python3.12/site-packages/airflow/example_dags/example_outlet_event_extra.py took 0.807 seconds
[2025-02-20T09:25:54.995+0000] {processor.py:186} INFO - Started process (PID=200) to work on /home/airflow/.local/lib/python3.12/site-packages/airflow/example_dags/example_outlet_event_extra.py
[2025-02-20T09:25:54.996+0000] {processor.py:914} INFO - Processing file /home/airflow/.local/lib/python3.12/site-packages/airflow/example_dags/example_outlet_event_extra.py for tasks to queue
[2025-02-20T09:25:55.000+0000] {logging_mixin.py:190} INFO - [2025-02-20T09:25:54.999+0000] {dagbag.py:588} INFO - Filling up the DagBag from /home/airflow/.local/lib/python3.12/site-packages/airflow/example_dags/example_outlet_event_extra.py
[2025-02-20T09:25:55.594+0000] {processor.py:925} INFO - DAG(s) 'dataset_with_extra_from_classic_operator', 'dataset_with_extra_by_yield', 'dataset_with_extra_by_context' retrieved from /home/airflow/.local/lib/python3.12/site-packages/airflow/example_dags/example_outlet_event_extra.py
[2025-02-20T09:25:55.632+0000] {logging_mixin.py:190} INFO - [2025-02-20T09:25:55.632+0000] {dag.py:3239} INFO - Sync 3 DAGs
[2025-02-20T09:25:55.664+0000] {logging_mixin.py:190} INFO - [2025-02-20T09:25:55.664+0000] {dag.py:4180} INFO - Setting next_dagrun for dataset_with_extra_by_context to 2025-02-19 00:00:00+00:00, run_after=2025-02-20 00:00:00+00:00
[2025-02-20T09:25:55.671+0000] {logging_mixin.py:190} INFO - [2025-02-20T09:25:55.671+0000] {dag.py:4180} INFO - Setting next_dagrun for dataset_with_extra_by_yield to 2025-02-19 00:00:00+00:00, run_after=2025-02-20 00:00:00+00:00
[2025-02-20T09:25:55.676+0000] {logging_mixin.py:190} INFO - [2025-02-20T09:25:55.676+0000] {dag.py:4180} INFO - Setting next_dagrun for dataset_with_extra_from_classic_operator to 2025-02-19 00:00:00+00:00, run_after=2025-02-20 00:00:00+00:00
[2025-02-20T09:25:55.706+0000] {processor.py:208} INFO - Processing /home/airflow/.local/lib/python3.12/site-packages/airflow/example_dags/example_outlet_event_extra.py took 0.716 seconds
[2025-02-20T09:26:25.939+0000] {processor.py:186} INFO - Started process (PID=263) to work on /home/airflow/.local/lib/python3.12/site-packages/airflow/example_dags/example_outlet_event_extra.py
[2025-02-20T09:26:25.940+0000] {processor.py:914} INFO - Processing file /home/airflow/.local/lib/python3.12/site-packages/airflow/example_dags/example_outlet_event_extra.py for tasks to queue
[2025-02-20T09:26:25.944+0000] {logging_mixin.py:190} INFO - [2025-02-20T09:26:25.944+0000] {dagbag.py:588} INFO - Filling up the DagBag from /home/airflow/.local/lib/python3.12/site-packages/airflow/example_dags/example_outlet_event_extra.py
[2025-02-20T09:26:26.555+0000] {processor.py:925} INFO - DAG(s) 'dataset_with_extra_by_yield', 'dataset_with_extra_by_context', 'dataset_with_extra_from_classic_operator' retrieved from /home/airflow/.local/lib/python3.12/site-packages/airflow/example_dags/example_outlet_event_extra.py
[2025-02-20T09:26:26.587+0000] {logging_mixin.py:190} INFO - [2025-02-20T09:26:26.586+0000] {dag.py:3239} INFO - Sync 3 DAGs
[2025-02-20T09:26:26.615+0000] {logging_mixin.py:190} INFO - [2025-02-20T09:26:26.614+0000] {dag.py:4180} INFO - Setting next_dagrun for dataset_with_extra_by_context to 2025-02-19 00:00:00+00:00, run_after=2025-02-20 00:00:00+00:00
[2025-02-20T09:26:26.622+0000] {logging_mixin.py:190} INFO - [2025-02-20T09:26:26.622+0000] {dag.py:4180} INFO - Setting next_dagrun for dataset_with_extra_by_yield to 2025-02-19 00:00:00+00:00, run_after=2025-02-20 00:00:00+00:00
[2025-02-20T09:26:26.627+0000] {logging_mixin.py:190} INFO - [2025-02-20T09:26:26.627+0000] {dag.py:4180} INFO - Setting next_dagrun for dataset_with_extra_from_classic_operator to 2025-02-19 00:00:00+00:00, run_after=2025-02-20 00:00:00+00:00
[2025-02-20T09:26:26.651+0000] {processor.py:208} INFO - Processing /home/airflow/.local/lib/python3.12/site-packages/airflow/example_dags/example_outlet_event_extra.py took 0.718 seconds
[2025-02-20T09:26:57.362+0000] {processor.py:186} INFO - Started process (PID=326) to work on /home/airflow/.local/lib/python3.12/site-packages/airflow/example_dags/example_outlet_event_extra.py
[2025-02-20T09:26:57.364+0000] {processor.py:914} INFO - Processing file /home/airflow/.local/lib/python3.12/site-packages/airflow/example_dags/example_outlet_event_extra.py for tasks to queue
[2025-02-20T09:26:57.368+0000] {logging_mixin.py:190} INFO - [2025-02-20T09:26:57.368+0000] {dagbag.py:588} INFO - Filling up the DagBag from /home/airflow/.local/lib/python3.12/site-packages/airflow/example_dags/example_outlet_event_extra.py
[2025-02-20T09:26:57.978+0000] {processor.py:925} INFO - DAG(s) 'dataset_with_extra_by_context', 'dataset_with_extra_from_classic_operator', 'dataset_with_extra_by_yield' retrieved from /home/airflow/.local/lib/python3.12/site-packages/airflow/example_dags/example_outlet_event_extra.py
[2025-02-20T09:26:58.017+0000] {logging_mixin.py:190} INFO - [2025-02-20T09:26:58.017+0000] {dag.py:3239} INFO - Sync 3 DAGs
[2025-02-20T09:26:58.048+0000] {logging_mixin.py:190} INFO - [2025-02-20T09:26:58.047+0000] {dag.py:4180} INFO - Setting next_dagrun for dataset_with_extra_by_context to 2025-02-19 00:00:00+00:00, run_after=2025-02-20 00:00:00+00:00
[2025-02-20T09:26:58.055+0000] {logging_mixin.py:190} INFO - [2025-02-20T09:26:58.055+0000] {dag.py:4180} INFO - Setting next_dagrun for dataset_with_extra_by_yield to 2025-02-19 00:00:00+00:00, run_after=2025-02-20 00:00:00+00:00
[2025-02-20T09:26:58.058+0000] {logging_mixin.py:190} INFO - [2025-02-20T09:26:58.058+0000] {dag.py:4180} INFO - Setting next_dagrun for dataset_with_extra_from_classic_operator to 2025-02-19 00:00:00+00:00, run_after=2025-02-20 00:00:00+00:00
[2025-02-20T09:26:58.086+0000] {processor.py:208} INFO - Processing /home/airflow/.local/lib/python3.12/site-packages/airflow/example_dags/example_outlet_event_extra.py took 0.730 seconds
[2025-02-20T09:27:28.590+0000] {processor.py:186} INFO - Started process (PID=389) to work on /home/airflow/.local/lib/python3.12/site-packages/airflow/example_dags/example_outlet_event_extra.py
[2025-02-20T09:27:28.591+0000] {processor.py:914} INFO - Processing file /home/airflow/.local/lib/python3.12/site-packages/airflow/example_dags/example_outlet_event_extra.py for tasks to queue
[2025-02-20T09:27:28.595+0000] {logging_mixin.py:190} INFO - [2025-02-20T09:27:28.595+0000] {dagbag.py:588} INFO - Filling up the DagBag from /home/airflow/.local/lib/python3.12/site-packages/airflow/example_dags/example_outlet_event_extra.py
[2025-02-20T09:27:29.178+0000] {processor.py:925} INFO - DAG(s) 'dataset_with_extra_from_classic_operator', 'dataset_with_extra_by_context', 'dataset_with_extra_by_yield' retrieved from /home/airflow/.local/lib/python3.12/site-packages/airflow/example_dags/example_outlet_event_extra.py
[2025-02-20T09:27:29.218+0000] {logging_mixin.py:190} INFO - [2025-02-20T09:27:29.218+0000] {dag.py:3239} INFO - Sync 3 DAGs
[2025-02-20T09:27:29.251+0000] {logging_mixin.py:190} INFO - [2025-02-20T09:27:29.250+0000] {dag.py:4180} INFO - Setting next_dagrun for dataset_with_extra_by_context to 2025-02-19 00:00:00+00:00, run_after=2025-02-20 00:00:00+00:00
[2025-02-20T09:27:29.257+0000] {logging_mixin.py:190} INFO - [2025-02-20T09:27:29.257+0000] {dag.py:4180} INFO - Setting next_dagrun for dataset_with_extra_by_yield to 2025-02-19 00:00:00+00:00, run_after=2025-02-20 00:00:00+00:00
[2025-02-20T09:27:29.262+0000] {logging_mixin.py:190} INFO - [2025-02-20T09:27:29.262+0000] {dag.py:4180} INFO - Setting next_dagrun for dataset_with_extra_from_classic_operator to 2025-02-19 00:00:00+00:00, run_after=2025-02-20 00:00:00+00:00
[2025-02-20T09:27:29.288+0000] {processor.py:208} INFO - Processing /home/airflow/.local/lib/python3.12/site-packages/airflow/example_dags/example_outlet_event_extra.py took 0.706 seconds
[2025-02-20T09:27:59.444+0000] {processor.py:186} INFO - Started process (PID=452) to work on /home/airflow/.local/lib/python3.12/site-packages/airflow/example_dags/example_outlet_event_extra.py
[2025-02-20T09:27:59.445+0000] {processor.py:914} INFO - Processing file /home/airflow/.local/lib/python3.12/site-packages/airflow/example_dags/example_outlet_event_extra.py for tasks to queue
[2025-02-20T09:27:59.449+0000] {logging_mixin.py:190} INFO - [2025-02-20T09:27:59.449+0000] {dagbag.py:588} INFO - Filling up the DagBag from /home/airflow/.local/lib/python3.12/site-packages/airflow/example_dags/example_outlet_event_extra.py
[2025-02-20T09:28:00.141+0000] {processor.py:925} INFO - DAG(s) 'dataset_with_extra_by_context', 'dataset_with_extra_by_yield', 'dataset_with_extra_from_classic_operator' retrieved from /home/airflow/.local/lib/python3.12/site-packages/airflow/example_dags/example_outlet_event_extra.py
[2025-02-20T09:28:00.174+0000] {logging_mixin.py:190} INFO - [2025-02-20T09:28:00.174+0000] {dag.py:3239} INFO - Sync 3 DAGs
[2025-02-20T09:28:00.200+0000] {logging_mixin.py:190} INFO - [2025-02-20T09:28:00.199+0000] {dag.py:4180} INFO - Setting next_dagrun for dataset_with_extra_by_context to 2025-02-19 00:00:00+00:00, run_after=2025-02-20 00:00:00+00:00
[2025-02-20T09:28:00.207+0000] {logging_mixin.py:190} INFO - [2025-02-20T09:28:00.206+0000] {dag.py:4180} INFO - Setting next_dagrun for dataset_with_extra_by_yield to 2025-02-19 00:00:00+00:00, run_after=2025-02-20 00:00:00+00:00
[2025-02-20T09:28:00.212+0000] {logging_mixin.py:190} INFO - [2025-02-20T09:28:00.212+0000] {dag.py:4180} INFO - Setting next_dagrun for dataset_with_extra_from_classic_operator to 2025-02-19 00:00:00+00:00, run_after=2025-02-20 00:00:00+00:00
[2025-02-20T09:28:00.234+0000] {processor.py:208} INFO - Processing /home/airflow/.local/lib/python3.12/site-packages/airflow/example_dags/example_outlet_event_extra.py took 0.797 seconds
