[2025-02-20T09:24:55.356+0000] {processor.py:186} INFO - Started process (PID=87) to work on /home/airflow/.local/lib/python3.12/site-packages/airflow/example_dags/example_branch_labels.py
[2025-02-20T09:24:55.357+0000] {processor.py:914} INFO - Processing file /home/airflow/.local/lib/python3.12/site-packages/airflow/example_dags/example_branch_labels.py for tasks to queue
[2025-02-20T09:24:55.361+0000] {logging_mixin.py:190} INFO - [2025-02-20T09:24:55.360+0000] {dagbag.py:588} INFO - Filling up the DagBag from /home/airflow/.local/lib/python3.12/site-packages/airflow/example_dags/example_branch_labels.py
[2025-02-20T09:24:55.375+0000] {processor.py:925} INFO - DAG(s) 'example_branch_labels' retrieved from /home/airflow/.local/lib/python3.12/site-packages/airflow/example_dags/example_branch_labels.py
[2025-02-20T09:24:55.533+0000] {logging_mixin.py:190} INFO - [2025-02-20T09:24:55.532+0000] {override.py:1911} INFO - Created Permission View: can edit on DAG:example_branch_labels
[2025-02-20T09:24:55.550+0000] {logging_mixin.py:190} INFO - [2025-02-20T09:24:55.549+0000] {override.py:1911} INFO - Created Permission View: can delete on DAG:example_branch_labels
[2025-02-20T09:24:55.560+0000] {logging_mixin.py:190} INFO - [2025-02-20T09:24:55.560+0000] {override.py:1911} INFO - Created Permission View: can read on DAG:example_branch_labels
[2025-02-20T09:24:55.572+0000] {logging_mixin.py:190} INFO - [2025-02-20T09:24:55.571+0000] {override.py:1911} INFO - Created Permission View: can create on DAG Run:example_branch_labels
[2025-02-20T09:24:55.582+0000] {logging_mixin.py:190} INFO - [2025-02-20T09:24:55.581+0000] {override.py:1911} INFO - Created Permission View: menu access on DAG Run:example_branch_labels
[2025-02-20T09:24:55.592+0000] {logging_mixin.py:190} INFO - [2025-02-20T09:24:55.592+0000] {override.py:1911} INFO - Created Permission View: can delete on DAG Run:example_branch_labels
[2025-02-20T09:24:55.601+0000] {logging_mixin.py:190} INFO - [2025-02-20T09:24:55.601+0000] {override.py:1911} INFO - Created Permission View: can read on DAG Run:example_branch_labels
[2025-02-20T09:24:55.602+0000] {logging_mixin.py:190} INFO - [2025-02-20T09:24:55.602+0000] {dag.py:3239} INFO - Sync 1 DAGs
[2025-02-20T09:24:55.619+0000] {logging_mixin.py:190} INFO - [2025-02-20T09:24:55.619+0000] {dag.py:3262} INFO - Creating ORM DAG for example_branch_labels
[2025-02-20T09:24:55.637+0000] {logging_mixin.py:190} INFO - [2025-02-20T09:24:55.636+0000] {dag.py:4180} INFO - Setting next_dagrun for example_branch_labels to 2025-02-19 00:00:00+00:00, run_after=2025-02-20 00:00:00+00:00
[2025-02-20T09:24:55.661+0000] {processor.py:208} INFO - Processing /home/airflow/.local/lib/python3.12/site-packages/airflow/example_dags/example_branch_labels.py took 0.313 seconds
[2025-02-20T09:25:26.026+0000] {processor.py:186} INFO - Started process (PID=150) to work on /home/airflow/.local/lib/python3.12/site-packages/airflow/example_dags/example_branch_labels.py
[2025-02-20T09:25:26.027+0000] {processor.py:914} INFO - Processing file /home/airflow/.local/lib/python3.12/site-packages/airflow/example_dags/example_branch_labels.py for tasks to queue
[2025-02-20T09:25:26.030+0000] {logging_mixin.py:190} INFO - [2025-02-20T09:25:26.030+0000] {dagbag.py:588} INFO - Filling up the DagBag from /home/airflow/.local/lib/python3.12/site-packages/airflow/example_dags/example_branch_labels.py
[2025-02-20T09:25:26.042+0000] {processor.py:925} INFO - DAG(s) 'example_branch_labels' retrieved from /home/airflow/.local/lib/python3.12/site-packages/airflow/example_dags/example_branch_labels.py
[2025-02-20T09:25:26.069+0000] {logging_mixin.py:190} INFO - [2025-02-20T09:25:26.068+0000] {dag.py:3239} INFO - Sync 1 DAGs
[2025-02-20T09:25:26.095+0000] {logging_mixin.py:190} INFO - [2025-02-20T09:25:26.094+0000] {dag.py:4180} INFO - Setting next_dagrun for example_branch_labels to 2025-02-19 00:00:00+00:00, run_after=2025-02-20 00:00:00+00:00
[2025-02-20T09:25:26.116+0000] {processor.py:208} INFO - Processing /home/airflow/.local/lib/python3.12/site-packages/airflow/example_dags/example_branch_labels.py took 0.098 seconds
[2025-02-20T09:25:56.722+0000] {processor.py:186} INFO - Started process (PID=213) to work on /home/airflow/.local/lib/python3.12/site-packages/airflow/example_dags/example_branch_labels.py
[2025-02-20T09:25:56.723+0000] {processor.py:914} INFO - Processing file /home/airflow/.local/lib/python3.12/site-packages/airflow/example_dags/example_branch_labels.py for tasks to queue
[2025-02-20T09:25:56.726+0000] {logging_mixin.py:190} INFO - [2025-02-20T09:25:56.726+0000] {dagbag.py:588} INFO - Filling up the DagBag from /home/airflow/.local/lib/python3.12/site-packages/airflow/example_dags/example_branch_labels.py
[2025-02-20T09:25:56.737+0000] {processor.py:925} INFO - DAG(s) 'example_branch_labels' retrieved from /home/airflow/.local/lib/python3.12/site-packages/airflow/example_dags/example_branch_labels.py
[2025-02-20T09:25:56.763+0000] {logging_mixin.py:190} INFO - [2025-02-20T09:25:56.763+0000] {dag.py:3239} INFO - Sync 1 DAGs
[2025-02-20T09:25:56.788+0000] {logging_mixin.py:190} INFO - [2025-02-20T09:25:56.788+0000] {dag.py:4180} INFO - Setting next_dagrun for example_branch_labels to 2025-02-19 00:00:00+00:00, run_after=2025-02-20 00:00:00+00:00
[2025-02-20T09:25:56.810+0000] {processor.py:208} INFO - Processing /home/airflow/.local/lib/python3.12/site-packages/airflow/example_dags/example_branch_labels.py took 0.094 seconds
[2025-02-20T09:26:28.035+0000] {processor.py:186} INFO - Started process (PID=276) to work on /home/airflow/.local/lib/python3.12/site-packages/airflow/example_dags/example_branch_labels.py
[2025-02-20T09:26:28.036+0000] {processor.py:914} INFO - Processing file /home/airflow/.local/lib/python3.12/site-packages/airflow/example_dags/example_branch_labels.py for tasks to queue
[2025-02-20T09:26:28.040+0000] {logging_mixin.py:190} INFO - [2025-02-20T09:26:28.040+0000] {dagbag.py:588} INFO - Filling up the DagBag from /home/airflow/.local/lib/python3.12/site-packages/airflow/example_dags/example_branch_labels.py
[2025-02-20T09:26:28.054+0000] {processor.py:925} INFO - DAG(s) 'example_branch_labels' retrieved from /home/airflow/.local/lib/python3.12/site-packages/airflow/example_dags/example_branch_labels.py
[2025-02-20T09:26:28.082+0000] {logging_mixin.py:190} INFO - [2025-02-20T09:26:28.081+0000] {dag.py:3239} INFO - Sync 1 DAGs
[2025-02-20T09:26:28.108+0000] {logging_mixin.py:190} INFO - [2025-02-20T09:26:28.108+0000] {dag.py:4180} INFO - Setting next_dagrun for example_branch_labels to 2025-02-19 00:00:00+00:00, run_after=2025-02-20 00:00:00+00:00
[2025-02-20T09:26:28.127+0000] {processor.py:208} INFO - Processing /home/airflow/.local/lib/python3.12/site-packages/airflow/example_dags/example_branch_labels.py took 0.100 seconds
[2025-02-20T09:26:59.093+0000] {processor.py:186} INFO - Started process (PID=339) to work on /home/airflow/.local/lib/python3.12/site-packages/airflow/example_dags/example_branch_labels.py
[2025-02-20T09:26:59.094+0000] {processor.py:914} INFO - Processing file /home/airflow/.local/lib/python3.12/site-packages/airflow/example_dags/example_branch_labels.py for tasks to queue
[2025-02-20T09:26:59.098+0000] {logging_mixin.py:190} INFO - [2025-02-20T09:26:59.097+0000] {dagbag.py:588} INFO - Filling up the DagBag from /home/airflow/.local/lib/python3.12/site-packages/airflow/example_dags/example_branch_labels.py
[2025-02-20T09:26:59.110+0000] {processor.py:925} INFO - DAG(s) 'example_branch_labels' retrieved from /home/airflow/.local/lib/python3.12/site-packages/airflow/example_dags/example_branch_labels.py
[2025-02-20T09:26:59.143+0000] {logging_mixin.py:190} INFO - [2025-02-20T09:26:59.143+0000] {dag.py:3239} INFO - Sync 1 DAGs
[2025-02-20T09:26:59.178+0000] {logging_mixin.py:190} INFO - [2025-02-20T09:26:59.178+0000] {dag.py:4180} INFO - Setting next_dagrun for example_branch_labels to 2025-02-19 00:00:00+00:00, run_after=2025-02-20 00:00:00+00:00
[2025-02-20T09:26:59.201+0000] {processor.py:208} INFO - Processing /home/airflow/.local/lib/python3.12/site-packages/airflow/example_dags/example_branch_labels.py took 0.115 seconds
[2025-02-20T09:27:30.324+0000] {processor.py:186} INFO - Started process (PID=402) to work on /home/airflow/.local/lib/python3.12/site-packages/airflow/example_dags/example_branch_labels.py
[2025-02-20T09:27:30.325+0000] {processor.py:914} INFO - Processing file /home/airflow/.local/lib/python3.12/site-packages/airflow/example_dags/example_branch_labels.py for tasks to queue
[2025-02-20T09:27:30.328+0000] {logging_mixin.py:190} INFO - [2025-02-20T09:27:30.328+0000] {dagbag.py:588} INFO - Filling up the DagBag from /home/airflow/.local/lib/python3.12/site-packages/airflow/example_dags/example_branch_labels.py
[2025-02-20T09:27:30.339+0000] {processor.py:925} INFO - DAG(s) 'example_branch_labels' retrieved from /home/airflow/.local/lib/python3.12/site-packages/airflow/example_dags/example_branch_labels.py
[2025-02-20T09:27:30.369+0000] {logging_mixin.py:190} INFO - [2025-02-20T09:27:30.369+0000] {dag.py:3239} INFO - Sync 1 DAGs
[2025-02-20T09:27:30.396+0000] {logging_mixin.py:190} INFO - [2025-02-20T09:27:30.396+0000] {dag.py:4180} INFO - Setting next_dagrun for example_branch_labels to 2025-02-19 00:00:00+00:00, run_after=2025-02-20 00:00:00+00:00
[2025-02-20T09:27:30.418+0000] {processor.py:208} INFO - Processing /home/airflow/.local/lib/python3.12/site-packages/airflow/example_dags/example_branch_labels.py took 0.100 seconds
[2025-02-20T09:28:01.038+0000] {processor.py:186} INFO - Started process (PID=465) to work on /home/airflow/.local/lib/python3.12/site-packages/airflow/example_dags/example_branch_labels.py
[2025-02-20T09:28:01.039+0000] {processor.py:914} INFO - Processing file /home/airflow/.local/lib/python3.12/site-packages/airflow/example_dags/example_branch_labels.py for tasks to queue
[2025-02-20T09:28:01.042+0000] {logging_mixin.py:190} INFO - [2025-02-20T09:28:01.042+0000] {dagbag.py:588} INFO - Filling up the DagBag from /home/airflow/.local/lib/python3.12/site-packages/airflow/example_dags/example_branch_labels.py
[2025-02-20T09:28:01.054+0000] {processor.py:925} INFO - DAG(s) 'example_branch_labels' retrieved from /home/airflow/.local/lib/python3.12/site-packages/airflow/example_dags/example_branch_labels.py
[2025-02-20T09:28:01.080+0000] {logging_mixin.py:190} INFO - [2025-02-20T09:28:01.080+0000] {dag.py:3239} INFO - Sync 1 DAGs
[2025-02-20T09:28:01.106+0000] {logging_mixin.py:190} INFO - [2025-02-20T09:28:01.106+0000] {dag.py:4180} INFO - Setting next_dagrun for example_branch_labels to 2025-02-19 00:00:00+00:00, run_after=2025-02-20 00:00:00+00:00
[2025-02-20T09:28:01.127+0000] {processor.py:208} INFO - Processing /home/airflow/.local/lib/python3.12/site-packages/airflow/example_dags/example_branch_labels.py took 0.096 seconds
