[2025-02-20T09:24:54.218+0000] {processor.py:186} INFO - Started process (PID=81) to work on /home/airflow/.local/lib/python3.12/site-packages/airflow/example_dags/example_task_group_decorator.py
[2025-02-20T09:24:54.219+0000] {processor.py:914} INFO - Processing file /home/airflow/.local/lib/python3.12/site-packages/airflow/example_dags/example_task_group_decorator.py for tasks to queue
[2025-02-20T09:24:54.223+0000] {logging_mixin.py:190} INFO - [2025-02-20T09:24:54.223+0000] {dagbag.py:588} INFO - Filling up the DagBag from /home/airflow/.local/lib/python3.12/site-packages/airflow/example_dags/example_task_group_decorator.py
[2025-02-20T09:24:54.253+0000] {processor.py:925} INFO - DAG(s) 'example_task_group_decorator' retrieved from /home/airflow/.local/lib/python3.12/site-packages/airflow/example_dags/example_task_group_decorator.py
[2025-02-20T09:24:54.448+0000] {logging_mixin.py:190} INFO - [2025-02-20T09:24:54.447+0000] {override.py:1911} INFO - Created Permission View: can edit on DAG:example_task_group_decorator
[2025-02-20T09:24:54.465+0000] {logging_mixin.py:190} INFO - [2025-02-20T09:24:54.464+0000] {override.py:1911} INFO - Created Permission View: can delete on DAG:example_task_group_decorator
[2025-02-20T09:24:54.477+0000] {logging_mixin.py:190} INFO - [2025-02-20T09:24:54.476+0000] {override.py:1911} INFO - Created Permission View: can read on DAG:example_task_group_decorator
[2025-02-20T09:24:54.494+0000] {logging_mixin.py:190} INFO - [2025-02-20T09:24:54.494+0000] {override.py:1911} INFO - Created Permission View: can create on DAG Run:example_task_group_decorator
[2025-02-20T09:24:54.508+0000] {logging_mixin.py:190} INFO - [2025-02-20T09:24:54.506+0000] {override.py:1911} INFO - Created Permission View: menu access on DAG Run:example_task_group_decorator
[2025-02-20T09:24:54.521+0000] {logging_mixin.py:190} INFO - [2025-02-20T09:24:54.520+0000] {override.py:1911} INFO - Created Permission View: can delete on DAG Run:example_task_group_decorator
[2025-02-20T09:24:54.535+0000] {logging_mixin.py:190} INFO - [2025-02-20T09:24:54.534+0000] {override.py:1911} INFO - Created Permission View: can read on DAG Run:example_task_group_decorator
[2025-02-20T09:24:54.536+0000] {logging_mixin.py:190} INFO - [2025-02-20T09:24:54.536+0000] {dag.py:3239} INFO - Sync 1 DAGs
[2025-02-20T09:24:54.557+0000] {logging_mixin.py:190} INFO - [2025-02-20T09:24:54.557+0000] {dag.py:3262} INFO - Creating ORM DAG for example_task_group_decorator
[2025-02-20T09:24:54.558+0000] {logging_mixin.py:190} INFO - [2025-02-20T09:24:54.558+0000] {dag.py:4180} INFO - Setting next_dagrun for example_task_group_decorator to None, run_after=None
[2025-02-20T09:24:54.588+0000] {processor.py:208} INFO - Processing /home/airflow/.local/lib/python3.12/site-packages/airflow/example_dags/example_task_group_decorator.py took 0.379 seconds
[2025-02-20T09:25:25.516+0000] {processor.py:186} INFO - Started process (PID=144) to work on /home/airflow/.local/lib/python3.12/site-packages/airflow/example_dags/example_task_group_decorator.py
[2025-02-20T09:25:25.517+0000] {processor.py:914} INFO - Processing file /home/airflow/.local/lib/python3.12/site-packages/airflow/example_dags/example_task_group_decorator.py for tasks to queue
[2025-02-20T09:25:25.521+0000] {logging_mixin.py:190} INFO - [2025-02-20T09:25:25.521+0000] {dagbag.py:588} INFO - Filling up the DagBag from /home/airflow/.local/lib/python3.12/site-packages/airflow/example_dags/example_task_group_decorator.py
[2025-02-20T09:25:25.547+0000] {processor.py:925} INFO - DAG(s) 'example_task_group_decorator' retrieved from /home/airflow/.local/lib/python3.12/site-packages/airflow/example_dags/example_task_group_decorator.py
[2025-02-20T09:25:25.588+0000] {logging_mixin.py:190} INFO - [2025-02-20T09:25:25.587+0000] {dag.py:3239} INFO - Sync 1 DAGs
[2025-02-20T09:25:25.605+0000] {logging_mixin.py:190} INFO - [2025-02-20T09:25:25.605+0000] {dag.py:4180} INFO - Setting next_dagrun for example_task_group_decorator to None, run_after=None
[2025-02-20T09:25:25.625+0000] {processor.py:208} INFO - Processing /home/airflow/.local/lib/python3.12/site-packages/airflow/example_dags/example_task_group_decorator.py took 0.118 seconds
[2025-02-20T09:25:56.079+0000] {processor.py:186} INFO - Started process (PID=207) to work on /home/airflow/.local/lib/python3.12/site-packages/airflow/example_dags/example_task_group_decorator.py
[2025-02-20T09:25:56.080+0000] {processor.py:914} INFO - Processing file /home/airflow/.local/lib/python3.12/site-packages/airflow/example_dags/example_task_group_decorator.py for tasks to queue
[2025-02-20T09:25:56.083+0000] {logging_mixin.py:190} INFO - [2025-02-20T09:25:56.083+0000] {dagbag.py:588} INFO - Filling up the DagBag from /home/airflow/.local/lib/python3.12/site-packages/airflow/example_dags/example_task_group_decorator.py
[2025-02-20T09:25:56.100+0000] {processor.py:925} INFO - DAG(s) 'example_task_group_decorator' retrieved from /home/airflow/.local/lib/python3.12/site-packages/airflow/example_dags/example_task_group_decorator.py
[2025-02-20T09:25:56.132+0000] {logging_mixin.py:190} INFO - [2025-02-20T09:25:56.131+0000] {dag.py:3239} INFO - Sync 1 DAGs
[2025-02-20T09:25:56.148+0000] {logging_mixin.py:190} INFO - [2025-02-20T09:25:56.148+0000] {dag.py:4180} INFO - Setting next_dagrun for example_task_group_decorator to None, run_after=None
[2025-02-20T09:25:56.174+0000] {processor.py:208} INFO - Processing /home/airflow/.local/lib/python3.12/site-packages/airflow/example_dags/example_task_group_decorator.py took 0.101 seconds
[2025-02-20T09:26:27.617+0000] {processor.py:186} INFO - Started process (PID=270) to work on /home/airflow/.local/lib/python3.12/site-packages/airflow/example_dags/example_task_group_decorator.py
[2025-02-20T09:26:27.618+0000] {processor.py:914} INFO - Processing file /home/airflow/.local/lib/python3.12/site-packages/airflow/example_dags/example_task_group_decorator.py for tasks to queue
[2025-02-20T09:26:27.620+0000] {logging_mixin.py:190} INFO - [2025-02-20T09:26:27.620+0000] {dagbag.py:588} INFO - Filling up the DagBag from /home/airflow/.local/lib/python3.12/site-packages/airflow/example_dags/example_task_group_decorator.py
[2025-02-20T09:26:27.637+0000] {processor.py:925} INFO - DAG(s) 'example_task_group_decorator' retrieved from /home/airflow/.local/lib/python3.12/site-packages/airflow/example_dags/example_task_group_decorator.py
[2025-02-20T09:26:27.667+0000] {logging_mixin.py:190} INFO - [2025-02-20T09:26:27.667+0000] {dag.py:3239} INFO - Sync 1 DAGs
[2025-02-20T09:26:27.683+0000] {logging_mixin.py:190} INFO - [2025-02-20T09:26:27.682+0000] {dag.py:4180} INFO - Setting next_dagrun for example_task_group_decorator to None, run_after=None
[2025-02-20T09:26:27.705+0000] {processor.py:208} INFO - Processing /home/airflow/.local/lib/python3.12/site-packages/airflow/example_dags/example_task_group_decorator.py took 0.094 seconds
[2025-02-20T09:26:58.461+0000] {processor.py:186} INFO - Started process (PID=333) to work on /home/airflow/.local/lib/python3.12/site-packages/airflow/example_dags/example_task_group_decorator.py
[2025-02-20T09:26:58.462+0000] {processor.py:914} INFO - Processing file /home/airflow/.local/lib/python3.12/site-packages/airflow/example_dags/example_task_group_decorator.py for tasks to queue
[2025-02-20T09:26:58.465+0000] {logging_mixin.py:190} INFO - [2025-02-20T09:26:58.465+0000] {dagbag.py:588} INFO - Filling up the DagBag from /home/airflow/.local/lib/python3.12/site-packages/airflow/example_dags/example_task_group_decorator.py
[2025-02-20T09:26:58.482+0000] {processor.py:925} INFO - DAG(s) 'example_task_group_decorator' retrieved from /home/airflow/.local/lib/python3.12/site-packages/airflow/example_dags/example_task_group_decorator.py
[2025-02-20T09:26:58.514+0000] {logging_mixin.py:190} INFO - [2025-02-20T09:26:58.514+0000] {dag.py:3239} INFO - Sync 1 DAGs
[2025-02-20T09:26:58.531+0000] {logging_mixin.py:190} INFO - [2025-02-20T09:26:58.530+0000] {dag.py:4180} INFO - Setting next_dagrun for example_task_group_decorator to None, run_after=None
[2025-02-20T09:26:58.554+0000] {processor.py:208} INFO - Processing /home/airflow/.local/lib/python3.12/site-packages/airflow/example_dags/example_task_group_decorator.py took 0.099 seconds
[2025-02-20T09:27:29.566+0000] {processor.py:186} INFO - Started process (PID=395) to work on /home/airflow/.local/lib/python3.12/site-packages/airflow/example_dags/example_task_group_decorator.py
[2025-02-20T09:27:29.567+0000] {processor.py:914} INFO - Processing file /home/airflow/.local/lib/python3.12/site-packages/airflow/example_dags/example_task_group_decorator.py for tasks to queue
[2025-02-20T09:27:29.570+0000] {logging_mixin.py:190} INFO - [2025-02-20T09:27:29.570+0000] {dagbag.py:588} INFO - Filling up the DagBag from /home/airflow/.local/lib/python3.12/site-packages/airflow/example_dags/example_task_group_decorator.py
[2025-02-20T09:27:29.596+0000] {processor.py:925} INFO - DAG(s) 'example_task_group_decorator' retrieved from /home/airflow/.local/lib/python3.12/site-packages/airflow/example_dags/example_task_group_decorator.py
[2025-02-20T09:27:29.638+0000] {logging_mixin.py:190} INFO - [2025-02-20T09:27:29.638+0000] {dag.py:3239} INFO - Sync 1 DAGs
[2025-02-20T09:27:29.661+0000] {logging_mixin.py:190} INFO - [2025-02-20T09:27:29.661+0000] {dag.py:4180} INFO - Setting next_dagrun for example_task_group_decorator to None, run_after=None
[2025-02-20T09:27:29.687+0000] {processor.py:208} INFO - Processing /home/airflow/.local/lib/python3.12/site-packages/airflow/example_dags/example_task_group_decorator.py took 0.128 seconds
[2025-02-20T09:28:00.503+0000] {processor.py:186} INFO - Started process (PID=458) to work on /home/airflow/.local/lib/python3.12/site-packages/airflow/example_dags/example_task_group_decorator.py
[2025-02-20T09:28:00.504+0000] {processor.py:914} INFO - Processing file /home/airflow/.local/lib/python3.12/site-packages/airflow/example_dags/example_task_group_decorator.py for tasks to queue
[2025-02-20T09:28:00.507+0000] {logging_mixin.py:190} INFO - [2025-02-20T09:28:00.506+0000] {dagbag.py:588} INFO - Filling up the DagBag from /home/airflow/.local/lib/python3.12/site-packages/airflow/example_dags/example_task_group_decorator.py
[2025-02-20T09:28:00.523+0000] {processor.py:925} INFO - DAG(s) 'example_task_group_decorator' retrieved from /home/airflow/.local/lib/python3.12/site-packages/airflow/example_dags/example_task_group_decorator.py
[2025-02-20T09:28:00.554+0000] {logging_mixin.py:190} INFO - [2025-02-20T09:28:00.553+0000] {dag.py:3239} INFO - Sync 1 DAGs
[2025-02-20T09:28:00.569+0000] {logging_mixin.py:190} INFO - [2025-02-20T09:28:00.569+0000] {dag.py:4180} INFO - Setting next_dagrun for example_task_group_decorator to None, run_after=None
[2025-02-20T09:28:00.592+0000] {processor.py:208} INFO - Processing /home/airflow/.local/lib/python3.12/site-packages/airflow/example_dags/example_task_group_decorator.py took 0.096 seconds
