[2025-02-20T09:24:56.105+0000] {processor.py:186} INFO - Started process (PID=92) to work on /home/airflow/.local/lib/python3.12/site-packages/airflow/example_dags/example_branch_operator.py
[2025-02-20T09:24:56.107+0000] {processor.py:914} INFO - Processing file /home/airflow/.local/lib/python3.12/site-packages/airflow/example_dags/example_branch_operator.py for tasks to queue
[2025-02-20T09:24:56.110+0000] {logging_mixin.py:190} INFO - [2025-02-20T09:24:56.110+0000] {dagbag.py:588} INFO - Filling up the DagBag from /home/airflow/.local/lib/python3.12/site-packages/airflow/example_dags/example_branch_operator.py
[2025-02-20T09:24:56.143+0000] {processor.py:925} INFO - DAG(s) 'example_branch_operator' retrieved from /home/airflow/.local/lib/python3.12/site-packages/airflow/example_dags/example_branch_operator.py
[2025-02-20T09:24:56.316+0000] {logging_mixin.py:190} INFO - [2025-02-20T09:24:56.315+0000] {override.py:1911} INFO - Created Permission View: can edit on DAG:example_branch_operator
[2025-02-20T09:24:56.330+0000] {logging_mixin.py:190} INFO - [2025-02-20T09:24:56.329+0000] {override.py:1911} INFO - Created Permission View: can delete on DAG:example_branch_operator
[2025-02-20T09:24:56.339+0000] {logging_mixin.py:190} INFO - [2025-02-20T09:24:56.339+0000] {override.py:1911} INFO - Created Permission View: can read on DAG:example_branch_operator
[2025-02-20T09:24:56.351+0000] {logging_mixin.py:190} INFO - [2025-02-20T09:24:56.350+0000] {override.py:1911} INFO - Created Permission View: can create on DAG Run:example_branch_operator
[2025-02-20T09:24:56.361+0000] {logging_mixin.py:190} INFO - [2025-02-20T09:24:56.361+0000] {override.py:1911} INFO - Created Permission View: menu access on DAG Run:example_branch_operator
[2025-02-20T09:24:56.372+0000] {logging_mixin.py:190} INFO - [2025-02-20T09:24:56.371+0000] {override.py:1911} INFO - Created Permission View: can delete on DAG Run:example_branch_operator
[2025-02-20T09:24:56.382+0000] {logging_mixin.py:190} INFO - [2025-02-20T09:24:56.381+0000] {override.py:1911} INFO - Created Permission View: can read on DAG Run:example_branch_operator
[2025-02-20T09:24:56.383+0000] {logging_mixin.py:190} INFO - [2025-02-20T09:24:56.383+0000] {dag.py:3239} INFO - Sync 1 DAGs
[2025-02-20T09:24:56.404+0000] {logging_mixin.py:190} INFO - [2025-02-20T09:24:56.404+0000] {dag.py:3262} INFO - Creating ORM DAG for example_branch_operator
[2025-02-20T09:24:56.417+0000] {logging_mixin.py:190} INFO - [2025-02-20T09:24:56.417+0000] {dag.py:4180} INFO - Setting next_dagrun for example_branch_operator to 2025-02-19 00:00:00+00:00, run_after=2025-02-20 00:00:00+00:00
[2025-02-20T09:24:56.444+0000] {processor.py:208} INFO - Processing /home/airflow/.local/lib/python3.12/site-packages/airflow/example_dags/example_branch_operator.py took 0.346 seconds
[2025-02-20T09:25:27.285+0000] {processor.py:186} INFO - Started process (PID=155) to work on /home/airflow/.local/lib/python3.12/site-packages/airflow/example_dags/example_branch_operator.py
[2025-02-20T09:25:27.286+0000] {processor.py:914} INFO - Processing file /home/airflow/.local/lib/python3.12/site-packages/airflow/example_dags/example_branch_operator.py for tasks to queue
[2025-02-20T09:25:27.289+0000] {logging_mixin.py:190} INFO - [2025-02-20T09:25:27.289+0000] {dagbag.py:588} INFO - Filling up the DagBag from /home/airflow/.local/lib/python3.12/site-packages/airflow/example_dags/example_branch_operator.py
[2025-02-20T09:25:27.308+0000] {processor.py:925} INFO - DAG(s) 'example_branch_operator' retrieved from /home/airflow/.local/lib/python3.12/site-packages/airflow/example_dags/example_branch_operator.py
[2025-02-20T09:25:27.349+0000] {logging_mixin.py:190} INFO - [2025-02-20T09:25:27.349+0000] {dag.py:3239} INFO - Sync 1 DAGs
[2025-02-20T09:25:27.379+0000] {logging_mixin.py:190} INFO - [2025-02-20T09:25:27.378+0000] {dag.py:4180} INFO - Setting next_dagrun for example_branch_operator to 2025-02-19 00:00:00+00:00, run_after=2025-02-20 00:00:00+00:00
[2025-02-20T09:25:27.405+0000] {processor.py:208} INFO - Processing /home/airflow/.local/lib/python3.12/site-packages/airflow/example_dags/example_branch_operator.py took 0.128 seconds
[2025-02-20T09:25:58.018+0000] {processor.py:186} INFO - Started process (PID=218) to work on /home/airflow/.local/lib/python3.12/site-packages/airflow/example_dags/example_branch_operator.py
[2025-02-20T09:25:58.019+0000] {processor.py:914} INFO - Processing file /home/airflow/.local/lib/python3.12/site-packages/airflow/example_dags/example_branch_operator.py for tasks to queue
[2025-02-20T09:25:58.022+0000] {logging_mixin.py:190} INFO - [2025-02-20T09:25:58.021+0000] {dagbag.py:588} INFO - Filling up the DagBag from /home/airflow/.local/lib/python3.12/site-packages/airflow/example_dags/example_branch_operator.py
[2025-02-20T09:25:58.041+0000] {processor.py:925} INFO - DAG(s) 'example_branch_operator' retrieved from /home/airflow/.local/lib/python3.12/site-packages/airflow/example_dags/example_branch_operator.py
[2025-02-20T09:25:58.078+0000] {logging_mixin.py:190} INFO - [2025-02-20T09:25:58.078+0000] {dag.py:3239} INFO - Sync 1 DAGs
[2025-02-20T09:25:58.104+0000] {logging_mixin.py:190} INFO - [2025-02-20T09:25:58.104+0000] {dag.py:4180} INFO - Setting next_dagrun for example_branch_operator to 2025-02-19 00:00:00+00:00, run_after=2025-02-20 00:00:00+00:00
[2025-02-20T09:25:58.128+0000] {processor.py:208} INFO - Processing /home/airflow/.local/lib/python3.12/site-packages/airflow/example_dags/example_branch_operator.py took 0.119 seconds
[2025-02-20T09:26:28.350+0000] {processor.py:186} INFO - Started process (PID=281) to work on /home/airflow/.local/lib/python3.12/site-packages/airflow/example_dags/example_branch_operator.py
[2025-02-20T09:26:28.351+0000] {processor.py:914} INFO - Processing file /home/airflow/.local/lib/python3.12/site-packages/airflow/example_dags/example_branch_operator.py for tasks to queue
[2025-02-20T09:26:28.354+0000] {logging_mixin.py:190} INFO - [2025-02-20T09:26:28.354+0000] {dagbag.py:588} INFO - Filling up the DagBag from /home/airflow/.local/lib/python3.12/site-packages/airflow/example_dags/example_branch_operator.py
[2025-02-20T09:26:28.382+0000] {processor.py:925} INFO - DAG(s) 'example_branch_operator' retrieved from /home/airflow/.local/lib/python3.12/site-packages/airflow/example_dags/example_branch_operator.py
[2025-02-20T09:26:28.418+0000] {logging_mixin.py:190} INFO - [2025-02-20T09:26:28.418+0000] {dag.py:3239} INFO - Sync 1 DAGs
[2025-02-20T09:26:28.446+0000] {logging_mixin.py:190} INFO - [2025-02-20T09:26:28.446+0000] {dag.py:4180} INFO - Setting next_dagrun for example_branch_operator to 2025-02-19 00:00:00+00:00, run_after=2025-02-20 00:00:00+00:00
[2025-02-20T09:26:28.469+0000] {processor.py:208} INFO - Processing /home/airflow/.local/lib/python3.12/site-packages/airflow/example_dags/example_branch_operator.py took 0.125 seconds
[2025-02-20T09:26:59.484+0000] {processor.py:186} INFO - Started process (PID=344) to work on /home/airflow/.local/lib/python3.12/site-packages/airflow/example_dags/example_branch_operator.py
[2025-02-20T09:26:59.485+0000] {processor.py:914} INFO - Processing file /home/airflow/.local/lib/python3.12/site-packages/airflow/example_dags/example_branch_operator.py for tasks to queue
[2025-02-20T09:26:59.488+0000] {logging_mixin.py:190} INFO - [2025-02-20T09:26:59.487+0000] {dagbag.py:588} INFO - Filling up the DagBag from /home/airflow/.local/lib/python3.12/site-packages/airflow/example_dags/example_branch_operator.py
[2025-02-20T09:26:59.507+0000] {processor.py:925} INFO - DAG(s) 'example_branch_operator' retrieved from /home/airflow/.local/lib/python3.12/site-packages/airflow/example_dags/example_branch_operator.py
[2025-02-20T09:26:59.541+0000] {logging_mixin.py:190} INFO - [2025-02-20T09:26:59.541+0000] {dag.py:3239} INFO - Sync 1 DAGs
[2025-02-20T09:26:59.568+0000] {logging_mixin.py:190} INFO - [2025-02-20T09:26:59.568+0000] {dag.py:4180} INFO - Setting next_dagrun for example_branch_operator to 2025-02-19 00:00:00+00:00, run_after=2025-02-20 00:00:00+00:00
[2025-02-20T09:26:59.587+0000] {processor.py:208} INFO - Processing /home/airflow/.local/lib/python3.12/site-packages/airflow/example_dags/example_branch_operator.py took 0.109 seconds
[2025-02-20T09:27:30.691+0000] {processor.py:186} INFO - Started process (PID=407) to work on /home/airflow/.local/lib/python3.12/site-packages/airflow/example_dags/example_branch_operator.py
[2025-02-20T09:27:30.692+0000] {processor.py:914} INFO - Processing file /home/airflow/.local/lib/python3.12/site-packages/airflow/example_dags/example_branch_operator.py for tasks to queue
[2025-02-20T09:27:30.695+0000] {logging_mixin.py:190} INFO - [2025-02-20T09:27:30.695+0000] {dagbag.py:588} INFO - Filling up the DagBag from /home/airflow/.local/lib/python3.12/site-packages/airflow/example_dags/example_branch_operator.py
[2025-02-20T09:27:30.717+0000] {processor.py:925} INFO - DAG(s) 'example_branch_operator' retrieved from /home/airflow/.local/lib/python3.12/site-packages/airflow/example_dags/example_branch_operator.py
[2025-02-20T09:27:30.756+0000] {logging_mixin.py:190} INFO - [2025-02-20T09:27:30.755+0000] {dag.py:3239} INFO - Sync 1 DAGs
[2025-02-20T09:27:30.790+0000] {logging_mixin.py:190} INFO - [2025-02-20T09:27:30.790+0000] {dag.py:4180} INFO - Setting next_dagrun for example_branch_operator to 2025-02-19 00:00:00+00:00, run_after=2025-02-20 00:00:00+00:00
[2025-02-20T09:27:30.812+0000] {processor.py:208} INFO - Processing /home/airflow/.local/lib/python3.12/site-packages/airflow/example_dags/example_branch_operator.py took 0.128 seconds
[2025-02-20T09:28:01.684+0000] {processor.py:186} INFO - Started process (PID=470) to work on /home/airflow/.local/lib/python3.12/site-packages/airflow/example_dags/example_branch_operator.py
[2025-02-20T09:28:01.685+0000] {processor.py:914} INFO - Processing file /home/airflow/.local/lib/python3.12/site-packages/airflow/example_dags/example_branch_operator.py for tasks to queue
[2025-02-20T09:28:01.688+0000] {logging_mixin.py:190} INFO - [2025-02-20T09:28:01.688+0000] {dagbag.py:588} INFO - Filling up the DagBag from /home/airflow/.local/lib/python3.12/site-packages/airflow/example_dags/example_branch_operator.py
[2025-02-20T09:28:01.707+0000] {processor.py:925} INFO - DAG(s) 'example_branch_operator' retrieved from /home/airflow/.local/lib/python3.12/site-packages/airflow/example_dags/example_branch_operator.py
[2025-02-20T09:28:01.741+0000] {logging_mixin.py:190} INFO - [2025-02-20T09:28:01.741+0000] {dag.py:3239} INFO - Sync 1 DAGs
[2025-02-20T09:28:01.767+0000] {logging_mixin.py:190} INFO - [2025-02-20T09:28:01.767+0000] {dag.py:4180} INFO - Setting next_dagrun for example_branch_operator to 2025-02-19 00:00:00+00:00, run_after=2025-02-20 00:00:00+00:00
[2025-02-20T09:28:01.787+0000] {processor.py:208} INFO - Processing /home/airflow/.local/lib/python3.12/site-packages/airflow/example_dags/example_branch_operator.py took 0.110 seconds
