[2025-02-20T09:24:59.369+0000] {processor.py:186} INFO - Started process (PID=107) to work on /home/airflow/.local/lib/python3.12/site-packages/airflow/example_dags/example_params_trigger_ui.py
[2025-02-20T09:24:59.370+0000] {processor.py:914} INFO - Processing file /home/airflow/.local/lib/python3.12/site-packages/airflow/example_dags/example_params_trigger_ui.py for tasks to queue
[2025-02-20T09:24:59.374+0000] {logging_mixin.py:190} INFO - [2025-02-20T09:24:59.373+0000] {dagbag.py:588} INFO - Filling up the DagBag from /home/airflow/.local/lib/python3.12/site-packages/airflow/example_dags/example_params_trigger_ui.py
[2025-02-20T09:24:59.391+0000] {processor.py:925} INFO - DAG(s) 'example_params_trigger_ui' retrieved from /home/airflow/.local/lib/python3.12/site-packages/airflow/example_dags/example_params_trigger_ui.py
[2025-02-20T09:24:59.579+0000] {logging_mixin.py:190} INFO - [2025-02-20T09:24:59.578+0000] {override.py:1911} INFO - Created Permission View: can edit on DAG:example_params_trigger_ui
[2025-02-20T09:24:59.593+0000] {logging_mixin.py:190} INFO - [2025-02-20T09:24:59.592+0000] {override.py:1911} INFO - Created Permission View: can delete on DAG:example_params_trigger_ui
[2025-02-20T09:24:59.601+0000] {logging_mixin.py:190} INFO - [2025-02-20T09:24:59.601+0000] {override.py:1911} INFO - Created Permission View: can read on DAG:example_params_trigger_ui
[2025-02-20T09:24:59.615+0000] {logging_mixin.py:190} INFO - [2025-02-20T09:24:59.614+0000] {override.py:1911} INFO - Created Permission View: can create on DAG Run:example_params_trigger_ui
[2025-02-20T09:24:59.625+0000] {logging_mixin.py:190} INFO - [2025-02-20T09:24:59.625+0000] {override.py:1911} INFO - Created Permission View: menu access on DAG Run:example_params_trigger_ui
[2025-02-20T09:24:59.635+0000] {logging_mixin.py:190} INFO - [2025-02-20T09:24:59.635+0000] {override.py:1911} INFO - Created Permission View: can delete on DAG Run:example_params_trigger_ui
[2025-02-20T09:24:59.645+0000] {logging_mixin.py:190} INFO - [2025-02-20T09:24:59.644+0000] {override.py:1911} INFO - Created Permission View: can read on DAG Run:example_params_trigger_ui
[2025-02-20T09:24:59.646+0000] {logging_mixin.py:190} INFO - [2025-02-20T09:24:59.646+0000] {dag.py:3239} INFO - Sync 1 DAGs
[2025-02-20T09:24:59.669+0000] {logging_mixin.py:190} INFO - [2025-02-20T09:24:59.669+0000] {dag.py:3262} INFO - Creating ORM DAG for example_params_trigger_ui
[2025-02-20T09:24:59.671+0000] {logging_mixin.py:190} INFO - [2025-02-20T09:24:59.670+0000] {dag.py:4180} INFO - Setting next_dagrun for example_params_trigger_ui to None, run_after=None
[2025-02-20T09:24:59.700+0000] {processor.py:208} INFO - Processing /home/airflow/.local/lib/python3.12/site-packages/airflow/example_dags/example_params_trigger_ui.py took 0.340 seconds
[2025-02-20T09:25:29.913+0000] {processor.py:186} INFO - Started process (PID=170) to work on /home/airflow/.local/lib/python3.12/site-packages/airflow/example_dags/example_params_trigger_ui.py
[2025-02-20T09:25:29.914+0000] {processor.py:914} INFO - Processing file /home/airflow/.local/lib/python3.12/site-packages/airflow/example_dags/example_params_trigger_ui.py for tasks to queue
[2025-02-20T09:25:29.918+0000] {logging_mixin.py:190} INFO - [2025-02-20T09:25:29.917+0000] {dagbag.py:588} INFO - Filling up the DagBag from /home/airflow/.local/lib/python3.12/site-packages/airflow/example_dags/example_params_trigger_ui.py
[2025-02-20T09:25:29.931+0000] {processor.py:925} INFO - DAG(s) 'example_params_trigger_ui' retrieved from /home/airflow/.local/lib/python3.12/site-packages/airflow/example_dags/example_params_trigger_ui.py
[2025-02-20T09:25:29.982+0000] {logging_mixin.py:190} INFO - [2025-02-20T09:25:29.982+0000] {dag.py:3239} INFO - Sync 1 DAGs
[2025-02-20T09:25:30.000+0000] {logging_mixin.py:190} INFO - [2025-02-20T09:25:30.000+0000] {dag.py:4180} INFO - Setting next_dagrun for example_params_trigger_ui to None, run_after=None
[2025-02-20T09:25:30.026+0000] {processor.py:208} INFO - Processing /home/airflow/.local/lib/python3.12/site-packages/airflow/example_dags/example_params_trigger_ui.py took 0.119 seconds
[2025-02-20T09:26:00.624+0000] {processor.py:186} INFO - Started process (PID=233) to work on /home/airflow/.local/lib/python3.12/site-packages/airflow/example_dags/example_params_trigger_ui.py
[2025-02-20T09:26:00.625+0000] {processor.py:914} INFO - Processing file /home/airflow/.local/lib/python3.12/site-packages/airflow/example_dags/example_params_trigger_ui.py for tasks to queue
[2025-02-20T09:26:00.628+0000] {logging_mixin.py:190} INFO - [2025-02-20T09:26:00.628+0000] {dagbag.py:588} INFO - Filling up the DagBag from /home/airflow/.local/lib/python3.12/site-packages/airflow/example_dags/example_params_trigger_ui.py
[2025-02-20T09:26:00.640+0000] {processor.py:925} INFO - DAG(s) 'example_params_trigger_ui' retrieved from /home/airflow/.local/lib/python3.12/site-packages/airflow/example_dags/example_params_trigger_ui.py
[2025-02-20T09:26:00.693+0000] {logging_mixin.py:190} INFO - [2025-02-20T09:26:00.692+0000] {dag.py:3239} INFO - Sync 1 DAGs
[2025-02-20T09:26:00.709+0000] {logging_mixin.py:190} INFO - [2025-02-20T09:26:00.709+0000] {dag.py:4180} INFO - Setting next_dagrun for example_params_trigger_ui to None, run_after=None
[2025-02-20T09:26:00.733+0000] {processor.py:208} INFO - Processing /home/airflow/.local/lib/python3.12/site-packages/airflow/example_dags/example_params_trigger_ui.py took 0.115 seconds
[2025-02-20T09:26:31.516+0000] {processor.py:186} INFO - Started process (PID=296) to work on /home/airflow/.local/lib/python3.12/site-packages/airflow/example_dags/example_params_trigger_ui.py
[2025-02-20T09:26:31.517+0000] {processor.py:914} INFO - Processing file /home/airflow/.local/lib/python3.12/site-packages/airflow/example_dags/example_params_trigger_ui.py for tasks to queue
[2025-02-20T09:26:31.520+0000] {logging_mixin.py:190} INFO - [2025-02-20T09:26:31.519+0000] {dagbag.py:588} INFO - Filling up the DagBag from /home/airflow/.local/lib/python3.12/site-packages/airflow/example_dags/example_params_trigger_ui.py
[2025-02-20T09:26:31.532+0000] {processor.py:925} INFO - DAG(s) 'example_params_trigger_ui' retrieved from /home/airflow/.local/lib/python3.12/site-packages/airflow/example_dags/example_params_trigger_ui.py
[2025-02-20T09:26:31.582+0000] {logging_mixin.py:190} INFO - [2025-02-20T09:26:31.582+0000] {dag.py:3239} INFO - Sync 1 DAGs
[2025-02-20T09:26:31.603+0000] {logging_mixin.py:190} INFO - [2025-02-20T09:26:31.602+0000] {dag.py:4180} INFO - Setting next_dagrun for example_params_trigger_ui to None, run_after=None
[2025-02-20T09:26:31.640+0000] {processor.py:208} INFO - Processing /home/airflow/.local/lib/python3.12/site-packages/airflow/example_dags/example_params_trigger_ui.py took 0.130 seconds
[2025-02-20T09:27:02.572+0000] {processor.py:186} INFO - Started process (PID=359) to work on /home/airflow/.local/lib/python3.12/site-packages/airflow/example_dags/example_params_trigger_ui.py
[2025-02-20T09:27:02.573+0000] {processor.py:914} INFO - Processing file /home/airflow/.local/lib/python3.12/site-packages/airflow/example_dags/example_params_trigger_ui.py for tasks to queue
[2025-02-20T09:27:02.576+0000] {logging_mixin.py:190} INFO - [2025-02-20T09:27:02.576+0000] {dagbag.py:588} INFO - Filling up the DagBag from /home/airflow/.local/lib/python3.12/site-packages/airflow/example_dags/example_params_trigger_ui.py
[2025-02-20T09:27:02.588+0000] {processor.py:925} INFO - DAG(s) 'example_params_trigger_ui' retrieved from /home/airflow/.local/lib/python3.12/site-packages/airflow/example_dags/example_params_trigger_ui.py
[2025-02-20T09:27:02.645+0000] {logging_mixin.py:190} INFO - [2025-02-20T09:27:02.645+0000] {dag.py:3239} INFO - Sync 1 DAGs
[2025-02-20T09:27:02.660+0000] {logging_mixin.py:190} INFO - [2025-02-20T09:27:02.659+0000] {dag.py:4180} INFO - Setting next_dagrun for example_params_trigger_ui to None, run_after=None
[2025-02-20T09:27:02.682+0000] {processor.py:208} INFO - Processing /home/airflow/.local/lib/python3.12/site-packages/airflow/example_dags/example_params_trigger_ui.py took 0.116 seconds
[2025-02-20T09:27:32.792+0000] {processor.py:186} INFO - Started process (PID=421) to work on /home/airflow/.local/lib/python3.12/site-packages/airflow/example_dags/example_params_trigger_ui.py
[2025-02-20T09:27:32.793+0000] {processor.py:914} INFO - Processing file /home/airflow/.local/lib/python3.12/site-packages/airflow/example_dags/example_params_trigger_ui.py for tasks to queue
[2025-02-20T09:27:32.796+0000] {logging_mixin.py:190} INFO - [2025-02-20T09:27:32.796+0000] {dagbag.py:588} INFO - Filling up the DagBag from /home/airflow/.local/lib/python3.12/site-packages/airflow/example_dags/example_params_trigger_ui.py
[2025-02-20T09:27:32.808+0000] {processor.py:925} INFO - DAG(s) 'example_params_trigger_ui' retrieved from /home/airflow/.local/lib/python3.12/site-packages/airflow/example_dags/example_params_trigger_ui.py
[2025-02-20T09:27:32.856+0000] {logging_mixin.py:190} INFO - [2025-02-20T09:27:32.855+0000] {dag.py:3239} INFO - Sync 1 DAGs
[2025-02-20T09:27:32.871+0000] {logging_mixin.py:190} INFO - [2025-02-20T09:27:32.871+0000] {dag.py:4180} INFO - Setting next_dagrun for example_params_trigger_ui to None, run_after=None
[2025-02-20T09:27:32.892+0000] {processor.py:208} INFO - Processing /home/airflow/.local/lib/python3.12/site-packages/airflow/example_dags/example_params_trigger_ui.py took 0.107 seconds
[2025-02-20T09:28:03.578+0000] {processor.py:186} INFO - Started process (PID=484) to work on /home/airflow/.local/lib/python3.12/site-packages/airflow/example_dags/example_params_trigger_ui.py
[2025-02-20T09:28:03.579+0000] {processor.py:914} INFO - Processing file /home/airflow/.local/lib/python3.12/site-packages/airflow/example_dags/example_params_trigger_ui.py for tasks to queue
[2025-02-20T09:28:03.583+0000] {logging_mixin.py:190} INFO - [2025-02-20T09:28:03.582+0000] {dagbag.py:588} INFO - Filling up the DagBag from /home/airflow/.local/lib/python3.12/site-packages/airflow/example_dags/example_params_trigger_ui.py
[2025-02-20T09:28:03.602+0000] {processor.py:925} INFO - DAG(s) 'example_params_trigger_ui' retrieved from /home/airflow/.local/lib/python3.12/site-packages/airflow/example_dags/example_params_trigger_ui.py
[2025-02-20T09:28:03.673+0000] {logging_mixin.py:190} INFO - [2025-02-20T09:28:03.673+0000] {dag.py:3239} INFO - Sync 1 DAGs
[2025-02-20T09:28:03.691+0000] {logging_mixin.py:190} INFO - [2025-02-20T09:28:03.691+0000] {dag.py:4180} INFO - Setting next_dagrun for example_params_trigger_ui to None, run_after=None
[2025-02-20T09:28:03.711+0000] {processor.py:208} INFO - Processing /home/airflow/.local/lib/python3.12/site-packages/airflow/example_dags/example_params_trigger_ui.py took 0.143 seconds
