[2025-02-20T09:24:53.850+0000] {processor.py:186} INFO - Started process (PID=80) to work on /home/airflow/.local/lib/python3.12/site-packages/airflow/example_dags/example_short_circuit_operator.py
[2025-02-20T09:24:53.851+0000] {processor.py:914} INFO - Processing file /home/airflow/.local/lib/python3.12/site-packages/airflow/example_dags/example_short_circuit_operator.py for tasks to queue
[2025-02-20T09:24:53.855+0000] {logging_mixin.py:190} INFO - [2025-02-20T09:24:53.854+0000] {dagbag.py:588} INFO - Filling up the DagBag from /home/airflow/.local/lib/python3.12/site-packages/airflow/example_dags/example_short_circuit_operator.py
[2025-02-20T09:24:53.868+0000] {processor.py:925} INFO - DAG(s) 'example_short_circuit_operator' retrieved from /home/airflow/.local/lib/python3.12/site-packages/airflow/example_dags/example_short_circuit_operator.py
[2025-02-20T09:24:54.044+0000] {logging_mixin.py:190} INFO - [2025-02-20T09:24:54.043+0000] {override.py:1911} INFO - Created Permission View: can edit on DAG:example_short_circuit_operator
[2025-02-20T09:24:54.064+0000] {logging_mixin.py:190} INFO - [2025-02-20T09:24:54.063+0000] {override.py:1911} INFO - Created Permission View: can delete on DAG:example_short_circuit_operator
[2025-02-20T09:24:54.077+0000] {logging_mixin.py:190} INFO - [2025-02-20T09:24:54.077+0000] {override.py:1911} INFO - Created Permission View: can read on DAG:example_short_circuit_operator
[2025-02-20T09:24:54.090+0000] {logging_mixin.py:190} INFO - [2025-02-20T09:24:54.089+0000] {override.py:1911} INFO - Created Permission View: can create on DAG Run:example_short_circuit_operator
[2025-02-20T09:24:54.101+0000] {logging_mixin.py:190} INFO - [2025-02-20T09:24:54.101+0000] {override.py:1911} INFO - Created Permission View: menu access on DAG Run:example_short_circuit_operator
[2025-02-20T09:24:54.113+0000] {logging_mixin.py:190} INFO - [2025-02-20T09:24:54.113+0000] {override.py:1911} INFO - Created Permission View: can delete on DAG Run:example_short_circuit_operator
[2025-02-20T09:24:54.125+0000] {logging_mixin.py:190} INFO - [2025-02-20T09:24:54.124+0000] {override.py:1911} INFO - Created Permission View: can read on DAG Run:example_short_circuit_operator
[2025-02-20T09:24:54.126+0000] {logging_mixin.py:190} INFO - [2025-02-20T09:24:54.126+0000] {dag.py:3239} INFO - Sync 1 DAGs
[2025-02-20T09:24:54.145+0000] {logging_mixin.py:190} INFO - [2025-02-20T09:24:54.144+0000] {dag.py:3262} INFO - Creating ORM DAG for example_short_circuit_operator
[2025-02-20T09:24:54.147+0000] {logging_mixin.py:190} INFO - [2025-02-20T09:24:54.146+0000] {dag.py:4180} INFO - Setting next_dagrun for example_short_circuit_operator to None, run_after=None
[2025-02-20T09:24:54.179+0000] {processor.py:208} INFO - Processing /home/airflow/.local/lib/python3.12/site-packages/airflow/example_dags/example_short_circuit_operator.py took 0.339 seconds
[2025-02-20T09:25:25.399+0000] {processor.py:186} INFO - Started process (PID=143) to work on /home/airflow/.local/lib/python3.12/site-packages/airflow/example_dags/example_short_circuit_operator.py
[2025-02-20T09:25:25.400+0000] {processor.py:914} INFO - Processing file /home/airflow/.local/lib/python3.12/site-packages/airflow/example_dags/example_short_circuit_operator.py for tasks to queue
[2025-02-20T09:25:25.403+0000] {logging_mixin.py:190} INFO - [2025-02-20T09:25:25.403+0000] {dagbag.py:588} INFO - Filling up the DagBag from /home/airflow/.local/lib/python3.12/site-packages/airflow/example_dags/example_short_circuit_operator.py
[2025-02-20T09:25:25.413+0000] {processor.py:925} INFO - DAG(s) 'example_short_circuit_operator' retrieved from /home/airflow/.local/lib/python3.12/site-packages/airflow/example_dags/example_short_circuit_operator.py
[2025-02-20T09:25:25.441+0000] {logging_mixin.py:190} INFO - [2025-02-20T09:25:25.440+0000] {dag.py:3239} INFO - Sync 1 DAGs
[2025-02-20T09:25:25.461+0000] {logging_mixin.py:190} INFO - [2025-02-20T09:25:25.461+0000] {dag.py:4180} INFO - Setting next_dagrun for example_short_circuit_operator to None, run_after=None
[2025-02-20T09:25:25.485+0000] {processor.py:208} INFO - Processing /home/airflow/.local/lib/python3.12/site-packages/airflow/example_dags/example_short_circuit_operator.py took 0.094 seconds
[2025-02-20T09:25:55.974+0000] {processor.py:186} INFO - Started process (PID=206) to work on /home/airflow/.local/lib/python3.12/site-packages/airflow/example_dags/example_short_circuit_operator.py
[2025-02-20T09:25:55.975+0000] {processor.py:914} INFO - Processing file /home/airflow/.local/lib/python3.12/site-packages/airflow/example_dags/example_short_circuit_operator.py for tasks to queue
[2025-02-20T09:25:55.978+0000] {logging_mixin.py:190} INFO - [2025-02-20T09:25:55.977+0000] {dagbag.py:588} INFO - Filling up the DagBag from /home/airflow/.local/lib/python3.12/site-packages/airflow/example_dags/example_short_circuit_operator.py
[2025-02-20T09:25:55.987+0000] {processor.py:925} INFO - DAG(s) 'example_short_circuit_operator' retrieved from /home/airflow/.local/lib/python3.12/site-packages/airflow/example_dags/example_short_circuit_operator.py
[2025-02-20T09:25:56.016+0000] {logging_mixin.py:190} INFO - [2025-02-20T09:25:56.015+0000] {dag.py:3239} INFO - Sync 1 DAGs
[2025-02-20T09:25:56.031+0000] {logging_mixin.py:190} INFO - [2025-02-20T09:25:56.030+0000] {dag.py:4180} INFO - Setting next_dagrun for example_short_circuit_operator to None, run_after=None
[2025-02-20T09:25:56.053+0000] {processor.py:208} INFO - Processing /home/airflow/.local/lib/python3.12/site-packages/airflow/example_dags/example_short_circuit_operator.py took 0.085 seconds
[2025-02-20T09:26:27.498+0000] {processor.py:186} INFO - Started process (PID=269) to work on /home/airflow/.local/lib/python3.12/site-packages/airflow/example_dags/example_short_circuit_operator.py
[2025-02-20T09:26:27.499+0000] {processor.py:914} INFO - Processing file /home/airflow/.local/lib/python3.12/site-packages/airflow/example_dags/example_short_circuit_operator.py for tasks to queue
[2025-02-20T09:26:27.502+0000] {logging_mixin.py:190} INFO - [2025-02-20T09:26:27.502+0000] {dagbag.py:588} INFO - Filling up the DagBag from /home/airflow/.local/lib/python3.12/site-packages/airflow/example_dags/example_short_circuit_operator.py
[2025-02-20T09:26:27.512+0000] {processor.py:925} INFO - DAG(s) 'example_short_circuit_operator' retrieved from /home/airflow/.local/lib/python3.12/site-packages/airflow/example_dags/example_short_circuit_operator.py
[2025-02-20T09:26:27.542+0000] {logging_mixin.py:190} INFO - [2025-02-20T09:26:27.542+0000] {dag.py:3239} INFO - Sync 1 DAGs
[2025-02-20T09:26:27.563+0000] {logging_mixin.py:190} INFO - [2025-02-20T09:26:27.563+0000] {dag.py:4180} INFO - Setting next_dagrun for example_short_circuit_operator to None, run_after=None
[2025-02-20T09:26:27.590+0000] {processor.py:208} INFO - Processing /home/airflow/.local/lib/python3.12/site-packages/airflow/example_dags/example_short_circuit_operator.py took 0.099 seconds
[2025-02-20T09:26:58.344+0000] {processor.py:186} INFO - Started process (PID=332) to work on /home/airflow/.local/lib/python3.12/site-packages/airflow/example_dags/example_short_circuit_operator.py
[2025-02-20T09:26:58.345+0000] {processor.py:914} INFO - Processing file /home/airflow/.local/lib/python3.12/site-packages/airflow/example_dags/example_short_circuit_operator.py for tasks to queue
[2025-02-20T09:26:58.348+0000] {logging_mixin.py:190} INFO - [2025-02-20T09:26:58.347+0000] {dagbag.py:588} INFO - Filling up the DagBag from /home/airflow/.local/lib/python3.12/site-packages/airflow/example_dags/example_short_circuit_operator.py
[2025-02-20T09:26:58.357+0000] {processor.py:925} INFO - DAG(s) 'example_short_circuit_operator' retrieved from /home/airflow/.local/lib/python3.12/site-packages/airflow/example_dags/example_short_circuit_operator.py
[2025-02-20T09:26:58.397+0000] {logging_mixin.py:190} INFO - [2025-02-20T09:26:58.397+0000] {dag.py:3239} INFO - Sync 1 DAGs
[2025-02-20T09:26:58.412+0000] {logging_mixin.py:190} INFO - [2025-02-20T09:26:58.412+0000] {dag.py:4180} INFO - Setting next_dagrun for example_short_circuit_operator to None, run_after=None
[2025-02-20T09:26:58.435+0000] {processor.py:208} INFO - Processing /home/airflow/.local/lib/python3.12/site-packages/airflow/example_dags/example_short_circuit_operator.py took 0.097 seconds
[2025-02-20T09:27:29.546+0000] {processor.py:186} INFO - Started process (PID=394) to work on /home/airflow/.local/lib/python3.12/site-packages/airflow/example_dags/example_short_circuit_operator.py
[2025-02-20T09:27:29.547+0000] {processor.py:914} INFO - Processing file /home/airflow/.local/lib/python3.12/site-packages/airflow/example_dags/example_short_circuit_operator.py for tasks to queue
[2025-02-20T09:27:29.550+0000] {logging_mixin.py:190} INFO - [2025-02-20T09:27:29.550+0000] {dagbag.py:588} INFO - Filling up the DagBag from /home/airflow/.local/lib/python3.12/site-packages/airflow/example_dags/example_short_circuit_operator.py
[2025-02-20T09:27:29.561+0000] {processor.py:925} INFO - DAG(s) 'example_short_circuit_operator' retrieved from /home/airflow/.local/lib/python3.12/site-packages/airflow/example_dags/example_short_circuit_operator.py
[2025-02-20T09:27:29.597+0000] {logging_mixin.py:190} INFO - [2025-02-20T09:27:29.597+0000] {dag.py:3239} INFO - Sync 1 DAGs
[2025-02-20T09:27:29.619+0000] {logging_mixin.py:190} INFO - [2025-02-20T09:27:29.619+0000] {dag.py:4180} INFO - Setting next_dagrun for example_short_circuit_operator to None, run_after=None
[2025-02-20T09:27:29.644+0000] {processor.py:208} INFO - Processing /home/airflow/.local/lib/python3.12/site-packages/airflow/example_dags/example_short_circuit_operator.py took 0.105 seconds
[2025-02-20T09:28:00.385+0000] {processor.py:186} INFO - Started process (PID=457) to work on /home/airflow/.local/lib/python3.12/site-packages/airflow/example_dags/example_short_circuit_operator.py
[2025-02-20T09:28:00.387+0000] {processor.py:914} INFO - Processing file /home/airflow/.local/lib/python3.12/site-packages/airflow/example_dags/example_short_circuit_operator.py for tasks to queue
[2025-02-20T09:28:00.390+0000] {logging_mixin.py:190} INFO - [2025-02-20T09:28:00.390+0000] {dagbag.py:588} INFO - Filling up the DagBag from /home/airflow/.local/lib/python3.12/site-packages/airflow/example_dags/example_short_circuit_operator.py
[2025-02-20T09:28:00.403+0000] {processor.py:925} INFO - DAG(s) 'example_short_circuit_operator' retrieved from /home/airflow/.local/lib/python3.12/site-packages/airflow/example_dags/example_short_circuit_operator.py
[2025-02-20T09:28:00.433+0000] {logging_mixin.py:190} INFO - [2025-02-20T09:28:00.433+0000] {dag.py:3239} INFO - Sync 1 DAGs
[2025-02-20T09:28:00.453+0000] {logging_mixin.py:190} INFO - [2025-02-20T09:28:00.453+0000] {dag.py:4180} INFO - Setting next_dagrun for example_short_circuit_operator to None, run_after=None
[2025-02-20T09:28:00.475+0000] {processor.py:208} INFO - Processing /home/airflow/.local/lib/python3.12/site-packages/airflow/example_dags/example_short_circuit_operator.py took 0.099 seconds
