[2025-02-20T09:24:57.933+0000] {processor.py:186} INFO - Started process (PID=101) to work on /home/airflow/.local/lib/python3.12/site-packages/airflow/example_dags/example_xcom.py
[2025-02-20T09:24:57.935+0000] {processor.py:914} INFO - Processing file /home/airflow/.local/lib/python3.12/site-packages/airflow/example_dags/example_xcom.py for tasks to queue
[2025-02-20T09:24:57.938+0000] {logging_mixin.py:190} INFO - [2025-02-20T09:24:57.938+0000] {dagbag.py:588} INFO - Filling up the DagBag from /home/airflow/.local/lib/python3.12/site-packages/airflow/example_dags/example_xcom.py
[2025-02-20T09:24:57.953+0000] {processor.py:925} INFO - DAG(s) 'example_xcom' retrieved from /home/airflow/.local/lib/python3.12/site-packages/airflow/example_dags/example_xcom.py
[2025-02-20T09:24:58.102+0000] {logging_mixin.py:190} INFO - [2025-02-20T09:24:58.101+0000] {override.py:1911} INFO - Created Permission View: can edit on DAG:example_xcom
[2025-02-20T09:24:58.117+0000] {logging_mixin.py:190} INFO - [2025-02-20T09:24:58.117+0000] {override.py:1911} INFO - Created Permission View: can delete on DAG:example_xcom
[2025-02-20T09:24:58.128+0000] {logging_mixin.py:190} INFO - [2025-02-20T09:24:58.128+0000] {override.py:1911} INFO - Created Permission View: can read on DAG:example_xcom
[2025-02-20T09:24:58.139+0000] {logging_mixin.py:190} INFO - [2025-02-20T09:24:58.139+0000] {override.py:1911} INFO - Created Permission View: can create on DAG Run:example_xcom
[2025-02-20T09:24:58.150+0000] {logging_mixin.py:190} INFO - [2025-02-20T09:24:58.150+0000] {override.py:1911} INFO - Created Permission View: menu access on DAG Run:example_xcom
[2025-02-20T09:24:58.160+0000] {logging_mixin.py:190} INFO - [2025-02-20T09:24:58.160+0000] {override.py:1911} INFO - Created Permission View: can delete on DAG Run:example_xcom
[2025-02-20T09:24:58.170+0000] {logging_mixin.py:190} INFO - [2025-02-20T09:24:58.170+0000] {override.py:1911} INFO - Created Permission View: can read on DAG Run:example_xcom
[2025-02-20T09:24:58.171+0000] {logging_mixin.py:190} INFO - [2025-02-20T09:24:58.171+0000] {dag.py:3239} INFO - Sync 1 DAGs
[2025-02-20T09:24:58.188+0000] {logging_mixin.py:190} INFO - [2025-02-20T09:24:58.187+0000] {dag.py:3262} INFO - Creating ORM DAG for example_xcom
[2025-02-20T09:24:58.200+0000] {logging_mixin.py:190} INFO - [2025-02-20T09:24:58.199+0000] {dag.py:4180} INFO - Setting next_dagrun for example_xcom to 2021-01-01 00:00:00+00:00, run_after=2021-01-01 00:00:00+00:00
[2025-02-20T09:24:58.224+0000] {processor.py:208} INFO - Processing /home/airflow/.local/lib/python3.12/site-packages/airflow/example_dags/example_xcom.py took 0.299 seconds
[2025-02-20T09:25:28.762+0000] {processor.py:186} INFO - Started process (PID=163) to work on /home/airflow/.local/lib/python3.12/site-packages/airflow/example_dags/example_xcom.py
[2025-02-20T09:25:28.763+0000] {processor.py:914} INFO - Processing file /home/airflow/.local/lib/python3.12/site-packages/airflow/example_dags/example_xcom.py for tasks to queue
[2025-02-20T09:25:28.766+0000] {logging_mixin.py:190} INFO - [2025-02-20T09:25:28.766+0000] {dagbag.py:588} INFO - Filling up the DagBag from /home/airflow/.local/lib/python3.12/site-packages/airflow/example_dags/example_xcom.py
[2025-02-20T09:25:28.780+0000] {processor.py:925} INFO - DAG(s) 'example_xcom' retrieved from /home/airflow/.local/lib/python3.12/site-packages/airflow/example_dags/example_xcom.py
[2025-02-20T09:25:28.806+0000] {logging_mixin.py:190} INFO - [2025-02-20T09:25:28.805+0000] {dag.py:3239} INFO - Sync 1 DAGs
[2025-02-20T09:25:28.834+0000] {logging_mixin.py:190} INFO - [2025-02-20T09:25:28.833+0000] {dag.py:4180} INFO - Setting next_dagrun for example_xcom to 2021-01-01 00:00:00+00:00, run_after=2021-01-01 00:00:00+00:00
[2025-02-20T09:25:28.858+0000] {processor.py:208} INFO - Processing /home/airflow/.local/lib/python3.12/site-packages/airflow/example_dags/example_xcom.py took 0.105 seconds
[2025-02-20T09:25:59.481+0000] {processor.py:186} INFO - Started process (PID=226) to work on /home/airflow/.local/lib/python3.12/site-packages/airflow/example_dags/example_xcom.py
[2025-02-20T09:25:59.483+0000] {processor.py:914} INFO - Processing file /home/airflow/.local/lib/python3.12/site-packages/airflow/example_dags/example_xcom.py for tasks to queue
[2025-02-20T09:25:59.486+0000] {logging_mixin.py:190} INFO - [2025-02-20T09:25:59.485+0000] {dagbag.py:588} INFO - Filling up the DagBag from /home/airflow/.local/lib/python3.12/site-packages/airflow/example_dags/example_xcom.py
[2025-02-20T09:25:59.497+0000] {processor.py:925} INFO - DAG(s) 'example_xcom' retrieved from /home/airflow/.local/lib/python3.12/site-packages/airflow/example_dags/example_xcom.py
[2025-02-20T09:25:59.525+0000] {logging_mixin.py:190} INFO - [2025-02-20T09:25:59.525+0000] {dag.py:3239} INFO - Sync 1 DAGs
[2025-02-20T09:25:59.550+0000] {logging_mixin.py:190} INFO - [2025-02-20T09:25:59.550+0000] {dag.py:4180} INFO - Setting next_dagrun for example_xcom to 2021-01-01 00:00:00+00:00, run_after=2021-01-01 00:00:00+00:00
[2025-02-20T09:25:59.573+0000] {processor.py:208} INFO - Processing /home/airflow/.local/lib/python3.12/site-packages/airflow/example_dags/example_xcom.py took 0.100 seconds
[2025-02-20T09:26:29.799+0000] {processor.py:186} INFO - Started process (PID=289) to work on /home/airflow/.local/lib/python3.12/site-packages/airflow/example_dags/example_xcom.py
[2025-02-20T09:26:29.800+0000] {processor.py:914} INFO - Processing file /home/airflow/.local/lib/python3.12/site-packages/airflow/example_dags/example_xcom.py for tasks to queue
[2025-02-20T09:26:29.803+0000] {logging_mixin.py:190} INFO - [2025-02-20T09:26:29.803+0000] {dagbag.py:588} INFO - Filling up the DagBag from /home/airflow/.local/lib/python3.12/site-packages/airflow/example_dags/example_xcom.py
[2025-02-20T09:26:29.814+0000] {processor.py:925} INFO - DAG(s) 'example_xcom' retrieved from /home/airflow/.local/lib/python3.12/site-packages/airflow/example_dags/example_xcom.py
[2025-02-20T09:26:29.840+0000] {logging_mixin.py:190} INFO - [2025-02-20T09:26:29.840+0000] {dag.py:3239} INFO - Sync 1 DAGs
[2025-02-20T09:26:29.864+0000] {logging_mixin.py:190} INFO - [2025-02-20T09:26:29.864+0000] {dag.py:4180} INFO - Setting next_dagrun for example_xcom to 2021-01-01 00:00:00+00:00, run_after=2021-01-01 00:00:00+00:00
[2025-02-20T09:26:29.889+0000] {processor.py:208} INFO - Processing /home/airflow/.local/lib/python3.12/site-packages/airflow/example_dags/example_xcom.py took 0.097 seconds
[2025-02-20T09:27:00.083+0000] {processor.py:186} INFO - Started process (PID=352) to work on /home/airflow/.local/lib/python3.12/site-packages/airflow/example_dags/example_xcom.py
[2025-02-20T09:27:00.085+0000] {processor.py:914} INFO - Processing file /home/airflow/.local/lib/python3.12/site-packages/airflow/example_dags/example_xcom.py for tasks to queue
[2025-02-20T09:27:00.088+0000] {logging_mixin.py:190} INFO - [2025-02-20T09:27:00.088+0000] {dagbag.py:588} INFO - Filling up the DagBag from /home/airflow/.local/lib/python3.12/site-packages/airflow/example_dags/example_xcom.py
[2025-02-20T09:27:00.099+0000] {processor.py:925} INFO - DAG(s) 'example_xcom' retrieved from /home/airflow/.local/lib/python3.12/site-packages/airflow/example_dags/example_xcom.py
[2025-02-20T09:27:00.128+0000] {logging_mixin.py:190} INFO - [2025-02-20T09:27:00.128+0000] {dag.py:3239} INFO - Sync 1 DAGs
[2025-02-20T09:27:00.155+0000] {logging_mixin.py:190} INFO - [2025-02-20T09:27:00.155+0000] {dag.py:4180} INFO - Setting next_dagrun for example_xcom to 2021-01-01 00:00:00+00:00, run_after=2021-01-01 00:00:00+00:00
[2025-02-20T09:27:00.177+0000] {processor.py:208} INFO - Processing /home/airflow/.local/lib/python3.12/site-packages/airflow/example_dags/example_xcom.py took 0.101 seconds
[2025-02-20T09:27:31.181+0000] {processor.py:186} INFO - Started process (PID=415) to work on /home/airflow/.local/lib/python3.12/site-packages/airflow/example_dags/example_xcom.py
[2025-02-20T09:27:31.182+0000] {processor.py:914} INFO - Processing file /home/airflow/.local/lib/python3.12/site-packages/airflow/example_dags/example_xcom.py for tasks to queue
[2025-02-20T09:27:31.186+0000] {logging_mixin.py:190} INFO - [2025-02-20T09:27:31.185+0000] {dagbag.py:588} INFO - Filling up the DagBag from /home/airflow/.local/lib/python3.12/site-packages/airflow/example_dags/example_xcom.py
[2025-02-20T09:27:31.197+0000] {processor.py:925} INFO - DAG(s) 'example_xcom' retrieved from /home/airflow/.local/lib/python3.12/site-packages/airflow/example_dags/example_xcom.py
[2025-02-20T09:27:31.227+0000] {logging_mixin.py:190} INFO - [2025-02-20T09:27:31.227+0000] {dag.py:3239} INFO - Sync 1 DAGs
[2025-02-20T09:27:31.254+0000] {logging_mixin.py:190} INFO - [2025-02-20T09:27:31.254+0000] {dag.py:4180} INFO - Setting next_dagrun for example_xcom to 2021-01-01 00:00:00+00:00, run_after=2021-01-01 00:00:00+00:00
[2025-02-20T09:27:31.276+0000] {processor.py:208} INFO - Processing /home/airflow/.local/lib/python3.12/site-packages/airflow/example_dags/example_xcom.py took 0.101 seconds
[2025-02-20T09:28:02.286+0000] {processor.py:186} INFO - Started process (PID=478) to work on /home/airflow/.local/lib/python3.12/site-packages/airflow/example_dags/example_xcom.py
[2025-02-20T09:28:02.288+0000] {processor.py:914} INFO - Processing file /home/airflow/.local/lib/python3.12/site-packages/airflow/example_dags/example_xcom.py for tasks to queue
[2025-02-20T09:28:02.291+0000] {logging_mixin.py:190} INFO - [2025-02-20T09:28:02.291+0000] {dagbag.py:588} INFO - Filling up the DagBag from /home/airflow/.local/lib/python3.12/site-packages/airflow/example_dags/example_xcom.py
[2025-02-20T09:28:02.307+0000] {processor.py:925} INFO - DAG(s) 'example_xcom' retrieved from /home/airflow/.local/lib/python3.12/site-packages/airflow/example_dags/example_xcom.py
[2025-02-20T09:28:02.333+0000] {logging_mixin.py:190} INFO - [2025-02-20T09:28:02.333+0000] {dag.py:3239} INFO - Sync 1 DAGs
[2025-02-20T09:28:02.361+0000] {logging_mixin.py:190} INFO - [2025-02-20T09:28:02.361+0000] {dag.py:4180} INFO - Setting next_dagrun for example_xcom to 2021-01-01 00:00:00+00:00, run_after=2021-01-01 00:00:00+00:00
[2025-02-20T09:28:02.385+0000] {processor.py:208} INFO - Processing /home/airflow/.local/lib/python3.12/site-packages/airflow/example_dags/example_xcom.py took 0.107 seconds
