[2025-02-20T09:24:48.881+0000] {processor.py:186} INFO - Started process (PID=71) to work on /home/airflow/.local/lib/python3.12/site-packages/airflow/example_dags/example_trigger_controller_dag.py
[2025-02-20T09:24:48.884+0000] {processor.py:914} INFO - Processing file /home/airflow/.local/lib/python3.12/site-packages/airflow/example_dags/example_trigger_controller_dag.py for tasks to queue
[2025-02-20T09:24:48.892+0000] {logging_mixin.py:190} INFO - [2025-02-20T09:24:48.891+0000] {dagbag.py:588} INFO - Filling up the DagBag from /home/airflow/.local/lib/python3.12/site-packages/airflow/example_dags/example_trigger_controller_dag.py
[2025-02-20T09:24:48.916+0000] {processor.py:925} INFO - DAG(s) 'example_trigger_controller_dag' retrieved from /home/airflow/.local/lib/python3.12/site-packages/airflow/example_dags/example_trigger_controller_dag.py
[2025-02-20T09:24:49.332+0000] {logging_mixin.py:190} INFO - [2025-02-20T09:24:49.330+0000] {override.py:1911} INFO - Created Permission View: can edit on DAG:example_trigger_controller_dag
[2025-02-20T09:24:49.346+0000] {logging_mixin.py:190} INFO - [2025-02-20T09:24:49.345+0000] {override.py:1911} INFO - Created Permission View: can delete on DAG:example_trigger_controller_dag
[2025-02-20T09:24:49.355+0000] {logging_mixin.py:190} INFO - [2025-02-20T09:24:49.355+0000] {override.py:1911} INFO - Created Permission View: can read on DAG:example_trigger_controller_dag
[2025-02-20T09:24:49.366+0000] {logging_mixin.py:190} INFO - [2025-02-20T09:24:49.365+0000] {override.py:1911} INFO - Created Permission View: can create on DAG Run:example_trigger_controller_dag
[2025-02-20T09:24:49.376+0000] {logging_mixin.py:190} INFO - [2025-02-20T09:24:49.375+0000] {override.py:1911} INFO - Created Permission View: menu access on DAG Run:example_trigger_controller_dag
[2025-02-20T09:24:49.386+0000] {logging_mixin.py:190} INFO - [2025-02-20T09:24:49.385+0000] {override.py:1911} INFO - Created Permission View: can delete on DAG Run:example_trigger_controller_dag
[2025-02-20T09:24:49.395+0000] {logging_mixin.py:190} INFO - [2025-02-20T09:24:49.395+0000] {override.py:1911} INFO - Created Permission View: can read on DAG Run:example_trigger_controller_dag
[2025-02-20T09:24:49.396+0000] {logging_mixin.py:190} INFO - [2025-02-20T09:24:49.396+0000] {dag.py:3239} INFO - Sync 1 DAGs
[2025-02-20T09:24:49.419+0000] {logging_mixin.py:190} INFO - [2025-02-20T09:24:49.418+0000] {dag.py:3262} INFO - Creating ORM DAG for example_trigger_controller_dag
[2025-02-20T09:24:49.435+0000] {logging_mixin.py:190} INFO - [2025-02-20T09:24:49.435+0000] {dag.py:4180} INFO - Setting next_dagrun for example_trigger_controller_dag to 2021-01-01 00:00:00+00:00, run_after=2021-01-01 00:00:00+00:00
[2025-02-20T09:24:49.459+0000] {processor.py:208} INFO - Processing /home/airflow/.local/lib/python3.12/site-packages/airflow/example_dags/example_trigger_controller_dag.py took 0.590 seconds
[2025-02-20T09:25:19.506+0000] {processor.py:186} INFO - Started process (PID=134) to work on /home/airflow/.local/lib/python3.12/site-packages/airflow/example_dags/example_trigger_controller_dag.py
[2025-02-20T09:25:19.507+0000] {processor.py:914} INFO - Processing file /home/airflow/.local/lib/python3.12/site-packages/airflow/example_dags/example_trigger_controller_dag.py for tasks to queue
[2025-02-20T09:25:19.510+0000] {logging_mixin.py:190} INFO - [2025-02-20T09:25:19.510+0000] {dagbag.py:588} INFO - Filling up the DagBag from /home/airflow/.local/lib/python3.12/site-packages/airflow/example_dags/example_trigger_controller_dag.py
[2025-02-20T09:25:19.521+0000] {processor.py:925} INFO - DAG(s) 'example_trigger_controller_dag' retrieved from /home/airflow/.local/lib/python3.12/site-packages/airflow/example_dags/example_trigger_controller_dag.py
[2025-02-20T09:25:19.549+0000] {logging_mixin.py:190} INFO - [2025-02-20T09:25:19.549+0000] {dag.py:3239} INFO - Sync 1 DAGs
[2025-02-20T09:25:19.578+0000] {logging_mixin.py:190} INFO - [2025-02-20T09:25:19.577+0000] {dag.py:4180} INFO - Setting next_dagrun for example_trigger_controller_dag to 2021-01-01 00:00:00+00:00, run_after=2021-01-01 00:00:00+00:00
[2025-02-20T09:25:19.597+0000] {processor.py:208} INFO - Processing /home/airflow/.local/lib/python3.12/site-packages/airflow/example_dags/example_trigger_controller_dag.py took 0.099 seconds
[2025-02-20T09:25:49.820+0000] {processor.py:186} INFO - Started process (PID=197) to work on /home/airflow/.local/lib/python3.12/site-packages/airflow/example_dags/example_trigger_controller_dag.py
[2025-02-20T09:25:49.821+0000] {processor.py:914} INFO - Processing file /home/airflow/.local/lib/python3.12/site-packages/airflow/example_dags/example_trigger_controller_dag.py for tasks to queue
[2025-02-20T09:25:49.824+0000] {logging_mixin.py:190} INFO - [2025-02-20T09:25:49.823+0000] {dagbag.py:588} INFO - Filling up the DagBag from /home/airflow/.local/lib/python3.12/site-packages/airflow/example_dags/example_trigger_controller_dag.py
[2025-02-20T09:25:49.831+0000] {processor.py:925} INFO - DAG(s) 'example_trigger_controller_dag' retrieved from /home/airflow/.local/lib/python3.12/site-packages/airflow/example_dags/example_trigger_controller_dag.py
[2025-02-20T09:25:49.857+0000] {logging_mixin.py:190} INFO - [2025-02-20T09:25:49.857+0000] {dag.py:3239} INFO - Sync 1 DAGs
[2025-02-20T09:25:49.891+0000] {logging_mixin.py:190} INFO - [2025-02-20T09:25:49.890+0000] {dag.py:4180} INFO - Setting next_dagrun for example_trigger_controller_dag to 2021-01-01 00:00:00+00:00, run_after=2021-01-01 00:00:00+00:00
[2025-02-20T09:25:49.912+0000] {processor.py:208} INFO - Processing /home/airflow/.local/lib/python3.12/site-packages/airflow/example_dags/example_trigger_controller_dag.py took 0.102 seconds
[2025-02-20T09:26:20.678+0000] {processor.py:186} INFO - Started process (PID=260) to work on /home/airflow/.local/lib/python3.12/site-packages/airflow/example_dags/example_trigger_controller_dag.py
[2025-02-20T09:26:20.679+0000] {processor.py:914} INFO - Processing file /home/airflow/.local/lib/python3.12/site-packages/airflow/example_dags/example_trigger_controller_dag.py for tasks to queue
[2025-02-20T09:26:20.682+0000] {logging_mixin.py:190} INFO - [2025-02-20T09:26:20.682+0000] {dagbag.py:588} INFO - Filling up the DagBag from /home/airflow/.local/lib/python3.12/site-packages/airflow/example_dags/example_trigger_controller_dag.py
[2025-02-20T09:26:20.691+0000] {processor.py:925} INFO - DAG(s) 'example_trigger_controller_dag' retrieved from /home/airflow/.local/lib/python3.12/site-packages/airflow/example_dags/example_trigger_controller_dag.py
[2025-02-20T09:26:20.721+0000] {logging_mixin.py:190} INFO - [2025-02-20T09:26:20.721+0000] {dag.py:3239} INFO - Sync 1 DAGs
[2025-02-20T09:26:20.754+0000] {logging_mixin.py:190} INFO - [2025-02-20T09:26:20.754+0000] {dag.py:4180} INFO - Setting next_dagrun for example_trigger_controller_dag to 2021-01-01 00:00:00+00:00, run_after=2021-01-01 00:00:00+00:00
[2025-02-20T09:26:20.777+0000] {processor.py:208} INFO - Processing /home/airflow/.local/lib/python3.12/site-packages/airflow/example_dags/example_trigger_controller_dag.py took 0.107 seconds
[2025-02-20T09:26:51.174+0000] {processor.py:186} INFO - Started process (PID=323) to work on /home/airflow/.local/lib/python3.12/site-packages/airflow/example_dags/example_trigger_controller_dag.py
[2025-02-20T09:26:51.175+0000] {processor.py:914} INFO - Processing file /home/airflow/.local/lib/python3.12/site-packages/airflow/example_dags/example_trigger_controller_dag.py for tasks to queue
[2025-02-20T09:26:51.179+0000] {logging_mixin.py:190} INFO - [2025-02-20T09:26:51.179+0000] {dagbag.py:588} INFO - Filling up the DagBag from /home/airflow/.local/lib/python3.12/site-packages/airflow/example_dags/example_trigger_controller_dag.py
[2025-02-20T09:26:51.187+0000] {processor.py:925} INFO - DAG(s) 'example_trigger_controller_dag' retrieved from /home/airflow/.local/lib/python3.12/site-packages/airflow/example_dags/example_trigger_controller_dag.py
[2025-02-20T09:26:51.214+0000] {logging_mixin.py:190} INFO - [2025-02-20T09:26:51.214+0000] {dag.py:3239} INFO - Sync 1 DAGs
[2025-02-20T09:26:51.240+0000] {logging_mixin.py:190} INFO - [2025-02-20T09:26:51.240+0000] {dag.py:4180} INFO - Setting next_dagrun for example_trigger_controller_dag to 2021-01-01 00:00:00+00:00, run_after=2021-01-01 00:00:00+00:00
[2025-02-20T09:26:51.268+0000] {processor.py:208} INFO - Processing /home/airflow/.local/lib/python3.12/site-packages/airflow/example_dags/example_trigger_controller_dag.py took 0.103 seconds
[2025-02-20T09:27:21.318+0000] {processor.py:186} INFO - Started process (PID=386) to work on /home/airflow/.local/lib/python3.12/site-packages/airflow/example_dags/example_trigger_controller_dag.py
[2025-02-20T09:27:21.319+0000] {processor.py:914} INFO - Processing file /home/airflow/.local/lib/python3.12/site-packages/airflow/example_dags/example_trigger_controller_dag.py for tasks to queue
[2025-02-20T09:27:21.322+0000] {logging_mixin.py:190} INFO - [2025-02-20T09:27:21.322+0000] {dagbag.py:588} INFO - Filling up the DagBag from /home/airflow/.local/lib/python3.12/site-packages/airflow/example_dags/example_trigger_controller_dag.py
[2025-02-20T09:27:21.330+0000] {processor.py:925} INFO - DAG(s) 'example_trigger_controller_dag' retrieved from /home/airflow/.local/lib/python3.12/site-packages/airflow/example_dags/example_trigger_controller_dag.py
[2025-02-20T09:27:21.356+0000] {logging_mixin.py:190} INFO - [2025-02-20T09:27:21.356+0000] {dag.py:3239} INFO - Sync 1 DAGs
[2025-02-20T09:27:21.382+0000] {logging_mixin.py:190} INFO - [2025-02-20T09:27:21.382+0000] {dag.py:4180} INFO - Setting next_dagrun for example_trigger_controller_dag to 2021-01-01 00:00:00+00:00, run_after=2021-01-01 00:00:00+00:00
[2025-02-20T09:27:21.409+0000] {processor.py:208} INFO - Processing /home/airflow/.local/lib/python3.12/site-packages/airflow/example_dags/example_trigger_controller_dag.py took 0.100 seconds
[2025-02-20T09:27:52.106+0000] {processor.py:186} INFO - Started process (PID=449) to work on /home/airflow/.local/lib/python3.12/site-packages/airflow/example_dags/example_trigger_controller_dag.py
[2025-02-20T09:27:52.108+0000] {processor.py:914} INFO - Processing file /home/airflow/.local/lib/python3.12/site-packages/airflow/example_dags/example_trigger_controller_dag.py for tasks to queue
[2025-02-20T09:27:52.114+0000] {logging_mixin.py:190} INFO - [2025-02-20T09:27:52.113+0000] {dagbag.py:588} INFO - Filling up the DagBag from /home/airflow/.local/lib/python3.12/site-packages/airflow/example_dags/example_trigger_controller_dag.py
[2025-02-20T09:27:52.134+0000] {processor.py:925} INFO - DAG(s) 'example_trigger_controller_dag' retrieved from /home/airflow/.local/lib/python3.12/site-packages/airflow/example_dags/example_trigger_controller_dag.py
[2025-02-20T09:27:52.177+0000] {logging_mixin.py:190} INFO - [2025-02-20T09:27:52.177+0000] {dag.py:3239} INFO - Sync 1 DAGs
[2025-02-20T09:27:52.216+0000] {logging_mixin.py:190} INFO - [2025-02-20T09:27:52.215+0000] {dag.py:4180} INFO - Setting next_dagrun for example_trigger_controller_dag to 2021-01-01 00:00:00+00:00, run_after=2021-01-01 00:00:00+00:00
[2025-02-20T09:27:52.237+0000] {processor.py:208} INFO - Processing /home/airflow/.local/lib/python3.12/site-packages/airflow/example_dags/example_trigger_controller_dag.py took 0.147 seconds
