[2025-02-20T09:24:55.052+0000] {processor.py:186} INFO - Started process (PID=86) to work on /home/airflow/.local/lib/python3.12/site-packages/airflow/example_dags/example_latest_only_with_trigger.py
[2025-02-20T09:24:55.053+0000] {processor.py:914} INFO - Processing file /home/airflow/.local/lib/python3.12/site-packages/airflow/example_dags/example_latest_only_with_trigger.py for tasks to queue
[2025-02-20T09:24:55.057+0000] {logging_mixin.py:190} INFO - [2025-02-20T09:24:55.057+0000] {dagbag.py:588} INFO - Filling up the DagBag from /home/airflow/.local/lib/python3.12/site-packages/airflow/example_dags/example_latest_only_with_trigger.py
[2025-02-20T09:24:55.072+0000] {processor.py:925} INFO - DAG(s) 'latest_only_with_trigger' retrieved from /home/airflow/.local/lib/python3.12/site-packages/airflow/example_dags/example_latest_only_with_trigger.py
[2025-02-20T09:24:55.223+0000] {logging_mixin.py:190} INFO - [2025-02-20T09:24:55.223+0000] {override.py:1911} INFO - Created Permission View: can edit on DAG:latest_only_with_trigger
[2025-02-20T09:24:55.239+0000] {logging_mixin.py:190} INFO - [2025-02-20T09:24:55.238+0000] {override.py:1911} INFO - Created Permission View: can delete on DAG:latest_only_with_trigger
[2025-02-20T09:24:55.248+0000] {logging_mixin.py:190} INFO - [2025-02-20T09:24:55.248+0000] {override.py:1911} INFO - Created Permission View: can read on DAG:latest_only_with_trigger
[2025-02-20T09:24:55.259+0000] {logging_mixin.py:190} INFO - [2025-02-20T09:24:55.258+0000] {override.py:1911} INFO - Created Permission View: can create on DAG Run:latest_only_with_trigger
[2025-02-20T09:24:55.269+0000] {logging_mixin.py:190} INFO - [2025-02-20T09:24:55.268+0000] {override.py:1911} INFO - Created Permission View: menu access on DAG Run:latest_only_with_trigger
[2025-02-20T09:24:55.279+0000] {logging_mixin.py:190} INFO - [2025-02-20T09:24:55.279+0000] {override.py:1911} INFO - Created Permission View: can delete on DAG Run:latest_only_with_trigger
[2025-02-20T09:24:55.288+0000] {logging_mixin.py:190} INFO - [2025-02-20T09:24:55.288+0000] {override.py:1911} INFO - Created Permission View: can read on DAG Run:latest_only_with_trigger
[2025-02-20T09:24:55.289+0000] {logging_mixin.py:190} INFO - [2025-02-20T09:24:55.289+0000] {dag.py:3239} INFO - Sync 1 DAGs
[2025-02-20T09:24:55.311+0000] {logging_mixin.py:190} INFO - [2025-02-20T09:24:55.311+0000] {dag.py:3262} INFO - Creating ORM DAG for latest_only_with_trigger
[2025-02-20T09:24:55.329+0000] {logging_mixin.py:190} INFO - [2025-02-20T09:24:55.329+0000] {dag.py:4180} INFO - Setting next_dagrun for latest_only_with_trigger to 2025-02-20 04:00:00+00:00, run_after=2025-02-20 08:00:00+00:00
[2025-02-20T09:24:55.351+0000] {processor.py:208} INFO - Processing /home/airflow/.local/lib/python3.12/site-packages/airflow/example_dags/example_latest_only_with_trigger.py took 0.307 seconds
[2025-02-20T09:25:25.912+0000] {processor.py:186} INFO - Started process (PID=149) to work on /home/airflow/.local/lib/python3.12/site-packages/airflow/example_dags/example_latest_only_with_trigger.py
[2025-02-20T09:25:25.914+0000] {processor.py:914} INFO - Processing file /home/airflow/.local/lib/python3.12/site-packages/airflow/example_dags/example_latest_only_with_trigger.py for tasks to queue
[2025-02-20T09:25:25.918+0000] {logging_mixin.py:190} INFO - [2025-02-20T09:25:25.917+0000] {dagbag.py:588} INFO - Filling up the DagBag from /home/airflow/.local/lib/python3.12/site-packages/airflow/example_dags/example_latest_only_with_trigger.py
[2025-02-20T09:25:25.927+0000] {processor.py:925} INFO - DAG(s) 'latest_only_with_trigger' retrieved from /home/airflow/.local/lib/python3.12/site-packages/airflow/example_dags/example_latest_only_with_trigger.py
[2025-02-20T09:25:25.952+0000] {logging_mixin.py:190} INFO - [2025-02-20T09:25:25.952+0000] {dag.py:3239} INFO - Sync 1 DAGs
[2025-02-20T09:25:25.975+0000] {logging_mixin.py:190} INFO - [2025-02-20T09:25:25.975+0000] {dag.py:4180} INFO - Setting next_dagrun for latest_only_with_trigger to 2025-02-20 04:00:00+00:00, run_after=2025-02-20 08:00:00+00:00
[2025-02-20T09:25:25.996+0000] {processor.py:208} INFO - Processing /home/airflow/.local/lib/python3.12/site-packages/airflow/example_dags/example_latest_only_with_trigger.py took 0.090 seconds
[2025-02-20T09:25:56.615+0000] {processor.py:186} INFO - Started process (PID=212) to work on /home/airflow/.local/lib/python3.12/site-packages/airflow/example_dags/example_latest_only_with_trigger.py
[2025-02-20T09:25:56.616+0000] {processor.py:914} INFO - Processing file /home/airflow/.local/lib/python3.12/site-packages/airflow/example_dags/example_latest_only_with_trigger.py for tasks to queue
[2025-02-20T09:25:56.620+0000] {logging_mixin.py:190} INFO - [2025-02-20T09:25:56.619+0000] {dagbag.py:588} INFO - Filling up the DagBag from /home/airflow/.local/lib/python3.12/site-packages/airflow/example_dags/example_latest_only_with_trigger.py
[2025-02-20T09:25:56.630+0000] {processor.py:925} INFO - DAG(s) 'latest_only_with_trigger' retrieved from /home/airflow/.local/lib/python3.12/site-packages/airflow/example_dags/example_latest_only_with_trigger.py
[2025-02-20T09:25:56.658+0000] {logging_mixin.py:190} INFO - [2025-02-20T09:25:56.657+0000] {dag.py:3239} INFO - Sync 1 DAGs
[2025-02-20T09:25:56.683+0000] {logging_mixin.py:190} INFO - [2025-02-20T09:25:56.683+0000] {dag.py:4180} INFO - Setting next_dagrun for latest_only_with_trigger to 2025-02-20 04:00:00+00:00, run_after=2025-02-20 08:00:00+00:00
[2025-02-20T09:25:56.703+0000] {processor.py:208} INFO - Processing /home/airflow/.local/lib/python3.12/site-packages/airflow/example_dags/example_latest_only_with_trigger.py took 0.094 seconds
[2025-02-20T09:26:27.972+0000] {processor.py:186} INFO - Started process (PID=275) to work on /home/airflow/.local/lib/python3.12/site-packages/airflow/example_dags/example_latest_only_with_trigger.py
[2025-02-20T09:26:27.973+0000] {processor.py:914} INFO - Processing file /home/airflow/.local/lib/python3.12/site-packages/airflow/example_dags/example_latest_only_with_trigger.py for tasks to queue
[2025-02-20T09:26:27.976+0000] {logging_mixin.py:190} INFO - [2025-02-20T09:26:27.975+0000] {dagbag.py:588} INFO - Filling up the DagBag from /home/airflow/.local/lib/python3.12/site-packages/airflow/example_dags/example_latest_only_with_trigger.py
[2025-02-20T09:26:27.985+0000] {processor.py:925} INFO - DAG(s) 'latest_only_with_trigger' retrieved from /home/airflow/.local/lib/python3.12/site-packages/airflow/example_dags/example_latest_only_with_trigger.py
[2025-02-20T09:26:28.017+0000] {logging_mixin.py:190} INFO - [2025-02-20T09:26:28.017+0000] {dag.py:3239} INFO - Sync 1 DAGs
[2025-02-20T09:26:28.052+0000] {logging_mixin.py:190} INFO - [2025-02-20T09:26:28.052+0000] {dag.py:4180} INFO - Setting next_dagrun for latest_only_with_trigger to 2025-02-20 04:00:00+00:00, run_after=2025-02-20 08:00:00+00:00
[2025-02-20T09:26:28.072+0000] {processor.py:208} INFO - Processing /home/airflow/.local/lib/python3.12/site-packages/airflow/example_dags/example_latest_only_with_trigger.py took 0.107 seconds
[2025-02-20T09:26:58.991+0000] {processor.py:186} INFO - Started process (PID=338) to work on /home/airflow/.local/lib/python3.12/site-packages/airflow/example_dags/example_latest_only_with_trigger.py
[2025-02-20T09:26:58.992+0000] {processor.py:914} INFO - Processing file /home/airflow/.local/lib/python3.12/site-packages/airflow/example_dags/example_latest_only_with_trigger.py for tasks to queue
[2025-02-20T09:26:58.995+0000] {logging_mixin.py:190} INFO - [2025-02-20T09:26:58.994+0000] {dagbag.py:588} INFO - Filling up the DagBag from /home/airflow/.local/lib/python3.12/site-packages/airflow/example_dags/example_latest_only_with_trigger.py
[2025-02-20T09:26:59.003+0000] {processor.py:925} INFO - DAG(s) 'latest_only_with_trigger' retrieved from /home/airflow/.local/lib/python3.12/site-packages/airflow/example_dags/example_latest_only_with_trigger.py
[2025-02-20T09:26:59.033+0000] {logging_mixin.py:190} INFO - [2025-02-20T09:26:59.033+0000] {dag.py:3239} INFO - Sync 1 DAGs
[2025-02-20T09:26:59.059+0000] {logging_mixin.py:190} INFO - [2025-02-20T09:26:59.059+0000] {dag.py:4180} INFO - Setting next_dagrun for latest_only_with_trigger to 2025-02-20 04:00:00+00:00, run_after=2025-02-20 08:00:00+00:00
[2025-02-20T09:26:59.080+0000] {processor.py:208} INFO - Processing /home/airflow/.local/lib/python3.12/site-packages/airflow/example_dags/example_latest_only_with_trigger.py took 0.097 seconds
[2025-02-20T09:27:30.210+0000] {processor.py:186} INFO - Started process (PID=401) to work on /home/airflow/.local/lib/python3.12/site-packages/airflow/example_dags/example_latest_only_with_trigger.py
[2025-02-20T09:27:30.211+0000] {processor.py:914} INFO - Processing file /home/airflow/.local/lib/python3.12/site-packages/airflow/example_dags/example_latest_only_with_trigger.py for tasks to queue
[2025-02-20T09:27:30.214+0000] {logging_mixin.py:190} INFO - [2025-02-20T09:27:30.214+0000] {dagbag.py:588} INFO - Filling up the DagBag from /home/airflow/.local/lib/python3.12/site-packages/airflow/example_dags/example_latest_only_with_trigger.py
[2025-02-20T09:27:30.223+0000] {processor.py:925} INFO - DAG(s) 'latest_only_with_trigger' retrieved from /home/airflow/.local/lib/python3.12/site-packages/airflow/example_dags/example_latest_only_with_trigger.py
[2025-02-20T09:27:30.250+0000] {logging_mixin.py:190} INFO - [2025-02-20T09:27:30.249+0000] {dag.py:3239} INFO - Sync 1 DAGs
[2025-02-20T09:27:30.275+0000] {logging_mixin.py:190} INFO - [2025-02-20T09:27:30.275+0000] {dag.py:4180} INFO - Setting next_dagrun for latest_only_with_trigger to 2025-02-20 04:00:00+00:00, run_after=2025-02-20 08:00:00+00:00
[2025-02-20T09:27:30.296+0000] {processor.py:208} INFO - Processing /home/airflow/.local/lib/python3.12/site-packages/airflow/example_dags/example_latest_only_with_trigger.py took 0.092 seconds
[2025-02-20T09:28:00.911+0000] {processor.py:186} INFO - Started process (PID=464) to work on /home/airflow/.local/lib/python3.12/site-packages/airflow/example_dags/example_latest_only_with_trigger.py
[2025-02-20T09:28:00.912+0000] {processor.py:914} INFO - Processing file /home/airflow/.local/lib/python3.12/site-packages/airflow/example_dags/example_latest_only_with_trigger.py for tasks to queue
[2025-02-20T09:28:00.916+0000] {logging_mixin.py:190} INFO - [2025-02-20T09:28:00.915+0000] {dagbag.py:588} INFO - Filling up the DagBag from /home/airflow/.local/lib/python3.12/site-packages/airflow/example_dags/example_latest_only_with_trigger.py
[2025-02-20T09:28:00.927+0000] {processor.py:925} INFO - DAG(s) 'latest_only_with_trigger' retrieved from /home/airflow/.local/lib/python3.12/site-packages/airflow/example_dags/example_latest_only_with_trigger.py
[2025-02-20T09:28:00.956+0000] {logging_mixin.py:190} INFO - [2025-02-20T09:28:00.956+0000] {dag.py:3239} INFO - Sync 1 DAGs
[2025-02-20T09:28:00.989+0000] {logging_mixin.py:190} INFO - [2025-02-20T09:28:00.989+0000] {dag.py:4180} INFO - Setting next_dagrun for latest_only_with_trigger to 2025-02-20 04:00:00+00:00, run_after=2025-02-20 08:00:00+00:00
[2025-02-20T09:28:01.011+0000] {processor.py:208} INFO - Processing /home/airflow/.local/lib/python3.12/site-packages/airflow/example_dags/example_latest_only_with_trigger.py took 0.109 seconds
