[2025-02-20T09:25:02.749+0000] {processor.py:186} INFO - Started process (PID=120) to work on /home/airflow/.local/lib/python3.12/site-packages/airflow/example_dags/example_short_circuit_decorator.py
[2025-02-20T09:25:02.750+0000] {processor.py:914} INFO - Processing file /home/airflow/.local/lib/python3.12/site-packages/airflow/example_dags/example_short_circuit_decorator.py for tasks to queue
[2025-02-20T09:25:02.754+0000] {logging_mixin.py:190} INFO - [2025-02-20T09:25:02.754+0000] {dagbag.py:588} INFO - Filling up the DagBag from /home/airflow/.local/lib/python3.12/site-packages/airflow/example_dags/example_short_circuit_decorator.py
[2025-02-20T09:25:02.773+0000] {processor.py:925} INFO - DAG(s) 'example_short_circuit_decorator' retrieved from /home/airflow/.local/lib/python3.12/site-packages/airflow/example_dags/example_short_circuit_decorator.py
[2025-02-20T09:25:02.950+0000] {logging_mixin.py:190} INFO - [2025-02-20T09:25:02.950+0000] {override.py:1911} INFO - Created Permission View: can edit on DAG:example_short_circuit_decorator
[2025-02-20T09:25:02.966+0000] {logging_mixin.py:190} INFO - [2025-02-20T09:25:02.966+0000] {override.py:1911} INFO - Created Permission View: can delete on DAG:example_short_circuit_decorator
[2025-02-20T09:25:02.979+0000] {logging_mixin.py:190} INFO - [2025-02-20T09:25:02.978+0000] {override.py:1911} INFO - Created Permission View: can read on DAG:example_short_circuit_decorator
[2025-02-20T09:25:02.996+0000] {logging_mixin.py:190} INFO - [2025-02-20T09:25:02.995+0000] {override.py:1911} INFO - Created Permission View: can create on DAG Run:example_short_circuit_decorator
[2025-02-20T09:25:03.008+0000] {logging_mixin.py:190} INFO - [2025-02-20T09:25:03.008+0000] {override.py:1911} INFO - Created Permission View: menu access on DAG Run:example_short_circuit_decorator
[2025-02-20T09:25:03.018+0000] {logging_mixin.py:190} INFO - [2025-02-20T09:25:03.017+0000] {override.py:1911} INFO - Created Permission View: can delete on DAG Run:example_short_circuit_decorator
[2025-02-20T09:25:03.030+0000] {logging_mixin.py:190} INFO - [2025-02-20T09:25:03.029+0000] {override.py:1911} INFO - Created Permission View: can read on DAG Run:example_short_circuit_decorator
[2025-02-20T09:25:03.031+0000] {logging_mixin.py:190} INFO - [2025-02-20T09:25:03.030+0000] {dag.py:3239} INFO - Sync 1 DAGs
[2025-02-20T09:25:03.047+0000] {logging_mixin.py:190} INFO - [2025-02-20T09:25:03.047+0000] {dag.py:3262} INFO - Creating ORM DAG for example_short_circuit_decorator
[2025-02-20T09:25:03.048+0000] {logging_mixin.py:190} INFO - [2025-02-20T09:25:03.048+0000] {dag.py:4180} INFO - Setting next_dagrun for example_short_circuit_decorator to None, run_after=None
[2025-02-20T09:25:03.070+0000] {processor.py:208} INFO - Processing /home/airflow/.local/lib/python3.12/site-packages/airflow/example_dags/example_short_circuit_decorator.py took 0.332 seconds
[2025-02-20T09:25:33.421+0000] {processor.py:186} INFO - Started process (PID=183) to work on /home/airflow/.local/lib/python3.12/site-packages/airflow/example_dags/example_short_circuit_decorator.py
[2025-02-20T09:25:33.422+0000] {processor.py:914} INFO - Processing file /home/airflow/.local/lib/python3.12/site-packages/airflow/example_dags/example_short_circuit_decorator.py for tasks to queue
[2025-02-20T09:25:33.425+0000] {logging_mixin.py:190} INFO - [2025-02-20T09:25:33.425+0000] {dagbag.py:588} INFO - Filling up the DagBag from /home/airflow/.local/lib/python3.12/site-packages/airflow/example_dags/example_short_circuit_decorator.py
[2025-02-20T09:25:33.437+0000] {processor.py:925} INFO - DAG(s) 'example_short_circuit_decorator' retrieved from /home/airflow/.local/lib/python3.12/site-packages/airflow/example_dags/example_short_circuit_decorator.py
[2025-02-20T09:25:33.468+0000] {logging_mixin.py:190} INFO - [2025-02-20T09:25:33.468+0000] {dag.py:3239} INFO - Sync 1 DAGs
[2025-02-20T09:25:33.487+0000] {logging_mixin.py:190} INFO - [2025-02-20T09:25:33.487+0000] {dag.py:4180} INFO - Setting next_dagrun for example_short_circuit_decorator to None, run_after=None
[2025-02-20T09:25:33.509+0000] {processor.py:208} INFO - Processing /home/airflow/.local/lib/python3.12/site-packages/airflow/example_dags/example_short_circuit_decorator.py took 0.094 seconds
[2025-02-20T09:26:04.233+0000] {processor.py:186} INFO - Started process (PID=246) to work on /home/airflow/.local/lib/python3.12/site-packages/airflow/example_dags/example_short_circuit_decorator.py
[2025-02-20T09:26:04.234+0000] {processor.py:914} INFO - Processing file /home/airflow/.local/lib/python3.12/site-packages/airflow/example_dags/example_short_circuit_decorator.py for tasks to queue
[2025-02-20T09:26:04.237+0000] {logging_mixin.py:190} INFO - [2025-02-20T09:26:04.237+0000] {dagbag.py:588} INFO - Filling up the DagBag from /home/airflow/.local/lib/python3.12/site-packages/airflow/example_dags/example_short_circuit_decorator.py
[2025-02-20T09:26:04.249+0000] {processor.py:925} INFO - DAG(s) 'example_short_circuit_decorator' retrieved from /home/airflow/.local/lib/python3.12/site-packages/airflow/example_dags/example_short_circuit_decorator.py
[2025-02-20T09:26:04.279+0000] {logging_mixin.py:190} INFO - [2025-02-20T09:26:04.278+0000] {dag.py:3239} INFO - Sync 1 DAGs
[2025-02-20T09:26:04.303+0000] {logging_mixin.py:190} INFO - [2025-02-20T09:26:04.303+0000] {dag.py:4180} INFO - Setting next_dagrun for example_short_circuit_decorator to None, run_after=None
[2025-02-20T09:26:04.332+0000] {processor.py:208} INFO - Processing /home/airflow/.local/lib/python3.12/site-packages/airflow/example_dags/example_short_circuit_decorator.py took 0.105 seconds
[2025-02-20T09:26:34.553+0000] {processor.py:186} INFO - Started process (PID=309) to work on /home/airflow/.local/lib/python3.12/site-packages/airflow/example_dags/example_short_circuit_decorator.py
[2025-02-20T09:26:34.556+0000] {processor.py:914} INFO - Processing file /home/airflow/.local/lib/python3.12/site-packages/airflow/example_dags/example_short_circuit_decorator.py for tasks to queue
[2025-02-20T09:26:34.559+0000] {logging_mixin.py:190} INFO - [2025-02-20T09:26:34.558+0000] {dagbag.py:588} INFO - Filling up the DagBag from /home/airflow/.local/lib/python3.12/site-packages/airflow/example_dags/example_short_circuit_decorator.py
[2025-02-20T09:26:34.569+0000] {processor.py:925} INFO - DAG(s) 'example_short_circuit_decorator' retrieved from /home/airflow/.local/lib/python3.12/site-packages/airflow/example_dags/example_short_circuit_decorator.py
[2025-02-20T09:26:34.596+0000] {logging_mixin.py:190} INFO - [2025-02-20T09:26:34.596+0000] {dag.py:3239} INFO - Sync 1 DAGs
[2025-02-20T09:26:34.611+0000] {logging_mixin.py:190} INFO - [2025-02-20T09:26:34.611+0000] {dag.py:4180} INFO - Setting next_dagrun for example_short_circuit_decorator to None, run_after=None
[2025-02-20T09:26:34.635+0000] {processor.py:208} INFO - Processing /home/airflow/.local/lib/python3.12/site-packages/airflow/example_dags/example_short_circuit_decorator.py took 0.088 seconds
[2025-02-20T09:27:04.812+0000] {processor.py:186} INFO - Started process (PID=371) to work on /home/airflow/.local/lib/python3.12/site-packages/airflow/example_dags/example_short_circuit_decorator.py
[2025-02-20T09:27:04.813+0000] {processor.py:914} INFO - Processing file /home/airflow/.local/lib/python3.12/site-packages/airflow/example_dags/example_short_circuit_decorator.py for tasks to queue
[2025-02-20T09:27:04.816+0000] {logging_mixin.py:190} INFO - [2025-02-20T09:27:04.815+0000] {dagbag.py:588} INFO - Filling up the DagBag from /home/airflow/.local/lib/python3.12/site-packages/airflow/example_dags/example_short_circuit_decorator.py
[2025-02-20T09:27:04.826+0000] {processor.py:925} INFO - DAG(s) 'example_short_circuit_decorator' retrieved from /home/airflow/.local/lib/python3.12/site-packages/airflow/example_dags/example_short_circuit_decorator.py
[2025-02-20T09:27:04.854+0000] {logging_mixin.py:190} INFO - [2025-02-20T09:27:04.854+0000] {dag.py:3239} INFO - Sync 1 DAGs
[2025-02-20T09:27:04.869+0000] {logging_mixin.py:190} INFO - [2025-02-20T09:27:04.869+0000] {dag.py:4180} INFO - Setting next_dagrun for example_short_circuit_decorator to None, run_after=None
[2025-02-20T09:27:04.891+0000] {processor.py:208} INFO - Processing /home/airflow/.local/lib/python3.12/site-packages/airflow/example_dags/example_short_circuit_decorator.py took 0.086 seconds
[2025-02-20T09:27:34.944+0000] {processor.py:186} INFO - Started process (PID=434) to work on /home/airflow/.local/lib/python3.12/site-packages/airflow/example_dags/example_short_circuit_decorator.py
[2025-02-20T09:27:34.945+0000] {processor.py:914} INFO - Processing file /home/airflow/.local/lib/python3.12/site-packages/airflow/example_dags/example_short_circuit_decorator.py for tasks to queue
[2025-02-20T09:27:34.949+0000] {logging_mixin.py:190} INFO - [2025-02-20T09:27:34.949+0000] {dagbag.py:588} INFO - Filling up the DagBag from /home/airflow/.local/lib/python3.12/site-packages/airflow/example_dags/example_short_circuit_decorator.py
[2025-02-20T09:27:34.965+0000] {processor.py:925} INFO - DAG(s) 'example_short_circuit_decorator' retrieved from /home/airflow/.local/lib/python3.12/site-packages/airflow/example_dags/example_short_circuit_decorator.py
[2025-02-20T09:27:34.994+0000] {logging_mixin.py:190} INFO - [2025-02-20T09:27:34.994+0000] {dag.py:3239} INFO - Sync 1 DAGs
[2025-02-20T09:27:35.013+0000] {logging_mixin.py:190} INFO - [2025-02-20T09:27:35.012+0000] {dag.py:4180} INFO - Setting next_dagrun for example_short_circuit_decorator to None, run_after=None
[2025-02-20T09:27:35.032+0000] {processor.py:208} INFO - Processing /home/airflow/.local/lib/python3.12/site-packages/airflow/example_dags/example_short_circuit_decorator.py took 0.094 seconds
[2025-02-20T09:28:05.824+0000] {processor.py:186} INFO - Started process (PID=497) to work on /home/airflow/.local/lib/python3.12/site-packages/airflow/example_dags/example_short_circuit_decorator.py
[2025-02-20T09:28:05.826+0000] {processor.py:914} INFO - Processing file /home/airflow/.local/lib/python3.12/site-packages/airflow/example_dags/example_short_circuit_decorator.py for tasks to queue
[2025-02-20T09:28:05.829+0000] {logging_mixin.py:190} INFO - [2025-02-20T09:28:05.828+0000] {dagbag.py:588} INFO - Filling up the DagBag from /home/airflow/.local/lib/python3.12/site-packages/airflow/example_dags/example_short_circuit_decorator.py
[2025-02-20T09:28:05.842+0000] {processor.py:925} INFO - DAG(s) 'example_short_circuit_decorator' retrieved from /home/airflow/.local/lib/python3.12/site-packages/airflow/example_dags/example_short_circuit_decorator.py
[2025-02-20T09:28:05.885+0000] {logging_mixin.py:190} INFO - [2025-02-20T09:28:05.885+0000] {dag.py:3239} INFO - Sync 1 DAGs
[2025-02-20T09:28:05.904+0000] {logging_mixin.py:190} INFO - [2025-02-20T09:28:05.903+0000] {dag.py:4180} INFO - Setting next_dagrun for example_short_circuit_decorator to None, run_after=None
[2025-02-20T09:28:05.926+0000] {processor.py:208} INFO - Processing /home/airflow/.local/lib/python3.12/site-packages/airflow/example_dags/example_short_circuit_decorator.py took 0.108 seconds
