[2025-02-20T09:24:55.396+0000] {processor.py:186} INFO - Started process (PID=88) to work on /home/airflow/.local/lib/python3.12/site-packages/airflow/example_dags/example_local_kubernetes_executor.py
[2025-02-20T09:24:55.397+0000] {processor.py:914} INFO - Processing file /home/airflow/.local/lib/python3.12/site-packages/airflow/example_dags/example_local_kubernetes_executor.py for tasks to queue
[2025-02-20T09:24:55.401+0000] {logging_mixin.py:190} INFO - [2025-02-20T09:24:55.401+0000] {dagbag.py:588} INFO - Filling up the DagBag from /home/airflow/.local/lib/python3.12/site-packages/airflow/example_dags/example_local_kubernetes_executor.py
[2025-02-20T09:24:55.419+0000] {processor.py:925} INFO - DAG(s) 'example_local_kubernetes_executor' retrieved from /home/airflow/.local/lib/python3.12/site-packages/airflow/example_dags/example_local_kubernetes_executor.py
[2025-02-20T09:24:55.580+0000] {logging_mixin.py:190} INFO - [2025-02-20T09:24:55.579+0000] {override.py:1911} INFO - Created Permission View: can edit on DAG:example_local_kubernetes_executor
[2025-02-20T09:24:55.594+0000] {logging_mixin.py:190} INFO - [2025-02-20T09:24:55.593+0000] {override.py:1911} INFO - Created Permission View: can delete on DAG:example_local_kubernetes_executor
[2025-02-20T09:24:55.603+0000] {logging_mixin.py:190} INFO - [2025-02-20T09:24:55.602+0000] {override.py:1911} INFO - Created Permission View: can read on DAG:example_local_kubernetes_executor
[2025-02-20T09:24:55.614+0000] {logging_mixin.py:190} INFO - [2025-02-20T09:24:55.613+0000] {override.py:1911} INFO - Created Permission View: can create on DAG Run:example_local_kubernetes_executor
[2025-02-20T09:24:55.623+0000] {logging_mixin.py:190} INFO - [2025-02-20T09:24:55.622+0000] {override.py:1911} INFO - Created Permission View: menu access on DAG Run:example_local_kubernetes_executor
[2025-02-20T09:24:55.633+0000] {logging_mixin.py:190} INFO - [2025-02-20T09:24:55.632+0000] {override.py:1911} INFO - Created Permission View: can delete on DAG Run:example_local_kubernetes_executor
[2025-02-20T09:24:55.643+0000] {logging_mixin.py:190} INFO - [2025-02-20T09:24:55.643+0000] {override.py:1911} INFO - Created Permission View: can read on DAG Run:example_local_kubernetes_executor
[2025-02-20T09:24:55.644+0000] {logging_mixin.py:190} INFO - [2025-02-20T09:24:55.643+0000] {dag.py:3239} INFO - Sync 1 DAGs
[2025-02-20T09:24:55.662+0000] {logging_mixin.py:190} INFO - [2025-02-20T09:24:55.662+0000] {dag.py:3262} INFO - Creating ORM DAG for example_local_kubernetes_executor
[2025-02-20T09:24:55.665+0000] {logging_mixin.py:190} INFO - [2025-02-20T09:24:55.665+0000] {dag.py:4180} INFO - Setting next_dagrun for example_local_kubernetes_executor to None, run_after=None
[2025-02-20T09:24:55.686+0000] {processor.py:208} INFO - Processing /home/airflow/.local/lib/python3.12/site-packages/airflow/example_dags/example_local_kubernetes_executor.py took 0.299 seconds
[2025-02-20T09:25:26.033+0000] {processor.py:186} INFO - Started process (PID=151) to work on /home/airflow/.local/lib/python3.12/site-packages/airflow/example_dags/example_local_kubernetes_executor.py
[2025-02-20T09:25:26.034+0000] {processor.py:914} INFO - Processing file /home/airflow/.local/lib/python3.12/site-packages/airflow/example_dags/example_local_kubernetes_executor.py for tasks to queue
[2025-02-20T09:25:26.038+0000] {logging_mixin.py:190} INFO - [2025-02-20T09:25:26.037+0000] {dagbag.py:588} INFO - Filling up the DagBag from /home/airflow/.local/lib/python3.12/site-packages/airflow/example_dags/example_local_kubernetes_executor.py
[2025-02-20T09:25:26.049+0000] {processor.py:925} INFO - DAG(s) 'example_local_kubernetes_executor' retrieved from /home/airflow/.local/lib/python3.12/site-packages/airflow/example_dags/example_local_kubernetes_executor.py
[2025-02-20T09:25:26.077+0000] {logging_mixin.py:190} INFO - [2025-02-20T09:25:26.077+0000] {dag.py:3239} INFO - Sync 1 DAGs
[2025-02-20T09:25:26.092+0000] {logging_mixin.py:190} INFO - [2025-02-20T09:25:26.092+0000] {dag.py:4180} INFO - Setting next_dagrun for example_local_kubernetes_executor to None, run_after=None
[2025-02-20T09:25:26.115+0000] {processor.py:208} INFO - Processing /home/airflow/.local/lib/python3.12/site-packages/airflow/example_dags/example_local_kubernetes_executor.py took 0.090 seconds
[2025-02-20T09:25:56.838+0000] {processor.py:186} INFO - Started process (PID=214) to work on /home/airflow/.local/lib/python3.12/site-packages/airflow/example_dags/example_local_kubernetes_executor.py
[2025-02-20T09:25:56.839+0000] {processor.py:914} INFO - Processing file /home/airflow/.local/lib/python3.12/site-packages/airflow/example_dags/example_local_kubernetes_executor.py for tasks to queue
[2025-02-20T09:25:56.843+0000] {logging_mixin.py:190} INFO - [2025-02-20T09:25:56.842+0000] {dagbag.py:588} INFO - Filling up the DagBag from /home/airflow/.local/lib/python3.12/site-packages/airflow/example_dags/example_local_kubernetes_executor.py
[2025-02-20T09:25:56.858+0000] {processor.py:925} INFO - DAG(s) 'example_local_kubernetes_executor' retrieved from /home/airflow/.local/lib/python3.12/site-packages/airflow/example_dags/example_local_kubernetes_executor.py
[2025-02-20T09:25:56.892+0000] {logging_mixin.py:190} INFO - [2025-02-20T09:25:56.892+0000] {dag.py:3239} INFO - Sync 1 DAGs
[2025-02-20T09:25:56.910+0000] {logging_mixin.py:190} INFO - [2025-02-20T09:25:56.910+0000] {dag.py:4180} INFO - Setting next_dagrun for example_local_kubernetes_executor to None, run_after=None
[2025-02-20T09:25:56.932+0000] {processor.py:208} INFO - Processing /home/airflow/.local/lib/python3.12/site-packages/airflow/example_dags/example_local_kubernetes_executor.py took 0.102 seconds
[2025-02-20T09:26:28.101+0000] {processor.py:186} INFO - Started process (PID=277) to work on /home/airflow/.local/lib/python3.12/site-packages/airflow/example_dags/example_local_kubernetes_executor.py
[2025-02-20T09:26:28.102+0000] {processor.py:914} INFO - Processing file /home/airflow/.local/lib/python3.12/site-packages/airflow/example_dags/example_local_kubernetes_executor.py for tasks to queue
[2025-02-20T09:26:28.105+0000] {logging_mixin.py:190} INFO - [2025-02-20T09:26:28.104+0000] {dagbag.py:588} INFO - Filling up the DagBag from /home/airflow/.local/lib/python3.12/site-packages/airflow/example_dags/example_local_kubernetes_executor.py
[2025-02-20T09:26:28.116+0000] {processor.py:925} INFO - DAG(s) 'example_local_kubernetes_executor' retrieved from /home/airflow/.local/lib/python3.12/site-packages/airflow/example_dags/example_local_kubernetes_executor.py
[2025-02-20T09:26:28.145+0000] {logging_mixin.py:190} INFO - [2025-02-20T09:26:28.145+0000] {dag.py:3239} INFO - Sync 1 DAGs
[2025-02-20T09:26:28.162+0000] {logging_mixin.py:190} INFO - [2025-02-20T09:26:28.162+0000] {dag.py:4180} INFO - Setting next_dagrun for example_local_kubernetes_executor to None, run_after=None
[2025-02-20T09:26:28.187+0000] {processor.py:208} INFO - Processing /home/airflow/.local/lib/python3.12/site-packages/airflow/example_dags/example_local_kubernetes_executor.py took 0.093 seconds
[2025-02-20T09:26:59.114+0000] {processor.py:186} INFO - Started process (PID=340) to work on /home/airflow/.local/lib/python3.12/site-packages/airflow/example_dags/example_local_kubernetes_executor.py
[2025-02-20T09:26:59.115+0000] {processor.py:914} INFO - Processing file /home/airflow/.local/lib/python3.12/site-packages/airflow/example_dags/example_local_kubernetes_executor.py for tasks to queue
[2025-02-20T09:26:59.118+0000] {logging_mixin.py:190} INFO - [2025-02-20T09:26:59.117+0000] {dagbag.py:588} INFO - Filling up the DagBag from /home/airflow/.local/lib/python3.12/site-packages/airflow/example_dags/example_local_kubernetes_executor.py
[2025-02-20T09:26:59.131+0000] {processor.py:925} INFO - DAG(s) 'example_local_kubernetes_executor' retrieved from /home/airflow/.local/lib/python3.12/site-packages/airflow/example_dags/example_local_kubernetes_executor.py
[2025-02-20T09:26:59.165+0000] {logging_mixin.py:190} INFO - [2025-02-20T09:26:59.165+0000] {dag.py:3239} INFO - Sync 1 DAGs
[2025-02-20T09:26:59.180+0000] {logging_mixin.py:190} INFO - [2025-02-20T09:26:59.180+0000] {dag.py:4180} INFO - Setting next_dagrun for example_local_kubernetes_executor to None, run_after=None
[2025-02-20T09:26:59.205+0000] {processor.py:208} INFO - Processing /home/airflow/.local/lib/python3.12/site-packages/airflow/example_dags/example_local_kubernetes_executor.py took 0.099 seconds
[2025-02-20T09:27:30.444+0000] {processor.py:186} INFO - Started process (PID=403) to work on /home/airflow/.local/lib/python3.12/site-packages/airflow/example_dags/example_local_kubernetes_executor.py
[2025-02-20T09:27:30.445+0000] {processor.py:914} INFO - Processing file /home/airflow/.local/lib/python3.12/site-packages/airflow/example_dags/example_local_kubernetes_executor.py for tasks to queue
[2025-02-20T09:27:30.448+0000] {logging_mixin.py:190} INFO - [2025-02-20T09:27:30.447+0000] {dagbag.py:588} INFO - Filling up the DagBag from /home/airflow/.local/lib/python3.12/site-packages/airflow/example_dags/example_local_kubernetes_executor.py
[2025-02-20T09:27:30.458+0000] {processor.py:925} INFO - DAG(s) 'example_local_kubernetes_executor' retrieved from /home/airflow/.local/lib/python3.12/site-packages/airflow/example_dags/example_local_kubernetes_executor.py
[2025-02-20T09:27:30.484+0000] {logging_mixin.py:190} INFO - [2025-02-20T09:27:30.483+0000] {dag.py:3239} INFO - Sync 1 DAGs
[2025-02-20T09:27:30.499+0000] {logging_mixin.py:190} INFO - [2025-02-20T09:27:30.499+0000] {dag.py:4180} INFO - Setting next_dagrun for example_local_kubernetes_executor to None, run_after=None
[2025-02-20T09:27:30.520+0000] {processor.py:208} INFO - Processing /home/airflow/.local/lib/python3.12/site-packages/airflow/example_dags/example_local_kubernetes_executor.py took 0.082 seconds
[2025-02-20T09:28:01.153+0000] {processor.py:186} INFO - Started process (PID=466) to work on /home/airflow/.local/lib/python3.12/site-packages/airflow/example_dags/example_local_kubernetes_executor.py
[2025-02-20T09:28:01.154+0000] {processor.py:914} INFO - Processing file /home/airflow/.local/lib/python3.12/site-packages/airflow/example_dags/example_local_kubernetes_executor.py for tasks to queue
[2025-02-20T09:28:01.158+0000] {logging_mixin.py:190} INFO - [2025-02-20T09:28:01.157+0000] {dagbag.py:588} INFO - Filling up the DagBag from /home/airflow/.local/lib/python3.12/site-packages/airflow/example_dags/example_local_kubernetes_executor.py
[2025-02-20T09:28:01.168+0000] {processor.py:925} INFO - DAG(s) 'example_local_kubernetes_executor' retrieved from /home/airflow/.local/lib/python3.12/site-packages/airflow/example_dags/example_local_kubernetes_executor.py
[2025-02-20T09:28:01.195+0000] {logging_mixin.py:190} INFO - [2025-02-20T09:28:01.195+0000] {dag.py:3239} INFO - Sync 1 DAGs
[2025-02-20T09:28:01.212+0000] {logging_mixin.py:190} INFO - [2025-02-20T09:28:01.212+0000] {dag.py:4180} INFO - Setting next_dagrun for example_local_kubernetes_executor to None, run_after=None
[2025-02-20T09:28:01.240+0000] {processor.py:208} INFO - Processing /home/airflow/.local/lib/python3.12/site-packages/airflow/example_dags/example_local_kubernetes_executor.py took 0.093 seconds
