[2025-02-20T09:24:57.511+0000] {processor.py:186} INFO - Started process (PID=100) to work on /home/airflow/.local/lib/python3.12/site-packages/airflow/example_dags/example_dataset_alias_with_no_taskflow.py
[2025-02-20T09:24:57.512+0000] {processor.py:914} INFO - Processing file /home/airflow/.local/lib/python3.12/site-packages/airflow/example_dags/example_dataset_alias_with_no_taskflow.py for tasks to queue
[2025-02-20T09:24:57.516+0000] {logging_mixin.py:190} INFO - [2025-02-20T09:24:57.515+0000] {dagbag.py:588} INFO - Filling up the DagBag from /home/airflow/.local/lib/python3.12/site-packages/airflow/example_dags/example_dataset_alias_with_no_taskflow.py
[2025-02-20T09:24:58.322+0000] {processor.py:925} INFO - DAG(s) 'dataset_alias_example_alias_producer_with_no_taskflow', 'dataset_s3_bucket_consumer_with_no_taskflow', 'dataset_alias_example_alias_consumer_with_no_taskflow', 'dataset_s3_bucket_producer_with_no_taskflow' retrieved from /home/airflow/.local/lib/python3.12/site-packages/airflow/example_dags/example_dataset_alias_with_no_taskflow.py
[2025-02-20T09:24:58.444+0000] {logging_mixin.py:190} INFO - [2025-02-20T09:24:58.443+0000] {override.py:1911} INFO - Created Permission View: can edit on DAG:dataset_alias_example_alias_producer_with_no_taskflow
[2025-02-20T09:24:58.461+0000] {logging_mixin.py:190} INFO - [2025-02-20T09:24:58.461+0000] {override.py:1911} INFO - Created Permission View: can delete on DAG:dataset_alias_example_alias_producer_with_no_taskflow
[2025-02-20T09:24:58.473+0000] {logging_mixin.py:190} INFO - [2025-02-20T09:24:58.472+0000] {override.py:1911} INFO - Created Permission View: can read on DAG:dataset_alias_example_alias_producer_with_no_taskflow
[2025-02-20T09:24:58.484+0000] {logging_mixin.py:190} INFO - [2025-02-20T09:24:58.483+0000] {override.py:1911} INFO - Created Permission View: can create on DAG Run:dataset_alias_example_alias_producer_with_no_taskflow
[2025-02-20T09:24:58.495+0000] {logging_mixin.py:190} INFO - [2025-02-20T09:24:58.494+0000] {override.py:1911} INFO - Created Permission View: menu access on DAG Run:dataset_alias_example_alias_producer_with_no_taskflow
[2025-02-20T09:24:58.506+0000] {logging_mixin.py:190} INFO - [2025-02-20T09:24:58.506+0000] {override.py:1911} INFO - Created Permission View: can delete on DAG Run:dataset_alias_example_alias_producer_with_no_taskflow
[2025-02-20T09:24:58.518+0000] {logging_mixin.py:190} INFO - [2025-02-20T09:24:58.518+0000] {override.py:1911} INFO - Created Permission View: can read on DAG Run:dataset_alias_example_alias_producer_with_no_taskflow
[2025-02-20T09:24:58.537+0000] {logging_mixin.py:190} INFO - [2025-02-20T09:24:58.537+0000] {override.py:1911} INFO - Created Permission View: can edit on DAG:dataset_s3_bucket_consumer_with_no_taskflow
[2025-02-20T09:24:58.549+0000] {logging_mixin.py:190} INFO - [2025-02-20T09:24:58.549+0000] {override.py:1911} INFO - Created Permission View: can delete on DAG:dataset_s3_bucket_consumer_with_no_taskflow
[2025-02-20T09:24:58.561+0000] {logging_mixin.py:190} INFO - [2025-02-20T09:24:58.561+0000] {override.py:1911} INFO - Created Permission View: can read on DAG:dataset_s3_bucket_consumer_with_no_taskflow
[2025-02-20T09:24:58.574+0000] {logging_mixin.py:190} INFO - [2025-02-20T09:24:58.573+0000] {override.py:1911} INFO - Created Permission View: can create on DAG Run:dataset_s3_bucket_consumer_with_no_taskflow
[2025-02-20T09:24:58.585+0000] {logging_mixin.py:190} INFO - [2025-02-20T09:24:58.585+0000] {override.py:1911} INFO - Created Permission View: menu access on DAG Run:dataset_s3_bucket_consumer_with_no_taskflow
[2025-02-20T09:24:58.596+0000] {logging_mixin.py:190} INFO - [2025-02-20T09:24:58.596+0000] {override.py:1911} INFO - Created Permission View: can delete on DAG Run:dataset_s3_bucket_consumer_with_no_taskflow
[2025-02-20T09:24:58.607+0000] {logging_mixin.py:190} INFO - [2025-02-20T09:24:58.606+0000] {override.py:1911} INFO - Created Permission View: can read on DAG Run:dataset_s3_bucket_consumer_with_no_taskflow
[2025-02-20T09:24:58.627+0000] {logging_mixin.py:190} INFO - [2025-02-20T09:24:58.626+0000] {override.py:1911} INFO - Created Permission View: can edit on DAG:dataset_alias_example_alias_consumer_with_no_taskflow
[2025-02-20T09:24:58.640+0000] {logging_mixin.py:190} INFO - [2025-02-20T09:24:58.639+0000] {override.py:1911} INFO - Created Permission View: can delete on DAG:dataset_alias_example_alias_consumer_with_no_taskflow
[2025-02-20T09:24:58.651+0000] {logging_mixin.py:190} INFO - [2025-02-20T09:24:58.651+0000] {override.py:1911} INFO - Created Permission View: can read on DAG:dataset_alias_example_alias_consumer_with_no_taskflow
[2025-02-20T09:24:58.663+0000] {logging_mixin.py:190} INFO - [2025-02-20T09:24:58.662+0000] {override.py:1911} INFO - Created Permission View: can create on DAG Run:dataset_alias_example_alias_consumer_with_no_taskflow
[2025-02-20T09:24:58.675+0000] {logging_mixin.py:190} INFO - [2025-02-20T09:24:58.674+0000] {override.py:1911} INFO - Created Permission View: menu access on DAG Run:dataset_alias_example_alias_consumer_with_no_taskflow
[2025-02-20T09:24:58.684+0000] {logging_mixin.py:190} INFO - [2025-02-20T09:24:58.684+0000] {override.py:1911} INFO - Created Permission View: can delete on DAG Run:dataset_alias_example_alias_consumer_with_no_taskflow
[2025-02-20T09:24:58.694+0000] {logging_mixin.py:190} INFO - [2025-02-20T09:24:58.693+0000] {override.py:1911} INFO - Created Permission View: can read on DAG Run:dataset_alias_example_alias_consumer_with_no_taskflow
[2025-02-20T09:24:58.712+0000] {logging_mixin.py:190} INFO - [2025-02-20T09:24:58.711+0000] {override.py:1911} INFO - Created Permission View: can edit on DAG:dataset_s3_bucket_producer_with_no_taskflow
[2025-02-20T09:24:58.721+0000] {logging_mixin.py:190} INFO - [2025-02-20T09:24:58.721+0000] {override.py:1911} INFO - Created Permission View: can delete on DAG:dataset_s3_bucket_producer_with_no_taskflow
[2025-02-20T09:24:58.732+0000] {logging_mixin.py:190} INFO - [2025-02-20T09:24:58.731+0000] {override.py:1911} INFO - Created Permission View: can read on DAG:dataset_s3_bucket_producer_with_no_taskflow
[2025-02-20T09:24:58.743+0000] {logging_mixin.py:190} INFO - [2025-02-20T09:24:58.742+0000] {override.py:1911} INFO - Created Permission View: can create on DAG Run:dataset_s3_bucket_producer_with_no_taskflow
[2025-02-20T09:24:58.753+0000] {logging_mixin.py:190} INFO - [2025-02-20T09:24:58.752+0000] {override.py:1911} INFO - Created Permission View: menu access on DAG Run:dataset_s3_bucket_producer_with_no_taskflow
[2025-02-20T09:24:58.764+0000] {logging_mixin.py:190} INFO - [2025-02-20T09:24:58.763+0000] {override.py:1911} INFO - Created Permission View: can delete on DAG Run:dataset_s3_bucket_producer_with_no_taskflow
[2025-02-20T09:24:58.774+0000] {logging_mixin.py:190} INFO - [2025-02-20T09:24:58.774+0000] {override.py:1911} INFO - Created Permission View: can read on DAG Run:dataset_s3_bucket_producer_with_no_taskflow
[2025-02-20T09:24:58.775+0000] {logging_mixin.py:190} INFO - [2025-02-20T09:24:58.774+0000] {dag.py:3239} INFO - Sync 4 DAGs
[2025-02-20T09:24:58.797+0000] {logging_mixin.py:190} INFO - [2025-02-20T09:24:58.796+0000] {dag.py:3262} INFO - Creating ORM DAG for dataset_alias_example_alias_producer_with_no_taskflow
[2025-02-20T09:24:58.798+0000] {logging_mixin.py:190} INFO - [2025-02-20T09:24:58.798+0000] {dag.py:3262} INFO - Creating ORM DAG for dataset_s3_bucket_consumer_with_no_taskflow
[2025-02-20T09:24:58.800+0000] {logging_mixin.py:190} INFO - [2025-02-20T09:24:58.799+0000] {dag.py:3262} INFO - Creating ORM DAG for dataset_alias_example_alias_consumer_with_no_taskflow
[2025-02-20T09:24:58.801+0000] {logging_mixin.py:190} INFO - [2025-02-20T09:24:58.801+0000] {dag.py:3262} INFO - Creating ORM DAG for dataset_s3_bucket_producer_with_no_taskflow
[2025-02-20T09:24:58.817+0000] {logging_mixin.py:190} INFO - [2025-02-20T09:24:58.817+0000] {dag.py:4180} INFO - Setting next_dagrun for dataset_alias_example_alias_consumer_with_no_taskflow to None, run_after=None
[2025-02-20T09:24:58.820+0000] {logging_mixin.py:190} INFO - [2025-02-20T09:24:58.819+0000] {dag.py:4180} INFO - Setting next_dagrun for dataset_alias_example_alias_producer_with_no_taskflow to None, run_after=None
[2025-02-20T09:24:58.821+0000] {logging_mixin.py:190} INFO - [2025-02-20T09:24:58.821+0000] {dag.py:4180} INFO - Setting next_dagrun for dataset_s3_bucket_consumer_with_no_taskflow to None, run_after=None
[2025-02-20T09:24:58.823+0000] {logging_mixin.py:190} INFO - [2025-02-20T09:24:58.823+0000] {dag.py:4180} INFO - Setting next_dagrun for dataset_s3_bucket_producer_with_no_taskflow to None, run_after=None
[2025-02-20T09:24:58.864+0000] {processor.py:208} INFO - Processing /home/airflow/.local/lib/python3.12/site-packages/airflow/example_dags/example_dataset_alias_with_no_taskflow.py took 1.361 seconds
[2025-02-20T09:25:28.999+0000] {processor.py:186} INFO - Started process (PID=165) to work on /home/airflow/.local/lib/python3.12/site-packages/airflow/example_dags/example_dataset_alias_with_no_taskflow.py
[2025-02-20T09:25:29.000+0000] {processor.py:914} INFO - Processing file /home/airflow/.local/lib/python3.12/site-packages/airflow/example_dags/example_dataset_alias_with_no_taskflow.py for tasks to queue
[2025-02-20T09:25:29.003+0000] {logging_mixin.py:190} INFO - [2025-02-20T09:25:29.002+0000] {dagbag.py:588} INFO - Filling up the DagBag from /home/airflow/.local/lib/python3.12/site-packages/airflow/example_dags/example_dataset_alias_with_no_taskflow.py
[2025-02-20T09:25:29.574+0000] {processor.py:925} INFO - DAG(s) 'dataset_alias_example_alias_consumer_with_no_taskflow', 'dataset_s3_bucket_producer_with_no_taskflow', 'dataset_s3_bucket_consumer_with_no_taskflow', 'dataset_alias_example_alias_producer_with_no_taskflow' retrieved from /home/airflow/.local/lib/python3.12/site-packages/airflow/example_dags/example_dataset_alias_with_no_taskflow.py
[2025-02-20T09:25:29.596+0000] {logging_mixin.py:190} INFO - [2025-02-20T09:25:29.596+0000] {dag.py:3239} INFO - Sync 4 DAGs
[2025-02-20T09:25:29.619+0000] {logging_mixin.py:190} INFO - [2025-02-20T09:25:29.619+0000] {dag.py:4180} INFO - Setting next_dagrun for dataset_alias_example_alias_consumer_with_no_taskflow to None, run_after=None
[2025-02-20T09:25:29.623+0000] {logging_mixin.py:190} INFO - [2025-02-20T09:25:29.622+0000] {dag.py:4180} INFO - Setting next_dagrun for dataset_alias_example_alias_producer_with_no_taskflow to None, run_after=None
[2025-02-20T09:25:29.625+0000] {logging_mixin.py:190} INFO - [2025-02-20T09:25:29.625+0000] {dag.py:4180} INFO - Setting next_dagrun for dataset_s3_bucket_consumer_with_no_taskflow to None, run_after=None
[2025-02-20T09:25:29.627+0000] {logging_mixin.py:190} INFO - [2025-02-20T09:25:29.627+0000] {dag.py:4180} INFO - Setting next_dagrun for dataset_s3_bucket_producer_with_no_taskflow to None, run_after=None
[2025-02-20T09:25:29.653+0000] {processor.py:208} INFO - Processing /home/airflow/.local/lib/python3.12/site-packages/airflow/example_dags/example_dataset_alias_with_no_taskflow.py took 0.661 seconds
[2025-02-20T09:25:59.715+0000] {processor.py:186} INFO - Started process (PID=228) to work on /home/airflow/.local/lib/python3.12/site-packages/airflow/example_dags/example_dataset_alias_with_no_taskflow.py
[2025-02-20T09:25:59.716+0000] {processor.py:914} INFO - Processing file /home/airflow/.local/lib/python3.12/site-packages/airflow/example_dags/example_dataset_alias_with_no_taskflow.py for tasks to queue
[2025-02-20T09:25:59.719+0000] {logging_mixin.py:190} INFO - [2025-02-20T09:25:59.719+0000] {dagbag.py:588} INFO - Filling up the DagBag from /home/airflow/.local/lib/python3.12/site-packages/airflow/example_dags/example_dataset_alias_with_no_taskflow.py
[2025-02-20T09:26:00.297+0000] {processor.py:925} INFO - DAG(s) 'dataset_alias_example_alias_consumer_with_no_taskflow', 'dataset_s3_bucket_consumer_with_no_taskflow', 'dataset_alias_example_alias_producer_with_no_taskflow', 'dataset_s3_bucket_producer_with_no_taskflow' retrieved from /home/airflow/.local/lib/python3.12/site-packages/airflow/example_dags/example_dataset_alias_with_no_taskflow.py
[2025-02-20T09:26:00.319+0000] {logging_mixin.py:190} INFO - [2025-02-20T09:26:00.318+0000] {dag.py:3239} INFO - Sync 4 DAGs
[2025-02-20T09:26:00.342+0000] {logging_mixin.py:190} INFO - [2025-02-20T09:26:00.342+0000] {dag.py:4180} INFO - Setting next_dagrun for dataset_alias_example_alias_consumer_with_no_taskflow to None, run_after=None
[2025-02-20T09:26:00.346+0000] {logging_mixin.py:190} INFO - [2025-02-20T09:26:00.346+0000] {dag.py:4180} INFO - Setting next_dagrun for dataset_alias_example_alias_producer_with_no_taskflow to None, run_after=None
[2025-02-20T09:26:00.349+0000] {logging_mixin.py:190} INFO - [2025-02-20T09:26:00.349+0000] {dag.py:4180} INFO - Setting next_dagrun for dataset_s3_bucket_consumer_with_no_taskflow to None, run_after=None
[2025-02-20T09:26:00.351+0000] {logging_mixin.py:190} INFO - [2025-02-20T09:26:00.351+0000] {dag.py:4180} INFO - Setting next_dagrun for dataset_s3_bucket_producer_with_no_taskflow to None, run_after=None
[2025-02-20T09:26:00.375+0000] {processor.py:208} INFO - Processing /home/airflow/.local/lib/python3.12/site-packages/airflow/example_dags/example_dataset_alias_with_no_taskflow.py took 0.666 seconds
[2025-02-20T09:26:30.928+0000] {processor.py:186} INFO - Started process (PID=291) to work on /home/airflow/.local/lib/python3.12/site-packages/airflow/example_dags/example_dataset_alias_with_no_taskflow.py
[2025-02-20T09:26:30.929+0000] {processor.py:914} INFO - Processing file /home/airflow/.local/lib/python3.12/site-packages/airflow/example_dags/example_dataset_alias_with_no_taskflow.py for tasks to queue
[2025-02-20T09:26:30.932+0000] {logging_mixin.py:190} INFO - [2025-02-20T09:26:30.931+0000] {dagbag.py:588} INFO - Filling up the DagBag from /home/airflow/.local/lib/python3.12/site-packages/airflow/example_dags/example_dataset_alias_with_no_taskflow.py
[2025-02-20T09:26:31.592+0000] {processor.py:925} INFO - DAG(s) 'dataset_alias_example_alias_producer_with_no_taskflow', 'dataset_alias_example_alias_consumer_with_no_taskflow', 'dataset_s3_bucket_consumer_with_no_taskflow', 'dataset_s3_bucket_producer_with_no_taskflow' retrieved from /home/airflow/.local/lib/python3.12/site-packages/airflow/example_dags/example_dataset_alias_with_no_taskflow.py
[2025-02-20T09:26:31.632+0000] {logging_mixin.py:190} INFO - [2025-02-20T09:26:31.631+0000] {dag.py:3239} INFO - Sync 4 DAGs
[2025-02-20T09:26:31.663+0000] {logging_mixin.py:190} INFO - [2025-02-20T09:26:31.663+0000] {dag.py:4180} INFO - Setting next_dagrun for dataset_alias_example_alias_consumer_with_no_taskflow to None, run_after=None
[2025-02-20T09:26:31.667+0000] {logging_mixin.py:190} INFO - [2025-02-20T09:26:31.667+0000] {dag.py:4180} INFO - Setting next_dagrun for dataset_alias_example_alias_producer_with_no_taskflow to None, run_after=None
[2025-02-20T09:26:31.669+0000] {logging_mixin.py:190} INFO - [2025-02-20T09:26:31.669+0000] {dag.py:4180} INFO - Setting next_dagrun for dataset_s3_bucket_consumer_with_no_taskflow to None, run_after=None
[2025-02-20T09:26:31.672+0000] {logging_mixin.py:190} INFO - [2025-02-20T09:26:31.671+0000] {dag.py:4180} INFO - Setting next_dagrun for dataset_s3_bucket_producer_with_no_taskflow to None, run_after=None
[2025-02-20T09:26:31.695+0000] {processor.py:208} INFO - Processing /home/airflow/.local/lib/python3.12/site-packages/airflow/example_dags/example_dataset_alias_with_no_taskflow.py took 0.774 seconds
[2025-02-20T09:27:02.352+0000] {processor.py:186} INFO - Started process (PID=357) to work on /home/airflow/.local/lib/python3.12/site-packages/airflow/example_dags/example_dataset_alias_with_no_taskflow.py
[2025-02-20T09:27:02.353+0000] {processor.py:914} INFO - Processing file /home/airflow/.local/lib/python3.12/site-packages/airflow/example_dags/example_dataset_alias_with_no_taskflow.py for tasks to queue
[2025-02-20T09:27:02.356+0000] {logging_mixin.py:190} INFO - [2025-02-20T09:27:02.356+0000] {dagbag.py:588} INFO - Filling up the DagBag from /home/airflow/.local/lib/python3.12/site-packages/airflow/example_dags/example_dataset_alias_with_no_taskflow.py
[2025-02-20T09:27:02.980+0000] {processor.py:925} INFO - DAG(s) 'dataset_s3_bucket_producer_with_no_taskflow', 'dataset_alias_example_alias_consumer_with_no_taskflow', 'dataset_s3_bucket_consumer_with_no_taskflow', 'dataset_alias_example_alias_producer_with_no_taskflow' retrieved from /home/airflow/.local/lib/python3.12/site-packages/airflow/example_dags/example_dataset_alias_with_no_taskflow.py
[2025-02-20T09:27:03.003+0000] {logging_mixin.py:190} INFO - [2025-02-20T09:27:03.003+0000] {dag.py:3239} INFO - Sync 4 DAGs
[2025-02-20T09:27:03.026+0000] {logging_mixin.py:190} INFO - [2025-02-20T09:27:03.026+0000] {dag.py:4180} INFO - Setting next_dagrun for dataset_alias_example_alias_consumer_with_no_taskflow to None, run_after=None
[2025-02-20T09:27:03.030+0000] {logging_mixin.py:190} INFO - [2025-02-20T09:27:03.029+0000] {dag.py:4180} INFO - Setting next_dagrun for dataset_alias_example_alias_producer_with_no_taskflow to None, run_after=None
[2025-02-20T09:27:03.032+0000] {logging_mixin.py:190} INFO - [2025-02-20T09:27:03.032+0000] {dag.py:4180} INFO - Setting next_dagrun for dataset_s3_bucket_consumer_with_no_taskflow to None, run_after=None
[2025-02-20T09:27:03.034+0000] {logging_mixin.py:190} INFO - [2025-02-20T09:27:03.034+0000] {dag.py:4180} INFO - Setting next_dagrun for dataset_s3_bucket_producer_with_no_taskflow to None, run_after=None
[2025-02-20T09:27:03.061+0000] {processor.py:208} INFO - Processing /home/airflow/.local/lib/python3.12/site-packages/airflow/example_dags/example_dataset_alias_with_no_taskflow.py took 0.715 seconds
[2025-02-20T09:27:33.804+0000] {processor.py:186} INFO - Started process (PID=422) to work on /home/airflow/.local/lib/python3.12/site-packages/airflow/example_dags/example_dataset_alias_with_no_taskflow.py
[2025-02-20T09:27:33.805+0000] {processor.py:914} INFO - Processing file /home/airflow/.local/lib/python3.12/site-packages/airflow/example_dags/example_dataset_alias_with_no_taskflow.py for tasks to queue
[2025-02-20T09:27:33.808+0000] {logging_mixin.py:190} INFO - [2025-02-20T09:27:33.808+0000] {dagbag.py:588} INFO - Filling up the DagBag from /home/airflow/.local/lib/python3.12/site-packages/airflow/example_dags/example_dataset_alias_with_no_taskflow.py
[2025-02-20T09:27:34.533+0000] {processor.py:925} INFO - DAG(s) 'dataset_alias_example_alias_consumer_with_no_taskflow', 'dataset_s3_bucket_producer_with_no_taskflow', 'dataset_s3_bucket_consumer_with_no_taskflow', 'dataset_alias_example_alias_producer_with_no_taskflow' retrieved from /home/airflow/.local/lib/python3.12/site-packages/airflow/example_dags/example_dataset_alias_with_no_taskflow.py
[2025-02-20T09:27:34.562+0000] {logging_mixin.py:190} INFO - [2025-02-20T09:27:34.561+0000] {dag.py:3239} INFO - Sync 4 DAGs
[2025-02-20T09:27:34.589+0000] {logging_mixin.py:190} INFO - [2025-02-20T09:27:34.589+0000] {dag.py:4180} INFO - Setting next_dagrun for dataset_alias_example_alias_consumer_with_no_taskflow to None, run_after=None
[2025-02-20T09:27:34.595+0000] {logging_mixin.py:190} INFO - [2025-02-20T09:27:34.594+0000] {dag.py:4180} INFO - Setting next_dagrun for dataset_alias_example_alias_producer_with_no_taskflow to None, run_after=None
[2025-02-20T09:27:34.597+0000] {logging_mixin.py:190} INFO - [2025-02-20T09:27:34.597+0000] {dag.py:4180} INFO - Setting next_dagrun for dataset_s3_bucket_consumer_with_no_taskflow to None, run_after=None
[2025-02-20T09:27:34.599+0000] {logging_mixin.py:190} INFO - [2025-02-20T09:27:34.599+0000] {dag.py:4180} INFO - Setting next_dagrun for dataset_s3_bucket_producer_with_no_taskflow to None, run_after=None
[2025-02-20T09:27:34.630+0000] {processor.py:208} INFO - Processing /home/airflow/.local/lib/python3.12/site-packages/airflow/example_dags/example_dataset_alias_with_no_taskflow.py took 0.832 seconds
[2025-02-20T09:28:04.744+0000] {processor.py:186} INFO - Started process (PID=485) to work on /home/airflow/.local/lib/python3.12/site-packages/airflow/example_dags/example_dataset_alias_with_no_taskflow.py
[2025-02-20T09:28:04.745+0000] {processor.py:914} INFO - Processing file /home/airflow/.local/lib/python3.12/site-packages/airflow/example_dags/example_dataset_alias_with_no_taskflow.py for tasks to queue
[2025-02-20T09:28:04.748+0000] {logging_mixin.py:190} INFO - [2025-02-20T09:28:04.748+0000] {dagbag.py:588} INFO - Filling up the DagBag from /home/airflow/.local/lib/python3.12/site-packages/airflow/example_dags/example_dataset_alias_with_no_taskflow.py
[2025-02-20T09:28:05.451+0000] {processor.py:925} INFO - DAG(s) 'dataset_alias_example_alias_producer_with_no_taskflow', 'dataset_alias_example_alias_consumer_with_no_taskflow', 'dataset_s3_bucket_producer_with_no_taskflow', 'dataset_s3_bucket_consumer_with_no_taskflow' retrieved from /home/airflow/.local/lib/python3.12/site-packages/airflow/example_dags/example_dataset_alias_with_no_taskflow.py
[2025-02-20T09:28:05.476+0000] {logging_mixin.py:190} INFO - [2025-02-20T09:28:05.475+0000] {dag.py:3239} INFO - Sync 4 DAGs
[2025-02-20T09:28:05.510+0000] {logging_mixin.py:190} INFO - [2025-02-20T09:28:05.510+0000] {dag.py:4180} INFO - Setting next_dagrun for dataset_alias_example_alias_consumer_with_no_taskflow to None, run_after=None
[2025-02-20T09:28:05.514+0000] {logging_mixin.py:190} INFO - [2025-02-20T09:28:05.514+0000] {dag.py:4180} INFO - Setting next_dagrun for dataset_alias_example_alias_producer_with_no_taskflow to None, run_after=None
[2025-02-20T09:28:05.516+0000] {logging_mixin.py:190} INFO - [2025-02-20T09:28:05.516+0000] {dag.py:4180} INFO - Setting next_dagrun for dataset_s3_bucket_consumer_with_no_taskflow to None, run_after=None
[2025-02-20T09:28:05.519+0000] {logging_mixin.py:190} INFO - [2025-02-20T09:28:05.518+0000] {dag.py:4180} INFO - Setting next_dagrun for dataset_s3_bucket_producer_with_no_taskflow to None, run_after=None
[2025-02-20T09:28:05.545+0000] {processor.py:208} INFO - Processing /home/airflow/.local/lib/python3.12/site-packages/airflow/example_dags/example_dataset_alias_with_no_taskflow.py took 0.808 seconds
