[2025-02-20T09:24:52.887+0000] {processor.py:186} INFO - Started process (PID=77) to work on /home/airflow/.local/lib/python3.12/site-packages/airflow/example_dags/example_branch_python_dop_operator_3.py
[2025-02-20T09:24:52.888+0000] {processor.py:914} INFO - Processing file /home/airflow/.local/lib/python3.12/site-packages/airflow/example_dags/example_branch_python_dop_operator_3.py for tasks to queue
[2025-02-20T09:24:52.891+0000] {logging_mixin.py:190} INFO - [2025-02-20T09:24:52.891+0000] {dagbag.py:588} INFO - Filling up the DagBag from /home/airflow/.local/lib/python3.12/site-packages/airflow/example_dags/example_branch_python_dop_operator_3.py
[2025-02-20T09:24:52.905+0000] {processor.py:925} INFO - DAG(s) 'example_branch_dop_operator_v3' retrieved from /home/airflow/.local/lib/python3.12/site-packages/airflow/example_dags/example_branch_python_dop_operator_3.py
[2025-02-20T09:24:53.043+0000] {logging_mixin.py:190} INFO - [2025-02-20T09:24:53.042+0000] {override.py:1911} INFO - Created Permission View: can edit on DAG:example_branch_dop_operator_v3
[2025-02-20T09:24:53.058+0000] {logging_mixin.py:190} INFO - [2025-02-20T09:24:53.057+0000] {override.py:1911} INFO - Created Permission View: can delete on DAG:example_branch_dop_operator_v3
[2025-02-20T09:24:53.068+0000] {logging_mixin.py:190} INFO - [2025-02-20T09:24:53.067+0000] {override.py:1911} INFO - Created Permission View: can read on DAG:example_branch_dop_operator_v3
[2025-02-20T09:24:53.080+0000] {logging_mixin.py:190} INFO - [2025-02-20T09:24:53.079+0000] {override.py:1911} INFO - Created Permission View: can create on DAG Run:example_branch_dop_operator_v3
[2025-02-20T09:24:53.090+0000] {logging_mixin.py:190} INFO - [2025-02-20T09:24:53.089+0000] {override.py:1911} INFO - Created Permission View: menu access on DAG Run:example_branch_dop_operator_v3
[2025-02-20T09:24:53.100+0000] {logging_mixin.py:190} INFO - [2025-02-20T09:24:53.100+0000] {override.py:1911} INFO - Created Permission View: can delete on DAG Run:example_branch_dop_operator_v3
[2025-02-20T09:24:53.110+0000] {logging_mixin.py:190} INFO - [2025-02-20T09:24:53.110+0000] {override.py:1911} INFO - Created Permission View: can read on DAG Run:example_branch_dop_operator_v3
[2025-02-20T09:24:53.111+0000] {logging_mixin.py:190} INFO - [2025-02-20T09:24:53.111+0000] {dag.py:3239} INFO - Sync 1 DAGs
[2025-02-20T09:24:53.133+0000] {logging_mixin.py:190} INFO - [2025-02-20T09:24:53.133+0000] {dag.py:3262} INFO - Creating ORM DAG for example_branch_dop_operator_v3
[2025-02-20T09:24:53.149+0000] {logging_mixin.py:190} INFO - [2025-02-20T09:24:53.149+0000] {dag.py:4180} INFO - Setting next_dagrun for example_branch_dop_operator_v3 to 2025-02-20 09:23:00+00:00, run_after=2025-02-20 09:24:00+00:00
[2025-02-20T09:24:53.169+0000] {processor.py:208} INFO - Processing /home/airflow/.local/lib/python3.12/site-packages/airflow/example_dags/example_branch_python_dop_operator_3.py took 0.290 seconds
[2025-02-20T09:25:24.569+0000] {processor.py:186} INFO - Started process (PID=139) to work on /home/airflow/.local/lib/python3.12/site-packages/airflow/example_dags/example_branch_python_dop_operator_3.py
[2025-02-20T09:25:24.570+0000] {processor.py:914} INFO - Processing file /home/airflow/.local/lib/python3.12/site-packages/airflow/example_dags/example_branch_python_dop_operator_3.py for tasks to queue
[2025-02-20T09:25:24.574+0000] {logging_mixin.py:190} INFO - [2025-02-20T09:25:24.574+0000] {dagbag.py:588} INFO - Filling up the DagBag from /home/airflow/.local/lib/python3.12/site-packages/airflow/example_dags/example_branch_python_dop_operator_3.py
[2025-02-20T09:25:24.585+0000] {processor.py:925} INFO - DAG(s) 'example_branch_dop_operator_v3' retrieved from /home/airflow/.local/lib/python3.12/site-packages/airflow/example_dags/example_branch_python_dop_operator_3.py
[2025-02-20T09:25:24.614+0000] {logging_mixin.py:190} INFO - [2025-02-20T09:25:24.613+0000] {dag.py:3239} INFO - Sync 1 DAGs
[2025-02-20T09:25:24.642+0000] {logging_mixin.py:190} INFO - [2025-02-20T09:25:24.642+0000] {dag.py:4180} INFO - Setting next_dagrun for example_branch_dop_operator_v3 to 2025-02-20 09:24:00+00:00, run_after=2025-02-20 09:25:00+00:00
[2025-02-20T09:25:24.666+0000] {processor.py:208} INFO - Processing /home/airflow/.local/lib/python3.12/site-packages/airflow/example_dags/example_branch_python_dop_operator_3.py took 0.108 seconds
[2025-02-20T09:25:55.708+0000] {processor.py:186} INFO - Started process (PID=202) to work on /home/airflow/.local/lib/python3.12/site-packages/airflow/example_dags/example_branch_python_dop_operator_3.py
[2025-02-20T09:25:55.709+0000] {processor.py:914} INFO - Processing file /home/airflow/.local/lib/python3.12/site-packages/airflow/example_dags/example_branch_python_dop_operator_3.py for tasks to queue
[2025-02-20T09:25:55.713+0000] {logging_mixin.py:190} INFO - [2025-02-20T09:25:55.713+0000] {dagbag.py:588} INFO - Filling up the DagBag from /home/airflow/.local/lib/python3.12/site-packages/airflow/example_dags/example_branch_python_dop_operator_3.py
[2025-02-20T09:25:55.725+0000] {processor.py:925} INFO - DAG(s) 'example_branch_dop_operator_v3' retrieved from /home/airflow/.local/lib/python3.12/site-packages/airflow/example_dags/example_branch_python_dop_operator_3.py
[2025-02-20T09:25:55.755+0000] {logging_mixin.py:190} INFO - [2025-02-20T09:25:55.754+0000] {dag.py:3239} INFO - Sync 1 DAGs
[2025-02-20T09:25:55.790+0000] {logging_mixin.py:190} INFO - [2025-02-20T09:25:55.790+0000] {dag.py:4180} INFO - Setting next_dagrun for example_branch_dop_operator_v3 to 2025-02-20 09:24:00+00:00, run_after=2025-02-20 09:25:00+00:00
[2025-02-20T09:25:55.817+0000] {processor.py:208} INFO - Processing /home/airflow/.local/lib/python3.12/site-packages/airflow/example_dags/example_branch_python_dop_operator_3.py took 0.117 seconds
[2025-02-20T09:26:26.662+0000] {processor.py:186} INFO - Started process (PID=265) to work on /home/airflow/.local/lib/python3.12/site-packages/airflow/example_dags/example_branch_python_dop_operator_3.py
[2025-02-20T09:26:26.663+0000] {processor.py:914} INFO - Processing file /home/airflow/.local/lib/python3.12/site-packages/airflow/example_dags/example_branch_python_dop_operator_3.py for tasks to queue
[2025-02-20T09:26:26.667+0000] {logging_mixin.py:190} INFO - [2025-02-20T09:26:26.667+0000] {dagbag.py:588} INFO - Filling up the DagBag from /home/airflow/.local/lib/python3.12/site-packages/airflow/example_dags/example_branch_python_dop_operator_3.py
[2025-02-20T09:26:26.678+0000] {processor.py:925} INFO - DAG(s) 'example_branch_dop_operator_v3' retrieved from /home/airflow/.local/lib/python3.12/site-packages/airflow/example_dags/example_branch_python_dop_operator_3.py
[2025-02-20T09:26:26.709+0000] {logging_mixin.py:190} INFO - [2025-02-20T09:26:26.709+0000] {dag.py:3239} INFO - Sync 1 DAGs
[2025-02-20T09:26:26.737+0000] {logging_mixin.py:190} INFO - [2025-02-20T09:26:26.737+0000] {dag.py:4180} INFO - Setting next_dagrun for example_branch_dop_operator_v3 to 2025-02-20 09:25:00+00:00, run_after=2025-02-20 09:26:00+00:00
[2025-02-20T09:26:26.761+0000] {processor.py:208} INFO - Processing /home/airflow/.local/lib/python3.12/site-packages/airflow/example_dags/example_branch_python_dop_operator_3.py took 0.106 seconds
[2025-02-20T09:26:58.079+0000] {processor.py:186} INFO - Started process (PID=328) to work on /home/airflow/.local/lib/python3.12/site-packages/airflow/example_dags/example_branch_python_dop_operator_3.py
[2025-02-20T09:26:58.080+0000] {processor.py:914} INFO - Processing file /home/airflow/.local/lib/python3.12/site-packages/airflow/example_dags/example_branch_python_dop_operator_3.py for tasks to queue
[2025-02-20T09:26:58.084+0000] {logging_mixin.py:190} INFO - [2025-02-20T09:26:58.083+0000] {dagbag.py:588} INFO - Filling up the DagBag from /home/airflow/.local/lib/python3.12/site-packages/airflow/example_dags/example_branch_python_dop_operator_3.py
[2025-02-20T09:26:58.095+0000] {processor.py:925} INFO - DAG(s) 'example_branch_dop_operator_v3' retrieved from /home/airflow/.local/lib/python3.12/site-packages/airflow/example_dags/example_branch_python_dop_operator_3.py
[2025-02-20T09:26:58.124+0000] {logging_mixin.py:190} INFO - [2025-02-20T09:26:58.124+0000] {dag.py:3239} INFO - Sync 1 DAGs
[2025-02-20T09:26:58.154+0000] {logging_mixin.py:190} INFO - [2025-02-20T09:26:58.153+0000] {dag.py:4180} INFO - Setting next_dagrun for example_branch_dop_operator_v3 to 2025-02-20 09:25:00+00:00, run_after=2025-02-20 09:26:00+00:00
[2025-02-20T09:26:58.175+0000] {processor.py:208} INFO - Processing /home/airflow/.local/lib/python3.12/site-packages/airflow/example_dags/example_branch_python_dop_operator_3.py took 0.103 seconds
[2025-02-20T09:27:29.318+0000] {processor.py:186} INFO - Started process (PID=391) to work on /home/airflow/.local/lib/python3.12/site-packages/airflow/example_dags/example_branch_python_dop_operator_3.py
[2025-02-20T09:27:29.319+0000] {processor.py:914} INFO - Processing file /home/airflow/.local/lib/python3.12/site-packages/airflow/example_dags/example_branch_python_dop_operator_3.py for tasks to queue
[2025-02-20T09:27:29.323+0000] {logging_mixin.py:190} INFO - [2025-02-20T09:27:29.322+0000] {dagbag.py:588} INFO - Filling up the DagBag from /home/airflow/.local/lib/python3.12/site-packages/airflow/example_dags/example_branch_python_dop_operator_3.py
[2025-02-20T09:27:29.333+0000] {processor.py:925} INFO - DAG(s) 'example_branch_dop_operator_v3' retrieved from /home/airflow/.local/lib/python3.12/site-packages/airflow/example_dags/example_branch_python_dop_operator_3.py
[2025-02-20T09:27:29.359+0000] {logging_mixin.py:190} INFO - [2025-02-20T09:27:29.359+0000] {dag.py:3239} INFO - Sync 1 DAGs
[2025-02-20T09:27:29.386+0000] {logging_mixin.py:190} INFO - [2025-02-20T09:27:29.386+0000] {dag.py:4180} INFO - Setting next_dagrun for example_branch_dop_operator_v3 to 2025-02-20 09:26:00+00:00, run_after=2025-02-20 09:27:00+00:00
[2025-02-20T09:27:29.408+0000] {processor.py:208} INFO - Processing /home/airflow/.local/lib/python3.12/site-packages/airflow/example_dags/example_branch_python_dop_operator_3.py took 0.096 seconds
[2025-02-20T09:28:00.256+0000] {processor.py:186} INFO - Started process (PID=454) to work on /home/airflow/.local/lib/python3.12/site-packages/airflow/example_dags/example_branch_python_dop_operator_3.py
[2025-02-20T09:28:00.257+0000] {processor.py:914} INFO - Processing file /home/airflow/.local/lib/python3.12/site-packages/airflow/example_dags/example_branch_python_dop_operator_3.py for tasks to queue
[2025-02-20T09:28:00.261+0000] {logging_mixin.py:190} INFO - [2025-02-20T09:28:00.261+0000] {dagbag.py:588} INFO - Filling up the DagBag from /home/airflow/.local/lib/python3.12/site-packages/airflow/example_dags/example_branch_python_dop_operator_3.py
[2025-02-20T09:28:00.272+0000] {processor.py:925} INFO - DAG(s) 'example_branch_dop_operator_v3' retrieved from /home/airflow/.local/lib/python3.12/site-packages/airflow/example_dags/example_branch_python_dop_operator_3.py
[2025-02-20T09:28:00.300+0000] {logging_mixin.py:190} INFO - [2025-02-20T09:28:00.299+0000] {dag.py:3239} INFO - Sync 1 DAGs
[2025-02-20T09:28:00.328+0000] {logging_mixin.py:190} INFO - [2025-02-20T09:28:00.328+0000] {dag.py:4180} INFO - Setting next_dagrun for example_branch_dop_operator_v3 to 2025-02-20 09:27:00+00:00, run_after=2025-02-20 09:28:00+00:00
[2025-02-20T09:28:00.349+0000] {processor.py:208} INFO - Processing /home/airflow/.local/lib/python3.12/site-packages/airflow/example_dags/example_branch_python_dop_operator_3.py took 0.100 seconds
