[2025-02-20T09:24:56.835+0000] {processor.py:186} INFO - Started process (PID=96) to work on /home/airflow/.local/lib/python3.12/site-packages/airflow/example_dags/example_trigger_target_dag.py
[2025-02-20T09:24:56.837+0000] {processor.py:914} INFO - Processing file /home/airflow/.local/lib/python3.12/site-packages/airflow/example_dags/example_trigger_target_dag.py for tasks to queue
[2025-02-20T09:24:56.840+0000] {logging_mixin.py:190} INFO - [2025-02-20T09:24:56.840+0000] {dagbag.py:588} INFO - Filling up the DagBag from /home/airflow/.local/lib/python3.12/site-packages/airflow/example_dags/example_trigger_target_dag.py
[2025-02-20T09:24:56.852+0000] {processor.py:925} INFO - DAG(s) 'example_trigger_target_dag' retrieved from /home/airflow/.local/lib/python3.12/site-packages/airflow/example_dags/example_trigger_target_dag.py
[2025-02-20T09:24:57.001+0000] {logging_mixin.py:190} INFO - [2025-02-20T09:24:57.000+0000] {override.py:1911} INFO - Created Permission View: can edit on DAG:example_trigger_target_dag
[2025-02-20T09:24:57.017+0000] {logging_mixin.py:190} INFO - [2025-02-20T09:24:57.016+0000] {override.py:1911} INFO - Created Permission View: can delete on DAG:example_trigger_target_dag
[2025-02-20T09:24:57.027+0000] {logging_mixin.py:190} INFO - [2025-02-20T09:24:57.027+0000] {override.py:1911} INFO - Created Permission View: can read on DAG:example_trigger_target_dag
[2025-02-20T09:24:57.038+0000] {logging_mixin.py:190} INFO - [2025-02-20T09:24:57.037+0000] {override.py:1911} INFO - Created Permission View: can create on DAG Run:example_trigger_target_dag
[2025-02-20T09:24:57.049+0000] {logging_mixin.py:190} INFO - [2025-02-20T09:24:57.048+0000] {override.py:1911} INFO - Created Permission View: menu access on DAG Run:example_trigger_target_dag
[2025-02-20T09:24:57.061+0000] {logging_mixin.py:190} INFO - [2025-02-20T09:24:57.061+0000] {override.py:1911} INFO - Created Permission View: can delete on DAG Run:example_trigger_target_dag
[2025-02-20T09:24:57.070+0000] {logging_mixin.py:190} INFO - [2025-02-20T09:24:57.070+0000] {override.py:1911} INFO - Created Permission View: can read on DAG Run:example_trigger_target_dag
[2025-02-20T09:24:57.071+0000] {logging_mixin.py:190} INFO - [2025-02-20T09:24:57.071+0000] {dag.py:3239} INFO - Sync 1 DAGs
[2025-02-20T09:24:57.089+0000] {logging_mixin.py:190} INFO - [2025-02-20T09:24:57.088+0000] {dag.py:3262} INFO - Creating ORM DAG for example_trigger_target_dag
[2025-02-20T09:24:57.090+0000] {logging_mixin.py:190} INFO - [2025-02-20T09:24:57.090+0000] {dag.py:4180} INFO - Setting next_dagrun for example_trigger_target_dag to None, run_after=None
[2025-02-20T09:24:57.113+0000] {processor.py:208} INFO - Processing /home/airflow/.local/lib/python3.12/site-packages/airflow/example_dags/example_trigger_target_dag.py took 0.285 seconds
[2025-02-20T09:25:27.546+0000] {processor.py:186} INFO - Started process (PID=159) to work on /home/airflow/.local/lib/python3.12/site-packages/airflow/example_dags/example_trigger_target_dag.py
[2025-02-20T09:25:27.547+0000] {processor.py:914} INFO - Processing file /home/airflow/.local/lib/python3.12/site-packages/airflow/example_dags/example_trigger_target_dag.py for tasks to queue
[2025-02-20T09:25:27.550+0000] {logging_mixin.py:190} INFO - [2025-02-20T09:25:27.550+0000] {dagbag.py:588} INFO - Filling up the DagBag from /home/airflow/.local/lib/python3.12/site-packages/airflow/example_dags/example_trigger_target_dag.py
[2025-02-20T09:25:27.559+0000] {processor.py:925} INFO - DAG(s) 'example_trigger_target_dag' retrieved from /home/airflow/.local/lib/python3.12/site-packages/airflow/example_dags/example_trigger_target_dag.py
[2025-02-20T09:25:27.587+0000] {logging_mixin.py:190} INFO - [2025-02-20T09:25:27.587+0000] {dag.py:3239} INFO - Sync 1 DAGs
[2025-02-20T09:25:27.604+0000] {logging_mixin.py:190} INFO - [2025-02-20T09:25:27.604+0000] {dag.py:4180} INFO - Setting next_dagrun for example_trigger_target_dag to None, run_after=None
[2025-02-20T09:25:27.627+0000] {processor.py:208} INFO - Processing /home/airflow/.local/lib/python3.12/site-packages/airflow/example_dags/example_trigger_target_dag.py took 0.087 seconds
[2025-02-20T09:25:58.271+0000] {processor.py:186} INFO - Started process (PID=222) to work on /home/airflow/.local/lib/python3.12/site-packages/airflow/example_dags/example_trigger_target_dag.py
[2025-02-20T09:25:58.272+0000] {processor.py:914} INFO - Processing file /home/airflow/.local/lib/python3.12/site-packages/airflow/example_dags/example_trigger_target_dag.py for tasks to queue
[2025-02-20T09:25:58.275+0000] {logging_mixin.py:190} INFO - [2025-02-20T09:25:58.275+0000] {dagbag.py:588} INFO - Filling up the DagBag from /home/airflow/.local/lib/python3.12/site-packages/airflow/example_dags/example_trigger_target_dag.py
[2025-02-20T09:25:58.284+0000] {processor.py:925} INFO - DAG(s) 'example_trigger_target_dag' retrieved from /home/airflow/.local/lib/python3.12/site-packages/airflow/example_dags/example_trigger_target_dag.py
[2025-02-20T09:25:58.311+0000] {logging_mixin.py:190} INFO - [2025-02-20T09:25:58.311+0000] {dag.py:3239} INFO - Sync 1 DAGs
[2025-02-20T09:25:58.327+0000] {logging_mixin.py:190} INFO - [2025-02-20T09:25:58.327+0000] {dag.py:4180} INFO - Setting next_dagrun for example_trigger_target_dag to None, run_after=None
[2025-02-20T09:25:58.351+0000] {processor.py:208} INFO - Processing /home/airflow/.local/lib/python3.12/site-packages/airflow/example_dags/example_trigger_target_dag.py took 0.090 seconds
[2025-02-20T09:26:28.612+0000] {processor.py:186} INFO - Started process (PID=285) to work on /home/airflow/.local/lib/python3.12/site-packages/airflow/example_dags/example_trigger_target_dag.py
[2025-02-20T09:26:28.614+0000] {processor.py:914} INFO - Processing file /home/airflow/.local/lib/python3.12/site-packages/airflow/example_dags/example_trigger_target_dag.py for tasks to queue
[2025-02-20T09:26:28.617+0000] {logging_mixin.py:190} INFO - [2025-02-20T09:26:28.616+0000] {dagbag.py:588} INFO - Filling up the DagBag from /home/airflow/.local/lib/python3.12/site-packages/airflow/example_dags/example_trigger_target_dag.py
[2025-02-20T09:26:28.626+0000] {processor.py:925} INFO - DAG(s) 'example_trigger_target_dag' retrieved from /home/airflow/.local/lib/python3.12/site-packages/airflow/example_dags/example_trigger_target_dag.py
[2025-02-20T09:26:28.655+0000] {logging_mixin.py:190} INFO - [2025-02-20T09:26:28.655+0000] {dag.py:3239} INFO - Sync 1 DAGs
[2025-02-20T09:26:28.670+0000] {logging_mixin.py:190} INFO - [2025-02-20T09:26:28.670+0000] {dag.py:4180} INFO - Setting next_dagrun for example_trigger_target_dag to None, run_after=None
[2025-02-20T09:26:28.693+0000] {processor.py:208} INFO - Processing /home/airflow/.local/lib/python3.12/site-packages/airflow/example_dags/example_trigger_target_dag.py took 0.087 seconds
[2025-02-20T09:26:59.832+0000] {processor.py:186} INFO - Started process (PID=348) to work on /home/airflow/.local/lib/python3.12/site-packages/airflow/example_dags/example_trigger_target_dag.py
[2025-02-20T09:26:59.833+0000] {processor.py:914} INFO - Processing file /home/airflow/.local/lib/python3.12/site-packages/airflow/example_dags/example_trigger_target_dag.py for tasks to queue
[2025-02-20T09:26:59.836+0000] {logging_mixin.py:190} INFO - [2025-02-20T09:26:59.835+0000] {dagbag.py:588} INFO - Filling up the DagBag from /home/airflow/.local/lib/python3.12/site-packages/airflow/example_dags/example_trigger_target_dag.py
[2025-02-20T09:26:59.846+0000] {processor.py:925} INFO - DAG(s) 'example_trigger_target_dag' retrieved from /home/airflow/.local/lib/python3.12/site-packages/airflow/example_dags/example_trigger_target_dag.py
[2025-02-20T09:26:59.875+0000] {logging_mixin.py:190} INFO - [2025-02-20T09:26:59.874+0000] {dag.py:3239} INFO - Sync 1 DAGs
[2025-02-20T09:26:59.895+0000] {logging_mixin.py:190} INFO - [2025-02-20T09:26:59.895+0000] {dag.py:4180} INFO - Setting next_dagrun for example_trigger_target_dag to None, run_after=None
[2025-02-20T09:26:59.921+0000] {processor.py:208} INFO - Processing /home/airflow/.local/lib/python3.12/site-packages/airflow/example_dags/example_trigger_target_dag.py took 0.095 seconds
[2025-02-20T09:27:30.951+0000] {processor.py:186} INFO - Started process (PID=411) to work on /home/airflow/.local/lib/python3.12/site-packages/airflow/example_dags/example_trigger_target_dag.py
[2025-02-20T09:27:30.952+0000] {processor.py:914} INFO - Processing file /home/airflow/.local/lib/python3.12/site-packages/airflow/example_dags/example_trigger_target_dag.py for tasks to queue
[2025-02-20T09:27:30.955+0000] {logging_mixin.py:190} INFO - [2025-02-20T09:27:30.955+0000] {dagbag.py:588} INFO - Filling up the DagBag from /home/airflow/.local/lib/python3.12/site-packages/airflow/example_dags/example_trigger_target_dag.py
[2025-02-20T09:27:30.964+0000] {processor.py:925} INFO - DAG(s) 'example_trigger_target_dag' retrieved from /home/airflow/.local/lib/python3.12/site-packages/airflow/example_dags/example_trigger_target_dag.py
[2025-02-20T09:27:30.991+0000] {logging_mixin.py:190} INFO - [2025-02-20T09:27:30.990+0000] {dag.py:3239} INFO - Sync 1 DAGs
[2025-02-20T09:27:31.007+0000] {logging_mixin.py:190} INFO - [2025-02-20T09:27:31.006+0000] {dag.py:4180} INFO - Setting next_dagrun for example_trigger_target_dag to None, run_after=None
[2025-02-20T09:27:31.027+0000] {processor.py:208} INFO - Processing /home/airflow/.local/lib/python3.12/site-packages/airflow/example_dags/example_trigger_target_dag.py took 0.083 seconds
[2025-02-20T09:28:02.041+0000] {processor.py:186} INFO - Started process (PID=474) to work on /home/airflow/.local/lib/python3.12/site-packages/airflow/example_dags/example_trigger_target_dag.py
[2025-02-20T09:28:02.042+0000] {processor.py:914} INFO - Processing file /home/airflow/.local/lib/python3.12/site-packages/airflow/example_dags/example_trigger_target_dag.py for tasks to queue
[2025-02-20T09:28:02.045+0000] {logging_mixin.py:190} INFO - [2025-02-20T09:28:02.044+0000] {dagbag.py:588} INFO - Filling up the DagBag from /home/airflow/.local/lib/python3.12/site-packages/airflow/example_dags/example_trigger_target_dag.py
[2025-02-20T09:28:02.055+0000] {processor.py:925} INFO - DAG(s) 'example_trigger_target_dag' retrieved from /home/airflow/.local/lib/python3.12/site-packages/airflow/example_dags/example_trigger_target_dag.py
[2025-02-20T09:28:02.081+0000] {logging_mixin.py:190} INFO - [2025-02-20T09:28:02.080+0000] {dag.py:3239} INFO - Sync 1 DAGs
[2025-02-20T09:28:02.097+0000] {logging_mixin.py:190} INFO - [2025-02-20T09:28:02.097+0000] {dag.py:4180} INFO - Setting next_dagrun for example_trigger_target_dag to None, run_after=None
[2025-02-20T09:28:02.118+0000] {processor.py:208} INFO - Processing /home/airflow/.local/lib/python3.12/site-packages/airflow/example_dags/example_trigger_target_dag.py took 0.083 seconds
