[2025-02-20T09:25:00.591+0000] {processor.py:186} INFO - Started process (PID=113) to work on /home/airflow/.local/lib/python3.12/site-packages/airflow/example_dags/example_sensors.py
[2025-02-20T09:25:00.593+0000] {processor.py:914} INFO - Processing file /home/airflow/.local/lib/python3.12/site-packages/airflow/example_dags/example_sensors.py for tasks to queue
[2025-02-20T09:25:00.596+0000] {logging_mixin.py:190} INFO - [2025-02-20T09:25:00.596+0000] {dagbag.py:588} INFO - Filling up the DagBag from /home/airflow/.local/lib/python3.12/site-packages/airflow/example_dags/example_sensors.py
[2025-02-20T09:25:00.613+0000] {processor.py:925} INFO - DAG(s) 'example_sensors' retrieved from /home/airflow/.local/lib/python3.12/site-packages/airflow/example_dags/example_sensors.py
[2025-02-20T09:25:00.759+0000] {logging_mixin.py:190} INFO - [2025-02-20T09:25:00.758+0000] {override.py:1911} INFO - Created Permission View: can edit on DAG:example_sensors
[2025-02-20T09:25:00.772+0000] {logging_mixin.py:190} INFO - [2025-02-20T09:25:00.772+0000] {override.py:1911} INFO - Created Permission View: can delete on DAG:example_sensors
[2025-02-20T09:25:00.782+0000] {logging_mixin.py:190} INFO - [2025-02-20T09:25:00.781+0000] {override.py:1911} INFO - Created Permission View: can read on DAG:example_sensors
[2025-02-20T09:25:00.793+0000] {logging_mixin.py:190} INFO - [2025-02-20T09:25:00.792+0000] {override.py:1911} INFO - Created Permission View: can create on DAG Run:example_sensors
[2025-02-20T09:25:00.802+0000] {logging_mixin.py:190} INFO - [2025-02-20T09:25:00.802+0000] {override.py:1911} INFO - Created Permission View: menu access on DAG Run:example_sensors
[2025-02-20T09:25:00.817+0000] {logging_mixin.py:190} INFO - [2025-02-20T09:25:00.816+0000] {override.py:1911} INFO - Created Permission View: can delete on DAG Run:example_sensors
[2025-02-20T09:25:00.829+0000] {logging_mixin.py:190} INFO - [2025-02-20T09:25:00.828+0000] {override.py:1911} INFO - Created Permission View: can read on DAG Run:example_sensors
[2025-02-20T09:25:00.830+0000] {logging_mixin.py:190} INFO - [2025-02-20T09:25:00.829+0000] {dag.py:3239} INFO - Sync 1 DAGs
[2025-02-20T09:25:00.855+0000] {logging_mixin.py:190} INFO - [2025-02-20T09:25:00.855+0000] {dag.py:3262} INFO - Creating ORM DAG for example_sensors
[2025-02-20T09:25:00.857+0000] {logging_mixin.py:190} INFO - [2025-02-20T09:25:00.856+0000] {dag.py:4180} INFO - Setting next_dagrun for example_sensors to None, run_after=None
[2025-02-20T09:25:00.881+0000] {processor.py:208} INFO - Processing /home/airflow/.local/lib/python3.12/site-packages/airflow/example_dags/example_sensors.py took 0.298 seconds
[2025-02-20T09:25:31.298+0000] {processor.py:186} INFO - Started process (PID=175) to work on /home/airflow/.local/lib/python3.12/site-packages/airflow/example_dags/example_sensors.py
[2025-02-20T09:25:31.299+0000] {processor.py:914} INFO - Processing file /home/airflow/.local/lib/python3.12/site-packages/airflow/example_dags/example_sensors.py for tasks to queue
[2025-02-20T09:25:31.302+0000] {logging_mixin.py:190} INFO - [2025-02-20T09:25:31.302+0000] {dagbag.py:588} INFO - Filling up the DagBag from /home/airflow/.local/lib/python3.12/site-packages/airflow/example_dags/example_sensors.py
[2025-02-20T09:25:31.314+0000] {processor.py:925} INFO - DAG(s) 'example_sensors' retrieved from /home/airflow/.local/lib/python3.12/site-packages/airflow/example_dags/example_sensors.py
[2025-02-20T09:25:31.348+0000] {logging_mixin.py:190} INFO - [2025-02-20T09:25:31.347+0000] {dag.py:3239} INFO - Sync 1 DAGs
[2025-02-20T09:25:31.363+0000] {logging_mixin.py:190} INFO - [2025-02-20T09:25:31.363+0000] {dag.py:4180} INFO - Setting next_dagrun for example_sensors to None, run_after=None
[2025-02-20T09:25:31.386+0000] {processor.py:208} INFO - Processing /home/airflow/.local/lib/python3.12/site-packages/airflow/example_dags/example_sensors.py took 0.094 seconds
[2025-02-20T09:26:01.998+0000] {processor.py:186} INFO - Started process (PID=238) to work on /home/airflow/.local/lib/python3.12/site-packages/airflow/example_dags/example_sensors.py
[2025-02-20T09:26:01.999+0000] {processor.py:914} INFO - Processing file /home/airflow/.local/lib/python3.12/site-packages/airflow/example_dags/example_sensors.py for tasks to queue
[2025-02-20T09:26:02.002+0000] {logging_mixin.py:190} INFO - [2025-02-20T09:26:02.002+0000] {dagbag.py:588} INFO - Filling up the DagBag from /home/airflow/.local/lib/python3.12/site-packages/airflow/example_dags/example_sensors.py
[2025-02-20T09:26:02.013+0000] {processor.py:925} INFO - DAG(s) 'example_sensors' retrieved from /home/airflow/.local/lib/python3.12/site-packages/airflow/example_dags/example_sensors.py
[2025-02-20T09:26:02.048+0000] {logging_mixin.py:190} INFO - [2025-02-20T09:26:02.048+0000] {dag.py:3239} INFO - Sync 1 DAGs
[2025-02-20T09:26:02.064+0000] {logging_mixin.py:190} INFO - [2025-02-20T09:26:02.064+0000] {dag.py:4180} INFO - Setting next_dagrun for example_sensors to None, run_after=None
[2025-02-20T09:26:02.087+0000] {processor.py:208} INFO - Processing /home/airflow/.local/lib/python3.12/site-packages/airflow/example_dags/example_sensors.py took 0.096 seconds
[2025-02-20T09:26:32.918+0000] {processor.py:186} INFO - Started process (PID=301) to work on /home/airflow/.local/lib/python3.12/site-packages/airflow/example_dags/example_sensors.py
[2025-02-20T09:26:32.919+0000] {processor.py:914} INFO - Processing file /home/airflow/.local/lib/python3.12/site-packages/airflow/example_dags/example_sensors.py for tasks to queue
[2025-02-20T09:26:32.922+0000] {logging_mixin.py:190} INFO - [2025-02-20T09:26:32.922+0000] {dagbag.py:588} INFO - Filling up the DagBag from /home/airflow/.local/lib/python3.12/site-packages/airflow/example_dags/example_sensors.py
[2025-02-20T09:26:32.936+0000] {processor.py:925} INFO - DAG(s) 'example_sensors' retrieved from /home/airflow/.local/lib/python3.12/site-packages/airflow/example_dags/example_sensors.py
[2025-02-20T09:26:32.971+0000] {logging_mixin.py:190} INFO - [2025-02-20T09:26:32.970+0000] {dag.py:3239} INFO - Sync 1 DAGs
[2025-02-20T09:26:32.986+0000] {logging_mixin.py:190} INFO - [2025-02-20T09:26:32.986+0000] {dag.py:4180} INFO - Setting next_dagrun for example_sensors to None, run_after=None
[2025-02-20T09:26:33.008+0000] {processor.py:208} INFO - Processing /home/airflow/.local/lib/python3.12/site-packages/airflow/example_dags/example_sensors.py took 0.096 seconds
[2025-02-20T09:27:03.330+0000] {processor.py:186} INFO - Started process (PID=364) to work on /home/airflow/.local/lib/python3.12/site-packages/airflow/example_dags/example_sensors.py
[2025-02-20T09:27:03.331+0000] {processor.py:914} INFO - Processing file /home/airflow/.local/lib/python3.12/site-packages/airflow/example_dags/example_sensors.py for tasks to queue
[2025-02-20T09:27:03.335+0000] {logging_mixin.py:190} INFO - [2025-02-20T09:27:03.334+0000] {dagbag.py:588} INFO - Filling up the DagBag from /home/airflow/.local/lib/python3.12/site-packages/airflow/example_dags/example_sensors.py
[2025-02-20T09:27:03.349+0000] {processor.py:925} INFO - DAG(s) 'example_sensors' retrieved from /home/airflow/.local/lib/python3.12/site-packages/airflow/example_dags/example_sensors.py
[2025-02-20T09:27:03.386+0000] {logging_mixin.py:190} INFO - [2025-02-20T09:27:03.386+0000] {dag.py:3239} INFO - Sync 1 DAGs
[2025-02-20T09:27:03.400+0000] {logging_mixin.py:190} INFO - [2025-02-20T09:27:03.400+0000] {dag.py:4180} INFO - Setting next_dagrun for example_sensors to None, run_after=None
[2025-02-20T09:27:03.425+0000] {processor.py:208} INFO - Processing /home/airflow/.local/lib/python3.12/site-packages/airflow/example_dags/example_sensors.py took 0.101 seconds
[2025-02-20T09:27:34.318+0000] {processor.py:186} INFO - Started process (PID=427) to work on /home/airflow/.local/lib/python3.12/site-packages/airflow/example_dags/example_sensors.py
[2025-02-20T09:27:34.319+0000] {processor.py:914} INFO - Processing file /home/airflow/.local/lib/python3.12/site-packages/airflow/example_dags/example_sensors.py for tasks to queue
[2025-02-20T09:27:34.323+0000] {logging_mixin.py:190} INFO - [2025-02-20T09:27:34.322+0000] {dagbag.py:588} INFO - Filling up the DagBag from /home/airflow/.local/lib/python3.12/site-packages/airflow/example_dags/example_sensors.py
[2025-02-20T09:27:34.336+0000] {processor.py:925} INFO - DAG(s) 'example_sensors' retrieved from /home/airflow/.local/lib/python3.12/site-packages/airflow/example_dags/example_sensors.py
[2025-02-20T09:27:34.384+0000] {logging_mixin.py:190} INFO - [2025-02-20T09:27:34.384+0000] {dag.py:3239} INFO - Sync 1 DAGs
[2025-02-20T09:27:34.406+0000] {logging_mixin.py:190} INFO - [2025-02-20T09:27:34.406+0000] {dag.py:4180} INFO - Setting next_dagrun for example_sensors to None, run_after=None
[2025-02-20T09:27:34.434+0000] {processor.py:208} INFO - Processing /home/airflow/.local/lib/python3.12/site-packages/airflow/example_dags/example_sensors.py took 0.123 seconds
[2025-02-20T09:28:05.266+0000] {processor.py:186} INFO - Started process (PID=490) to work on /home/airflow/.local/lib/python3.12/site-packages/airflow/example_dags/example_sensors.py
[2025-02-20T09:28:05.267+0000] {processor.py:914} INFO - Processing file /home/airflow/.local/lib/python3.12/site-packages/airflow/example_dags/example_sensors.py for tasks to queue
[2025-02-20T09:28:05.271+0000] {logging_mixin.py:190} INFO - [2025-02-20T09:28:05.270+0000] {dagbag.py:588} INFO - Filling up the DagBag from /home/airflow/.local/lib/python3.12/site-packages/airflow/example_dags/example_sensors.py
[2025-02-20T09:28:05.287+0000] {processor.py:925} INFO - DAG(s) 'example_sensors' retrieved from /home/airflow/.local/lib/python3.12/site-packages/airflow/example_dags/example_sensors.py
[2025-02-20T09:28:05.322+0000] {logging_mixin.py:190} INFO - [2025-02-20T09:28:05.322+0000] {dag.py:3239} INFO - Sync 1 DAGs
[2025-02-20T09:28:05.338+0000] {logging_mixin.py:190} INFO - [2025-02-20T09:28:05.338+0000] {dag.py:4180} INFO - Setting next_dagrun for example_sensors to None, run_after=None
[2025-02-20T09:28:05.361+0000] {processor.py:208} INFO - Processing /home/airflow/.local/lib/python3.12/site-packages/airflow/example_dags/example_sensors.py took 0.104 seconds
