[2025-02-20T09:25:01.230+0000] {processor.py:186} INFO - Started process (PID=115) to work on /home/airflow/.local/lib/python3.12/site-packages/airflow/example_dags/example_display_name.py
[2025-02-20T09:25:01.231+0000] {processor.py:914} INFO - Processing file /home/airflow/.local/lib/python3.12/site-packages/airflow/example_dags/example_display_name.py for tasks to queue
[2025-02-20T09:25:01.235+0000] {logging_mixin.py:190} INFO - [2025-02-20T09:25:01.234+0000] {dagbag.py:588} INFO - Filling up the DagBag from /home/airflow/.local/lib/python3.12/site-packages/airflow/example_dags/example_display_name.py
[2025-02-20T09:25:01.246+0000] {processor.py:925} INFO - DAG(s) 'example_display_name' retrieved from /home/airflow/.local/lib/python3.12/site-packages/airflow/example_dags/example_display_name.py
[2025-02-20T09:25:01.391+0000] {logging_mixin.py:190} INFO - [2025-02-20T09:25:01.390+0000] {override.py:1911} INFO - Created Permission View: can edit on DAG:example_display_name
[2025-02-20T09:25:01.405+0000] {logging_mixin.py:190} INFO - [2025-02-20T09:25:01.404+0000] {override.py:1911} INFO - Created Permission View: can delete on DAG:example_display_name
[2025-02-20T09:25:01.415+0000] {logging_mixin.py:190} INFO - [2025-02-20T09:25:01.415+0000] {override.py:1911} INFO - Created Permission View: can read on DAG:example_display_name
[2025-02-20T09:25:01.426+0000] {logging_mixin.py:190} INFO - [2025-02-20T09:25:01.425+0000] {override.py:1911} INFO - Created Permission View: can create on DAG Run:example_display_name
[2025-02-20T09:25:01.436+0000] {logging_mixin.py:190} INFO - [2025-02-20T09:25:01.435+0000] {override.py:1911} INFO - Created Permission View: menu access on DAG Run:example_display_name
[2025-02-20T09:25:01.446+0000] {logging_mixin.py:190} INFO - [2025-02-20T09:25:01.446+0000] {override.py:1911} INFO - Created Permission View: can delete on DAG Run:example_display_name
[2025-02-20T09:25:01.457+0000] {logging_mixin.py:190} INFO - [2025-02-20T09:25:01.456+0000] {override.py:1911} INFO - Created Permission View: can read on DAG Run:example_display_name
[2025-02-20T09:25:01.458+0000] {logging_mixin.py:190} INFO - [2025-02-20T09:25:01.457+0000] {dag.py:3239} INFO - Sync 1 DAGs
[2025-02-20T09:25:01.482+0000] {logging_mixin.py:190} INFO - [2025-02-20T09:25:01.482+0000] {dag.py:3262} INFO - Creating ORM DAG for example_display_name
[2025-02-20T09:25:01.483+0000] {logging_mixin.py:190} INFO - [2025-02-20T09:25:01.483+0000] {dag.py:4180} INFO - Setting next_dagrun for example_display_name to None, run_after=None
[2025-02-20T09:25:01.507+0000] {processor.py:208} INFO - Processing /home/airflow/.local/lib/python3.12/site-packages/airflow/example_dags/example_display_name.py took 0.285 seconds
[2025-02-20T09:25:32.422+0000] {processor.py:186} INFO - Started process (PID=177) to work on /home/airflow/.local/lib/python3.12/site-packages/airflow/example_dags/example_display_name.py
[2025-02-20T09:25:32.423+0000] {processor.py:914} INFO - Processing file /home/airflow/.local/lib/python3.12/site-packages/airflow/example_dags/example_display_name.py for tasks to queue
[2025-02-20T09:25:32.426+0000] {logging_mixin.py:190} INFO - [2025-02-20T09:25:32.425+0000] {dagbag.py:588} INFO - Filling up the DagBag from /home/airflow/.local/lib/python3.12/site-packages/airflow/example_dags/example_display_name.py
[2025-02-20T09:25:32.437+0000] {processor.py:925} INFO - DAG(s) 'example_display_name' retrieved from /home/airflow/.local/lib/python3.12/site-packages/airflow/example_dags/example_display_name.py
[2025-02-20T09:25:32.462+0000] {logging_mixin.py:190} INFO - [2025-02-20T09:25:32.462+0000] {dag.py:3239} INFO - Sync 1 DAGs
[2025-02-20T09:25:32.484+0000] {logging_mixin.py:190} INFO - [2025-02-20T09:25:32.484+0000] {dag.py:4180} INFO - Setting next_dagrun for example_display_name to None, run_after=None
[2025-02-20T09:25:32.512+0000] {processor.py:208} INFO - Processing /home/airflow/.local/lib/python3.12/site-packages/airflow/example_dags/example_display_name.py took 0.097 seconds
[2025-02-20T09:26:03.124+0000] {processor.py:186} INFO - Started process (PID=240) to work on /home/airflow/.local/lib/python3.12/site-packages/airflow/example_dags/example_display_name.py
[2025-02-20T09:26:03.125+0000] {processor.py:914} INFO - Processing file /home/airflow/.local/lib/python3.12/site-packages/airflow/example_dags/example_display_name.py for tasks to queue
[2025-02-20T09:26:03.128+0000] {logging_mixin.py:190} INFO - [2025-02-20T09:26:03.128+0000] {dagbag.py:588} INFO - Filling up the DagBag from /home/airflow/.local/lib/python3.12/site-packages/airflow/example_dags/example_display_name.py
[2025-02-20T09:26:03.138+0000] {processor.py:925} INFO - DAG(s) 'example_display_name' retrieved from /home/airflow/.local/lib/python3.12/site-packages/airflow/example_dags/example_display_name.py
[2025-02-20T09:26:03.164+0000] {logging_mixin.py:190} INFO - [2025-02-20T09:26:03.163+0000] {dag.py:3239} INFO - Sync 1 DAGs
[2025-02-20T09:26:03.180+0000] {logging_mixin.py:190} INFO - [2025-02-20T09:26:03.180+0000] {dag.py:4180} INFO - Setting next_dagrun for example_display_name to None, run_after=None
[2025-02-20T09:26:03.201+0000] {processor.py:208} INFO - Processing /home/airflow/.local/lib/python3.12/site-packages/airflow/example_dags/example_display_name.py took 0.087 seconds
[2025-02-20T09:26:34.042+0000] {processor.py:186} INFO - Started process (PID=303) to work on /home/airflow/.local/lib/python3.12/site-packages/airflow/example_dags/example_display_name.py
[2025-02-20T09:26:34.043+0000] {processor.py:914} INFO - Processing file /home/airflow/.local/lib/python3.12/site-packages/airflow/example_dags/example_display_name.py for tasks to queue
[2025-02-20T09:26:34.046+0000] {logging_mixin.py:190} INFO - [2025-02-20T09:26:34.046+0000] {dagbag.py:588} INFO - Filling up the DagBag from /home/airflow/.local/lib/python3.12/site-packages/airflow/example_dags/example_display_name.py
[2025-02-20T09:26:34.056+0000] {processor.py:925} INFO - DAG(s) 'example_display_name' retrieved from /home/airflow/.local/lib/python3.12/site-packages/airflow/example_dags/example_display_name.py
[2025-02-20T09:26:34.082+0000] {logging_mixin.py:190} INFO - [2025-02-20T09:26:34.082+0000] {dag.py:3239} INFO - Sync 1 DAGs
[2025-02-20T09:26:34.099+0000] {logging_mixin.py:190} INFO - [2025-02-20T09:26:34.099+0000] {dag.py:4180} INFO - Setting next_dagrun for example_display_name to None, run_after=None
[2025-02-20T09:26:34.126+0000] {processor.py:208} INFO - Processing /home/airflow/.local/lib/python3.12/site-packages/airflow/example_dags/example_display_name.py took 0.092 seconds
[2025-02-20T09:27:04.461+0000] {processor.py:186} INFO - Started process (PID=366) to work on /home/airflow/.local/lib/python3.12/site-packages/airflow/example_dags/example_display_name.py
[2025-02-20T09:27:04.462+0000] {processor.py:914} INFO - Processing file /home/airflow/.local/lib/python3.12/site-packages/airflow/example_dags/example_display_name.py for tasks to queue
[2025-02-20T09:27:04.466+0000] {logging_mixin.py:190} INFO - [2025-02-20T09:27:04.465+0000] {dagbag.py:588} INFO - Filling up the DagBag from /home/airflow/.local/lib/python3.12/site-packages/airflow/example_dags/example_display_name.py
[2025-02-20T09:27:04.478+0000] {processor.py:925} INFO - DAG(s) 'example_display_name' retrieved from /home/airflow/.local/lib/python3.12/site-packages/airflow/example_dags/example_display_name.py
[2025-02-20T09:27:04.506+0000] {logging_mixin.py:190} INFO - [2025-02-20T09:27:04.505+0000] {dag.py:3239} INFO - Sync 1 DAGs
[2025-02-20T09:27:04.523+0000] {logging_mixin.py:190} INFO - [2025-02-20T09:27:04.522+0000] {dag.py:4180} INFO - Setting next_dagrun for example_display_name to None, run_after=None
[2025-02-20T09:27:04.549+0000] {processor.py:208} INFO - Processing /home/airflow/.local/lib/python3.12/site-packages/airflow/example_dags/example_display_name.py took 0.097 seconds
[2025-02-20T09:27:34.589+0000] {processor.py:186} INFO - Started process (PID=429) to work on /home/airflow/.local/lib/python3.12/site-packages/airflow/example_dags/example_display_name.py
[2025-02-20T09:27:34.590+0000] {processor.py:914} INFO - Processing file /home/airflow/.local/lib/python3.12/site-packages/airflow/example_dags/example_display_name.py for tasks to queue
[2025-02-20T09:27:34.593+0000] {logging_mixin.py:190} INFO - [2025-02-20T09:27:34.593+0000] {dagbag.py:588} INFO - Filling up the DagBag from /home/airflow/.local/lib/python3.12/site-packages/airflow/example_dags/example_display_name.py
[2025-02-20T09:27:34.603+0000] {processor.py:925} INFO - DAG(s) 'example_display_name' retrieved from /home/airflow/.local/lib/python3.12/site-packages/airflow/example_dags/example_display_name.py
[2025-02-20T09:27:34.632+0000] {logging_mixin.py:190} INFO - [2025-02-20T09:27:34.632+0000] {dag.py:3239} INFO - Sync 1 DAGs
[2025-02-20T09:27:34.648+0000] {logging_mixin.py:190} INFO - [2025-02-20T09:27:34.648+0000] {dag.py:4180} INFO - Setting next_dagrun for example_display_name to None, run_after=None
[2025-02-20T09:27:34.670+0000] {processor.py:208} INFO - Processing /home/airflow/.local/lib/python3.12/site-packages/airflow/example_dags/example_display_name.py took 0.089 seconds
[2025-02-20T09:28:05.521+0000] {processor.py:186} INFO - Started process (PID=492) to work on /home/airflow/.local/lib/python3.12/site-packages/airflow/example_dags/example_display_name.py
[2025-02-20T09:28:05.522+0000] {processor.py:914} INFO - Processing file /home/airflow/.local/lib/python3.12/site-packages/airflow/example_dags/example_display_name.py for tasks to queue
[2025-02-20T09:28:05.526+0000] {logging_mixin.py:190} INFO - [2025-02-20T09:28:05.525+0000] {dagbag.py:588} INFO - Filling up the DagBag from /home/airflow/.local/lib/python3.12/site-packages/airflow/example_dags/example_display_name.py
[2025-02-20T09:28:05.535+0000] {processor.py:925} INFO - DAG(s) 'example_display_name' retrieved from /home/airflow/.local/lib/python3.12/site-packages/airflow/example_dags/example_display_name.py
[2025-02-20T09:28:05.560+0000] {logging_mixin.py:190} INFO - [2025-02-20T09:28:05.560+0000] {dag.py:3239} INFO - Sync 1 DAGs
[2025-02-20T09:28:05.577+0000] {logging_mixin.py:190} INFO - [2025-02-20T09:28:05.576+0000] {dag.py:4180} INFO - Setting next_dagrun for example_display_name to None, run_after=None
[2025-02-20T09:28:05.598+0000] {processor.py:208} INFO - Processing /home/airflow/.local/lib/python3.12/site-packages/airflow/example_dags/example_display_name.py took 0.086 seconds
