[2025-02-20T09:24:57.465+0000] {processor.py:186} INFO - Started process (PID=99) to work on /home/airflow/.local/lib/python3.12/site-packages/airflow/example_dags/example_bash_operator.py
[2025-02-20T09:24:57.467+0000] {processor.py:914} INFO - Processing file /home/airflow/.local/lib/python3.12/site-packages/airflow/example_dags/example_bash_operator.py for tasks to queue
[2025-02-20T09:24:57.471+0000] {logging_mixin.py:190} INFO - [2025-02-20T09:24:57.470+0000] {dagbag.py:588} INFO - Filling up the DagBag from /home/airflow/.local/lib/python3.12/site-packages/airflow/example_dags/example_bash_operator.py
[2025-02-20T09:24:57.496+0000] {processor.py:925} INFO - DAG(s) 'example_bash_operator' retrieved from /home/airflow/.local/lib/python3.12/site-packages/airflow/example_dags/example_bash_operator.py
[2025-02-20T09:24:57.764+0000] {logging_mixin.py:190} INFO - [2025-02-20T09:24:57.763+0000] {override.py:1911} INFO - Created Permission View: can edit on DAG:example_bash_operator
[2025-02-20T09:24:57.779+0000] {logging_mixin.py:190} INFO - [2025-02-20T09:24:57.778+0000] {override.py:1911} INFO - Created Permission View: can delete on DAG:example_bash_operator
[2025-02-20T09:24:57.790+0000] {logging_mixin.py:190} INFO - [2025-02-20T09:24:57.789+0000] {override.py:1911} INFO - Created Permission View: can read on DAG:example_bash_operator
[2025-02-20T09:24:57.802+0000] {logging_mixin.py:190} INFO - [2025-02-20T09:24:57.801+0000] {override.py:1911} INFO - Created Permission View: can create on DAG Run:example_bash_operator
[2025-02-20T09:24:57.814+0000] {logging_mixin.py:190} INFO - [2025-02-20T09:24:57.814+0000] {override.py:1911} INFO - Created Permission View: menu access on DAG Run:example_bash_operator
[2025-02-20T09:24:57.824+0000] {logging_mixin.py:190} INFO - [2025-02-20T09:24:57.824+0000] {override.py:1911} INFO - Created Permission View: can delete on DAG Run:example_bash_operator
[2025-02-20T09:24:57.835+0000] {logging_mixin.py:190} INFO - [2025-02-20T09:24:57.834+0000] {override.py:1911} INFO - Created Permission View: can read on DAG Run:example_bash_operator
[2025-02-20T09:24:57.836+0000] {logging_mixin.py:190} INFO - [2025-02-20T09:24:57.835+0000] {dag.py:3239} INFO - Sync 1 DAGs
[2025-02-20T09:24:57.857+0000] {logging_mixin.py:190} INFO - [2025-02-20T09:24:57.857+0000] {dag.py:3262} INFO - Creating ORM DAG for example_bash_operator
[2025-02-20T09:24:57.871+0000] {logging_mixin.py:190} INFO - [2025-02-20T09:24:57.871+0000] {dag.py:4180} INFO - Setting next_dagrun for example_bash_operator to 2025-02-19 00:00:00+00:00, run_after=2025-02-20 00:00:00+00:00
[2025-02-20T09:24:57.895+0000] {processor.py:208} INFO - Processing /home/airflow/.local/lib/python3.12/site-packages/airflow/example_dags/example_bash_operator.py took 0.440 seconds
[2025-02-20T09:25:28.754+0000] {processor.py:186} INFO - Started process (PID=162) to work on /home/airflow/.local/lib/python3.12/site-packages/airflow/example_dags/example_bash_operator.py
[2025-02-20T09:25:28.755+0000] {processor.py:914} INFO - Processing file /home/airflow/.local/lib/python3.12/site-packages/airflow/example_dags/example_bash_operator.py for tasks to queue
[2025-02-20T09:25:28.758+0000] {logging_mixin.py:190} INFO - [2025-02-20T09:25:28.758+0000] {dagbag.py:588} INFO - Filling up the DagBag from /home/airflow/.local/lib/python3.12/site-packages/airflow/example_dags/example_bash_operator.py
[2025-02-20T09:25:28.776+0000] {processor.py:925} INFO - DAG(s) 'example_bash_operator' retrieved from /home/airflow/.local/lib/python3.12/site-packages/airflow/example_dags/example_bash_operator.py
[2025-02-20T09:25:28.810+0000] {logging_mixin.py:190} INFO - [2025-02-20T09:25:28.810+0000] {dag.py:3239} INFO - Sync 1 DAGs
[2025-02-20T09:25:28.840+0000] {logging_mixin.py:190} INFO - [2025-02-20T09:25:28.840+0000] {dag.py:4180} INFO - Setting next_dagrun for example_bash_operator to 2025-02-19 00:00:00+00:00, run_after=2025-02-20 00:00:00+00:00
[2025-02-20T09:25:28.862+0000] {processor.py:208} INFO - Processing /home/airflow/.local/lib/python3.12/site-packages/airflow/example_dags/example_bash_operator.py took 0.115 seconds
[2025-02-20T09:25:59.473+0000] {processor.py:186} INFO - Started process (PID=225) to work on /home/airflow/.local/lib/python3.12/site-packages/airflow/example_dags/example_bash_operator.py
[2025-02-20T09:25:59.474+0000] {processor.py:914} INFO - Processing file /home/airflow/.local/lib/python3.12/site-packages/airflow/example_dags/example_bash_operator.py for tasks to queue
[2025-02-20T09:25:59.477+0000] {logging_mixin.py:190} INFO - [2025-02-20T09:25:59.476+0000] {dagbag.py:588} INFO - Filling up the DagBag from /home/airflow/.local/lib/python3.12/site-packages/airflow/example_dags/example_bash_operator.py
[2025-02-20T09:25:59.492+0000] {processor.py:925} INFO - DAG(s) 'example_bash_operator' retrieved from /home/airflow/.local/lib/python3.12/site-packages/airflow/example_dags/example_bash_operator.py
[2025-02-20T09:25:59.527+0000] {logging_mixin.py:190} INFO - [2025-02-20T09:25:59.527+0000] {dag.py:3239} INFO - Sync 1 DAGs
[2025-02-20T09:25:59.552+0000] {logging_mixin.py:190} INFO - [2025-02-20T09:25:59.552+0000] {dag.py:4180} INFO - Setting next_dagrun for example_bash_operator to 2025-02-19 00:00:00+00:00, run_after=2025-02-20 00:00:00+00:00
[2025-02-20T09:25:59.575+0000] {processor.py:208} INFO - Processing /home/airflow/.local/lib/python3.12/site-packages/airflow/example_dags/example_bash_operator.py took 0.108 seconds
[2025-02-20T09:26:29.792+0000] {processor.py:186} INFO - Started process (PID=288) to work on /home/airflow/.local/lib/python3.12/site-packages/airflow/example_dags/example_bash_operator.py
[2025-02-20T09:26:29.793+0000] {processor.py:914} INFO - Processing file /home/airflow/.local/lib/python3.12/site-packages/airflow/example_dags/example_bash_operator.py for tasks to queue
[2025-02-20T09:26:29.796+0000] {logging_mixin.py:190} INFO - [2025-02-20T09:26:29.795+0000] {dagbag.py:588} INFO - Filling up the DagBag from /home/airflow/.local/lib/python3.12/site-packages/airflow/example_dags/example_bash_operator.py
[2025-02-20T09:26:29.811+0000] {processor.py:925} INFO - DAG(s) 'example_bash_operator' retrieved from /home/airflow/.local/lib/python3.12/site-packages/airflow/example_dags/example_bash_operator.py
[2025-02-20T09:26:29.845+0000] {logging_mixin.py:190} INFO - [2025-02-20T09:26:29.844+0000] {dag.py:3239} INFO - Sync 1 DAGs
[2025-02-20T09:26:29.870+0000] {logging_mixin.py:190} INFO - [2025-02-20T09:26:29.870+0000] {dag.py:4180} INFO - Setting next_dagrun for example_bash_operator to 2025-02-19 00:00:00+00:00, run_after=2025-02-20 00:00:00+00:00
[2025-02-20T09:26:29.895+0000] {processor.py:208} INFO - Processing /home/airflow/.local/lib/python3.12/site-packages/airflow/example_dags/example_bash_operator.py took 0.109 seconds
[2025-02-20T09:26:59.966+0000] {processor.py:186} INFO - Started process (PID=351) to work on /home/airflow/.local/lib/python3.12/site-packages/airflow/example_dags/example_bash_operator.py
[2025-02-20T09:26:59.967+0000] {processor.py:914} INFO - Processing file /home/airflow/.local/lib/python3.12/site-packages/airflow/example_dags/example_bash_operator.py for tasks to queue
[2025-02-20T09:26:59.971+0000] {logging_mixin.py:190} INFO - [2025-02-20T09:26:59.970+0000] {dagbag.py:588} INFO - Filling up the DagBag from /home/airflow/.local/lib/python3.12/site-packages/airflow/example_dags/example_bash_operator.py
[2025-02-20T09:26:59.997+0000] {processor.py:925} INFO - DAG(s) 'example_bash_operator' retrieved from /home/airflow/.local/lib/python3.12/site-packages/airflow/example_dags/example_bash_operator.py
[2025-02-20T09:27:00.030+0000] {logging_mixin.py:190} INFO - [2025-02-20T09:27:00.030+0000] {dag.py:3239} INFO - Sync 1 DAGs
[2025-02-20T09:27:00.062+0000] {logging_mixin.py:190} INFO - [2025-02-20T09:27:00.062+0000] {dag.py:4180} INFO - Setting next_dagrun for example_bash_operator to 2025-02-19 00:00:00+00:00, run_after=2025-02-20 00:00:00+00:00
[2025-02-20T09:27:00.082+0000] {processor.py:208} INFO - Processing /home/airflow/.local/lib/python3.12/site-packages/airflow/example_dags/example_bash_operator.py took 0.122 seconds
[2025-02-20T09:27:31.131+0000] {processor.py:186} INFO - Started process (PID=414) to work on /home/airflow/.local/lib/python3.12/site-packages/airflow/example_dags/example_bash_operator.py
[2025-02-20T09:27:31.132+0000] {processor.py:914} INFO - Processing file /home/airflow/.local/lib/python3.12/site-packages/airflow/example_dags/example_bash_operator.py for tasks to queue
[2025-02-20T09:27:31.135+0000] {logging_mixin.py:190} INFO - [2025-02-20T09:27:31.135+0000] {dagbag.py:588} INFO - Filling up the DagBag from /home/airflow/.local/lib/python3.12/site-packages/airflow/example_dags/example_bash_operator.py
[2025-02-20T09:27:31.150+0000] {processor.py:925} INFO - DAG(s) 'example_bash_operator' retrieved from /home/airflow/.local/lib/python3.12/site-packages/airflow/example_dags/example_bash_operator.py
[2025-02-20T09:27:31.181+0000] {logging_mixin.py:190} INFO - [2025-02-20T09:27:31.181+0000] {dag.py:3239} INFO - Sync 1 DAGs
[2025-02-20T09:27:31.209+0000] {logging_mixin.py:190} INFO - [2025-02-20T09:27:31.209+0000] {dag.py:4180} INFO - Setting next_dagrun for example_bash_operator to 2025-02-19 00:00:00+00:00, run_after=2025-02-20 00:00:00+00:00
[2025-02-20T09:27:31.230+0000] {processor.py:208} INFO - Processing /home/airflow/.local/lib/python3.12/site-packages/airflow/example_dags/example_bash_operator.py took 0.106 seconds
[2025-02-20T09:28:02.167+0000] {processor.py:186} INFO - Started process (PID=477) to work on /home/airflow/.local/lib/python3.12/site-packages/airflow/example_dags/example_bash_operator.py
[2025-02-20T09:28:02.168+0000] {processor.py:914} INFO - Processing file /home/airflow/.local/lib/python3.12/site-packages/airflow/example_dags/example_bash_operator.py for tasks to queue
[2025-02-20T09:28:02.171+0000] {logging_mixin.py:190} INFO - [2025-02-20T09:28:02.170+0000] {dagbag.py:588} INFO - Filling up the DagBag from /home/airflow/.local/lib/python3.12/site-packages/airflow/example_dags/example_bash_operator.py
[2025-02-20T09:28:02.191+0000] {processor.py:925} INFO - DAG(s) 'example_bash_operator' retrieved from /home/airflow/.local/lib/python3.12/site-packages/airflow/example_dags/example_bash_operator.py
[2025-02-20T09:28:02.231+0000] {logging_mixin.py:190} INFO - [2025-02-20T09:28:02.231+0000] {dag.py:3239} INFO - Sync 1 DAGs
[2025-02-20T09:28:02.257+0000] {logging_mixin.py:190} INFO - [2025-02-20T09:28:02.257+0000] {dag.py:4180} INFO - Setting next_dagrun for example_bash_operator to 2025-02-19 00:00:00+00:00, run_after=2025-02-20 00:00:00+00:00
[2025-02-20T09:28:02.280+0000] {processor.py:208} INFO - Processing /home/airflow/.local/lib/python3.12/site-packages/airflow/example_dags/example_bash_operator.py took 0.122 seconds
