[2025-02-20T09:24:58.261+0000] {processor.py:186} INFO - Started process (PID=102) to work on /home/airflow/.local/lib/python3.12/site-packages/airflow/example_dags/example_bash_decorator.py
[2025-02-20T09:24:58.262+0000] {processor.py:914} INFO - Processing file /home/airflow/.local/lib/python3.12/site-packages/airflow/example_dags/example_bash_decorator.py for tasks to queue
[2025-02-20T09:24:58.266+0000] {logging_mixin.py:190} INFO - [2025-02-20T09:24:58.266+0000] {dagbag.py:588} INFO - Filling up the DagBag from /home/airflow/.local/lib/python3.12/site-packages/airflow/example_dags/example_bash_decorator.py
[2025-02-20T09:24:58.295+0000] {processor.py:925} INFO - DAG(s) 'example_bash_decorator' retrieved from /home/airflow/.local/lib/python3.12/site-packages/airflow/example_dags/example_bash_decorator.py
[2025-02-20T09:24:58.452+0000] {logging_mixin.py:190} INFO - [2025-02-20T09:24:58.451+0000] {override.py:1911} INFO - Created Permission View: can edit on DAG:example_bash_decorator
[2025-02-20T09:24:58.468+0000] {logging_mixin.py:190} INFO - [2025-02-20T09:24:58.468+0000] {override.py:1911} INFO - Created Permission View: can delete on DAG:example_bash_decorator
[2025-02-20T09:24:58.478+0000] {logging_mixin.py:190} INFO - [2025-02-20T09:24:58.478+0000] {override.py:1911} INFO - Created Permission View: can read on DAG:example_bash_decorator
[2025-02-20T09:24:58.489+0000] {logging_mixin.py:190} INFO - [2025-02-20T09:24:58.489+0000] {override.py:1911} INFO - Created Permission View: can create on DAG Run:example_bash_decorator
[2025-02-20T09:24:58.501+0000] {logging_mixin.py:190} INFO - [2025-02-20T09:24:58.500+0000] {override.py:1911} INFO - Created Permission View: menu access on DAG Run:example_bash_decorator
[2025-02-20T09:24:58.512+0000] {logging_mixin.py:190} INFO - [2025-02-20T09:24:58.511+0000] {override.py:1911} INFO - Created Permission View: can delete on DAG Run:example_bash_decorator
[2025-02-20T09:24:58.522+0000] {logging_mixin.py:190} INFO - [2025-02-20T09:24:58.521+0000] {override.py:1911} INFO - Created Permission View: can read on DAG Run:example_bash_decorator
[2025-02-20T09:24:58.523+0000] {logging_mixin.py:190} INFO - [2025-02-20T09:24:58.522+0000] {dag.py:3239} INFO - Sync 1 DAGs
[2025-02-20T09:24:58.545+0000] {logging_mixin.py:190} INFO - [2025-02-20T09:24:58.545+0000] {dag.py:3262} INFO - Creating ORM DAG for example_bash_decorator
[2025-02-20T09:24:58.546+0000] {logging_mixin.py:190} INFO - [2025-02-20T09:24:58.546+0000] {dag.py:4180} INFO - Setting next_dagrun for example_bash_decorator to None, run_after=None
[2025-02-20T09:24:58.568+0000] {processor.py:208} INFO - Processing /home/airflow/.local/lib/python3.12/site-packages/airflow/example_dags/example_bash_decorator.py took 0.315 seconds
[2025-02-20T09:25:28.887+0000] {processor.py:186} INFO - Started process (PID=164) to work on /home/airflow/.local/lib/python3.12/site-packages/airflow/example_dags/example_bash_decorator.py
[2025-02-20T09:25:28.888+0000] {processor.py:914} INFO - Processing file /home/airflow/.local/lib/python3.12/site-packages/airflow/example_dags/example_bash_decorator.py for tasks to queue
[2025-02-20T09:25:28.890+0000] {logging_mixin.py:190} INFO - [2025-02-20T09:25:28.890+0000] {dagbag.py:588} INFO - Filling up the DagBag from /home/airflow/.local/lib/python3.12/site-packages/airflow/example_dags/example_bash_decorator.py
[2025-02-20T09:25:28.907+0000] {processor.py:925} INFO - DAG(s) 'example_bash_decorator' retrieved from /home/airflow/.local/lib/python3.12/site-packages/airflow/example_dags/example_bash_decorator.py
[2025-02-20T09:25:28.935+0000] {logging_mixin.py:190} INFO - [2025-02-20T09:25:28.935+0000] {dag.py:3239} INFO - Sync 1 DAGs
[2025-02-20T09:25:28.950+0000] {logging_mixin.py:190} INFO - [2025-02-20T09:25:28.950+0000] {dag.py:4180} INFO - Setting next_dagrun for example_bash_decorator to None, run_after=None
[2025-02-20T09:25:28.972+0000] {processor.py:208} INFO - Processing /home/airflow/.local/lib/python3.12/site-packages/airflow/example_dags/example_bash_decorator.py took 0.091 seconds
[2025-02-20T09:25:59.600+0000] {processor.py:186} INFO - Started process (PID=227) to work on /home/airflow/.local/lib/python3.12/site-packages/airflow/example_dags/example_bash_decorator.py
[2025-02-20T09:25:59.601+0000] {processor.py:914} INFO - Processing file /home/airflow/.local/lib/python3.12/site-packages/airflow/example_dags/example_bash_decorator.py for tasks to queue
[2025-02-20T09:25:59.605+0000] {logging_mixin.py:190} INFO - [2025-02-20T09:25:59.604+0000] {dagbag.py:588} INFO - Filling up the DagBag from /home/airflow/.local/lib/python3.12/site-packages/airflow/example_dags/example_bash_decorator.py
[2025-02-20T09:25:59.622+0000] {processor.py:925} INFO - DAG(s) 'example_bash_decorator' retrieved from /home/airflow/.local/lib/python3.12/site-packages/airflow/example_dags/example_bash_decorator.py
[2025-02-20T09:25:59.650+0000] {logging_mixin.py:190} INFO - [2025-02-20T09:25:59.650+0000] {dag.py:3239} INFO - Sync 1 DAGs
[2025-02-20T09:25:59.666+0000] {logging_mixin.py:190} INFO - [2025-02-20T09:25:59.666+0000] {dag.py:4180} INFO - Setting next_dagrun for example_bash_decorator to None, run_after=None
[2025-02-20T09:25:59.688+0000] {processor.py:208} INFO - Processing /home/airflow/.local/lib/python3.12/site-packages/airflow/example_dags/example_bash_decorator.py took 0.094 seconds
[2025-02-20T09:26:29.916+0000] {processor.py:186} INFO - Started process (PID=290) to work on /home/airflow/.local/lib/python3.12/site-packages/airflow/example_dags/example_bash_decorator.py
[2025-02-20T09:26:29.917+0000] {processor.py:914} INFO - Processing file /home/airflow/.local/lib/python3.12/site-packages/airflow/example_dags/example_bash_decorator.py for tasks to queue
[2025-02-20T09:26:29.920+0000] {logging_mixin.py:190} INFO - [2025-02-20T09:26:29.919+0000] {dagbag.py:588} INFO - Filling up the DagBag from /home/airflow/.local/lib/python3.12/site-packages/airflow/example_dags/example_bash_decorator.py
[2025-02-20T09:26:29.936+0000] {processor.py:925} INFO - DAG(s) 'example_bash_decorator' retrieved from /home/airflow/.local/lib/python3.12/site-packages/airflow/example_dags/example_bash_decorator.py
[2025-02-20T09:26:29.965+0000] {logging_mixin.py:190} INFO - [2025-02-20T09:26:29.965+0000] {dag.py:3239} INFO - Sync 1 DAGs
[2025-02-20T09:26:29.982+0000] {logging_mixin.py:190} INFO - [2025-02-20T09:26:29.982+0000] {dag.py:4180} INFO - Setting next_dagrun for example_bash_decorator to None, run_after=None
[2025-02-20T09:26:30.003+0000] {processor.py:208} INFO - Processing /home/airflow/.local/lib/python3.12/site-packages/airflow/example_dags/example_bash_decorator.py took 0.094 seconds
[2025-02-20T09:27:00.115+0000] {processor.py:186} INFO - Started process (PID=353) to work on /home/airflow/.local/lib/python3.12/site-packages/airflow/example_dags/example_bash_decorator.py
[2025-02-20T09:27:00.116+0000] {processor.py:914} INFO - Processing file /home/airflow/.local/lib/python3.12/site-packages/airflow/example_dags/example_bash_decorator.py for tasks to queue
[2025-02-20T09:27:00.119+0000] {logging_mixin.py:190} INFO - [2025-02-20T09:27:00.118+0000] {dagbag.py:588} INFO - Filling up the DagBag from /home/airflow/.local/lib/python3.12/site-packages/airflow/example_dags/example_bash_decorator.py
[2025-02-20T09:27:00.136+0000] {processor.py:925} INFO - DAG(s) 'example_bash_decorator' retrieved from /home/airflow/.local/lib/python3.12/site-packages/airflow/example_dags/example_bash_decorator.py
[2025-02-20T09:27:00.166+0000] {logging_mixin.py:190} INFO - [2025-02-20T09:27:00.166+0000] {dag.py:3239} INFO - Sync 1 DAGs
[2025-02-20T09:27:00.184+0000] {logging_mixin.py:190} INFO - [2025-02-20T09:27:00.184+0000] {dag.py:4180} INFO - Setting next_dagrun for example_bash_decorator to None, run_after=None
[2025-02-20T09:27:00.203+0000] {processor.py:208} INFO - Processing /home/airflow/.local/lib/python3.12/site-packages/airflow/example_dags/example_bash_decorator.py took 0.096 seconds
[2025-02-20T09:27:31.259+0000] {processor.py:186} INFO - Started process (PID=416) to work on /home/airflow/.local/lib/python3.12/site-packages/airflow/example_dags/example_bash_decorator.py
[2025-02-20T09:27:31.260+0000] {processor.py:914} INFO - Processing file /home/airflow/.local/lib/python3.12/site-packages/airflow/example_dags/example_bash_decorator.py for tasks to queue
[2025-02-20T09:27:31.263+0000] {logging_mixin.py:190} INFO - [2025-02-20T09:27:31.263+0000] {dagbag.py:588} INFO - Filling up the DagBag from /home/airflow/.local/lib/python3.12/site-packages/airflow/example_dags/example_bash_decorator.py
[2025-02-20T09:27:31.281+0000] {processor.py:925} INFO - DAG(s) 'example_bash_decorator' retrieved from /home/airflow/.local/lib/python3.12/site-packages/airflow/example_dags/example_bash_decorator.py
[2025-02-20T09:27:31.309+0000] {logging_mixin.py:190} INFO - [2025-02-20T09:27:31.309+0000] {dag.py:3239} INFO - Sync 1 DAGs
[2025-02-20T09:27:31.324+0000] {logging_mixin.py:190} INFO - [2025-02-20T09:27:31.323+0000] {dag.py:4180} INFO - Setting next_dagrun for example_bash_decorator to None, run_after=None
[2025-02-20T09:27:31.344+0000] {processor.py:208} INFO - Processing /home/airflow/.local/lib/python3.12/site-packages/airflow/example_dags/example_bash_decorator.py took 0.092 seconds
[2025-02-20T09:28:02.316+0000] {processor.py:186} INFO - Started process (PID=479) to work on /home/airflow/.local/lib/python3.12/site-packages/airflow/example_dags/example_bash_decorator.py
[2025-02-20T09:28:02.317+0000] {processor.py:914} INFO - Processing file /home/airflow/.local/lib/python3.12/site-packages/airflow/example_dags/example_bash_decorator.py for tasks to queue
[2025-02-20T09:28:02.321+0000] {logging_mixin.py:190} INFO - [2025-02-20T09:28:02.320+0000] {dagbag.py:588} INFO - Filling up the DagBag from /home/airflow/.local/lib/python3.12/site-packages/airflow/example_dags/example_bash_decorator.py
[2025-02-20T09:28:02.337+0000] {processor.py:925} INFO - DAG(s) 'example_bash_decorator' retrieved from /home/airflow/.local/lib/python3.12/site-packages/airflow/example_dags/example_bash_decorator.py
[2025-02-20T09:28:02.371+0000] {logging_mixin.py:190} INFO - [2025-02-20T09:28:02.371+0000] {dag.py:3239} INFO - Sync 1 DAGs
[2025-02-20T09:28:02.387+0000] {logging_mixin.py:190} INFO - [2025-02-20T09:28:02.387+0000] {dag.py:4180} INFO - Setting next_dagrun for example_bash_decorator to None, run_after=None
[2025-02-20T09:28:02.411+0000] {processor.py:208} INFO - Processing /home/airflow/.local/lib/python3.12/site-packages/airflow/example_dags/example_bash_decorator.py took 0.101 seconds
