[2025-02-20T09:25:02.550+0000] {processor.py:186} INFO - Started process (PID=119) to work on /home/airflow/.local/lib/python3.12/site-packages/airflow/example_dags/example_setup_teardown.py
[2025-02-20T09:25:02.552+0000] {processor.py:914} INFO - Processing file /home/airflow/.local/lib/python3.12/site-packages/airflow/example_dags/example_setup_teardown.py for tasks to queue
[2025-02-20T09:25:02.555+0000] {logging_mixin.py:190} INFO - [2025-02-20T09:25:02.555+0000] {dagbag.py:588} INFO - Filling up the DagBag from /home/airflow/.local/lib/python3.12/site-packages/airflow/example_dags/example_setup_teardown.py
[2025-02-20T09:25:02.569+0000] {processor.py:925} INFO - DAG(s) 'example_setup_teardown' retrieved from /home/airflow/.local/lib/python3.12/site-packages/airflow/example_dags/example_setup_teardown.py
[2025-02-20T09:25:02.763+0000] {logging_mixin.py:190} INFO - [2025-02-20T09:25:02.762+0000] {override.py:1911} INFO - Created Permission View: can edit on DAG:example_setup_teardown
[2025-02-20T09:25:02.785+0000] {logging_mixin.py:190} INFO - [2025-02-20T09:25:02.784+0000] {override.py:1911} INFO - Created Permission View: can delete on DAG:example_setup_teardown
[2025-02-20T09:25:02.799+0000] {logging_mixin.py:190} INFO - [2025-02-20T09:25:02.799+0000] {override.py:1911} INFO - Created Permission View: can read on DAG:example_setup_teardown
[2025-02-20T09:25:02.814+0000] {logging_mixin.py:190} INFO - [2025-02-20T09:25:02.813+0000] {override.py:1911} INFO - Created Permission View: can create on DAG Run:example_setup_teardown
[2025-02-20T09:25:02.827+0000] {logging_mixin.py:190} INFO - [2025-02-20T09:25:02.827+0000] {override.py:1911} INFO - Created Permission View: menu access on DAG Run:example_setup_teardown
[2025-02-20T09:25:02.838+0000] {logging_mixin.py:190} INFO - [2025-02-20T09:25:02.838+0000] {override.py:1911} INFO - Created Permission View: can delete on DAG Run:example_setup_teardown
[2025-02-20T09:25:02.849+0000] {logging_mixin.py:190} INFO - [2025-02-20T09:25:02.849+0000] {override.py:1911} INFO - Created Permission View: can read on DAG Run:example_setup_teardown
[2025-02-20T09:25:02.850+0000] {logging_mixin.py:190} INFO - [2025-02-20T09:25:02.850+0000] {dag.py:3239} INFO - Sync 1 DAGs
[2025-02-20T09:25:02.875+0000] {logging_mixin.py:190} INFO - [2025-02-20T09:25:02.874+0000] {dag.py:3262} INFO - Creating ORM DAG for example_setup_teardown
[2025-02-20T09:25:02.876+0000] {logging_mixin.py:190} INFO - [2025-02-20T09:25:02.876+0000] {dag.py:4180} INFO - Setting next_dagrun for example_setup_teardown to None, run_after=None
[2025-02-20T09:25:02.898+0000] {processor.py:208} INFO - Processing /home/airflow/.local/lib/python3.12/site-packages/airflow/example_dags/example_setup_teardown.py took 0.356 seconds
[2025-02-20T09:25:33.322+0000] {processor.py:186} INFO - Started process (PID=182) to work on /home/airflow/.local/lib/python3.12/site-packages/airflow/example_dags/example_setup_teardown.py
[2025-02-20T09:25:33.323+0000] {processor.py:914} INFO - Processing file /home/airflow/.local/lib/python3.12/site-packages/airflow/example_dags/example_setup_teardown.py for tasks to queue
[2025-02-20T09:25:33.326+0000] {logging_mixin.py:190} INFO - [2025-02-20T09:25:33.326+0000] {dagbag.py:588} INFO - Filling up the DagBag from /home/airflow/.local/lib/python3.12/site-packages/airflow/example_dags/example_setup_teardown.py
[2025-02-20T09:25:33.337+0000] {processor.py:925} INFO - DAG(s) 'example_setup_teardown' retrieved from /home/airflow/.local/lib/python3.12/site-packages/airflow/example_dags/example_setup_teardown.py
[2025-02-20T09:25:33.364+0000] {logging_mixin.py:190} INFO - [2025-02-20T09:25:33.364+0000] {dag.py:3239} INFO - Sync 1 DAGs
[2025-02-20T09:25:33.381+0000] {logging_mixin.py:190} INFO - [2025-02-20T09:25:33.381+0000] {dag.py:4180} INFO - Setting next_dagrun for example_setup_teardown to None, run_after=None
[2025-02-20T09:25:33.404+0000] {processor.py:208} INFO - Processing /home/airflow/.local/lib/python3.12/site-packages/airflow/example_dags/example_setup_teardown.py took 0.090 seconds
[2025-02-20T09:26:04.118+0000] {processor.py:186} INFO - Started process (PID=245) to work on /home/airflow/.local/lib/python3.12/site-packages/airflow/example_dags/example_setup_teardown.py
[2025-02-20T09:26:04.120+0000] {processor.py:914} INFO - Processing file /home/airflow/.local/lib/python3.12/site-packages/airflow/example_dags/example_setup_teardown.py for tasks to queue
[2025-02-20T09:26:04.123+0000] {logging_mixin.py:190} INFO - [2025-02-20T09:26:04.122+0000] {dagbag.py:588} INFO - Filling up the DagBag from /home/airflow/.local/lib/python3.12/site-packages/airflow/example_dags/example_setup_teardown.py
[2025-02-20T09:26:04.133+0000] {processor.py:925} INFO - DAG(s) 'example_setup_teardown' retrieved from /home/airflow/.local/lib/python3.12/site-packages/airflow/example_dags/example_setup_teardown.py
[2025-02-20T09:26:04.167+0000] {logging_mixin.py:190} INFO - [2025-02-20T09:26:04.167+0000] {dag.py:3239} INFO - Sync 1 DAGs
[2025-02-20T09:26:04.187+0000] {logging_mixin.py:190} INFO - [2025-02-20T09:26:04.186+0000] {dag.py:4180} INFO - Setting next_dagrun for example_setup_teardown to None, run_after=None
[2025-02-20T09:26:04.213+0000] {processor.py:208} INFO - Processing /home/airflow/.local/lib/python3.12/site-packages/airflow/example_dags/example_setup_teardown.py took 0.104 seconds
[2025-02-20T09:26:34.446+0000] {processor.py:186} INFO - Started process (PID=308) to work on /home/airflow/.local/lib/python3.12/site-packages/airflow/example_dags/example_setup_teardown.py
[2025-02-20T09:26:34.447+0000] {processor.py:914} INFO - Processing file /home/airflow/.local/lib/python3.12/site-packages/airflow/example_dags/example_setup_teardown.py for tasks to queue
[2025-02-20T09:26:34.450+0000] {logging_mixin.py:190} INFO - [2025-02-20T09:26:34.450+0000] {dagbag.py:588} INFO - Filling up the DagBag from /home/airflow/.local/lib/python3.12/site-packages/airflow/example_dags/example_setup_teardown.py
[2025-02-20T09:26:34.460+0000] {processor.py:925} INFO - DAG(s) 'example_setup_teardown' retrieved from /home/airflow/.local/lib/python3.12/site-packages/airflow/example_dags/example_setup_teardown.py
[2025-02-20T09:26:34.486+0000] {logging_mixin.py:190} INFO - [2025-02-20T09:26:34.485+0000] {dag.py:3239} INFO - Sync 1 DAGs
[2025-02-20T09:26:34.501+0000] {logging_mixin.py:190} INFO - [2025-02-20T09:26:34.501+0000] {dag.py:4180} INFO - Setting next_dagrun for example_setup_teardown to None, run_after=None
[2025-02-20T09:26:34.523+0000] {processor.py:208} INFO - Processing /home/airflow/.local/lib/python3.12/site-packages/airflow/example_dags/example_setup_teardown.py took 0.084 seconds
[2025-02-20T09:27:04.708+0000] {processor.py:186} INFO - Started process (PID=370) to work on /home/airflow/.local/lib/python3.12/site-packages/airflow/example_dags/example_setup_teardown.py
[2025-02-20T09:27:04.709+0000] {processor.py:914} INFO - Processing file /home/airflow/.local/lib/python3.12/site-packages/airflow/example_dags/example_setup_teardown.py for tasks to queue
[2025-02-20T09:27:04.713+0000] {logging_mixin.py:190} INFO - [2025-02-20T09:27:04.712+0000] {dagbag.py:588} INFO - Filling up the DagBag from /home/airflow/.local/lib/python3.12/site-packages/airflow/example_dags/example_setup_teardown.py
[2025-02-20T09:27:04.722+0000] {processor.py:925} INFO - DAG(s) 'example_setup_teardown' retrieved from /home/airflow/.local/lib/python3.12/site-packages/airflow/example_dags/example_setup_teardown.py
[2025-02-20T09:27:04.748+0000] {logging_mixin.py:190} INFO - [2025-02-20T09:27:04.747+0000] {dag.py:3239} INFO - Sync 1 DAGs
[2025-02-20T09:27:04.763+0000] {logging_mixin.py:190} INFO - [2025-02-20T09:27:04.762+0000] {dag.py:4180} INFO - Setting next_dagrun for example_setup_teardown to None, run_after=None
[2025-02-20T09:27:04.785+0000] {processor.py:208} INFO - Processing /home/airflow/.local/lib/python3.12/site-packages/airflow/example_dags/example_setup_teardown.py took 0.083 seconds
[2025-02-20T09:27:34.915+0000] {processor.py:186} INFO - Started process (PID=433) to work on /home/airflow/.local/lib/python3.12/site-packages/airflow/example_dags/example_setup_teardown.py
[2025-02-20T09:27:34.917+0000] {processor.py:914} INFO - Processing file /home/airflow/.local/lib/python3.12/site-packages/airflow/example_dags/example_setup_teardown.py for tasks to queue
[2025-02-20T09:27:34.920+0000] {logging_mixin.py:190} INFO - [2025-02-20T09:27:34.920+0000] {dagbag.py:588} INFO - Filling up the DagBag from /home/airflow/.local/lib/python3.12/site-packages/airflow/example_dags/example_setup_teardown.py
[2025-02-20T09:27:34.930+0000] {processor.py:925} INFO - DAG(s) 'example_setup_teardown' retrieved from /home/airflow/.local/lib/python3.12/site-packages/airflow/example_dags/example_setup_teardown.py
[2025-02-20T09:27:34.961+0000] {logging_mixin.py:190} INFO - [2025-02-20T09:27:34.961+0000] {dag.py:3239} INFO - Sync 1 DAGs
[2025-02-20T09:27:34.979+0000] {logging_mixin.py:190} INFO - [2025-02-20T09:27:34.979+0000] {dag.py:4180} INFO - Setting next_dagrun for example_setup_teardown to None, run_after=None
[2025-02-20T09:27:35.005+0000] {processor.py:208} INFO - Processing /home/airflow/.local/lib/python3.12/site-packages/airflow/example_dags/example_setup_teardown.py took 0.097 seconds
[2025-02-20T09:28:05.773+0000] {processor.py:186} INFO - Started process (PID=496) to work on /home/airflow/.local/lib/python3.12/site-packages/airflow/example_dags/example_setup_teardown.py
[2025-02-20T09:28:05.774+0000] {processor.py:914} INFO - Processing file /home/airflow/.local/lib/python3.12/site-packages/airflow/example_dags/example_setup_teardown.py for tasks to queue
[2025-02-20T09:28:05.777+0000] {logging_mixin.py:190} INFO - [2025-02-20T09:28:05.777+0000] {dagbag.py:588} INFO - Filling up the DagBag from /home/airflow/.local/lib/python3.12/site-packages/airflow/example_dags/example_setup_teardown.py
[2025-02-20T09:28:05.789+0000] {processor.py:925} INFO - DAG(s) 'example_setup_teardown' retrieved from /home/airflow/.local/lib/python3.12/site-packages/airflow/example_dags/example_setup_teardown.py
[2025-02-20T09:28:05.816+0000] {logging_mixin.py:190} INFO - [2025-02-20T09:28:05.816+0000] {dag.py:3239} INFO - Sync 1 DAGs
[2025-02-20T09:28:05.832+0000] {logging_mixin.py:190} INFO - [2025-02-20T09:28:05.832+0000] {dag.py:4180} INFO - Setting next_dagrun for example_setup_teardown to None, run_after=None
[2025-02-20T09:28:05.855+0000] {processor.py:208} INFO - Processing /home/airflow/.local/lib/python3.12/site-packages/airflow/example_dags/example_setup_teardown.py took 0.089 seconds
