[2025-02-20T09:25:00.455+0000] {processor.py:186} INFO - Started process (PID=112) to work on /home/airflow/.local/lib/python3.12/site-packages/airflow/example_dags/example_datasets.py
[2025-02-20T09:25:00.456+0000] {processor.py:914} INFO - Processing file /home/airflow/.local/lib/python3.12/site-packages/airflow/example_dags/example_datasets.py for tasks to queue
[2025-02-20T09:25:00.460+0000] {logging_mixin.py:190} INFO - [2025-02-20T09:25:00.459+0000] {dagbag.py:588} INFO - Filling up the DagBag from /home/airflow/.local/lib/python3.12/site-packages/airflow/example_dags/example_datasets.py
[2025-02-20T09:25:01.281+0000] {processor.py:925} INFO - DAG(s) 'consume_1_or_both_2_and_3_with_dataset_expressions', 'dataset_consumes_unknown_never_scheduled', 'conditional_dataset_and_time_based_timetable', 'dataset_produces_1', 'dataset_consumes_1', 'dataset_produces_2', 'consume_1_or_2_with_dataset_expressions', 'dataset_consumes_1_never_scheduled', 'consume_1_and_2_with_dataset_expressions', 'dataset_consumes_1_and_2' retrieved from /home/airflow/.local/lib/python3.12/site-packages/airflow/example_dags/example_datasets.py
[2025-02-20T09:25:01.430+0000] {logging_mixin.py:190} INFO - [2025-02-20T09:25:01.429+0000] {override.py:1911} INFO - Created Permission View: can edit on DAG:consume_1_or_both_2_and_3_with_dataset_expressions
[2025-02-20T09:25:01.447+0000] {logging_mixin.py:190} INFO - [2025-02-20T09:25:01.447+0000] {override.py:1911} INFO - Created Permission View: can delete on DAG:consume_1_or_both_2_and_3_with_dataset_expressions
[2025-02-20T09:25:01.458+0000] {logging_mixin.py:190} INFO - [2025-02-20T09:25:01.457+0000] {override.py:1911} INFO - Created Permission View: can read on DAG:consume_1_or_both_2_and_3_with_dataset_expressions
[2025-02-20T09:25:01.470+0000] {logging_mixin.py:190} INFO - [2025-02-20T09:25:01.470+0000] {override.py:1911} INFO - Created Permission View: can create on DAG Run:consume_1_or_both_2_and_3_with_dataset_expressions
[2025-02-20T09:25:01.480+0000] {logging_mixin.py:190} INFO - [2025-02-20T09:25:01.480+0000] {override.py:1911} INFO - Created Permission View: menu access on DAG Run:consume_1_or_both_2_and_3_with_dataset_expressions
[2025-02-20T09:25:01.491+0000] {logging_mixin.py:190} INFO - [2025-02-20T09:25:01.491+0000] {override.py:1911} INFO - Created Permission View: can delete on DAG Run:consume_1_or_both_2_and_3_with_dataset_expressions
[2025-02-20T09:25:01.501+0000] {logging_mixin.py:190} INFO - [2025-02-20T09:25:01.501+0000] {override.py:1911} INFO - Created Permission View: can read on DAG Run:consume_1_or_both_2_and_3_with_dataset_expressions
[2025-02-20T09:25:01.524+0000] {logging_mixin.py:190} INFO - [2025-02-20T09:25:01.523+0000] {override.py:1911} INFO - Created Permission View: can edit on DAG:dataset_consumes_unknown_never_scheduled
[2025-02-20T09:25:01.534+0000] {logging_mixin.py:190} INFO - [2025-02-20T09:25:01.533+0000] {override.py:1911} INFO - Created Permission View: can delete on DAG:dataset_consumes_unknown_never_scheduled
[2025-02-20T09:25:01.543+0000] {logging_mixin.py:190} INFO - [2025-02-20T09:25:01.543+0000] {override.py:1911} INFO - Created Permission View: can read on DAG:dataset_consumes_unknown_never_scheduled
[2025-02-20T09:25:01.555+0000] {logging_mixin.py:190} INFO - [2025-02-20T09:25:01.555+0000] {override.py:1911} INFO - Created Permission View: can create on DAG Run:dataset_consumes_unknown_never_scheduled
[2025-02-20T09:25:01.565+0000] {logging_mixin.py:190} INFO - [2025-02-20T09:25:01.565+0000] {override.py:1911} INFO - Created Permission View: menu access on DAG Run:dataset_consumes_unknown_never_scheduled
[2025-02-20T09:25:01.579+0000] {logging_mixin.py:190} INFO - [2025-02-20T09:25:01.579+0000] {override.py:1911} INFO - Created Permission View: can delete on DAG Run:dataset_consumes_unknown_never_scheduled
[2025-02-20T09:25:01.594+0000] {logging_mixin.py:190} INFO - [2025-02-20T09:25:01.594+0000] {override.py:1911} INFO - Created Permission View: can read on DAG Run:dataset_consumes_unknown_never_scheduled
[2025-02-20T09:25:01.627+0000] {logging_mixin.py:190} INFO - [2025-02-20T09:25:01.626+0000] {override.py:1911} INFO - Created Permission View: can edit on DAG:conditional_dataset_and_time_based_timetable
[2025-02-20T09:25:01.653+0000] {logging_mixin.py:190} INFO - [2025-02-20T09:25:01.651+0000] {override.py:1911} INFO - Created Permission View: can delete on DAG:conditional_dataset_and_time_based_timetable
[2025-02-20T09:25:01.673+0000] {logging_mixin.py:190} INFO - [2025-02-20T09:25:01.672+0000] {override.py:1911} INFO - Created Permission View: can read on DAG:conditional_dataset_and_time_based_timetable
[2025-02-20T09:25:01.687+0000] {logging_mixin.py:190} INFO - [2025-02-20T09:25:01.687+0000] {override.py:1911} INFO - Created Permission View: can create on DAG Run:conditional_dataset_and_time_based_timetable
[2025-02-20T09:25:01.701+0000] {logging_mixin.py:190} INFO - [2025-02-20T09:25:01.700+0000] {override.py:1911} INFO - Created Permission View: menu access on DAG Run:conditional_dataset_and_time_based_timetable
[2025-02-20T09:25:01.713+0000] {logging_mixin.py:190} INFO - [2025-02-20T09:25:01.712+0000] {override.py:1911} INFO - Created Permission View: can delete on DAG Run:conditional_dataset_and_time_based_timetable
[2025-02-20T09:25:01.724+0000] {logging_mixin.py:190} INFO - [2025-02-20T09:25:01.724+0000] {override.py:1911} INFO - Created Permission View: can read on DAG Run:conditional_dataset_and_time_based_timetable
[2025-02-20T09:25:01.748+0000] {logging_mixin.py:190} INFO - [2025-02-20T09:25:01.748+0000] {override.py:1911} INFO - Created Permission View: can edit on DAG:dataset_produces_1
[2025-02-20T09:25:01.760+0000] {logging_mixin.py:190} INFO - [2025-02-20T09:25:01.760+0000] {override.py:1911} INFO - Created Permission View: can delete on DAG:dataset_produces_1
[2025-02-20T09:25:01.774+0000] {logging_mixin.py:190} INFO - [2025-02-20T09:25:01.774+0000] {override.py:1911} INFO - Created Permission View: can read on DAG:dataset_produces_1
[2025-02-20T09:25:01.789+0000] {logging_mixin.py:190} INFO - [2025-02-20T09:25:01.788+0000] {override.py:1911} INFO - Created Permission View: can create on DAG Run:dataset_produces_1
[2025-02-20T09:25:01.805+0000] {logging_mixin.py:190} INFO - [2025-02-20T09:25:01.805+0000] {override.py:1911} INFO - Created Permission View: menu access on DAG Run:dataset_produces_1
[2025-02-20T09:25:01.819+0000] {logging_mixin.py:190} INFO - [2025-02-20T09:25:01.819+0000] {override.py:1911} INFO - Created Permission View: can delete on DAG Run:dataset_produces_1
[2025-02-20T09:25:01.831+0000] {logging_mixin.py:190} INFO - [2025-02-20T09:25:01.830+0000] {override.py:1911} INFO - Created Permission View: can read on DAG Run:dataset_produces_1
[2025-02-20T09:25:01.850+0000] {logging_mixin.py:190} INFO - [2025-02-20T09:25:01.849+0000] {override.py:1911} INFO - Created Permission View: can edit on DAG:dataset_consumes_1
[2025-02-20T09:25:01.860+0000] {logging_mixin.py:190} INFO - [2025-02-20T09:25:01.859+0000] {override.py:1911} INFO - Created Permission View: can delete on DAG:dataset_consumes_1
[2025-02-20T09:25:01.871+0000] {logging_mixin.py:190} INFO - [2025-02-20T09:25:01.870+0000] {override.py:1911} INFO - Created Permission View: can read on DAG:dataset_consumes_1
[2025-02-20T09:25:01.883+0000] {logging_mixin.py:190} INFO - [2025-02-20T09:25:01.882+0000] {override.py:1911} INFO - Created Permission View: can create on DAG Run:dataset_consumes_1
[2025-02-20T09:25:01.892+0000] {logging_mixin.py:190} INFO - [2025-02-20T09:25:01.892+0000] {override.py:1911} INFO - Created Permission View: menu access on DAG Run:dataset_consumes_1
[2025-02-20T09:25:01.903+0000] {logging_mixin.py:190} INFO - [2025-02-20T09:25:01.903+0000] {override.py:1911} INFO - Created Permission View: can delete on DAG Run:dataset_consumes_1
[2025-02-20T09:25:01.915+0000] {logging_mixin.py:190} INFO - [2025-02-20T09:25:01.914+0000] {override.py:1911} INFO - Created Permission View: can read on DAG Run:dataset_consumes_1
[2025-02-20T09:25:01.932+0000] {logging_mixin.py:190} INFO - [2025-02-20T09:25:01.932+0000] {override.py:1911} INFO - Created Permission View: can edit on DAG:dataset_produces_2
[2025-02-20T09:25:01.943+0000] {logging_mixin.py:190} INFO - [2025-02-20T09:25:01.943+0000] {override.py:1911} INFO - Created Permission View: can delete on DAG:dataset_produces_2
[2025-02-20T09:25:01.954+0000] {logging_mixin.py:190} INFO - [2025-02-20T09:25:01.954+0000] {override.py:1911} INFO - Created Permission View: can read on DAG:dataset_produces_2
[2025-02-20T09:25:01.966+0000] {logging_mixin.py:190} INFO - [2025-02-20T09:25:01.965+0000] {override.py:1911} INFO - Created Permission View: can create on DAG Run:dataset_produces_2
[2025-02-20T09:25:01.976+0000] {logging_mixin.py:190} INFO - [2025-02-20T09:25:01.976+0000] {override.py:1911} INFO - Created Permission View: menu access on DAG Run:dataset_produces_2
[2025-02-20T09:25:01.988+0000] {logging_mixin.py:190} INFO - [2025-02-20T09:25:01.988+0000] {override.py:1911} INFO - Created Permission View: can delete on DAG Run:dataset_produces_2
[2025-02-20T09:25:02.002+0000] {logging_mixin.py:190} INFO - [2025-02-20T09:25:02.002+0000] {override.py:1911} INFO - Created Permission View: can read on DAG Run:dataset_produces_2
[2025-02-20T09:25:02.023+0000] {logging_mixin.py:190} INFO - [2025-02-20T09:25:02.022+0000] {override.py:1911} INFO - Created Permission View: can edit on DAG:consume_1_or_2_with_dataset_expressions
[2025-02-20T09:25:02.034+0000] {logging_mixin.py:190} INFO - [2025-02-20T09:25:02.034+0000] {override.py:1911} INFO - Created Permission View: can delete on DAG:consume_1_or_2_with_dataset_expressions
[2025-02-20T09:25:02.045+0000] {logging_mixin.py:190} INFO - [2025-02-20T09:25:02.044+0000] {override.py:1911} INFO - Created Permission View: can read on DAG:consume_1_or_2_with_dataset_expressions
[2025-02-20T09:25:02.055+0000] {logging_mixin.py:190} INFO - [2025-02-20T09:25:02.055+0000] {override.py:1911} INFO - Created Permission View: can create on DAG Run:consume_1_or_2_with_dataset_expressions
[2025-02-20T09:25:02.066+0000] {logging_mixin.py:190} INFO - [2025-02-20T09:25:02.066+0000] {override.py:1911} INFO - Created Permission View: menu access on DAG Run:consume_1_or_2_with_dataset_expressions
[2025-02-20T09:25:02.077+0000] {logging_mixin.py:190} INFO - [2025-02-20T09:25:02.077+0000] {override.py:1911} INFO - Created Permission View: can delete on DAG Run:consume_1_or_2_with_dataset_expressions
[2025-02-20T09:25:02.089+0000] {logging_mixin.py:190} INFO - [2025-02-20T09:25:02.088+0000] {override.py:1911} INFO - Created Permission View: can read on DAG Run:consume_1_or_2_with_dataset_expressions
[2025-02-20T09:25:02.111+0000] {logging_mixin.py:190} INFO - [2025-02-20T09:25:02.110+0000] {override.py:1911} INFO - Created Permission View: can edit on DAG:dataset_consumes_1_never_scheduled
[2025-02-20T09:25:02.122+0000] {logging_mixin.py:190} INFO - [2025-02-20T09:25:02.122+0000] {override.py:1911} INFO - Created Permission View: can delete on DAG:dataset_consumes_1_never_scheduled
[2025-02-20T09:25:02.134+0000] {logging_mixin.py:190} INFO - [2025-02-20T09:25:02.134+0000] {override.py:1911} INFO - Created Permission View: can read on DAG:dataset_consumes_1_never_scheduled
[2025-02-20T09:25:02.147+0000] {logging_mixin.py:190} INFO - [2025-02-20T09:25:02.146+0000] {override.py:1911} INFO - Created Permission View: can create on DAG Run:dataset_consumes_1_never_scheduled
[2025-02-20T09:25:02.158+0000] {logging_mixin.py:190} INFO - [2025-02-20T09:25:02.158+0000] {override.py:1911} INFO - Created Permission View: menu access on DAG Run:dataset_consumes_1_never_scheduled
[2025-02-20T09:25:02.170+0000] {logging_mixin.py:190} INFO - [2025-02-20T09:25:02.170+0000] {override.py:1911} INFO - Created Permission View: can delete on DAG Run:dataset_consumes_1_never_scheduled
[2025-02-20T09:25:02.181+0000] {logging_mixin.py:190} INFO - [2025-02-20T09:25:02.180+0000] {override.py:1911} INFO - Created Permission View: can read on DAG Run:dataset_consumes_1_never_scheduled
[2025-02-20T09:25:02.202+0000] {logging_mixin.py:190} INFO - [2025-02-20T09:25:02.201+0000] {override.py:1911} INFO - Created Permission View: can edit on DAG:consume_1_and_2_with_dataset_expressions
[2025-02-20T09:25:02.213+0000] {logging_mixin.py:190} INFO - [2025-02-20T09:25:02.212+0000] {override.py:1911} INFO - Created Permission View: can delete on DAG:consume_1_and_2_with_dataset_expressions
[2025-02-20T09:25:02.224+0000] {logging_mixin.py:190} INFO - [2025-02-20T09:25:02.224+0000] {override.py:1911} INFO - Created Permission View: can read on DAG:consume_1_and_2_with_dataset_expressions
[2025-02-20T09:25:02.239+0000] {logging_mixin.py:190} INFO - [2025-02-20T09:25:02.238+0000] {override.py:1911} INFO - Created Permission View: can create on DAG Run:consume_1_and_2_with_dataset_expressions
[2025-02-20T09:25:02.249+0000] {logging_mixin.py:190} INFO - [2025-02-20T09:25:02.249+0000] {override.py:1911} INFO - Created Permission View: menu access on DAG Run:consume_1_and_2_with_dataset_expressions
[2025-02-20T09:25:02.260+0000] {logging_mixin.py:190} INFO - [2025-02-20T09:25:02.260+0000] {override.py:1911} INFO - Created Permission View: can delete on DAG Run:consume_1_and_2_with_dataset_expressions
[2025-02-20T09:25:02.273+0000] {logging_mixin.py:190} INFO - [2025-02-20T09:25:02.272+0000] {override.py:1911} INFO - Created Permission View: can read on DAG Run:consume_1_and_2_with_dataset_expressions
[2025-02-20T09:25:02.294+0000] {logging_mixin.py:190} INFO - [2025-02-20T09:25:02.293+0000] {override.py:1911} INFO - Created Permission View: can edit on DAG:dataset_consumes_1_and_2
[2025-02-20T09:25:02.308+0000] {logging_mixin.py:190} INFO - [2025-02-20T09:25:02.308+0000] {override.py:1911} INFO - Created Permission View: can delete on DAG:dataset_consumes_1_and_2
[2025-02-20T09:25:02.321+0000] {logging_mixin.py:190} INFO - [2025-02-20T09:25:02.320+0000] {override.py:1911} INFO - Created Permission View: can read on DAG:dataset_consumes_1_and_2
[2025-02-20T09:25:02.336+0000] {logging_mixin.py:190} INFO - [2025-02-20T09:25:02.335+0000] {override.py:1911} INFO - Created Permission View: can create on DAG Run:dataset_consumes_1_and_2
[2025-02-20T09:25:02.346+0000] {logging_mixin.py:190} INFO - [2025-02-20T09:25:02.345+0000] {override.py:1911} INFO - Created Permission View: menu access on DAG Run:dataset_consumes_1_and_2
[2025-02-20T09:25:02.358+0000] {logging_mixin.py:190} INFO - [2025-02-20T09:25:02.357+0000] {override.py:1911} INFO - Created Permission View: can delete on DAG Run:dataset_consumes_1_and_2
[2025-02-20T09:25:02.368+0000] {logging_mixin.py:190} INFO - [2025-02-20T09:25:02.367+0000] {override.py:1911} INFO - Created Permission View: can read on DAG Run:dataset_consumes_1_and_2
[2025-02-20T09:25:02.368+0000] {logging_mixin.py:190} INFO - [2025-02-20T09:25:02.368+0000] {dag.py:3239} INFO - Sync 10 DAGs
[2025-02-20T09:25:02.396+0000] {logging_mixin.py:190} INFO - [2025-02-20T09:25:02.395+0000] {dag.py:3262} INFO - Creating ORM DAG for dataset_consumes_1_never_scheduled
[2025-02-20T09:25:02.398+0000] {logging_mixin.py:190} INFO - [2025-02-20T09:25:02.397+0000] {dag.py:3262} INFO - Creating ORM DAG for consume_1_or_both_2_and_3_with_dataset_expressions
[2025-02-20T09:25:02.399+0000] {logging_mixin.py:190} INFO - [2025-02-20T09:25:02.399+0000] {dag.py:3262} INFO - Creating ORM DAG for dataset_consumes_1_and_2
[2025-02-20T09:25:02.401+0000] {logging_mixin.py:190} INFO - [2025-02-20T09:25:02.400+0000] {dag.py:3262} INFO - Creating ORM DAG for conditional_dataset_and_time_based_timetable
[2025-02-20T09:25:02.402+0000] {logging_mixin.py:190} INFO - [2025-02-20T09:25:02.402+0000] {dag.py:3262} INFO - Creating ORM DAG for dataset_produces_2
[2025-02-20T09:25:02.404+0000] {logging_mixin.py:190} INFO - [2025-02-20T09:25:02.404+0000] {dag.py:3262} INFO - Creating ORM DAG for dataset_consumes_unknown_never_scheduled
[2025-02-20T09:25:02.406+0000] {logging_mixin.py:190} INFO - [2025-02-20T09:25:02.406+0000] {dag.py:3262} INFO - Creating ORM DAG for dataset_consumes_1
[2025-02-20T09:25:02.408+0000] {logging_mixin.py:190} INFO - [2025-02-20T09:25:02.407+0000] {dag.py:3262} INFO - Creating ORM DAG for consume_1_and_2_with_dataset_expressions
[2025-02-20T09:25:02.409+0000] {logging_mixin.py:190} INFO - [2025-02-20T09:25:02.409+0000] {dag.py:3262} INFO - Creating ORM DAG for consume_1_or_2_with_dataset_expressions
[2025-02-20T09:25:02.411+0000] {logging_mixin.py:190} INFO - [2025-02-20T09:25:02.411+0000] {dag.py:3262} INFO - Creating ORM DAG for dataset_produces_1
[2025-02-20T09:25:02.432+0000] {logging_mixin.py:190} INFO - [2025-02-20T09:25:02.432+0000] {dag.py:4180} INFO - Setting next_dagrun for conditional_dataset_and_time_based_timetable to 2025-02-19 01:00:00+00:00, run_after=2025-02-19 01:00:00+00:00
[2025-02-20T09:25:02.434+0000] {logging_mixin.py:190} INFO - [2025-02-20T09:25:02.433+0000] {dag.py:4180} INFO - Setting next_dagrun for consume_1_and_2_with_dataset_expressions to None, run_after=None
[2025-02-20T09:25:02.435+0000] {logging_mixin.py:190} INFO - [2025-02-20T09:25:02.434+0000] {dag.py:4180} INFO - Setting next_dagrun for consume_1_or_2_with_dataset_expressions to None, run_after=None
[2025-02-20T09:25:02.436+0000] {logging_mixin.py:190} INFO - [2025-02-20T09:25:02.436+0000] {dag.py:4180} INFO - Setting next_dagrun for consume_1_or_both_2_and_3_with_dataset_expressions to None, run_after=None
[2025-02-20T09:25:02.437+0000] {logging_mixin.py:190} INFO - [2025-02-20T09:25:02.437+0000] {dag.py:4180} INFO - Setting next_dagrun for dataset_consumes_1 to None, run_after=None
[2025-02-20T09:25:02.439+0000] {logging_mixin.py:190} INFO - [2025-02-20T09:25:02.438+0000] {dag.py:4180} INFO - Setting next_dagrun for dataset_consumes_1_and_2 to None, run_after=None
[2025-02-20T09:25:02.441+0000] {logging_mixin.py:190} INFO - [2025-02-20T09:25:02.440+0000] {dag.py:4180} INFO - Setting next_dagrun for dataset_consumes_1_never_scheduled to None, run_after=None
[2025-02-20T09:25:02.443+0000] {logging_mixin.py:190} INFO - [2025-02-20T09:25:02.442+0000] {dag.py:4180} INFO - Setting next_dagrun for dataset_consumes_unknown_never_scheduled to None, run_after=None
[2025-02-20T09:25:02.446+0000] {logging_mixin.py:190} INFO - [2025-02-20T09:25:02.445+0000] {dag.py:4180} INFO - Setting next_dagrun for dataset_produces_1 to 2025-02-19 00:00:00+00:00, run_after=2025-02-20 00:00:00+00:00
[2025-02-20T09:25:02.447+0000] {logging_mixin.py:190} INFO - [2025-02-20T09:25:02.447+0000] {dag.py:4180} INFO - Setting next_dagrun for dataset_produces_2 to None, run_after=None
[2025-02-20T09:25:02.507+0000] {processor.py:208} INFO - Processing /home/airflow/.local/lib/python3.12/site-packages/airflow/example_dags/example_datasets.py took 2.061 seconds
[2025-02-20T09:25:32.571+0000] {processor.py:186} INFO - Started process (PID=180) to work on /home/airflow/.local/lib/python3.12/site-packages/airflow/example_dags/example_datasets.py
[2025-02-20T09:25:32.572+0000] {processor.py:914} INFO - Processing file /home/airflow/.local/lib/python3.12/site-packages/airflow/example_dags/example_datasets.py for tasks to queue
[2025-02-20T09:25:32.575+0000] {logging_mixin.py:190} INFO - [2025-02-20T09:25:32.575+0000] {dagbag.py:588} INFO - Filling up the DagBag from /home/airflow/.local/lib/python3.12/site-packages/airflow/example_dags/example_datasets.py
[2025-02-20T09:25:33.147+0000] {processor.py:925} INFO - DAG(s) 'dataset_consumes_unknown_never_scheduled', 'consume_1_or_2_with_dataset_expressions', 'dataset_produces_1', 'dataset_produces_2', 'dataset_consumes_1_never_scheduled', 'dataset_consumes_1', 'conditional_dataset_and_time_based_timetable', 'consume_1_or_both_2_and_3_with_dataset_expressions', 'dataset_consumes_1_and_2', 'consume_1_and_2_with_dataset_expressions' retrieved from /home/airflow/.local/lib/python3.12/site-packages/airflow/example_dags/example_datasets.py
[2025-02-20T09:25:33.196+0000] {logging_mixin.py:190} INFO - [2025-02-20T09:25:33.196+0000] {dag.py:3239} INFO - Sync 10 DAGs
[2025-02-20T09:25:33.223+0000] {logging_mixin.py:190} INFO - [2025-02-20T09:25:33.223+0000] {dag.py:4180} INFO - Setting next_dagrun for conditional_dataset_and_time_based_timetable to 2025-02-19 01:00:00+00:00, run_after=2025-02-19 01:00:00+00:00
[2025-02-20T09:25:33.228+0000] {logging_mixin.py:190} INFO - [2025-02-20T09:25:33.228+0000] {dag.py:4180} INFO - Setting next_dagrun for consume_1_and_2_with_dataset_expressions to None, run_after=None
[2025-02-20T09:25:33.231+0000] {logging_mixin.py:190} INFO - [2025-02-20T09:25:33.231+0000] {dag.py:4180} INFO - Setting next_dagrun for consume_1_or_2_with_dataset_expressions to None, run_after=None
[2025-02-20T09:25:33.233+0000] {logging_mixin.py:190} INFO - [2025-02-20T09:25:33.232+0000] {dag.py:4180} INFO - Setting next_dagrun for consume_1_or_both_2_and_3_with_dataset_expressions to None, run_after=None
[2025-02-20T09:25:33.234+0000] {logging_mixin.py:190} INFO - [2025-02-20T09:25:33.234+0000] {dag.py:4180} INFO - Setting next_dagrun for dataset_consumes_1 to None, run_after=None
[2025-02-20T09:25:33.237+0000] {logging_mixin.py:190} INFO - [2025-02-20T09:25:33.236+0000] {dag.py:4180} INFO - Setting next_dagrun for dataset_consumes_1_and_2 to None, run_after=None
[2025-02-20T09:25:33.238+0000] {logging_mixin.py:190} INFO - [2025-02-20T09:25:33.238+0000] {dag.py:4180} INFO - Setting next_dagrun for dataset_consumes_1_never_scheduled to None, run_after=None
[2025-02-20T09:25:33.240+0000] {logging_mixin.py:190} INFO - [2025-02-20T09:25:33.240+0000] {dag.py:4180} INFO - Setting next_dagrun for dataset_consumes_unknown_never_scheduled to None, run_after=None
[2025-02-20T09:25:33.244+0000] {logging_mixin.py:190} INFO - [2025-02-20T09:25:33.243+0000] {dag.py:4180} INFO - Setting next_dagrun for dataset_produces_1 to 2025-02-19 00:00:00+00:00, run_after=2025-02-20 00:00:00+00:00
[2025-02-20T09:25:33.246+0000] {logging_mixin.py:190} INFO - [2025-02-20T09:25:33.245+0000] {dag.py:4180} INFO - Setting next_dagrun for dataset_produces_2 to None, run_after=None
[2025-02-20T09:25:33.281+0000] {processor.py:208} INFO - Processing /home/airflow/.local/lib/python3.12/site-packages/airflow/example_dags/example_datasets.py took 0.716 seconds
[2025-02-20T09:26:03.357+0000] {processor.py:186} INFO - Started process (PID=243) to work on /home/airflow/.local/lib/python3.12/site-packages/airflow/example_dags/example_datasets.py
[2025-02-20T09:26:03.358+0000] {processor.py:914} INFO - Processing file /home/airflow/.local/lib/python3.12/site-packages/airflow/example_dags/example_datasets.py for tasks to queue
[2025-02-20T09:26:03.362+0000] {logging_mixin.py:190} INFO - [2025-02-20T09:26:03.361+0000] {dagbag.py:588} INFO - Filling up the DagBag from /home/airflow/.local/lib/python3.12/site-packages/airflow/example_dags/example_datasets.py
[2025-02-20T09:26:03.935+0000] {processor.py:925} INFO - DAG(s) 'consume_1_and_2_with_dataset_expressions', 'dataset_produces_1', 'consume_1_or_2_with_dataset_expressions', 'conditional_dataset_and_time_based_timetable', 'dataset_consumes_1', 'consume_1_or_both_2_and_3_with_dataset_expressions', 'dataset_consumes_unknown_never_scheduled', 'dataset_consumes_1_never_scheduled', 'dataset_consumes_1_and_2', 'dataset_produces_2' retrieved from /home/airflow/.local/lib/python3.12/site-packages/airflow/example_dags/example_datasets.py
[2025-02-20T09:26:03.987+0000] {logging_mixin.py:190} INFO - [2025-02-20T09:26:03.987+0000] {dag.py:3239} INFO - Sync 10 DAGs
[2025-02-20T09:26:04.015+0000] {logging_mixin.py:190} INFO - [2025-02-20T09:26:04.015+0000] {dag.py:4180} INFO - Setting next_dagrun for conditional_dataset_and_time_based_timetable to 2025-02-19 01:00:00+00:00, run_after=2025-02-19 01:00:00+00:00
[2025-02-20T09:26:04.020+0000] {logging_mixin.py:190} INFO - [2025-02-20T09:26:04.020+0000] {dag.py:4180} INFO - Setting next_dagrun for consume_1_and_2_with_dataset_expressions to None, run_after=None
[2025-02-20T09:26:04.023+0000] {logging_mixin.py:190} INFO - [2025-02-20T09:26:04.023+0000] {dag.py:4180} INFO - Setting next_dagrun for consume_1_or_2_with_dataset_expressions to None, run_after=None
[2025-02-20T09:26:04.025+0000] {logging_mixin.py:190} INFO - [2025-02-20T09:26:04.025+0000] {dag.py:4180} INFO - Setting next_dagrun for consume_1_or_both_2_and_3_with_dataset_expressions to None, run_after=None
[2025-02-20T09:26:04.028+0000] {logging_mixin.py:190} INFO - [2025-02-20T09:26:04.027+0000] {dag.py:4180} INFO - Setting next_dagrun for dataset_consumes_1 to None, run_after=None
[2025-02-20T09:26:04.030+0000] {logging_mixin.py:190} INFO - [2025-02-20T09:26:04.030+0000] {dag.py:4180} INFO - Setting next_dagrun for dataset_consumes_1_and_2 to None, run_after=None
[2025-02-20T09:26:04.032+0000] {logging_mixin.py:190} INFO - [2025-02-20T09:26:04.032+0000] {dag.py:4180} INFO - Setting next_dagrun for dataset_consumes_1_never_scheduled to None, run_after=None
[2025-02-20T09:26:04.034+0000] {logging_mixin.py:190} INFO - [2025-02-20T09:26:04.034+0000] {dag.py:4180} INFO - Setting next_dagrun for dataset_consumes_unknown_never_scheduled to None, run_after=None
[2025-02-20T09:26:04.037+0000] {logging_mixin.py:190} INFO - [2025-02-20T09:26:04.037+0000] {dag.py:4180} INFO - Setting next_dagrun for dataset_produces_1 to 2025-02-19 00:00:00+00:00, run_after=2025-02-20 00:00:00+00:00
[2025-02-20T09:26:04.039+0000] {logging_mixin.py:190} INFO - [2025-02-20T09:26:04.039+0000] {dag.py:4180} INFO - Setting next_dagrun for dataset_produces_2 to None, run_after=None
[2025-02-20T09:26:04.074+0000] {processor.py:208} INFO - Processing /home/airflow/.local/lib/python3.12/site-packages/airflow/example_dags/example_datasets.py took 0.724 seconds
[2025-02-20T09:26:34.205+0000] {processor.py:186} INFO - Started process (PID=306) to work on /home/airflow/.local/lib/python3.12/site-packages/airflow/example_dags/example_datasets.py
[2025-02-20T09:26:34.206+0000] {processor.py:914} INFO - Processing file /home/airflow/.local/lib/python3.12/site-packages/airflow/example_dags/example_datasets.py for tasks to queue
[2025-02-20T09:26:34.209+0000] {logging_mixin.py:190} INFO - [2025-02-20T09:26:34.209+0000] {dagbag.py:588} INFO - Filling up the DagBag from /home/airflow/.local/lib/python3.12/site-packages/airflow/example_dags/example_datasets.py
[2025-02-20T09:26:34.868+0000] {processor.py:925} INFO - DAG(s) 'dataset_consumes_1', 'dataset_consumes_unknown_never_scheduled', 'consume_1_and_2_with_dataset_expressions', 'conditional_dataset_and_time_based_timetable', 'dataset_produces_2', 'consume_1_or_2_with_dataset_expressions', 'dataset_consumes_1_and_2', 'consume_1_or_both_2_and_3_with_dataset_expressions', 'dataset_consumes_1_never_scheduled', 'dataset_produces_1' retrieved from /home/airflow/.local/lib/python3.12/site-packages/airflow/example_dags/example_datasets.py
[2025-02-20T09:26:34.932+0000] {logging_mixin.py:190} INFO - [2025-02-20T09:26:34.932+0000] {dag.py:3239} INFO - Sync 10 DAGs
[2025-02-20T09:26:34.962+0000] {logging_mixin.py:190} INFO - [2025-02-20T09:26:34.962+0000] {dag.py:4180} INFO - Setting next_dagrun for conditional_dataset_and_time_based_timetable to 2025-02-19 01:00:00+00:00, run_after=2025-02-19 01:00:00+00:00
[2025-02-20T09:26:34.968+0000] {logging_mixin.py:190} INFO - [2025-02-20T09:26:34.967+0000] {dag.py:4180} INFO - Setting next_dagrun for consume_1_and_2_with_dataset_expressions to None, run_after=None
[2025-02-20T09:26:34.973+0000] {logging_mixin.py:190} INFO - [2025-02-20T09:26:34.972+0000] {dag.py:4180} INFO - Setting next_dagrun for consume_1_or_2_with_dataset_expressions to None, run_after=None
[2025-02-20T09:26:34.975+0000] {logging_mixin.py:190} INFO - [2025-02-20T09:26:34.975+0000] {dag.py:4180} INFO - Setting next_dagrun for consume_1_or_both_2_and_3_with_dataset_expressions to None, run_after=None
[2025-02-20T09:26:34.977+0000] {logging_mixin.py:190} INFO - [2025-02-20T09:26:34.977+0000] {dag.py:4180} INFO - Setting next_dagrun for dataset_consumes_1 to None, run_after=None
[2025-02-20T09:26:34.979+0000] {logging_mixin.py:190} INFO - [2025-02-20T09:26:34.979+0000] {dag.py:4180} INFO - Setting next_dagrun for dataset_consumes_1_and_2 to None, run_after=None
[2025-02-20T09:26:34.981+0000] {logging_mixin.py:190} INFO - [2025-02-20T09:26:34.981+0000] {dag.py:4180} INFO - Setting next_dagrun for dataset_consumes_1_never_scheduled to None, run_after=None
[2025-02-20T09:26:34.983+0000] {logging_mixin.py:190} INFO - [2025-02-20T09:26:34.983+0000] {dag.py:4180} INFO - Setting next_dagrun for dataset_consumes_unknown_never_scheduled to None, run_after=None
[2025-02-20T09:26:34.987+0000] {logging_mixin.py:190} INFO - [2025-02-20T09:26:34.987+0000] {dag.py:4180} INFO - Setting next_dagrun for dataset_produces_1 to 2025-02-19 00:00:00+00:00, run_after=2025-02-20 00:00:00+00:00
[2025-02-20T09:26:34.989+0000] {logging_mixin.py:190} INFO - [2025-02-20T09:26:34.989+0000] {dag.py:4180} INFO - Setting next_dagrun for dataset_produces_2 to None, run_after=None
[2025-02-20T09:26:35.034+0000] {processor.py:208} INFO - Processing /home/airflow/.local/lib/python3.12/site-packages/airflow/example_dags/example_datasets.py took 0.836 seconds
[2025-02-20T09:27:05.152+0000] {processor.py:186} INFO - Started process (PID=377) to work on /home/airflow/.local/lib/python3.12/site-packages/airflow/example_dags/example_datasets.py
[2025-02-20T09:27:05.153+0000] {processor.py:914} INFO - Processing file /home/airflow/.local/lib/python3.12/site-packages/airflow/example_dags/example_datasets.py for tasks to queue
[2025-02-20T09:27:05.156+0000] {logging_mixin.py:190} INFO - [2025-02-20T09:27:05.156+0000] {dagbag.py:588} INFO - Filling up the DagBag from /home/airflow/.local/lib/python3.12/site-packages/airflow/example_dags/example_datasets.py
[2025-02-20T09:27:05.723+0000] {processor.py:925} INFO - DAG(s) 'dataset_produces_1', 'dataset_produces_2', 'dataset_consumes_1', 'dataset_consumes_1_and_2', 'consume_1_and_2_with_dataset_expressions', 'dataset_consumes_1_never_scheduled', 'consume_1_or_2_with_dataset_expressions', 'dataset_consumes_unknown_never_scheduled', 'conditional_dataset_and_time_based_timetable', 'consume_1_or_both_2_and_3_with_dataset_expressions' retrieved from /home/airflow/.local/lib/python3.12/site-packages/airflow/example_dags/example_datasets.py
[2025-02-20T09:27:05.769+0000] {logging_mixin.py:190} INFO - [2025-02-20T09:27:05.769+0000] {dag.py:3239} INFO - Sync 10 DAGs
[2025-02-20T09:27:05.796+0000] {logging_mixin.py:190} INFO - [2025-02-20T09:27:05.796+0000] {dag.py:4180} INFO - Setting next_dagrun for conditional_dataset_and_time_based_timetable to 2025-02-19 01:00:00+00:00, run_after=2025-02-19 01:00:00+00:00
[2025-02-20T09:27:05.801+0000] {logging_mixin.py:190} INFO - [2025-02-20T09:27:05.800+0000] {dag.py:4180} INFO - Setting next_dagrun for consume_1_and_2_with_dataset_expressions to None, run_after=None
[2025-02-20T09:27:05.804+0000] {logging_mixin.py:190} INFO - [2025-02-20T09:27:05.804+0000] {dag.py:4180} INFO - Setting next_dagrun for consume_1_or_2_with_dataset_expressions to None, run_after=None
[2025-02-20T09:27:05.806+0000] {logging_mixin.py:190} INFO - [2025-02-20T09:27:05.806+0000] {dag.py:4180} INFO - Setting next_dagrun for consume_1_or_both_2_and_3_with_dataset_expressions to None, run_after=None
[2025-02-20T09:27:05.809+0000] {logging_mixin.py:190} INFO - [2025-02-20T09:27:05.808+0000] {dag.py:4180} INFO - Setting next_dagrun for dataset_consumes_1 to None, run_after=None
[2025-02-20T09:27:05.811+0000] {logging_mixin.py:190} INFO - [2025-02-20T09:27:05.810+0000] {dag.py:4180} INFO - Setting next_dagrun for dataset_consumes_1_and_2 to None, run_after=None
[2025-02-20T09:27:05.813+0000] {logging_mixin.py:190} INFO - [2025-02-20T09:27:05.813+0000] {dag.py:4180} INFO - Setting next_dagrun for dataset_consumes_1_never_scheduled to None, run_after=None
[2025-02-20T09:27:05.815+0000] {logging_mixin.py:190} INFO - [2025-02-20T09:27:05.814+0000] {dag.py:4180} INFO - Setting next_dagrun for dataset_consumes_unknown_never_scheduled to None, run_after=None
[2025-02-20T09:27:05.818+0000] {logging_mixin.py:190} INFO - [2025-02-20T09:27:05.818+0000] {dag.py:4180} INFO - Setting next_dagrun for dataset_produces_1 to 2025-02-19 00:00:00+00:00, run_after=2025-02-20 00:00:00+00:00
[2025-02-20T09:27:05.820+0000] {logging_mixin.py:190} INFO - [2025-02-20T09:27:05.820+0000] {dag.py:4180} INFO - Setting next_dagrun for dataset_produces_2 to None, run_after=None
[2025-02-20T09:27:05.857+0000] {processor.py:208} INFO - Processing /home/airflow/.local/lib/python3.12/site-packages/airflow/example_dags/example_datasets.py took 0.712 seconds
[2025-02-20T09:27:36.246+0000] {processor.py:186} INFO - Started process (PID=441) to work on /home/airflow/.local/lib/python3.12/site-packages/airflow/example_dags/example_datasets.py
[2025-02-20T09:27:36.247+0000] {processor.py:914} INFO - Processing file /home/airflow/.local/lib/python3.12/site-packages/airflow/example_dags/example_datasets.py for tasks to queue
[2025-02-20T09:27:36.250+0000] {logging_mixin.py:190} INFO - [2025-02-20T09:27:36.250+0000] {dagbag.py:588} INFO - Filling up the DagBag from /home/airflow/.local/lib/python3.12/site-packages/airflow/example_dags/example_datasets.py
[2025-02-20T09:27:36.822+0000] {processor.py:925} INFO - DAG(s) 'dataset_consumes_1', 'consume_1_or_both_2_and_3_with_dataset_expressions', 'conditional_dataset_and_time_based_timetable', 'dataset_consumes_unknown_never_scheduled', 'consume_1_and_2_with_dataset_expressions', 'consume_1_or_2_with_dataset_expressions', 'dataset_produces_1', 'dataset_produces_2', 'dataset_consumes_1_never_scheduled', 'dataset_consumes_1_and_2' retrieved from /home/airflow/.local/lib/python3.12/site-packages/airflow/example_dags/example_datasets.py
[2025-02-20T09:27:36.872+0000] {logging_mixin.py:190} INFO - [2025-02-20T09:27:36.872+0000] {dag.py:3239} INFO - Sync 10 DAGs
[2025-02-20T09:27:36.902+0000] {logging_mixin.py:190} INFO - [2025-02-20T09:27:36.901+0000] {dag.py:4180} INFO - Setting next_dagrun for conditional_dataset_and_time_based_timetable to 2025-02-19 01:00:00+00:00, run_after=2025-02-19 01:00:00+00:00
[2025-02-20T09:27:36.907+0000] {logging_mixin.py:190} INFO - [2025-02-20T09:27:36.907+0000] {dag.py:4180} INFO - Setting next_dagrun for consume_1_and_2_with_dataset_expressions to None, run_after=None
[2025-02-20T09:27:36.911+0000] {logging_mixin.py:190} INFO - [2025-02-20T09:27:36.911+0000] {dag.py:4180} INFO - Setting next_dagrun for consume_1_or_2_with_dataset_expressions to None, run_after=None
[2025-02-20T09:27:36.913+0000] {logging_mixin.py:190} INFO - [2025-02-20T09:27:36.912+0000] {dag.py:4180} INFO - Setting next_dagrun for consume_1_or_both_2_and_3_with_dataset_expressions to None, run_after=None
[2025-02-20T09:27:36.915+0000] {logging_mixin.py:190} INFO - [2025-02-20T09:27:36.914+0000] {dag.py:4180} INFO - Setting next_dagrun for dataset_consumes_1 to None, run_after=None
[2025-02-20T09:27:36.917+0000] {logging_mixin.py:190} INFO - [2025-02-20T09:27:36.916+0000] {dag.py:4180} INFO - Setting next_dagrun for dataset_consumes_1_and_2 to None, run_after=None
[2025-02-20T09:27:36.919+0000] {logging_mixin.py:190} INFO - [2025-02-20T09:27:36.918+0000] {dag.py:4180} INFO - Setting next_dagrun for dataset_consumes_1_never_scheduled to None, run_after=None
[2025-02-20T09:27:36.920+0000] {logging_mixin.py:190} INFO - [2025-02-20T09:27:36.920+0000] {dag.py:4180} INFO - Setting next_dagrun for dataset_consumes_unknown_never_scheduled to None, run_after=None
[2025-02-20T09:27:36.924+0000] {logging_mixin.py:190} INFO - [2025-02-20T09:27:36.924+0000] {dag.py:4180} INFO - Setting next_dagrun for dataset_produces_1 to 2025-02-19 00:00:00+00:00, run_after=2025-02-20 00:00:00+00:00
[2025-02-20T09:27:36.926+0000] {logging_mixin.py:190} INFO - [2025-02-20T09:27:36.925+0000] {dag.py:4180} INFO - Setting next_dagrun for dataset_produces_2 to None, run_after=None
[2025-02-20T09:27:36.960+0000] {processor.py:208} INFO - Processing /home/airflow/.local/lib/python3.12/site-packages/airflow/example_dags/example_datasets.py took 0.720 seconds
[2025-02-20T09:28:07.124+0000] {processor.py:186} INFO - Started process (PID=504) to work on /home/airflow/.local/lib/python3.12/site-packages/airflow/example_dags/example_datasets.py
[2025-02-20T09:28:07.125+0000] {processor.py:914} INFO - Processing file /home/airflow/.local/lib/python3.12/site-packages/airflow/example_dags/example_datasets.py for tasks to queue
[2025-02-20T09:28:07.128+0000] {logging_mixin.py:190} INFO - [2025-02-20T09:28:07.128+0000] {dagbag.py:588} INFO - Filling up the DagBag from /home/airflow/.local/lib/python3.12/site-packages/airflow/example_dags/example_datasets.py
