[2025-02-20T09:24:52.798+0000] {processor.py:186} INFO - Started process (PID=76) to work on /home/airflow/.local/lib/python3.12/site-packages/airflow/example_dags/example_dataset_alias.py
[2025-02-20T09:24:52.800+0000] {processor.py:914} INFO - Processing file /home/airflow/.local/lib/python3.12/site-packages/airflow/example_dags/example_dataset_alias.py for tasks to queue
[2025-02-20T09:24:52.803+0000] {logging_mixin.py:190} INFO - [2025-02-20T09:24:52.803+0000] {dagbag.py:588} INFO - Filling up the DagBag from /home/airflow/.local/lib/python3.12/site-packages/airflow/example_dags/example_dataset_alias.py
[2025-02-20T09:24:53.617+0000] {processor.py:925} INFO - DAG(s) 'dataset_alias_example_alias_consumer', 'dataset_s3_bucket_consumer', 'dataset_alias_example_alias_producer', 'dataset_s3_bucket_producer' retrieved from /home/airflow/.local/lib/python3.12/site-packages/airflow/example_dags/example_dataset_alias.py
[2025-02-20T09:24:53.771+0000] {logging_mixin.py:190} INFO - [2025-02-20T09:24:53.771+0000] {override.py:1911} INFO - Created Permission View: can edit on DAG:dataset_alias_example_alias_consumer
[2025-02-20T09:24:53.787+0000] {logging_mixin.py:190} INFO - [2025-02-20T09:24:53.786+0000] {override.py:1911} INFO - Created Permission View: can delete on DAG:dataset_alias_example_alias_consumer
[2025-02-20T09:24:53.798+0000] {logging_mixin.py:190} INFO - [2025-02-20T09:24:53.797+0000] {override.py:1911} INFO - Created Permission View: can read on DAG:dataset_alias_example_alias_consumer
[2025-02-20T09:24:53.814+0000] {logging_mixin.py:190} INFO - [2025-02-20T09:24:53.813+0000] {override.py:1911} INFO - Created Permission View: can create on DAG Run:dataset_alias_example_alias_consumer
[2025-02-20T09:24:53.827+0000] {logging_mixin.py:190} INFO - [2025-02-20T09:24:53.827+0000] {override.py:1911} INFO - Created Permission View: menu access on DAG Run:dataset_alias_example_alias_consumer
[2025-02-20T09:24:53.839+0000] {logging_mixin.py:190} INFO - [2025-02-20T09:24:53.838+0000] {override.py:1911} INFO - Created Permission View: can delete on DAG Run:dataset_alias_example_alias_consumer
[2025-02-20T09:24:53.850+0000] {logging_mixin.py:190} INFO - [2025-02-20T09:24:53.849+0000] {override.py:1911} INFO - Created Permission View: can read on DAG Run:dataset_alias_example_alias_consumer
[2025-02-20T09:24:53.868+0000] {logging_mixin.py:190} INFO - [2025-02-20T09:24:53.868+0000] {override.py:1911} INFO - Created Permission View: can edit on DAG:dataset_s3_bucket_consumer
[2025-02-20T09:24:53.880+0000] {logging_mixin.py:190} INFO - [2025-02-20T09:24:53.880+0000] {override.py:1911} INFO - Created Permission View: can delete on DAG:dataset_s3_bucket_consumer
[2025-02-20T09:24:53.891+0000] {logging_mixin.py:190} INFO - [2025-02-20T09:24:53.891+0000] {override.py:1911} INFO - Created Permission View: can read on DAG:dataset_s3_bucket_consumer
[2025-02-20T09:24:53.902+0000] {logging_mixin.py:190} INFO - [2025-02-20T09:24:53.902+0000] {override.py:1911} INFO - Created Permission View: can create on DAG Run:dataset_s3_bucket_consumer
[2025-02-20T09:24:53.912+0000] {logging_mixin.py:190} INFO - [2025-02-20T09:24:53.912+0000] {override.py:1911} INFO - Created Permission View: menu access on DAG Run:dataset_s3_bucket_consumer
[2025-02-20T09:24:53.923+0000] {logging_mixin.py:190} INFO - [2025-02-20T09:24:53.922+0000] {override.py:1911} INFO - Created Permission View: can delete on DAG Run:dataset_s3_bucket_consumer
[2025-02-20T09:24:53.933+0000] {logging_mixin.py:190} INFO - [2025-02-20T09:24:53.933+0000] {override.py:1911} INFO - Created Permission View: can read on DAG Run:dataset_s3_bucket_consumer
[2025-02-20T09:24:53.953+0000] {logging_mixin.py:190} INFO - [2025-02-20T09:24:53.953+0000] {override.py:1911} INFO - Created Permission View: can edit on DAG:dataset_alias_example_alias_producer
[2025-02-20T09:24:53.965+0000] {logging_mixin.py:190} INFO - [2025-02-20T09:24:53.965+0000] {override.py:1911} INFO - Created Permission View: can delete on DAG:dataset_alias_example_alias_producer
[2025-02-20T09:24:53.976+0000] {logging_mixin.py:190} INFO - [2025-02-20T09:24:53.975+0000] {override.py:1911} INFO - Created Permission View: can read on DAG:dataset_alias_example_alias_producer
[2025-02-20T09:24:53.990+0000] {logging_mixin.py:190} INFO - [2025-02-20T09:24:53.989+0000] {override.py:1911} INFO - Created Permission View: can create on DAG Run:dataset_alias_example_alias_producer
[2025-02-20T09:24:54.000+0000] {logging_mixin.py:190} INFO - [2025-02-20T09:24:54.000+0000] {override.py:1911} INFO - Created Permission View: menu access on DAG Run:dataset_alias_example_alias_producer
[2025-02-20T09:24:54.010+0000] {logging_mixin.py:190} INFO - [2025-02-20T09:24:54.010+0000] {override.py:1911} INFO - Created Permission View: can delete on DAG Run:dataset_alias_example_alias_producer
[2025-02-20T09:24:54.020+0000] {logging_mixin.py:190} INFO - [2025-02-20T09:24:54.020+0000] {override.py:1911} INFO - Created Permission View: can read on DAG Run:dataset_alias_example_alias_producer
[2025-02-20T09:24:54.038+0000] {logging_mixin.py:190} INFO - [2025-02-20T09:24:54.038+0000] {override.py:1911} INFO - Created Permission View: can edit on DAG:dataset_s3_bucket_producer
[2025-02-20T09:24:54.053+0000] {logging_mixin.py:190} INFO - [2025-02-20T09:24:54.053+0000] {override.py:1911} INFO - Created Permission View: can delete on DAG:dataset_s3_bucket_producer
[2025-02-20T09:24:54.066+0000] {logging_mixin.py:190} INFO - [2025-02-20T09:24:54.066+0000] {override.py:1911} INFO - Created Permission View: can read on DAG:dataset_s3_bucket_producer
[2025-02-20T09:24:54.081+0000] {logging_mixin.py:190} INFO - [2025-02-20T09:24:54.080+0000] {override.py:1911} INFO - Created Permission View: can create on DAG Run:dataset_s3_bucket_producer
[2025-02-20T09:24:54.091+0000] {logging_mixin.py:190} INFO - [2025-02-20T09:24:54.091+0000] {override.py:1911} INFO - Created Permission View: menu access on DAG Run:dataset_s3_bucket_producer
[2025-02-20T09:24:54.103+0000] {logging_mixin.py:190} INFO - [2025-02-20T09:24:54.102+0000] {override.py:1911} INFO - Created Permission View: can delete on DAG Run:dataset_s3_bucket_producer
[2025-02-20T09:24:54.115+0000] {logging_mixin.py:190} INFO - [2025-02-20T09:24:54.114+0000] {override.py:1911} INFO - Created Permission View: can read on DAG Run:dataset_s3_bucket_producer
[2025-02-20T09:24:54.117+0000] {logging_mixin.py:190} INFO - [2025-02-20T09:24:54.116+0000] {dag.py:3239} INFO - Sync 4 DAGs
[2025-02-20T09:24:54.138+0000] {logging_mixin.py:190} INFO - [2025-02-20T09:24:54.137+0000] {dag.py:3262} INFO - Creating ORM DAG for dataset_s3_bucket_consumer
[2025-02-20T09:24:54.140+0000] {logging_mixin.py:190} INFO - [2025-02-20T09:24:54.139+0000] {dag.py:3262} INFO - Creating ORM DAG for dataset_alias_example_alias_consumer
[2025-02-20T09:24:54.141+0000] {logging_mixin.py:190} INFO - [2025-02-20T09:24:54.141+0000] {dag.py:3262} INFO - Creating ORM DAG for dataset_alias_example_alias_producer
[2025-02-20T09:24:54.143+0000] {logging_mixin.py:190} INFO - [2025-02-20T09:24:54.142+0000] {dag.py:3262} INFO - Creating ORM DAG for dataset_s3_bucket_producer
[2025-02-20T09:24:54.157+0000] {logging_mixin.py:190} INFO - [2025-02-20T09:24:54.157+0000] {dag.py:4180} INFO - Setting next_dagrun for dataset_alias_example_alias_consumer to None, run_after=None
[2025-02-20T09:24:54.159+0000] {logging_mixin.py:190} INFO - [2025-02-20T09:24:54.158+0000] {dag.py:4180} INFO - Setting next_dagrun for dataset_alias_example_alias_producer to None, run_after=None
[2025-02-20T09:24:54.161+0000] {logging_mixin.py:190} INFO - [2025-02-20T09:24:54.160+0000] {dag.py:4180} INFO - Setting next_dagrun for dataset_s3_bucket_consumer to None, run_after=None
[2025-02-20T09:24:54.162+0000] {logging_mixin.py:190} INFO - [2025-02-20T09:24:54.162+0000] {dag.py:4180} INFO - Setting next_dagrun for dataset_s3_bucket_producer to None, run_after=None
[2025-02-20T09:24:54.211+0000] {processor.py:208} INFO - Processing /home/airflow/.local/lib/python3.12/site-packages/airflow/example_dags/example_dataset_alias.py took 1.422 seconds
[2025-02-20T09:25:24.692+0000] {processor.py:186} INFO - Started process (PID=141) to work on /home/airflow/.local/lib/python3.12/site-packages/airflow/example_dags/example_dataset_alias.py
[2025-02-20T09:25:24.693+0000] {processor.py:914} INFO - Processing file /home/airflow/.local/lib/python3.12/site-packages/airflow/example_dags/example_dataset_alias.py for tasks to queue
[2025-02-20T09:25:24.696+0000] {logging_mixin.py:190} INFO - [2025-02-20T09:25:24.696+0000] {dagbag.py:588} INFO - Filling up the DagBag from /home/airflow/.local/lib/python3.12/site-packages/airflow/example_dags/example_dataset_alias.py
[2025-02-20T09:25:25.279+0000] {processor.py:925} INFO - DAG(s) 'dataset_alias_example_alias_consumer', 'dataset_s3_bucket_consumer', 'dataset_alias_example_alias_producer', 'dataset_s3_bucket_producer' retrieved from /home/airflow/.local/lib/python3.12/site-packages/airflow/example_dags/example_dataset_alias.py
[2025-02-20T09:25:25.301+0000] {logging_mixin.py:190} INFO - [2025-02-20T09:25:25.301+0000] {dag.py:3239} INFO - Sync 4 DAGs
[2025-02-20T09:25:25.325+0000] {logging_mixin.py:190} INFO - [2025-02-20T09:25:25.324+0000] {dag.py:4180} INFO - Setting next_dagrun for dataset_alias_example_alias_consumer to None, run_after=None
[2025-02-20T09:25:25.328+0000] {logging_mixin.py:190} INFO - [2025-02-20T09:25:25.328+0000] {dag.py:4180} INFO - Setting next_dagrun for dataset_alias_example_alias_producer to None, run_after=None
[2025-02-20T09:25:25.330+0000] {logging_mixin.py:190} INFO - [2025-02-20T09:25:25.330+0000] {dag.py:4180} INFO - Setting next_dagrun for dataset_s3_bucket_consumer to None, run_after=None
[2025-02-20T09:25:25.332+0000] {logging_mixin.py:190} INFO - [2025-02-20T09:25:25.332+0000] {dag.py:4180} INFO - Setting next_dagrun for dataset_s3_bucket_producer to None, run_after=None
[2025-02-20T09:25:25.358+0000] {processor.py:208} INFO - Processing /home/airflow/.local/lib/python3.12/site-packages/airflow/example_dags/example_dataset_alias.py took 0.673 seconds
[2025-02-20T09:25:55.846+0000] {processor.py:186} INFO - Started process (PID=204) to work on /home/airflow/.local/lib/python3.12/site-packages/airflow/example_dags/example_dataset_alias.py
[2025-02-20T09:25:55.847+0000] {processor.py:914} INFO - Processing file /home/airflow/.local/lib/python3.12/site-packages/airflow/example_dags/example_dataset_alias.py for tasks to queue
[2025-02-20T09:25:55.850+0000] {logging_mixin.py:190} INFO - [2025-02-20T09:25:55.850+0000] {dagbag.py:588} INFO - Filling up the DagBag from /home/airflow/.local/lib/python3.12/site-packages/airflow/example_dags/example_dataset_alias.py
[2025-02-20T09:25:56.497+0000] {processor.py:925} INFO - DAG(s) 'dataset_s3_bucket_producer', 'dataset_s3_bucket_consumer', 'dataset_alias_example_alias_producer', 'dataset_alias_example_alias_consumer' retrieved from /home/airflow/.local/lib/python3.12/site-packages/airflow/example_dags/example_dataset_alias.py
[2025-02-20T09:25:56.523+0000] {logging_mixin.py:190} INFO - [2025-02-20T09:25:56.521+0000] {dag.py:3239} INFO - Sync 4 DAGs
[2025-02-20T09:25:56.547+0000] {logging_mixin.py:190} INFO - [2025-02-20T09:25:56.546+0000] {dag.py:4180} INFO - Setting next_dagrun for dataset_alias_example_alias_consumer to None, run_after=None
[2025-02-20T09:25:56.550+0000] {logging_mixin.py:190} INFO - [2025-02-20T09:25:56.550+0000] {dag.py:4180} INFO - Setting next_dagrun for dataset_alias_example_alias_producer to None, run_after=None
[2025-02-20T09:25:56.553+0000] {logging_mixin.py:190} INFO - [2025-02-20T09:25:56.552+0000] {dag.py:4180} INFO - Setting next_dagrun for dataset_s3_bucket_consumer to None, run_after=None
[2025-02-20T09:25:56.555+0000] {logging_mixin.py:190} INFO - [2025-02-20T09:25:56.555+0000] {dag.py:4180} INFO - Setting next_dagrun for dataset_s3_bucket_producer to None, run_after=None
[2025-02-20T09:25:56.579+0000] {processor.py:208} INFO - Processing /home/airflow/.local/lib/python3.12/site-packages/airflow/example_dags/example_dataset_alias.py took 0.740 seconds
[2025-02-20T09:26:26.792+0000] {processor.py:186} INFO - Started process (PID=267) to work on /home/airflow/.local/lib/python3.12/site-packages/airflow/example_dags/example_dataset_alias.py
[2025-02-20T09:26:26.793+0000] {processor.py:914} INFO - Processing file /home/airflow/.local/lib/python3.12/site-packages/airflow/example_dags/example_dataset_alias.py for tasks to queue
[2025-02-20T09:26:26.797+0000] {logging_mixin.py:190} INFO - [2025-02-20T09:26:26.796+0000] {dagbag.py:588} INFO - Filling up the DagBag from /home/airflow/.local/lib/python3.12/site-packages/airflow/example_dags/example_dataset_alias.py
[2025-02-20T09:26:27.378+0000] {processor.py:925} INFO - DAG(s) 'dataset_s3_bucket_producer', 'dataset_s3_bucket_consumer', 'dataset_alias_example_alias_producer', 'dataset_alias_example_alias_consumer' retrieved from /home/airflow/.local/lib/python3.12/site-packages/airflow/example_dags/example_dataset_alias.py
[2025-02-20T09:26:27.400+0000] {logging_mixin.py:190} INFO - [2025-02-20T09:26:27.400+0000] {dag.py:3239} INFO - Sync 4 DAGs
[2025-02-20T09:26:27.425+0000] {logging_mixin.py:190} INFO - [2025-02-20T09:26:27.425+0000] {dag.py:4180} INFO - Setting next_dagrun for dataset_alias_example_alias_consumer to None, run_after=None
[2025-02-20T09:26:27.429+0000] {logging_mixin.py:190} INFO - [2025-02-20T09:26:27.429+0000] {dag.py:4180} INFO - Setting next_dagrun for dataset_alias_example_alias_producer to None, run_after=None
[2025-02-20T09:26:27.431+0000] {logging_mixin.py:190} INFO - [2025-02-20T09:26:27.431+0000] {dag.py:4180} INFO - Setting next_dagrun for dataset_s3_bucket_consumer to None, run_after=None
[2025-02-20T09:26:27.433+0000] {logging_mixin.py:190} INFO - [2025-02-20T09:26:27.433+0000] {dag.py:4180} INFO - Setting next_dagrun for dataset_s3_bucket_producer to None, run_after=None
[2025-02-20T09:26:27.456+0000] {processor.py:208} INFO - Processing /home/airflow/.local/lib/python3.12/site-packages/airflow/example_dags/example_dataset_alias.py took 0.670 seconds
[2025-02-20T09:26:58.205+0000] {processor.py:186} INFO - Started process (PID=330) to work on /home/airflow/.local/lib/python3.12/site-packages/airflow/example_dags/example_dataset_alias.py
[2025-02-20T09:26:58.207+0000] {processor.py:914} INFO - Processing file /home/airflow/.local/lib/python3.12/site-packages/airflow/example_dags/example_dataset_alias.py for tasks to queue
[2025-02-20T09:26:58.210+0000] {logging_mixin.py:190} INFO - [2025-02-20T09:26:58.210+0000] {dagbag.py:588} INFO - Filling up the DagBag from /home/airflow/.local/lib/python3.12/site-packages/airflow/example_dags/example_dataset_alias.py
[2025-02-20T09:26:58.870+0000] {processor.py:925} INFO - DAG(s) 'dataset_s3_bucket_consumer', 'dataset_alias_example_alias_producer', 'dataset_alias_example_alias_consumer', 'dataset_s3_bucket_producer' retrieved from /home/airflow/.local/lib/python3.12/site-packages/airflow/example_dags/example_dataset_alias.py
[2025-02-20T09:26:58.893+0000] {logging_mixin.py:190} INFO - [2025-02-20T09:26:58.892+0000] {dag.py:3239} INFO - Sync 4 DAGs
[2025-02-20T09:26:58.918+0000] {logging_mixin.py:190} INFO - [2025-02-20T09:26:58.918+0000] {dag.py:4180} INFO - Setting next_dagrun for dataset_alias_example_alias_consumer to None, run_after=None
[2025-02-20T09:26:58.921+0000] {logging_mixin.py:190} INFO - [2025-02-20T09:26:58.921+0000] {dag.py:4180} INFO - Setting next_dagrun for dataset_alias_example_alias_producer to None, run_after=None
[2025-02-20T09:26:58.924+0000] {logging_mixin.py:190} INFO - [2025-02-20T09:26:58.924+0000] {dag.py:4180} INFO - Setting next_dagrun for dataset_s3_bucket_consumer to None, run_after=None
[2025-02-20T09:26:58.926+0000] {logging_mixin.py:190} INFO - [2025-02-20T09:26:58.926+0000] {dag.py:4180} INFO - Setting next_dagrun for dataset_s3_bucket_producer to None, run_after=None
[2025-02-20T09:26:58.951+0000] {processor.py:208} INFO - Processing /home/airflow/.local/lib/python3.12/site-packages/airflow/example_dags/example_dataset_alias.py took 0.753 seconds
[2025-02-20T09:27:29.679+0000] {processor.py:186} INFO - Started process (PID=396) to work on /home/airflow/.local/lib/python3.12/site-packages/airflow/example_dags/example_dataset_alias.py
[2025-02-20T09:27:29.680+0000] {processor.py:914} INFO - Processing file /home/airflow/.local/lib/python3.12/site-packages/airflow/example_dags/example_dataset_alias.py for tasks to queue
[2025-02-20T09:27:29.684+0000] {logging_mixin.py:190} INFO - [2025-02-20T09:27:29.684+0000] {dagbag.py:588} INFO - Filling up the DagBag from /home/airflow/.local/lib/python3.12/site-packages/airflow/example_dags/example_dataset_alias.py
[2025-02-20T09:27:30.328+0000] {processor.py:925} INFO - DAG(s) 'dataset_s3_bucket_consumer', 'dataset_alias_example_alias_producer', 'dataset_alias_example_alias_consumer', 'dataset_s3_bucket_producer' retrieved from /home/airflow/.local/lib/python3.12/site-packages/airflow/example_dags/example_dataset_alias.py
[2025-02-20T09:27:30.355+0000] {logging_mixin.py:190} INFO - [2025-02-20T09:27:30.354+0000] {dag.py:3239} INFO - Sync 4 DAGs
[2025-02-20T09:27:30.382+0000] {logging_mixin.py:190} INFO - [2025-02-20T09:27:30.382+0000] {dag.py:4180} INFO - Setting next_dagrun for dataset_alias_example_alias_consumer to None, run_after=None
[2025-02-20T09:27:30.386+0000] {logging_mixin.py:190} INFO - [2025-02-20T09:27:30.385+0000] {dag.py:4180} INFO - Setting next_dagrun for dataset_alias_example_alias_producer to None, run_after=None
[2025-02-20T09:27:30.388+0000] {logging_mixin.py:190} INFO - [2025-02-20T09:27:30.388+0000] {dag.py:4180} INFO - Setting next_dagrun for dataset_s3_bucket_consumer to None, run_after=None
[2025-02-20T09:27:30.390+0000] {logging_mixin.py:190} INFO - [2025-02-20T09:27:30.390+0000] {dag.py:4180} INFO - Setting next_dagrun for dataset_s3_bucket_producer to None, run_after=None
[2025-02-20T09:27:30.415+0000] {processor.py:208} INFO - Processing /home/airflow/.local/lib/python3.12/site-packages/airflow/example_dags/example_dataset_alias.py took 0.744 seconds
[2025-02-20T09:28:00.856+0000] {processor.py:186} INFO - Started process (PID=463) to work on /home/airflow/.local/lib/python3.12/site-packages/airflow/example_dags/example_dataset_alias.py
[2025-02-20T09:28:00.857+0000] {processor.py:914} INFO - Processing file /home/airflow/.local/lib/python3.12/site-packages/airflow/example_dags/example_dataset_alias.py for tasks to queue
[2025-02-20T09:28:00.860+0000] {logging_mixin.py:190} INFO - [2025-02-20T09:28:00.860+0000] {dagbag.py:588} INFO - Filling up the DagBag from /home/airflow/.local/lib/python3.12/site-packages/airflow/example_dags/example_dataset_alias.py
[2025-02-20T09:28:01.539+0000] {processor.py:925} INFO - DAG(s) 'dataset_s3_bucket_producer', 'dataset_s3_bucket_consumer', 'dataset_alias_example_alias_consumer', 'dataset_alias_example_alias_producer' retrieved from /home/airflow/.local/lib/python3.12/site-packages/airflow/example_dags/example_dataset_alias.py
[2025-02-20T09:28:01.565+0000] {logging_mixin.py:190} INFO - [2025-02-20T09:28:01.564+0000] {dag.py:3239} INFO - Sync 4 DAGs
[2025-02-20T09:28:01.592+0000] {logging_mixin.py:190} INFO - [2025-02-20T09:28:01.591+0000] {dag.py:4180} INFO - Setting next_dagrun for dataset_alias_example_alias_consumer to None, run_after=None
[2025-02-20T09:28:01.596+0000] {logging_mixin.py:190} INFO - [2025-02-20T09:28:01.596+0000] {dag.py:4180} INFO - Setting next_dagrun for dataset_alias_example_alias_producer to None, run_after=None
[2025-02-20T09:28:01.599+0000] {logging_mixin.py:190} INFO - [2025-02-20T09:28:01.599+0000] {dag.py:4180} INFO - Setting next_dagrun for dataset_s3_bucket_consumer to None, run_after=None
[2025-02-20T09:28:01.602+0000] {logging_mixin.py:190} INFO - [2025-02-20T09:28:01.601+0000] {dag.py:4180} INFO - Setting next_dagrun for dataset_s3_bucket_producer to None, run_after=None
[2025-02-20T09:28:01.647+0000] {processor.py:208} INFO - Processing /home/airflow/.local/lib/python3.12/site-packages/airflow/example_dags/example_dataset_alias.py took 0.797 seconds
