[2025-02-20T09:24:59.034+0000] {processor.py:186} INFO - Started process (PID=105) to work on /home/airflow/.local/lib/python3.12/site-packages/airflow/example_dags/example_sensor_decorator.py
[2025-02-20T09:24:59.035+0000] {processor.py:914} INFO - Processing file /home/airflow/.local/lib/python3.12/site-packages/airflow/example_dags/example_sensor_decorator.py for tasks to queue
[2025-02-20T09:24:59.038+0000] {logging_mixin.py:190} INFO - [2025-02-20T09:24:59.038+0000] {dagbag.py:588} INFO - Filling up the DagBag from /home/airflow/.local/lib/python3.12/site-packages/airflow/example_dags/example_sensor_decorator.py
[2025-02-20T09:24:59.050+0000] {processor.py:925} INFO - DAG(s) 'example_sensor_decorator' retrieved from /home/airflow/.local/lib/python3.12/site-packages/airflow/example_dags/example_sensor_decorator.py
[2025-02-20T09:24:59.202+0000] {logging_mixin.py:190} INFO - [2025-02-20T09:24:59.201+0000] {override.py:1911} INFO - Created Permission View: can edit on DAG:example_sensor_decorator
[2025-02-20T09:24:59.219+0000] {logging_mixin.py:190} INFO - [2025-02-20T09:24:59.218+0000] {override.py:1911} INFO - Created Permission View: can delete on DAG:example_sensor_decorator
[2025-02-20T09:24:59.231+0000] {logging_mixin.py:190} INFO - [2025-02-20T09:24:59.230+0000] {override.py:1911} INFO - Created Permission View: can read on DAG:example_sensor_decorator
[2025-02-20T09:24:59.244+0000] {logging_mixin.py:190} INFO - [2025-02-20T09:24:59.244+0000] {override.py:1911} INFO - Created Permission View: can create on DAG Run:example_sensor_decorator
[2025-02-20T09:24:59.255+0000] {logging_mixin.py:190} INFO - [2025-02-20T09:24:59.254+0000] {override.py:1911} INFO - Created Permission View: menu access on DAG Run:example_sensor_decorator
[2025-02-20T09:24:59.266+0000] {logging_mixin.py:190} INFO - [2025-02-20T09:24:59.266+0000] {override.py:1911} INFO - Created Permission View: can delete on DAG Run:example_sensor_decorator
[2025-02-20T09:24:59.276+0000] {logging_mixin.py:190} INFO - [2025-02-20T09:24:59.276+0000] {override.py:1911} INFO - Created Permission View: can read on DAG Run:example_sensor_decorator
[2025-02-20T09:24:59.277+0000] {logging_mixin.py:190} INFO - [2025-02-20T09:24:59.277+0000] {dag.py:3239} INFO - Sync 1 DAGs
[2025-02-20T09:24:59.296+0000] {logging_mixin.py:190} INFO - [2025-02-20T09:24:59.296+0000] {dag.py:3262} INFO - Creating ORM DAG for example_sensor_decorator
[2025-02-20T09:24:59.297+0000] {logging_mixin.py:190} INFO - [2025-02-20T09:24:59.297+0000] {dag.py:4180} INFO - Setting next_dagrun for example_sensor_decorator to None, run_after=None
[2025-02-20T09:24:59.330+0000] {processor.py:208} INFO - Processing /home/airflow/.local/lib/python3.12/site-packages/airflow/example_dags/example_sensor_decorator.py took 0.304 seconds
[2025-02-20T09:25:29.803+0000] {processor.py:186} INFO - Started process (PID=168) to work on /home/airflow/.local/lib/python3.12/site-packages/airflow/example_dags/example_sensor_decorator.py
[2025-02-20T09:25:29.804+0000] {processor.py:914} INFO - Processing file /home/airflow/.local/lib/python3.12/site-packages/airflow/example_dags/example_sensor_decorator.py for tasks to queue
[2025-02-20T09:25:29.807+0000] {logging_mixin.py:190} INFO - [2025-02-20T09:25:29.807+0000] {dagbag.py:588} INFO - Filling up the DagBag from /home/airflow/.local/lib/python3.12/site-packages/airflow/example_dags/example_sensor_decorator.py
[2025-02-20T09:25:29.816+0000] {processor.py:925} INFO - DAG(s) 'example_sensor_decorator' retrieved from /home/airflow/.local/lib/python3.12/site-packages/airflow/example_dags/example_sensor_decorator.py
[2025-02-20T09:25:29.842+0000] {logging_mixin.py:190} INFO - [2025-02-20T09:25:29.842+0000] {dag.py:3239} INFO - Sync 1 DAGs
[2025-02-20T09:25:29.858+0000] {logging_mixin.py:190} INFO - [2025-02-20T09:25:29.858+0000] {dag.py:4180} INFO - Setting next_dagrun for example_sensor_decorator to None, run_after=None
[2025-02-20T09:25:29.880+0000] {processor.py:208} INFO - Processing /home/airflow/.local/lib/python3.12/site-packages/airflow/example_dags/example_sensor_decorator.py took 0.084 seconds
[2025-02-20T09:26:00.521+0000] {processor.py:186} INFO - Started process (PID=231) to work on /home/airflow/.local/lib/python3.12/site-packages/airflow/example_dags/example_sensor_decorator.py
[2025-02-20T09:26:00.522+0000] {processor.py:914} INFO - Processing file /home/airflow/.local/lib/python3.12/site-packages/airflow/example_dags/example_sensor_decorator.py for tasks to queue
[2025-02-20T09:26:00.525+0000] {logging_mixin.py:190} INFO - [2025-02-20T09:26:00.525+0000] {dagbag.py:588} INFO - Filling up the DagBag from /home/airflow/.local/lib/python3.12/site-packages/airflow/example_dags/example_sensor_decorator.py
[2025-02-20T09:26:00.534+0000] {processor.py:925} INFO - DAG(s) 'example_sensor_decorator' retrieved from /home/airflow/.local/lib/python3.12/site-packages/airflow/example_dags/example_sensor_decorator.py
[2025-02-20T09:26:00.560+0000] {logging_mixin.py:190} INFO - [2025-02-20T09:26:00.559+0000] {dag.py:3239} INFO - Sync 1 DAGs
[2025-02-20T09:26:00.575+0000] {logging_mixin.py:190} INFO - [2025-02-20T09:26:00.575+0000] {dag.py:4180} INFO - Setting next_dagrun for example_sensor_decorator to None, run_after=None
[2025-02-20T09:26:00.596+0000] {processor.py:208} INFO - Processing /home/airflow/.local/lib/python3.12/site-packages/airflow/example_dags/example_sensor_decorator.py took 0.081 seconds
[2025-02-20T09:26:31.161+0000] {processor.py:186} INFO - Started process (PID=294) to work on /home/airflow/.local/lib/python3.12/site-packages/airflow/example_dags/example_sensor_decorator.py
[2025-02-20T09:26:31.162+0000] {processor.py:914} INFO - Processing file /home/airflow/.local/lib/python3.12/site-packages/airflow/example_dags/example_sensor_decorator.py for tasks to queue
[2025-02-20T09:26:31.165+0000] {logging_mixin.py:190} INFO - [2025-02-20T09:26:31.164+0000] {dagbag.py:588} INFO - Filling up the DagBag from /home/airflow/.local/lib/python3.12/site-packages/airflow/example_dags/example_sensor_decorator.py
[2025-02-20T09:26:31.174+0000] {processor.py:925} INFO - DAG(s) 'example_sensor_decorator' retrieved from /home/airflow/.local/lib/python3.12/site-packages/airflow/example_dags/example_sensor_decorator.py
[2025-02-20T09:26:31.198+0000] {logging_mixin.py:190} INFO - [2025-02-20T09:26:31.198+0000] {dag.py:3239} INFO - Sync 1 DAGs
[2025-02-20T09:26:31.213+0000] {logging_mixin.py:190} INFO - [2025-02-20T09:26:31.213+0000] {dag.py:4180} INFO - Setting next_dagrun for example_sensor_decorator to None, run_after=None
[2025-02-20T09:26:31.236+0000] {processor.py:208} INFO - Processing /home/airflow/.local/lib/python3.12/site-packages/airflow/example_dags/example_sensor_decorator.py took 0.082 seconds
[2025-02-20T09:27:01.329+0000] {processor.py:186} INFO - Started process (PID=356) to work on /home/airflow/.local/lib/python3.12/site-packages/airflow/example_dags/example_sensor_decorator.py
[2025-02-20T09:27:01.330+0000] {processor.py:914} INFO - Processing file /home/airflow/.local/lib/python3.12/site-packages/airflow/example_dags/example_sensor_decorator.py for tasks to queue
[2025-02-20T09:27:01.333+0000] {logging_mixin.py:190} INFO - [2025-02-20T09:27:01.333+0000] {dagbag.py:588} INFO - Filling up the DagBag from /home/airflow/.local/lib/python3.12/site-packages/airflow/example_dags/example_sensor_decorator.py
[2025-02-20T09:27:01.341+0000] {processor.py:925} INFO - DAG(s) 'example_sensor_decorator' retrieved from /home/airflow/.local/lib/python3.12/site-packages/airflow/example_dags/example_sensor_decorator.py
[2025-02-20T09:27:01.365+0000] {logging_mixin.py:190} INFO - [2025-02-20T09:27:01.365+0000] {dag.py:3239} INFO - Sync 1 DAGs
[2025-02-20T09:27:01.380+0000] {logging_mixin.py:190} INFO - [2025-02-20T09:27:01.380+0000] {dag.py:4180} INFO - Setting next_dagrun for example_sensor_decorator to None, run_after=None
[2025-02-20T09:27:01.403+0000] {processor.py:208} INFO - Processing /home/airflow/.local/lib/python3.12/site-packages/airflow/example_dags/example_sensor_decorator.py took 0.081 seconds
[2025-02-20T09:27:31.485+0000] {processor.py:186} INFO - Started process (PID=419) to work on /home/airflow/.local/lib/python3.12/site-packages/airflow/example_dags/example_sensor_decorator.py
[2025-02-20T09:27:31.486+0000] {processor.py:914} INFO - Processing file /home/airflow/.local/lib/python3.12/site-packages/airflow/example_dags/example_sensor_decorator.py for tasks to queue
[2025-02-20T09:27:31.490+0000] {logging_mixin.py:190} INFO - [2025-02-20T09:27:31.489+0000] {dagbag.py:588} INFO - Filling up the DagBag from /home/airflow/.local/lib/python3.12/site-packages/airflow/example_dags/example_sensor_decorator.py
[2025-02-20T09:27:31.498+0000] {processor.py:925} INFO - DAG(s) 'example_sensor_decorator' retrieved from /home/airflow/.local/lib/python3.12/site-packages/airflow/example_dags/example_sensor_decorator.py
[2025-02-20T09:27:31.522+0000] {logging_mixin.py:190} INFO - [2025-02-20T09:27:31.521+0000] {dag.py:3239} INFO - Sync 1 DAGs
[2025-02-20T09:27:31.536+0000] {logging_mixin.py:190} INFO - [2025-02-20T09:27:31.536+0000] {dag.py:4180} INFO - Setting next_dagrun for example_sensor_decorator to None, run_after=None
[2025-02-20T09:27:31.558+0000] {processor.py:208} INFO - Processing /home/airflow/.local/lib/python3.12/site-packages/airflow/example_dags/example_sensor_decorator.py took 0.079 seconds
[2025-02-20T09:28:02.531+0000] {processor.py:186} INFO - Started process (PID=482) to work on /home/airflow/.local/lib/python3.12/site-packages/airflow/example_dags/example_sensor_decorator.py
[2025-02-20T09:28:02.532+0000] {processor.py:914} INFO - Processing file /home/airflow/.local/lib/python3.12/site-packages/airflow/example_dags/example_sensor_decorator.py for tasks to queue
[2025-02-20T09:28:02.536+0000] {logging_mixin.py:190} INFO - [2025-02-20T09:28:02.536+0000] {dagbag.py:588} INFO - Filling up the DagBag from /home/airflow/.local/lib/python3.12/site-packages/airflow/example_dags/example_sensor_decorator.py
[2025-02-20T09:28:02.546+0000] {processor.py:925} INFO - DAG(s) 'example_sensor_decorator' retrieved from /home/airflow/.local/lib/python3.12/site-packages/airflow/example_dags/example_sensor_decorator.py
[2025-02-20T09:28:02.572+0000] {logging_mixin.py:190} INFO - [2025-02-20T09:28:02.572+0000] {dag.py:3239} INFO - Sync 1 DAGs
[2025-02-20T09:28:02.587+0000] {logging_mixin.py:190} INFO - [2025-02-20T09:28:02.587+0000] {dag.py:4180} INFO - Setting next_dagrun for example_sensor_decorator to None, run_after=None
[2025-02-20T09:28:02.608+0000] {processor.py:208} INFO - Processing /home/airflow/.local/lib/python3.12/site-packages/airflow/example_dags/example_sensor_decorator.py took 0.083 seconds
