[2025-02-20T09:24:53.210+0000] {processor.py:186} INFO - Started process (PID=78) to work on /home/airflow/.local/lib/python3.12/site-packages/airflow/example_dags/example_time_delta_sensor_async.py
[2025-02-20T09:24:53.211+0000] {processor.py:914} INFO - Processing file /home/airflow/.local/lib/python3.12/site-packages/airflow/example_dags/example_time_delta_sensor_async.py for tasks to queue
[2025-02-20T09:24:53.215+0000] {logging_mixin.py:190} INFO - [2025-02-20T09:24:53.215+0000] {dagbag.py:588} INFO - Filling up the DagBag from /home/airflow/.local/lib/python3.12/site-packages/airflow/example_dags/example_time_delta_sensor_async.py
[2025-02-20T09:24:53.225+0000] {processor.py:925} INFO - DAG(s) 'example_time_delta_sensor_async' retrieved from /home/airflow/.local/lib/python3.12/site-packages/airflow/example_dags/example_time_delta_sensor_async.py
[2025-02-20T09:24:53.368+0000] {logging_mixin.py:190} INFO - [2025-02-20T09:24:53.365+0000] {override.py:1911} INFO - Created Permission View: can edit on DAG:example_time_delta_sensor_async
[2025-02-20T09:24:53.383+0000] {logging_mixin.py:190} INFO - [2025-02-20T09:24:53.382+0000] {override.py:1911} INFO - Created Permission View: can delete on DAG:example_time_delta_sensor_async
[2025-02-20T09:24:53.392+0000] {logging_mixin.py:190} INFO - [2025-02-20T09:24:53.391+0000] {override.py:1911} INFO - Created Permission View: can read on DAG:example_time_delta_sensor_async
[2025-02-20T09:24:53.403+0000] {logging_mixin.py:190} INFO - [2025-02-20T09:24:53.403+0000] {override.py:1911} INFO - Created Permission View: can create on DAG Run:example_time_delta_sensor_async
[2025-02-20T09:24:53.414+0000] {logging_mixin.py:190} INFO - [2025-02-20T09:24:53.414+0000] {override.py:1911} INFO - Created Permission View: menu access on DAG Run:example_time_delta_sensor_async
[2025-02-20T09:24:53.425+0000] {logging_mixin.py:190} INFO - [2025-02-20T09:24:53.424+0000] {override.py:1911} INFO - Created Permission View: can delete on DAG Run:example_time_delta_sensor_async
[2025-02-20T09:24:53.434+0000] {logging_mixin.py:190} INFO - [2025-02-20T09:24:53.434+0000] {override.py:1911} INFO - Created Permission View: can read on DAG Run:example_time_delta_sensor_async
[2025-02-20T09:24:53.435+0000] {logging_mixin.py:190} INFO - [2025-02-20T09:24:53.435+0000] {dag.py:3239} INFO - Sync 1 DAGs
[2025-02-20T09:24:53.452+0000] {logging_mixin.py:190} INFO - [2025-02-20T09:24:53.451+0000] {dag.py:3262} INFO - Creating ORM DAG for example_time_delta_sensor_async
[2025-02-20T09:24:53.453+0000] {logging_mixin.py:190} INFO - [2025-02-20T09:24:53.453+0000] {dag.py:4180} INFO - Setting next_dagrun for example_time_delta_sensor_async to None, run_after=None
[2025-02-20T09:24:53.474+0000] {processor.py:208} INFO - Processing /home/airflow/.local/lib/python3.12/site-packages/airflow/example_dags/example_time_delta_sensor_async.py took 0.272 seconds
[2025-02-20T09:25:24.586+0000] {processor.py:186} INFO - Started process (PID=140) to work on /home/airflow/.local/lib/python3.12/site-packages/airflow/example_dags/example_time_delta_sensor_async.py
[2025-02-20T09:25:24.587+0000] {processor.py:914} INFO - Processing file /home/airflow/.local/lib/python3.12/site-packages/airflow/example_dags/example_time_delta_sensor_async.py for tasks to queue
[2025-02-20T09:25:24.591+0000] {logging_mixin.py:190} INFO - [2025-02-20T09:25:24.591+0000] {dagbag.py:588} INFO - Filling up the DagBag from /home/airflow/.local/lib/python3.12/site-packages/airflow/example_dags/example_time_delta_sensor_async.py
[2025-02-20T09:25:24.599+0000] {processor.py:925} INFO - DAG(s) 'example_time_delta_sensor_async' retrieved from /home/airflow/.local/lib/python3.12/site-packages/airflow/example_dags/example_time_delta_sensor_async.py
[2025-02-20T09:25:24.625+0000] {logging_mixin.py:190} INFO - [2025-02-20T09:25:24.625+0000] {dag.py:3239} INFO - Sync 1 DAGs
[2025-02-20T09:25:24.640+0000] {logging_mixin.py:190} INFO - [2025-02-20T09:25:24.640+0000] {dag.py:4180} INFO - Setting next_dagrun for example_time_delta_sensor_async to None, run_after=None
[2025-02-20T09:25:24.664+0000] {processor.py:208} INFO - Processing /home/airflow/.local/lib/python3.12/site-packages/airflow/example_dags/example_time_delta_sensor_async.py took 0.084 seconds
[2025-02-20T09:25:55.743+0000] {processor.py:186} INFO - Started process (PID=203) to work on /home/airflow/.local/lib/python3.12/site-packages/airflow/example_dags/example_time_delta_sensor_async.py
[2025-02-20T09:25:55.744+0000] {processor.py:914} INFO - Processing file /home/airflow/.local/lib/python3.12/site-packages/airflow/example_dags/example_time_delta_sensor_async.py for tasks to queue
[2025-02-20T09:25:55.749+0000] {logging_mixin.py:190} INFO - [2025-02-20T09:25:55.749+0000] {dagbag.py:588} INFO - Filling up the DagBag from /home/airflow/.local/lib/python3.12/site-packages/airflow/example_dags/example_time_delta_sensor_async.py
[2025-02-20T09:25:55.758+0000] {processor.py:925} INFO - DAG(s) 'example_time_delta_sensor_async' retrieved from /home/airflow/.local/lib/python3.12/site-packages/airflow/example_dags/example_time_delta_sensor_async.py
[2025-02-20T09:25:55.788+0000] {logging_mixin.py:190} INFO - [2025-02-20T09:25:55.788+0000] {dag.py:3239} INFO - Sync 1 DAGs
[2025-02-20T09:25:55.810+0000] {logging_mixin.py:190} INFO - [2025-02-20T09:25:55.809+0000] {dag.py:4180} INFO - Setting next_dagrun for example_time_delta_sensor_async to None, run_after=None
[2025-02-20T09:25:55.832+0000] {processor.py:208} INFO - Processing /home/airflow/.local/lib/python3.12/site-packages/airflow/example_dags/example_time_delta_sensor_async.py took 0.097 seconds
[2025-02-20T09:26:26.687+0000] {processor.py:186} INFO - Started process (PID=266) to work on /home/airflow/.local/lib/python3.12/site-packages/airflow/example_dags/example_time_delta_sensor_async.py
[2025-02-20T09:26:26.688+0000] {processor.py:914} INFO - Processing file /home/airflow/.local/lib/python3.12/site-packages/airflow/example_dags/example_time_delta_sensor_async.py for tasks to queue
[2025-02-20T09:26:26.692+0000] {logging_mixin.py:190} INFO - [2025-02-20T09:26:26.691+0000] {dagbag.py:588} INFO - Filling up the DagBag from /home/airflow/.local/lib/python3.12/site-packages/airflow/example_dags/example_time_delta_sensor_async.py
[2025-02-20T09:26:26.701+0000] {processor.py:925} INFO - DAG(s) 'example_time_delta_sensor_async' retrieved from /home/airflow/.local/lib/python3.12/site-packages/airflow/example_dags/example_time_delta_sensor_async.py
[2025-02-20T09:26:26.730+0000] {logging_mixin.py:190} INFO - [2025-02-20T09:26:26.730+0000] {dag.py:3239} INFO - Sync 1 DAGs
[2025-02-20T09:26:26.745+0000] {logging_mixin.py:190} INFO - [2025-02-20T09:26:26.745+0000] {dag.py:4180} INFO - Setting next_dagrun for example_time_delta_sensor_async to None, run_after=None
[2025-02-20T09:26:26.768+0000] {processor.py:208} INFO - Processing /home/airflow/.local/lib/python3.12/site-packages/airflow/example_dags/example_time_delta_sensor_async.py took 0.088 seconds
[2025-02-20T09:26:58.123+0000] {processor.py:186} INFO - Started process (PID=329) to work on /home/airflow/.local/lib/python3.12/site-packages/airflow/example_dags/example_time_delta_sensor_async.py
[2025-02-20T09:26:58.124+0000] {processor.py:914} INFO - Processing file /home/airflow/.local/lib/python3.12/site-packages/airflow/example_dags/example_time_delta_sensor_async.py for tasks to queue
[2025-02-20T09:26:58.129+0000] {logging_mixin.py:190} INFO - [2025-02-20T09:26:58.128+0000] {dagbag.py:588} INFO - Filling up the DagBag from /home/airflow/.local/lib/python3.12/site-packages/airflow/example_dags/example_time_delta_sensor_async.py
[2025-02-20T09:26:58.136+0000] {processor.py:925} INFO - DAG(s) 'example_time_delta_sensor_async' retrieved from /home/airflow/.local/lib/python3.12/site-packages/airflow/example_dags/example_time_delta_sensor_async.py
[2025-02-20T09:26:58.162+0000] {logging_mixin.py:190} INFO - [2025-02-20T09:26:58.161+0000] {dag.py:3239} INFO - Sync 1 DAGs
[2025-02-20T09:26:58.178+0000] {logging_mixin.py:190} INFO - [2025-02-20T09:26:58.177+0000] {dag.py:4180} INFO - Setting next_dagrun for example_time_delta_sensor_async to None, run_after=None
[2025-02-20T09:26:58.200+0000] {processor.py:208} INFO - Processing /home/airflow/.local/lib/python3.12/site-packages/airflow/example_dags/example_time_delta_sensor_async.py took 0.083 seconds
[2025-02-20T09:27:29.434+0000] {processor.py:186} INFO - Started process (PID=392) to work on /home/airflow/.local/lib/python3.12/site-packages/airflow/example_dags/example_time_delta_sensor_async.py
[2025-02-20T09:27:29.435+0000] {processor.py:914} INFO - Processing file /home/airflow/.local/lib/python3.12/site-packages/airflow/example_dags/example_time_delta_sensor_async.py for tasks to queue
[2025-02-20T09:27:29.439+0000] {logging_mixin.py:190} INFO - [2025-02-20T09:27:29.438+0000] {dagbag.py:588} INFO - Filling up the DagBag from /home/airflow/.local/lib/python3.12/site-packages/airflow/example_dags/example_time_delta_sensor_async.py
[2025-02-20T09:27:29.446+0000] {processor.py:925} INFO - DAG(s) 'example_time_delta_sensor_async' retrieved from /home/airflow/.local/lib/python3.12/site-packages/airflow/example_dags/example_time_delta_sensor_async.py
[2025-02-20T09:27:29.474+0000] {logging_mixin.py:190} INFO - [2025-02-20T09:27:29.474+0000] {dag.py:3239} INFO - Sync 1 DAGs
[2025-02-20T09:27:29.491+0000] {logging_mixin.py:190} INFO - [2025-02-20T09:27:29.491+0000] {dag.py:4180} INFO - Setting next_dagrun for example_time_delta_sensor_async to None, run_after=None
[2025-02-20T09:27:29.515+0000] {processor.py:208} INFO - Processing /home/airflow/.local/lib/python3.12/site-packages/airflow/example_dags/example_time_delta_sensor_async.py took 0.088 seconds
[2025-02-20T09:28:00.271+0000] {processor.py:186} INFO - Started process (PID=455) to work on /home/airflow/.local/lib/python3.12/site-packages/airflow/example_dags/example_time_delta_sensor_async.py
[2025-02-20T09:28:00.272+0000] {processor.py:914} INFO - Processing file /home/airflow/.local/lib/python3.12/site-packages/airflow/example_dags/example_time_delta_sensor_async.py for tasks to queue
[2025-02-20T09:28:00.276+0000] {logging_mixin.py:190} INFO - [2025-02-20T09:28:00.276+0000] {dagbag.py:588} INFO - Filling up the DagBag from /home/airflow/.local/lib/python3.12/site-packages/airflow/example_dags/example_time_delta_sensor_async.py
[2025-02-20T09:28:00.284+0000] {processor.py:925} INFO - DAG(s) 'example_time_delta_sensor_async' retrieved from /home/airflow/.local/lib/python3.12/site-packages/airflow/example_dags/example_time_delta_sensor_async.py
[2025-02-20T09:28:00.311+0000] {logging_mixin.py:190} INFO - [2025-02-20T09:28:00.310+0000] {dag.py:3239} INFO - Sync 1 DAGs
[2025-02-20T09:28:00.326+0000] {logging_mixin.py:190} INFO - [2025-02-20T09:28:00.326+0000] {dag.py:4180} INFO - Setting next_dagrun for example_time_delta_sensor_async to None, run_after=None
[2025-02-20T09:28:00.349+0000] {processor.py:208} INFO - Processing /home/airflow/.local/lib/python3.12/site-packages/airflow/example_dags/example_time_delta_sensor_async.py took 0.084 seconds
