[2025-02-20T09:24:49.484+0000] {processor.py:186} INFO - Started process (PID=72) to work on /home/airflow/.local/lib/python3.12/site-packages/airflow/example_dags/example_latest_only.py
[2025-02-20T09:24:49.485+0000] {processor.py:914} INFO - Processing file /home/airflow/.local/lib/python3.12/site-packages/airflow/example_dags/example_latest_only.py for tasks to queue
[2025-02-20T09:24:49.489+0000] {logging_mixin.py:190} INFO - [2025-02-20T09:24:49.489+0000] {dagbag.py:588} INFO - Filling up the DagBag from /home/airflow/.local/lib/python3.12/site-packages/airflow/example_dags/example_latest_only.py
[2025-02-20T09:24:49.506+0000] {processor.py:925} INFO - DAG(s) 'latest_only' retrieved from /home/airflow/.local/lib/python3.12/site-packages/airflow/example_dags/example_latest_only.py
[2025-02-20T09:24:49.644+0000] {logging_mixin.py:190} INFO - [2025-02-20T09:24:49.643+0000] {override.py:1911} INFO - Created Permission View: can edit on DAG:latest_only
[2025-02-20T09:24:49.657+0000] {logging_mixin.py:190} INFO - [2025-02-20T09:24:49.657+0000] {override.py:1911} INFO - Created Permission View: can delete on DAG:latest_only
[2025-02-20T09:24:49.666+0000] {logging_mixin.py:190} INFO - [2025-02-20T09:24:49.665+0000] {override.py:1911} INFO - Created Permission View: can read on DAG:latest_only
[2025-02-20T09:24:49.676+0000] {logging_mixin.py:190} INFO - [2025-02-20T09:24:49.675+0000] {override.py:1911} INFO - Created Permission View: can create on DAG Run:latest_only
[2025-02-20T09:24:49.684+0000] {logging_mixin.py:190} INFO - [2025-02-20T09:24:49.684+0000] {override.py:1911} INFO - Created Permission View: menu access on DAG Run:latest_only
[2025-02-20T09:24:49.693+0000] {logging_mixin.py:190} INFO - [2025-02-20T09:24:49.693+0000] {override.py:1911} INFO - Created Permission View: can delete on DAG Run:latest_only
[2025-02-20T09:24:49.702+0000] {logging_mixin.py:190} INFO - [2025-02-20T09:24:49.702+0000] {override.py:1911} INFO - Created Permission View: can read on DAG Run:latest_only
[2025-02-20T09:24:49.703+0000] {logging_mixin.py:190} INFO - [2025-02-20T09:24:49.703+0000] {dag.py:3239} INFO - Sync 1 DAGs
[2025-02-20T09:24:49.720+0000] {logging_mixin.py:190} INFO - [2025-02-20T09:24:49.719+0000] {dag.py:3262} INFO - Creating ORM DAG for latest_only
[2025-02-20T09:24:49.735+0000] {logging_mixin.py:190} INFO - [2025-02-20T09:24:49.735+0000] {dag.py:4180} INFO - Setting next_dagrun for latest_only to 2025-02-20 04:00:00+00:00, run_after=2025-02-20 08:00:00+00:00
[2025-02-20T09:24:49.760+0000] {processor.py:208} INFO - Processing /home/airflow/.local/lib/python3.12/site-packages/airflow/example_dags/example_latest_only.py took 0.283 seconds
[2025-02-20T09:25:20.611+0000] {processor.py:186} INFO - Started process (PID=135) to work on /home/airflow/.local/lib/python3.12/site-packages/airflow/example_dags/example_latest_only.py
[2025-02-20T09:25:20.612+0000] {processor.py:914} INFO - Processing file /home/airflow/.local/lib/python3.12/site-packages/airflow/example_dags/example_latest_only.py for tasks to queue
[2025-02-20T09:25:20.615+0000] {logging_mixin.py:190} INFO - [2025-02-20T09:25:20.615+0000] {dagbag.py:588} INFO - Filling up the DagBag from /home/airflow/.local/lib/python3.12/site-packages/airflow/example_dags/example_latest_only.py
[2025-02-20T09:25:20.624+0000] {processor.py:925} INFO - DAG(s) 'latest_only' retrieved from /home/airflow/.local/lib/python3.12/site-packages/airflow/example_dags/example_latest_only.py
[2025-02-20T09:25:20.650+0000] {logging_mixin.py:190} INFO - [2025-02-20T09:25:20.649+0000] {dag.py:3239} INFO - Sync 1 DAGs
[2025-02-20T09:25:20.679+0000] {logging_mixin.py:190} INFO - [2025-02-20T09:25:20.679+0000] {dag.py:4180} INFO - Setting next_dagrun for latest_only to 2025-02-20 04:00:00+00:00, run_after=2025-02-20 08:00:00+00:00
[2025-02-20T09:25:20.703+0000] {processor.py:208} INFO - Processing /home/airflow/.local/lib/python3.12/site-packages/airflow/example_dags/example_latest_only.py took 0.098 seconds
[2025-02-20T09:25:50.856+0000] {processor.py:186} INFO - Started process (PID=198) to work on /home/airflow/.local/lib/python3.12/site-packages/airflow/example_dags/example_latest_only.py
[2025-02-20T09:25:50.857+0000] {processor.py:914} INFO - Processing file /home/airflow/.local/lib/python3.12/site-packages/airflow/example_dags/example_latest_only.py for tasks to queue
[2025-02-20T09:25:50.861+0000] {logging_mixin.py:190} INFO - [2025-02-20T09:25:50.860+0000] {dagbag.py:588} INFO - Filling up the DagBag from /home/airflow/.local/lib/python3.12/site-packages/airflow/example_dags/example_latest_only.py
[2025-02-20T09:25:50.870+0000] {processor.py:925} INFO - DAG(s) 'latest_only' retrieved from /home/airflow/.local/lib/python3.12/site-packages/airflow/example_dags/example_latest_only.py
[2025-02-20T09:25:50.896+0000] {logging_mixin.py:190} INFO - [2025-02-20T09:25:50.896+0000] {dag.py:3239} INFO - Sync 1 DAGs
[2025-02-20T09:25:50.924+0000] {logging_mixin.py:190} INFO - [2025-02-20T09:25:50.923+0000] {dag.py:4180} INFO - Setting next_dagrun for latest_only to 2025-02-20 04:00:00+00:00, run_after=2025-02-20 08:00:00+00:00
[2025-02-20T09:25:50.946+0000] {processor.py:208} INFO - Processing /home/airflow/.local/lib/python3.12/site-packages/airflow/example_dags/example_latest_only.py took 0.098 seconds
[2025-02-20T09:26:21.797+0000] {processor.py:186} INFO - Started process (PID=261) to work on /home/airflow/.local/lib/python3.12/site-packages/airflow/example_dags/example_latest_only.py
[2025-02-20T09:26:21.798+0000] {processor.py:914} INFO - Processing file /home/airflow/.local/lib/python3.12/site-packages/airflow/example_dags/example_latest_only.py for tasks to queue
[2025-02-20T09:26:21.802+0000] {logging_mixin.py:190} INFO - [2025-02-20T09:26:21.801+0000] {dagbag.py:588} INFO - Filling up the DagBag from /home/airflow/.local/lib/python3.12/site-packages/airflow/example_dags/example_latest_only.py
[2025-02-20T09:26:21.811+0000] {processor.py:925} INFO - DAG(s) 'latest_only' retrieved from /home/airflow/.local/lib/python3.12/site-packages/airflow/example_dags/example_latest_only.py
[2025-02-20T09:26:21.836+0000] {logging_mixin.py:190} INFO - [2025-02-20T09:26:21.836+0000] {dag.py:3239} INFO - Sync 1 DAGs
[2025-02-20T09:26:21.862+0000] {logging_mixin.py:190} INFO - [2025-02-20T09:26:21.862+0000] {dag.py:4180} INFO - Setting next_dagrun for latest_only to 2025-02-20 04:00:00+00:00, run_after=2025-02-20 08:00:00+00:00
[2025-02-20T09:26:21.886+0000] {processor.py:208} INFO - Processing /home/airflow/.local/lib/python3.12/site-packages/airflow/example_dags/example_latest_only.py took 0.095 seconds
[2025-02-20T09:26:52.201+0000] {processor.py:186} INFO - Started process (PID=324) to work on /home/airflow/.local/lib/python3.12/site-packages/airflow/example_dags/example_latest_only.py
[2025-02-20T09:26:52.202+0000] {processor.py:914} INFO - Processing file /home/airflow/.local/lib/python3.12/site-packages/airflow/example_dags/example_latest_only.py for tasks to queue
[2025-02-20T09:26:52.205+0000] {logging_mixin.py:190} INFO - [2025-02-20T09:26:52.205+0000] {dagbag.py:588} INFO - Filling up the DagBag from /home/airflow/.local/lib/python3.12/site-packages/airflow/example_dags/example_latest_only.py
[2025-02-20T09:26:52.214+0000] {processor.py:925} INFO - DAG(s) 'latest_only' retrieved from /home/airflow/.local/lib/python3.12/site-packages/airflow/example_dags/example_latest_only.py
[2025-02-20T09:26:52.245+0000] {logging_mixin.py:190} INFO - [2025-02-20T09:26:52.245+0000] {dag.py:3239} INFO - Sync 1 DAGs
[2025-02-20T09:26:52.282+0000] {logging_mixin.py:190} INFO - [2025-02-20T09:26:52.282+0000] {dag.py:4180} INFO - Setting next_dagrun for latest_only to 2025-02-20 04:00:00+00:00, run_after=2025-02-20 08:00:00+00:00
[2025-02-20T09:26:52.306+0000] {processor.py:208} INFO - Processing /home/airflow/.local/lib/python3.12/site-packages/airflow/example_dags/example_latest_only.py took 0.111 seconds
[2025-02-20T09:27:22.436+0000] {processor.py:186} INFO - Started process (PID=387) to work on /home/airflow/.local/lib/python3.12/site-packages/airflow/example_dags/example_latest_only.py
[2025-02-20T09:27:22.438+0000] {processor.py:914} INFO - Processing file /home/airflow/.local/lib/python3.12/site-packages/airflow/example_dags/example_latest_only.py for tasks to queue
[2025-02-20T09:27:22.441+0000] {logging_mixin.py:190} INFO - [2025-02-20T09:27:22.440+0000] {dagbag.py:588} INFO - Filling up the DagBag from /home/airflow/.local/lib/python3.12/site-packages/airflow/example_dags/example_latest_only.py
[2025-02-20T09:27:22.449+0000] {processor.py:925} INFO - DAG(s) 'latest_only' retrieved from /home/airflow/.local/lib/python3.12/site-packages/airflow/example_dags/example_latest_only.py
[2025-02-20T09:27:22.477+0000] {logging_mixin.py:190} INFO - [2025-02-20T09:27:22.477+0000] {dag.py:3239} INFO - Sync 1 DAGs
[2025-02-20T09:27:22.504+0000] {logging_mixin.py:190} INFO - [2025-02-20T09:27:22.504+0000] {dag.py:4180} INFO - Setting next_dagrun for latest_only to 2025-02-20 04:00:00+00:00, run_after=2025-02-20 08:00:00+00:00
[2025-02-20T09:27:22.525+0000] {processor.py:208} INFO - Processing /home/airflow/.local/lib/python3.12/site-packages/airflow/example_dags/example_latest_only.py took 0.098 seconds
[2025-02-20T09:27:53.246+0000] {processor.py:186} INFO - Started process (PID=450) to work on /home/airflow/.local/lib/python3.12/site-packages/airflow/example_dags/example_latest_only.py
[2025-02-20T09:27:53.247+0000] {processor.py:914} INFO - Processing file /home/airflow/.local/lib/python3.12/site-packages/airflow/example_dags/example_latest_only.py for tasks to queue
[2025-02-20T09:27:53.252+0000] {logging_mixin.py:190} INFO - [2025-02-20T09:27:53.251+0000] {dagbag.py:588} INFO - Filling up the DagBag from /home/airflow/.local/lib/python3.12/site-packages/airflow/example_dags/example_latest_only.py
[2025-02-20T09:27:53.265+0000] {processor.py:925} INFO - DAG(s) 'latest_only' retrieved from /home/airflow/.local/lib/python3.12/site-packages/airflow/example_dags/example_latest_only.py
[2025-02-20T09:27:53.306+0000] {logging_mixin.py:190} INFO - [2025-02-20T09:27:53.305+0000] {dag.py:3239} INFO - Sync 1 DAGs
[2025-02-20T09:27:53.343+0000] {logging_mixin.py:190} INFO - [2025-02-20T09:27:53.343+0000] {dag.py:4180} INFO - Setting next_dagrun for latest_only to 2025-02-20 04:00:00+00:00, run_after=2025-02-20 08:00:00+00:00
[2025-02-20T09:27:53.371+0000] {processor.py:208} INFO - Processing /home/airflow/.local/lib/python3.12/site-packages/airflow/example_dags/example_latest_only.py took 0.136 seconds
