[2025-02-20T09:24:57.131+0000] {processor.py:186} INFO - Started process (PID=97) to work on /home/airflow/.local/lib/python3.12/site-packages/airflow/example_dags/example_setup_teardown_taskflow.py
[2025-02-20T09:24:57.132+0000] {processor.py:914} INFO - Processing file /home/airflow/.local/lib/python3.12/site-packages/airflow/example_dags/example_setup_teardown_taskflow.py for tasks to queue
[2025-02-20T09:24:57.136+0000] {logging_mixin.py:190} INFO - [2025-02-20T09:24:57.135+0000] {dagbag.py:588} INFO - Filling up the DagBag from /home/airflow/.local/lib/python3.12/site-packages/airflow/example_dags/example_setup_teardown_taskflow.py
[2025-02-20T09:24:57.154+0000] {processor.py:925} INFO - DAG(s) 'example_setup_teardown_taskflow' retrieved from /home/airflow/.local/lib/python3.12/site-packages/airflow/example_dags/example_setup_teardown_taskflow.py
[2025-02-20T09:24:57.309+0000] {logging_mixin.py:190} INFO - [2025-02-20T09:24:57.308+0000] {override.py:1911} INFO - Created Permission View: can edit on DAG:example_setup_teardown_taskflow
[2025-02-20T09:24:57.326+0000] {logging_mixin.py:190} INFO - [2025-02-20T09:24:57.326+0000] {override.py:1911} INFO - Created Permission View: can delete on DAG:example_setup_teardown_taskflow
[2025-02-20T09:24:57.337+0000] {logging_mixin.py:190} INFO - [2025-02-20T09:24:57.336+0000] {override.py:1911} INFO - Created Permission View: can read on DAG:example_setup_teardown_taskflow
[2025-02-20T09:24:57.350+0000] {logging_mixin.py:190} INFO - [2025-02-20T09:24:57.350+0000] {override.py:1911} INFO - Created Permission View: can create on DAG Run:example_setup_teardown_taskflow
[2025-02-20T09:24:57.361+0000] {logging_mixin.py:190} INFO - [2025-02-20T09:24:57.361+0000] {override.py:1911} INFO - Created Permission View: menu access on DAG Run:example_setup_teardown_taskflow
[2025-02-20T09:24:57.372+0000] {logging_mixin.py:190} INFO - [2025-02-20T09:24:57.372+0000] {override.py:1911} INFO - Created Permission View: can delete on DAG Run:example_setup_teardown_taskflow
[2025-02-20T09:24:57.382+0000] {logging_mixin.py:190} INFO - [2025-02-20T09:24:57.381+0000] {override.py:1911} INFO - Created Permission View: can read on DAG Run:example_setup_teardown_taskflow
[2025-02-20T09:24:57.383+0000] {logging_mixin.py:190} INFO - [2025-02-20T09:24:57.382+0000] {dag.py:3239} INFO - Sync 1 DAGs
[2025-02-20T09:24:57.402+0000] {logging_mixin.py:190} INFO - [2025-02-20T09:24:57.401+0000] {dag.py:3262} INFO - Creating ORM DAG for example_setup_teardown_taskflow
[2025-02-20T09:24:57.403+0000] {logging_mixin.py:190} INFO - [2025-02-20T09:24:57.403+0000] {dag.py:4180} INFO - Setting next_dagrun for example_setup_teardown_taskflow to None, run_after=None
[2025-02-20T09:24:57.427+0000] {processor.py:208} INFO - Processing /home/airflow/.local/lib/python3.12/site-packages/airflow/example_dags/example_setup_teardown_taskflow.py took 0.304 seconds
[2025-02-20T09:25:27.626+0000] {processor.py:186} INFO - Started process (PID=160) to work on /home/airflow/.local/lib/python3.12/site-packages/airflow/example_dags/example_setup_teardown_taskflow.py
[2025-02-20T09:25:27.627+0000] {processor.py:914} INFO - Processing file /home/airflow/.local/lib/python3.12/site-packages/airflow/example_dags/example_setup_teardown_taskflow.py for tasks to queue
[2025-02-20T09:25:27.630+0000] {logging_mixin.py:190} INFO - [2025-02-20T09:25:27.630+0000] {dagbag.py:588} INFO - Filling up the DagBag from /home/airflow/.local/lib/python3.12/site-packages/airflow/example_dags/example_setup_teardown_taskflow.py
[2025-02-20T09:25:27.642+0000] {processor.py:925} INFO - DAG(s) 'example_setup_teardown_taskflow' retrieved from /home/airflow/.local/lib/python3.12/site-packages/airflow/example_dags/example_setup_teardown_taskflow.py
[2025-02-20T09:25:27.676+0000] {logging_mixin.py:190} INFO - [2025-02-20T09:25:27.676+0000] {dag.py:3239} INFO - Sync 1 DAGs
[2025-02-20T09:25:27.697+0000] {logging_mixin.py:190} INFO - [2025-02-20T09:25:27.696+0000] {dag.py:4180} INFO - Setting next_dagrun for example_setup_teardown_taskflow to None, run_after=None
[2025-02-20T09:25:27.718+0000] {processor.py:208} INFO - Processing /home/airflow/.local/lib/python3.12/site-packages/airflow/example_dags/example_setup_teardown_taskflow.py took 0.100 seconds
[2025-02-20T09:25:58.352+0000] {processor.py:186} INFO - Started process (PID=223) to work on /home/airflow/.local/lib/python3.12/site-packages/airflow/example_dags/example_setup_teardown_taskflow.py
[2025-02-20T09:25:58.354+0000] {processor.py:914} INFO - Processing file /home/airflow/.local/lib/python3.12/site-packages/airflow/example_dags/example_setup_teardown_taskflow.py for tasks to queue
[2025-02-20T09:25:58.357+0000] {logging_mixin.py:190} INFO - [2025-02-20T09:25:58.356+0000] {dagbag.py:588} INFO - Filling up the DagBag from /home/airflow/.local/lib/python3.12/site-packages/airflow/example_dags/example_setup_teardown_taskflow.py
[2025-02-20T09:25:58.373+0000] {processor.py:925} INFO - DAG(s) 'example_setup_teardown_taskflow' retrieved from /home/airflow/.local/lib/python3.12/site-packages/airflow/example_dags/example_setup_teardown_taskflow.py
[2025-02-20T09:25:58.402+0000] {logging_mixin.py:190} INFO - [2025-02-20T09:25:58.402+0000] {dag.py:3239} INFO - Sync 1 DAGs
[2025-02-20T09:25:58.419+0000] {logging_mixin.py:190} INFO - [2025-02-20T09:25:58.418+0000] {dag.py:4180} INFO - Setting next_dagrun for example_setup_teardown_taskflow to None, run_after=None
[2025-02-20T09:25:58.440+0000] {processor.py:208} INFO - Processing /home/airflow/.local/lib/python3.12/site-packages/airflow/example_dags/example_setup_teardown_taskflow.py took 0.094 seconds
[2025-02-20T09:26:28.674+0000] {processor.py:186} INFO - Started process (PID=286) to work on /home/airflow/.local/lib/python3.12/site-packages/airflow/example_dags/example_setup_teardown_taskflow.py
[2025-02-20T09:26:28.675+0000] {processor.py:914} INFO - Processing file /home/airflow/.local/lib/python3.12/site-packages/airflow/example_dags/example_setup_teardown_taskflow.py for tasks to queue
[2025-02-20T09:26:28.679+0000] {logging_mixin.py:190} INFO - [2025-02-20T09:26:28.678+0000] {dagbag.py:588} INFO - Filling up the DagBag from /home/airflow/.local/lib/python3.12/site-packages/airflow/example_dags/example_setup_teardown_taskflow.py
[2025-02-20T09:26:28.690+0000] {processor.py:925} INFO - DAG(s) 'example_setup_teardown_taskflow' retrieved from /home/airflow/.local/lib/python3.12/site-packages/airflow/example_dags/example_setup_teardown_taskflow.py
[2025-02-20T09:26:28.718+0000] {logging_mixin.py:190} INFO - [2025-02-20T09:26:28.718+0000] {dag.py:3239} INFO - Sync 1 DAGs
[2025-02-20T09:26:28.736+0000] {logging_mixin.py:190} INFO - [2025-02-20T09:26:28.736+0000] {dag.py:4180} INFO - Setting next_dagrun for example_setup_teardown_taskflow to None, run_after=None
[2025-02-20T09:26:28.759+0000] {processor.py:208} INFO - Processing /home/airflow/.local/lib/python3.12/site-packages/airflow/example_dags/example_setup_teardown_taskflow.py took 0.092 seconds
[2025-02-20T09:26:59.839+0000] {processor.py:186} INFO - Started process (PID=349) to work on /home/airflow/.local/lib/python3.12/site-packages/airflow/example_dags/example_setup_teardown_taskflow.py
[2025-02-20T09:26:59.840+0000] {processor.py:914} INFO - Processing file /home/airflow/.local/lib/python3.12/site-packages/airflow/example_dags/example_setup_teardown_taskflow.py for tasks to queue
[2025-02-20T09:26:59.843+0000] {logging_mixin.py:190} INFO - [2025-02-20T09:26:59.842+0000] {dagbag.py:588} INFO - Filling up the DagBag from /home/airflow/.local/lib/python3.12/site-packages/airflow/example_dags/example_setup_teardown_taskflow.py
[2025-02-20T09:26:59.856+0000] {processor.py:925} INFO - DAG(s) 'example_setup_teardown_taskflow' retrieved from /home/airflow/.local/lib/python3.12/site-packages/airflow/example_dags/example_setup_teardown_taskflow.py
[2025-02-20T09:26:59.892+0000] {logging_mixin.py:190} INFO - [2025-02-20T09:26:59.891+0000] {dag.py:3239} INFO - Sync 1 DAGs
[2025-02-20T09:26:59.911+0000] {logging_mixin.py:190} INFO - [2025-02-20T09:26:59.911+0000] {dag.py:4180} INFO - Setting next_dagrun for example_setup_teardown_taskflow to None, run_after=None
[2025-02-20T09:26:59.935+0000] {processor.py:208} INFO - Processing /home/airflow/.local/lib/python3.12/site-packages/airflow/example_dags/example_setup_teardown_taskflow.py took 0.104 seconds
[2025-02-20T09:27:31.016+0000] {processor.py:186} INFO - Started process (PID=412) to work on /home/airflow/.local/lib/python3.12/site-packages/airflow/example_dags/example_setup_teardown_taskflow.py
[2025-02-20T09:27:31.017+0000] {processor.py:914} INFO - Processing file /home/airflow/.local/lib/python3.12/site-packages/airflow/example_dags/example_setup_teardown_taskflow.py for tasks to queue
[2025-02-20T09:27:31.020+0000] {logging_mixin.py:190} INFO - [2025-02-20T09:27:31.020+0000] {dagbag.py:588} INFO - Filling up the DagBag from /home/airflow/.local/lib/python3.12/site-packages/airflow/example_dags/example_setup_teardown_taskflow.py
[2025-02-20T09:27:31.034+0000] {processor.py:925} INFO - DAG(s) 'example_setup_teardown_taskflow' retrieved from /home/airflow/.local/lib/python3.12/site-packages/airflow/example_dags/example_setup_teardown_taskflow.py
[2025-02-20T09:27:31.065+0000] {logging_mixin.py:190} INFO - [2025-02-20T09:27:31.064+0000] {dag.py:3239} INFO - Sync 1 DAGs
[2025-02-20T09:27:31.080+0000] {logging_mixin.py:190} INFO - [2025-02-20T09:27:31.080+0000] {dag.py:4180} INFO - Setting next_dagrun for example_setup_teardown_taskflow to None, run_after=None
[2025-02-20T09:27:31.103+0000] {processor.py:208} INFO - Processing /home/airflow/.local/lib/python3.12/site-packages/airflow/example_dags/example_setup_teardown_taskflow.py took 0.093 seconds
[2025-02-20T09:28:02.048+0000] {processor.py:186} INFO - Started process (PID=475) to work on /home/airflow/.local/lib/python3.12/site-packages/airflow/example_dags/example_setup_teardown_taskflow.py
[2025-02-20T09:28:02.049+0000] {processor.py:914} INFO - Processing file /home/airflow/.local/lib/python3.12/site-packages/airflow/example_dags/example_setup_teardown_taskflow.py for tasks to queue
[2025-02-20T09:28:02.052+0000] {logging_mixin.py:190} INFO - [2025-02-20T09:28:02.052+0000] {dagbag.py:588} INFO - Filling up the DagBag from /home/airflow/.local/lib/python3.12/site-packages/airflow/example_dags/example_setup_teardown_taskflow.py
[2025-02-20T09:28:02.064+0000] {processor.py:925} INFO - DAG(s) 'example_setup_teardown_taskflow' retrieved from /home/airflow/.local/lib/python3.12/site-packages/airflow/example_dags/example_setup_teardown_taskflow.py
[2025-02-20T09:28:02.096+0000] {logging_mixin.py:190} INFO - [2025-02-20T09:28:02.096+0000] {dag.py:3239} INFO - Sync 1 DAGs
[2025-02-20T09:28:02.112+0000] {logging_mixin.py:190} INFO - [2025-02-20T09:28:02.112+0000] {dag.py:4180} INFO - Setting next_dagrun for example_setup_teardown_taskflow to None, run_after=None
[2025-02-20T09:28:02.133+0000] {processor.py:208} INFO - Processing /home/airflow/.local/lib/python3.12/site-packages/airflow/example_dags/example_setup_teardown_taskflow.py took 0.093 seconds
