[2025-02-20T09:24:50.269+0000] {processor.py:186} INFO - Started process (PID=75) to work on /home/airflow/.local/lib/python3.12/site-packages/airflow/example_dags/example_inlet_event_extra.py
[2025-02-20T09:24:50.270+0000] {processor.py:914} INFO - Processing file /home/airflow/.local/lib/python3.12/site-packages/airflow/example_dags/example_inlet_event_extra.py for tasks to queue
[2025-02-20T09:24:50.274+0000] {logging_mixin.py:190} INFO - [2025-02-20T09:24:50.274+0000] {dagbag.py:588} INFO - Filling up the DagBag from /home/airflow/.local/lib/python3.12/site-packages/airflow/example_dags/example_inlet_event_extra.py
[2025-02-20T09:24:52.359+0000] {processor.py:925} INFO - DAG(s) 'read_dataset_event_from_classic', 'read_dataset_event' retrieved from /home/airflow/.local/lib/python3.12/site-packages/airflow/example_dags/example_inlet_event_extra.py
[2025-02-20T09:24:52.520+0000] {logging_mixin.py:190} INFO - [2025-02-20T09:24:52.519+0000] {override.py:1911} INFO - Created Permission View: can edit on DAG:read_dataset_event_from_classic
[2025-02-20T09:24:52.535+0000] {logging_mixin.py:190} INFO - [2025-02-20T09:24:52.535+0000] {override.py:1911} INFO - Created Permission View: can delete on DAG:read_dataset_event_from_classic
[2025-02-20T09:24:52.546+0000] {logging_mixin.py:190} INFO - [2025-02-20T09:24:52.545+0000] {override.py:1911} INFO - Created Permission View: can read on DAG:read_dataset_event_from_classic
[2025-02-20T09:24:52.557+0000] {logging_mixin.py:190} INFO - [2025-02-20T09:24:52.557+0000] {override.py:1911} INFO - Created Permission View: can create on DAG Run:read_dataset_event_from_classic
[2025-02-20T09:24:52.568+0000] {logging_mixin.py:190} INFO - [2025-02-20T09:24:52.567+0000] {override.py:1911} INFO - Created Permission View: menu access on DAG Run:read_dataset_event_from_classic
[2025-02-20T09:24:52.578+0000] {logging_mixin.py:190} INFO - [2025-02-20T09:24:52.578+0000] {override.py:1911} INFO - Created Permission View: can delete on DAG Run:read_dataset_event_from_classic
[2025-02-20T09:24:52.588+0000] {logging_mixin.py:190} INFO - [2025-02-20T09:24:52.588+0000] {override.py:1911} INFO - Created Permission View: can read on DAG Run:read_dataset_event_from_classic
[2025-02-20T09:24:52.607+0000] {logging_mixin.py:190} INFO - [2025-02-20T09:24:52.607+0000] {override.py:1911} INFO - Created Permission View: can edit on DAG:read_dataset_event
[2025-02-20T09:24:52.618+0000] {logging_mixin.py:190} INFO - [2025-02-20T09:24:52.617+0000] {override.py:1911} INFO - Created Permission View: can delete on DAG:read_dataset_event
[2025-02-20T09:24:52.628+0000] {logging_mixin.py:190} INFO - [2025-02-20T09:24:52.628+0000] {override.py:1911} INFO - Created Permission View: can read on DAG:read_dataset_event
[2025-02-20T09:24:52.642+0000] {logging_mixin.py:190} INFO - [2025-02-20T09:24:52.642+0000] {override.py:1911} INFO - Created Permission View: can create on DAG Run:read_dataset_event
[2025-02-20T09:24:52.653+0000] {logging_mixin.py:190} INFO - [2025-02-20T09:24:52.652+0000] {override.py:1911} INFO - Created Permission View: menu access on DAG Run:read_dataset_event
[2025-02-20T09:24:52.666+0000] {logging_mixin.py:190} INFO - [2025-02-20T09:24:52.665+0000] {override.py:1911} INFO - Created Permission View: can delete on DAG Run:read_dataset_event
[2025-02-20T09:24:52.676+0000] {logging_mixin.py:190} INFO - [2025-02-20T09:24:52.675+0000] {override.py:1911} INFO - Created Permission View: can read on DAG Run:read_dataset_event
[2025-02-20T09:24:52.677+0000] {logging_mixin.py:190} INFO - [2025-02-20T09:24:52.676+0000] {dag.py:3239} INFO - Sync 2 DAGs
[2025-02-20T09:24:52.704+0000] {logging_mixin.py:190} INFO - [2025-02-20T09:24:52.703+0000] {dag.py:3262} INFO - Creating ORM DAG for read_dataset_event
[2025-02-20T09:24:52.705+0000] {logging_mixin.py:190} INFO - [2025-02-20T09:24:52.705+0000] {dag.py:3262} INFO - Creating ORM DAG for read_dataset_event_from_classic
[2025-02-20T09:24:52.723+0000] {logging_mixin.py:190} INFO - [2025-02-20T09:24:52.723+0000] {dag.py:4180} INFO - Setting next_dagrun for read_dataset_event to 2025-02-19 00:00:00+00:00, run_after=2025-02-20 00:00:00+00:00
[2025-02-20T09:24:52.728+0000] {logging_mixin.py:190} INFO - [2025-02-20T09:24:52.727+0000] {dag.py:4180} INFO - Setting next_dagrun for read_dataset_event_from_classic to 2025-02-19 00:00:00+00:00, run_after=2025-02-20 00:00:00+00:00
[2025-02-20T09:24:52.756+0000] {processor.py:208} INFO - Processing /home/airflow/.local/lib/python3.12/site-packages/airflow/example_dags/example_inlet_event_extra.py took 2.498 seconds
[2025-02-20T09:25:23.759+0000] {processor.py:186} INFO - Started process (PID=138) to work on /home/airflow/.local/lib/python3.12/site-packages/airflow/example_dags/example_inlet_event_extra.py
[2025-02-20T09:25:23.760+0000] {processor.py:914} INFO - Processing file /home/airflow/.local/lib/python3.12/site-packages/airflow/example_dags/example_inlet_event_extra.py for tasks to queue
[2025-02-20T09:25:23.764+0000] {logging_mixin.py:190} INFO - [2025-02-20T09:25:23.764+0000] {dagbag.py:588} INFO - Filling up the DagBag from /home/airflow/.local/lib/python3.12/site-packages/airflow/example_dags/example_inlet_event_extra.py
[2025-02-20T09:25:24.426+0000] {processor.py:925} INFO - DAG(s) 'read_dataset_event', 'read_dataset_event_from_classic' retrieved from /home/airflow/.local/lib/python3.12/site-packages/airflow/example_dags/example_inlet_event_extra.py
[2025-02-20T09:25:24.465+0000] {logging_mixin.py:190} INFO - [2025-02-20T09:25:24.464+0000] {dag.py:3239} INFO - Sync 2 DAGs
[2025-02-20T09:25:24.502+0000] {logging_mixin.py:190} INFO - [2025-02-20T09:25:24.502+0000] {dag.py:4180} INFO - Setting next_dagrun for read_dataset_event to 2025-02-19 00:00:00+00:00, run_after=2025-02-20 00:00:00+00:00
[2025-02-20T09:25:24.509+0000] {logging_mixin.py:190} INFO - [2025-02-20T09:25:24.509+0000] {dag.py:4180} INFO - Setting next_dagrun for read_dataset_event_from_classic to 2025-02-19 00:00:00+00:00, run_after=2025-02-20 00:00:00+00:00
[2025-02-20T09:25:24.531+0000] {processor.py:208} INFO - Processing /home/airflow/.local/lib/python3.12/site-packages/airflow/example_dags/example_inlet_event_extra.py took 0.780 seconds
[2025-02-20T09:25:55.002+0000] {processor.py:186} INFO - Started process (PID=201) to work on /home/airflow/.local/lib/python3.12/site-packages/airflow/example_dags/example_inlet_event_extra.py
[2025-02-20T09:25:55.003+0000] {processor.py:914} INFO - Processing file /home/airflow/.local/lib/python3.12/site-packages/airflow/example_dags/example_inlet_event_extra.py for tasks to queue
[2025-02-20T09:25:55.007+0000] {logging_mixin.py:190} INFO - [2025-02-20T09:25:55.006+0000] {dagbag.py:588} INFO - Filling up the DagBag from /home/airflow/.local/lib/python3.12/site-packages/airflow/example_dags/example_inlet_event_extra.py
[2025-02-20T09:25:55.577+0000] {processor.py:925} INFO - DAG(s) 'read_dataset_event', 'read_dataset_event_from_classic' retrieved from /home/airflow/.local/lib/python3.12/site-packages/airflow/example_dags/example_inlet_event_extra.py
[2025-02-20T09:25:55.614+0000] {logging_mixin.py:190} INFO - [2025-02-20T09:25:55.614+0000] {dag.py:3239} INFO - Sync 2 DAGs
[2025-02-20T09:25:55.646+0000] {logging_mixin.py:190} INFO - [2025-02-20T09:25:55.645+0000] {dag.py:4180} INFO - Setting next_dagrun for read_dataset_event to 2025-02-19 00:00:00+00:00, run_after=2025-02-20 00:00:00+00:00
[2025-02-20T09:25:55.652+0000] {logging_mixin.py:190} INFO - [2025-02-20T09:25:55.651+0000] {dag.py:4180} INFO - Setting next_dagrun for read_dataset_event_from_classic to 2025-02-19 00:00:00+00:00, run_after=2025-02-20 00:00:00+00:00
[2025-02-20T09:25:55.671+0000] {processor.py:208} INFO - Processing /home/airflow/.local/lib/python3.12/site-packages/airflow/example_dags/example_inlet_event_extra.py took 0.676 seconds
[2025-02-20T09:26:25.948+0000] {processor.py:186} INFO - Started process (PID=264) to work on /home/airflow/.local/lib/python3.12/site-packages/airflow/example_dags/example_inlet_event_extra.py
[2025-02-20T09:26:25.949+0000] {processor.py:914} INFO - Processing file /home/airflow/.local/lib/python3.12/site-packages/airflow/example_dags/example_inlet_event_extra.py for tasks to queue
[2025-02-20T09:26:25.953+0000] {logging_mixin.py:190} INFO - [2025-02-20T09:26:25.952+0000] {dagbag.py:588} INFO - Filling up the DagBag from /home/airflow/.local/lib/python3.12/site-packages/airflow/example_dags/example_inlet_event_extra.py
[2025-02-20T09:26:26.544+0000] {processor.py:925} INFO - DAG(s) 'read_dataset_event_from_classic', 'read_dataset_event' retrieved from /home/airflow/.local/lib/python3.12/site-packages/airflow/example_dags/example_inlet_event_extra.py
[2025-02-20T09:26:26.573+0000] {logging_mixin.py:190} INFO - [2025-02-20T09:26:26.573+0000] {dag.py:3239} INFO - Sync 2 DAGs
[2025-02-20T09:26:26.601+0000] {logging_mixin.py:190} INFO - [2025-02-20T09:26:26.600+0000] {dag.py:4180} INFO - Setting next_dagrun for read_dataset_event to 2025-02-19 00:00:00+00:00, run_after=2025-02-20 00:00:00+00:00
[2025-02-20T09:26:26.608+0000] {logging_mixin.py:190} INFO - [2025-02-20T09:26:26.607+0000] {dag.py:4180} INFO - Setting next_dagrun for read_dataset_event_from_classic to 2025-02-19 00:00:00+00:00, run_after=2025-02-20 00:00:00+00:00
[2025-02-20T09:26:26.630+0000] {processor.py:208} INFO - Processing /home/airflow/.local/lib/python3.12/site-packages/airflow/example_dags/example_inlet_event_extra.py took 0.691 seconds
[2025-02-20T09:26:57.369+0000] {processor.py:186} INFO - Started process (PID=327) to work on /home/airflow/.local/lib/python3.12/site-packages/airflow/example_dags/example_inlet_event_extra.py
[2025-02-20T09:26:57.370+0000] {processor.py:914} INFO - Processing file /home/airflow/.local/lib/python3.12/site-packages/airflow/example_dags/example_inlet_event_extra.py for tasks to queue
[2025-02-20T09:26:57.374+0000] {logging_mixin.py:190} INFO - [2025-02-20T09:26:57.373+0000] {dagbag.py:588} INFO - Filling up the DagBag from /home/airflow/.local/lib/python3.12/site-packages/airflow/example_dags/example_inlet_event_extra.py
[2025-02-20T09:26:57.952+0000] {processor.py:925} INFO - DAG(s) 'read_dataset_event_from_classic', 'read_dataset_event' retrieved from /home/airflow/.local/lib/python3.12/site-packages/airflow/example_dags/example_inlet_event_extra.py
[2025-02-20T09:26:57.981+0000] {logging_mixin.py:190} INFO - [2025-02-20T09:26:57.981+0000] {dag.py:3239} INFO - Sync 2 DAGs
[2025-02-20T09:26:58.016+0000] {logging_mixin.py:190} INFO - [2025-02-20T09:26:58.016+0000] {dag.py:4180} INFO - Setting next_dagrun for read_dataset_event to 2025-02-19 00:00:00+00:00, run_after=2025-02-20 00:00:00+00:00
[2025-02-20T09:26:58.022+0000] {logging_mixin.py:190} INFO - [2025-02-20T09:26:58.022+0000] {dag.py:4180} INFO - Setting next_dagrun for read_dataset_event_from_classic to 2025-02-19 00:00:00+00:00, run_after=2025-02-20 00:00:00+00:00
[2025-02-20T09:26:58.042+0000] {processor.py:208} INFO - Processing /home/airflow/.local/lib/python3.12/site-packages/airflow/example_dags/example_inlet_event_extra.py took 0.682 seconds
[2025-02-20T09:27:28.600+0000] {processor.py:186} INFO - Started process (PID=390) to work on /home/airflow/.local/lib/python3.12/site-packages/airflow/example_dags/example_inlet_event_extra.py
[2025-02-20T09:27:28.601+0000] {processor.py:914} INFO - Processing file /home/airflow/.local/lib/python3.12/site-packages/airflow/example_dags/example_inlet_event_extra.py for tasks to queue
[2025-02-20T09:27:28.606+0000] {logging_mixin.py:190} INFO - [2025-02-20T09:27:28.605+0000] {dagbag.py:588} INFO - Filling up the DagBag from /home/airflow/.local/lib/python3.12/site-packages/airflow/example_dags/example_inlet_event_extra.py
[2025-02-20T09:27:29.198+0000] {processor.py:925} INFO - DAG(s) 'read_dataset_event_from_classic', 'read_dataset_event' retrieved from /home/airflow/.local/lib/python3.12/site-packages/airflow/example_dags/example_inlet_event_extra.py
[2025-02-20T09:27:29.227+0000] {logging_mixin.py:190} INFO - [2025-02-20T09:27:29.227+0000] {dag.py:3239} INFO - Sync 2 DAGs
[2025-02-20T09:27:29.261+0000] {logging_mixin.py:190} INFO - [2025-02-20T09:27:29.261+0000] {dag.py:4180} INFO - Setting next_dagrun for read_dataset_event to 2025-02-19 00:00:00+00:00, run_after=2025-02-20 00:00:00+00:00
[2025-02-20T09:27:29.268+0000] {logging_mixin.py:190} INFO - [2025-02-20T09:27:29.268+0000] {dag.py:4180} INFO - Setting next_dagrun for read_dataset_event_from_classic to 2025-02-19 00:00:00+00:00, run_after=2025-02-20 00:00:00+00:00
[2025-02-20T09:27:29.286+0000] {processor.py:208} INFO - Processing /home/airflow/.local/lib/python3.12/site-packages/airflow/example_dags/example_inlet_event_extra.py took 0.694 seconds
[2025-02-20T09:27:59.454+0000] {processor.py:186} INFO - Started process (PID=453) to work on /home/airflow/.local/lib/python3.12/site-packages/airflow/example_dags/example_inlet_event_extra.py
[2025-02-20T09:27:59.455+0000] {processor.py:914} INFO - Processing file /home/airflow/.local/lib/python3.12/site-packages/airflow/example_dags/example_inlet_event_extra.py for tasks to queue
[2025-02-20T09:27:59.459+0000] {logging_mixin.py:190} INFO - [2025-02-20T09:27:59.459+0000] {dagbag.py:588} INFO - Filling up the DagBag from /home/airflow/.local/lib/python3.12/site-packages/airflow/example_dags/example_inlet_event_extra.py
[2025-02-20T09:28:00.142+0000] {processor.py:925} INFO - DAG(s) 'read_dataset_event', 'read_dataset_event_from_classic' retrieved from /home/airflow/.local/lib/python3.12/site-packages/airflow/example_dags/example_inlet_event_extra.py
[2025-02-20T09:28:00.168+0000] {logging_mixin.py:190} INFO - [2025-02-20T09:28:00.167+0000] {dag.py:3239} INFO - Sync 2 DAGs
[2025-02-20T09:28:00.195+0000] {logging_mixin.py:190} INFO - [2025-02-20T09:28:00.195+0000] {dag.py:4180} INFO - Setting next_dagrun for read_dataset_event to 2025-02-19 00:00:00+00:00, run_after=2025-02-20 00:00:00+00:00
[2025-02-20T09:28:00.202+0000] {logging_mixin.py:190} INFO - [2025-02-20T09:28:00.202+0000] {dag.py:4180} INFO - Setting next_dagrun for read_dataset_event_from_classic to 2025-02-19 00:00:00+00:00, run_after=2025-02-20 00:00:00+00:00
[2025-02-20T09:28:00.222+0000] {processor.py:208} INFO - Processing /home/airflow/.local/lib/python3.12/site-packages/airflow/example_dags/example_inlet_event_extra.py took 0.776 seconds
