[2025-02-20T09:24:53.510+0000] {processor.py:186} INFO - Started process (PID=79) to work on /home/airflow/.local/lib/python3.12/site-packages/airflow/example_dags/example_python_decorator.py
[2025-02-20T09:24:53.511+0000] {processor.py:914} INFO - Processing file /home/airflow/.local/lib/python3.12/site-packages/airflow/example_dags/example_python_decorator.py for tasks to queue
[2025-02-20T09:24:53.515+0000] {logging_mixin.py:190} INFO - [2025-02-20T09:24:53.514+0000] {dagbag.py:588} INFO - Filling up the DagBag from /home/airflow/.local/lib/python3.12/site-packages/airflow/example_dags/example_python_decorator.py
[2025-02-20T09:24:53.534+0000] {processor.py:925} INFO - DAG(s) 'example_python_decorator' retrieved from /home/airflow/.local/lib/python3.12/site-packages/airflow/example_dags/example_python_decorator.py
[2025-02-20T09:24:53.698+0000] {logging_mixin.py:190} INFO - [2025-02-20T09:24:53.697+0000] {override.py:1911} INFO - Created Permission View: can edit on DAG:example_python_decorator
[2025-02-20T09:24:53.712+0000] {logging_mixin.py:190} INFO - [2025-02-20T09:24:53.711+0000] {override.py:1911} INFO - Created Permission View: can delete on DAG:example_python_decorator
[2025-02-20T09:24:53.721+0000] {logging_mixin.py:190} INFO - [2025-02-20T09:24:53.721+0000] {override.py:1911} INFO - Created Permission View: can read on DAG:example_python_decorator
[2025-02-20T09:24:53.733+0000] {logging_mixin.py:190} INFO - [2025-02-20T09:24:53.732+0000] {override.py:1911} INFO - Created Permission View: can create on DAG Run:example_python_decorator
[2025-02-20T09:24:53.742+0000] {logging_mixin.py:190} INFO - [2025-02-20T09:24:53.742+0000] {override.py:1911} INFO - Created Permission View: menu access on DAG Run:example_python_decorator
[2025-02-20T09:24:53.753+0000] {logging_mixin.py:190} INFO - [2025-02-20T09:24:53.752+0000] {override.py:1911} INFO - Created Permission View: can delete on DAG Run:example_python_decorator
[2025-02-20T09:24:53.762+0000] {logging_mixin.py:190} INFO - [2025-02-20T09:24:53.762+0000] {override.py:1911} INFO - Created Permission View: can read on DAG Run:example_python_decorator
[2025-02-20T09:24:53.763+0000] {logging_mixin.py:190} INFO - [2025-02-20T09:24:53.763+0000] {dag.py:3239} INFO - Sync 1 DAGs
[2025-02-20T09:24:53.780+0000] {logging_mixin.py:190} INFO - [2025-02-20T09:24:53.780+0000] {dag.py:3262} INFO - Creating ORM DAG for example_python_decorator
[2025-02-20T09:24:53.782+0000] {logging_mixin.py:190} INFO - [2025-02-20T09:24:53.781+0000] {dag.py:4180} INFO - Setting next_dagrun for example_python_decorator to None, run_after=None
[2025-02-20T09:24:53.810+0000] {processor.py:208} INFO - Processing /home/airflow/.local/lib/python3.12/site-packages/airflow/example_dags/example_python_decorator.py took 0.307 seconds
[2025-02-20T09:25:25.392+0000] {processor.py:186} INFO - Started process (PID=142) to work on /home/airflow/.local/lib/python3.12/site-packages/airflow/example_dags/example_python_decorator.py
[2025-02-20T09:25:25.393+0000] {processor.py:914} INFO - Processing file /home/airflow/.local/lib/python3.12/site-packages/airflow/example_dags/example_python_decorator.py for tasks to queue
[2025-02-20T09:25:25.396+0000] {logging_mixin.py:190} INFO - [2025-02-20T09:25:25.396+0000] {dagbag.py:588} INFO - Filling up the DagBag from /home/airflow/.local/lib/python3.12/site-packages/airflow/example_dags/example_python_decorator.py
[2025-02-20T09:25:25.412+0000] {processor.py:925} INFO - DAG(s) 'example_python_decorator' retrieved from /home/airflow/.local/lib/python3.12/site-packages/airflow/example_dags/example_python_decorator.py
[2025-02-20T09:25:25.440+0000] {logging_mixin.py:190} INFO - [2025-02-20T09:25:25.440+0000] {dag.py:3239} INFO - Sync 1 DAGs
[2025-02-20T09:25:25.461+0000] {logging_mixin.py:190} INFO - [2025-02-20T09:25:25.461+0000] {dag.py:4180} INFO - Setting next_dagrun for example_python_decorator to None, run_after=None
[2025-02-20T09:25:25.486+0000] {processor.py:208} INFO - Processing /home/airflow/.local/lib/python3.12/site-packages/airflow/example_dags/example_python_decorator.py took 0.101 seconds
[2025-02-20T09:25:55.864+0000] {processor.py:186} INFO - Started process (PID=205) to work on /home/airflow/.local/lib/python3.12/site-packages/airflow/example_dags/example_python_decorator.py
[2025-02-20T09:25:55.865+0000] {processor.py:914} INFO - Processing file /home/airflow/.local/lib/python3.12/site-packages/airflow/example_dags/example_python_decorator.py for tasks to queue
[2025-02-20T09:25:55.868+0000] {logging_mixin.py:190} INFO - [2025-02-20T09:25:55.867+0000] {dagbag.py:588} INFO - Filling up the DagBag from /home/airflow/.local/lib/python3.12/site-packages/airflow/example_dags/example_python_decorator.py
[2025-02-20T09:25:55.883+0000] {processor.py:925} INFO - DAG(s) 'example_python_decorator' retrieved from /home/airflow/.local/lib/python3.12/site-packages/airflow/example_dags/example_python_decorator.py
[2025-02-20T09:25:55.911+0000] {logging_mixin.py:190} INFO - [2025-02-20T09:25:55.910+0000] {dag.py:3239} INFO - Sync 1 DAGs
[2025-02-20T09:25:55.927+0000] {logging_mixin.py:190} INFO - [2025-02-20T09:25:55.927+0000] {dag.py:4180} INFO - Setting next_dagrun for example_python_decorator to None, run_after=None
[2025-02-20T09:25:55.947+0000] {processor.py:208} INFO - Processing /home/airflow/.local/lib/python3.12/site-packages/airflow/example_dags/example_python_decorator.py took 0.090 seconds
[2025-02-20T09:26:27.490+0000] {processor.py:186} INFO - Started process (PID=268) to work on /home/airflow/.local/lib/python3.12/site-packages/airflow/example_dags/example_python_decorator.py
[2025-02-20T09:26:27.491+0000] {processor.py:914} INFO - Processing file /home/airflow/.local/lib/python3.12/site-packages/airflow/example_dags/example_python_decorator.py for tasks to queue
[2025-02-20T09:26:27.494+0000] {logging_mixin.py:190} INFO - [2025-02-20T09:26:27.493+0000] {dagbag.py:588} INFO - Filling up the DagBag from /home/airflow/.local/lib/python3.12/site-packages/airflow/example_dags/example_python_decorator.py
[2025-02-20T09:26:27.510+0000] {processor.py:925} INFO - DAG(s) 'example_python_decorator' retrieved from /home/airflow/.local/lib/python3.12/site-packages/airflow/example_dags/example_python_decorator.py
[2025-02-20T09:26:27.540+0000] {logging_mixin.py:190} INFO - [2025-02-20T09:26:27.540+0000] {dag.py:3239} INFO - Sync 1 DAGs
[2025-02-20T09:26:27.562+0000] {logging_mixin.py:190} INFO - [2025-02-20T09:26:27.562+0000] {dag.py:4180} INFO - Setting next_dagrun for example_python_decorator to None, run_after=None
[2025-02-20T09:26:27.588+0000] {processor.py:208} INFO - Processing /home/airflow/.local/lib/python3.12/site-packages/airflow/example_dags/example_python_decorator.py took 0.106 seconds
[2025-02-20T09:26:58.233+0000] {processor.py:186} INFO - Started process (PID=331) to work on /home/airflow/.local/lib/python3.12/site-packages/airflow/example_dags/example_python_decorator.py
[2025-02-20T09:26:58.234+0000] {processor.py:914} INFO - Processing file /home/airflow/.local/lib/python3.12/site-packages/airflow/example_dags/example_python_decorator.py for tasks to queue
[2025-02-20T09:26:58.237+0000] {logging_mixin.py:190} INFO - [2025-02-20T09:26:58.236+0000] {dagbag.py:588} INFO - Filling up the DagBag from /home/airflow/.local/lib/python3.12/site-packages/airflow/example_dags/example_python_decorator.py
[2025-02-20T09:26:58.252+0000] {processor.py:925} INFO - DAG(s) 'example_python_decorator' retrieved from /home/airflow/.local/lib/python3.12/site-packages/airflow/example_dags/example_python_decorator.py
[2025-02-20T09:26:58.280+0000] {logging_mixin.py:190} INFO - [2025-02-20T09:26:58.280+0000] {dag.py:3239} INFO - Sync 1 DAGs
[2025-02-20T09:26:58.294+0000] {logging_mixin.py:190} INFO - [2025-02-20T09:26:58.294+0000] {dag.py:4180} INFO - Setting next_dagrun for example_python_decorator to None, run_after=None
[2025-02-20T09:26:58.317+0000] {processor.py:208} INFO - Processing /home/airflow/.local/lib/python3.12/site-packages/airflow/example_dags/example_python_decorator.py took 0.091 seconds
[2025-02-20T09:27:29.443+0000] {processor.py:186} INFO - Started process (PID=393) to work on /home/airflow/.local/lib/python3.12/site-packages/airflow/example_dags/example_python_decorator.py
[2025-02-20T09:27:29.444+0000] {processor.py:914} INFO - Processing file /home/airflow/.local/lib/python3.12/site-packages/airflow/example_dags/example_python_decorator.py for tasks to queue
[2025-02-20T09:27:29.447+0000] {logging_mixin.py:190} INFO - [2025-02-20T09:27:29.447+0000] {dagbag.py:588} INFO - Filling up the DagBag from /home/airflow/.local/lib/python3.12/site-packages/airflow/example_dags/example_python_decorator.py
[2025-02-20T09:27:29.464+0000] {processor.py:925} INFO - DAG(s) 'example_python_decorator' retrieved from /home/airflow/.local/lib/python3.12/site-packages/airflow/example_dags/example_python_decorator.py
[2025-02-20T09:27:29.493+0000] {logging_mixin.py:190} INFO - [2025-02-20T09:27:29.492+0000] {dag.py:3239} INFO - Sync 1 DAGs
[2025-02-20T09:27:29.508+0000] {logging_mixin.py:190} INFO - [2025-02-20T09:27:29.508+0000] {dag.py:4180} INFO - Setting next_dagrun for example_python_decorator to None, run_after=None
[2025-02-20T09:27:29.532+0000] {processor.py:208} INFO - Processing /home/airflow/.local/lib/python3.12/site-packages/airflow/example_dags/example_python_decorator.py took 0.097 seconds
[2025-02-20T09:28:00.377+0000] {processor.py:186} INFO - Started process (PID=456) to work on /home/airflow/.local/lib/python3.12/site-packages/airflow/example_dags/example_python_decorator.py
[2025-02-20T09:28:00.378+0000] {processor.py:914} INFO - Processing file /home/airflow/.local/lib/python3.12/site-packages/airflow/example_dags/example_python_decorator.py for tasks to queue
[2025-02-20T09:28:00.381+0000] {logging_mixin.py:190} INFO - [2025-02-20T09:28:00.381+0000] {dagbag.py:588} INFO - Filling up the DagBag from /home/airflow/.local/lib/python3.12/site-packages/airflow/example_dags/example_python_decorator.py
[2025-02-20T09:28:00.405+0000] {processor.py:925} INFO - DAG(s) 'example_python_decorator' retrieved from /home/airflow/.local/lib/python3.12/site-packages/airflow/example_dags/example_python_decorator.py
[2025-02-20T09:28:00.432+0000] {logging_mixin.py:190} INFO - [2025-02-20T09:28:00.432+0000] {dag.py:3239} INFO - Sync 1 DAGs
[2025-02-20T09:28:00.453+0000] {logging_mixin.py:190} INFO - [2025-02-20T09:28:00.453+0000] {dag.py:4180} INFO - Setting next_dagrun for example_python_decorator to None, run_after=None
[2025-02-20T09:28:00.478+0000] {processor.py:208} INFO - Processing /home/airflow/.local/lib/python3.12/site-packages/airflow/example_dags/example_python_decorator.py took 0.107 seconds
