[2025-02-20T09:24:56.068+0000] {processor.py:186} INFO - Started process (PID=91) to work on /home/airflow/.local/lib/python3.12/site-packages/airflow/example_dags/example_xcomargs.py
[2025-02-20T09:24:56.070+0000] {processor.py:914} INFO - Processing file /home/airflow/.local/lib/python3.12/site-packages/airflow/example_dags/example_xcomargs.py for tasks to queue
[2025-02-20T09:24:56.073+0000] {logging_mixin.py:190} INFO - [2025-02-20T09:24:56.073+0000] {dagbag.py:588} INFO - Filling up the DagBag from /home/airflow/.local/lib/python3.12/site-packages/airflow/example_dags/example_xcomargs.py
[2025-02-20T09:24:56.092+0000] {processor.py:925} INFO - DAG(s) 'example_xcom_args_with_operators', 'example_xcom_args' retrieved from /home/airflow/.local/lib/python3.12/site-packages/airflow/example_dags/example_xcomargs.py
[2025-02-20T09:24:56.250+0000] {logging_mixin.py:190} INFO - [2025-02-20T09:24:56.249+0000] {override.py:1911} INFO - Created Permission View: can edit on DAG:example_xcom_args_with_operators
[2025-02-20T09:24:56.264+0000] {logging_mixin.py:190} INFO - [2025-02-20T09:24:56.263+0000] {override.py:1911} INFO - Created Permission View: can delete on DAG:example_xcom_args_with_operators
[2025-02-20T09:24:56.275+0000] {logging_mixin.py:190} INFO - [2025-02-20T09:24:56.275+0000] {override.py:1911} INFO - Created Permission View: can read on DAG:example_xcom_args_with_operators
[2025-02-20T09:24:56.287+0000] {logging_mixin.py:190} INFO - [2025-02-20T09:24:56.287+0000] {override.py:1911} INFO - Created Permission View: can create on DAG Run:example_xcom_args_with_operators
[2025-02-20T09:24:56.298+0000] {logging_mixin.py:190} INFO - [2025-02-20T09:24:56.297+0000] {override.py:1911} INFO - Created Permission View: menu access on DAG Run:example_xcom_args_with_operators
[2025-02-20T09:24:56.308+0000] {logging_mixin.py:190} INFO - [2025-02-20T09:24:56.308+0000] {override.py:1911} INFO - Created Permission View: can delete on DAG Run:example_xcom_args_with_operators
[2025-02-20T09:24:56.320+0000] {logging_mixin.py:190} INFO - [2025-02-20T09:24:56.319+0000] {override.py:1911} INFO - Created Permission View: can read on DAG Run:example_xcom_args_with_operators
[2025-02-20T09:24:56.340+0000] {logging_mixin.py:190} INFO - [2025-02-20T09:24:56.340+0000] {override.py:1911} INFO - Created Permission View: can edit on DAG:example_xcom_args
[2025-02-20T09:24:56.350+0000] {logging_mixin.py:190} INFO - [2025-02-20T09:24:56.349+0000] {override.py:1911} INFO - Created Permission View: can delete on DAG:example_xcom_args
[2025-02-20T09:24:56.360+0000] {logging_mixin.py:190} INFO - [2025-02-20T09:24:56.360+0000] {override.py:1911} INFO - Created Permission View: can read on DAG:example_xcom_args
[2025-02-20T09:24:56.371+0000] {logging_mixin.py:190} INFO - [2025-02-20T09:24:56.370+0000] {override.py:1911} INFO - Created Permission View: can create on DAG Run:example_xcom_args
[2025-02-20T09:24:56.381+0000] {logging_mixin.py:190} INFO - [2025-02-20T09:24:56.380+0000] {override.py:1911} INFO - Created Permission View: menu access on DAG Run:example_xcom_args
[2025-02-20T09:24:56.391+0000] {logging_mixin.py:190} INFO - [2025-02-20T09:24:56.391+0000] {override.py:1911} INFO - Created Permission View: can delete on DAG Run:example_xcom_args
[2025-02-20T09:24:56.402+0000] {logging_mixin.py:190} INFO - [2025-02-20T09:24:56.401+0000] {override.py:1911} INFO - Created Permission View: can read on DAG Run:example_xcom_args
[2025-02-20T09:24:56.403+0000] {logging_mixin.py:190} INFO - [2025-02-20T09:24:56.402+0000] {dag.py:3239} INFO - Sync 2 DAGs
[2025-02-20T09:24:56.426+0000] {logging_mixin.py:190} INFO - [2025-02-20T09:24:56.426+0000] {dag.py:3262} INFO - Creating ORM DAG for example_xcom_args
[2025-02-20T09:24:56.428+0000] {logging_mixin.py:190} INFO - [2025-02-20T09:24:56.427+0000] {dag.py:3262} INFO - Creating ORM DAG for example_xcom_args_with_operators
[2025-02-20T09:24:56.429+0000] {logging_mixin.py:190} INFO - [2025-02-20T09:24:56.429+0000] {dag.py:4180} INFO - Setting next_dagrun for example_xcom_args to None, run_after=None
[2025-02-20T09:24:56.431+0000] {logging_mixin.py:190} INFO - [2025-02-20T09:24:56.431+0000] {dag.py:4180} INFO - Setting next_dagrun for example_xcom_args_with_operators to None, run_after=None
[2025-02-20T09:24:56.457+0000] {processor.py:208} INFO - Processing /home/airflow/.local/lib/python3.12/site-packages/airflow/example_dags/example_xcomargs.py took 0.401 seconds
[2025-02-20T09:25:27.276+0000] {processor.py:186} INFO - Started process (PID=154) to work on /home/airflow/.local/lib/python3.12/site-packages/airflow/example_dags/example_xcomargs.py
[2025-02-20T09:25:27.277+0000] {processor.py:914} INFO - Processing file /home/airflow/.local/lib/python3.12/site-packages/airflow/example_dags/example_xcomargs.py for tasks to queue
[2025-02-20T09:25:27.281+0000] {logging_mixin.py:190} INFO - [2025-02-20T09:25:27.280+0000] {dagbag.py:588} INFO - Filling up the DagBag from /home/airflow/.local/lib/python3.12/site-packages/airflow/example_dags/example_xcomargs.py
[2025-02-20T09:25:27.293+0000] {processor.py:925} INFO - DAG(s) 'example_xcom_args_with_operators', 'example_xcom_args' retrieved from /home/airflow/.local/lib/python3.12/site-packages/airflow/example_dags/example_xcomargs.py
[2025-02-20T09:25:27.324+0000] {logging_mixin.py:190} INFO - [2025-02-20T09:25:27.323+0000] {dag.py:3239} INFO - Sync 2 DAGs
[2025-02-20T09:25:27.340+0000] {logging_mixin.py:190} INFO - [2025-02-20T09:25:27.340+0000] {dag.py:4180} INFO - Setting next_dagrun for example_xcom_args to None, run_after=None
[2025-02-20T09:25:27.345+0000] {logging_mixin.py:190} INFO - [2025-02-20T09:25:27.345+0000] {dag.py:4180} INFO - Setting next_dagrun for example_xcom_args_with_operators to None, run_after=None
[2025-02-20T09:25:27.370+0000] {processor.py:208} INFO - Processing /home/airflow/.local/lib/python3.12/site-packages/airflow/example_dags/example_xcomargs.py took 0.100 seconds
[2025-02-20T09:25:58.008+0000] {processor.py:186} INFO - Started process (PID=217) to work on /home/airflow/.local/lib/python3.12/site-packages/airflow/example_dags/example_xcomargs.py
[2025-02-20T09:25:58.009+0000] {processor.py:914} INFO - Processing file /home/airflow/.local/lib/python3.12/site-packages/airflow/example_dags/example_xcomargs.py for tasks to queue
[2025-02-20T09:25:58.012+0000] {logging_mixin.py:190} INFO - [2025-02-20T09:25:58.012+0000] {dagbag.py:588} INFO - Filling up the DagBag from /home/airflow/.local/lib/python3.12/site-packages/airflow/example_dags/example_xcomargs.py
[2025-02-20T09:25:58.026+0000] {processor.py:925} INFO - DAG(s) 'example_xcom_args_with_operators', 'example_xcom_args' retrieved from /home/airflow/.local/lib/python3.12/site-packages/airflow/example_dags/example_xcomargs.py
[2025-02-20T09:25:58.056+0000] {logging_mixin.py:190} INFO - [2025-02-20T09:25:58.056+0000] {dag.py:3239} INFO - Sync 2 DAGs
[2025-02-20T09:25:58.071+0000] {logging_mixin.py:190} INFO - [2025-02-20T09:25:58.071+0000] {dag.py:4180} INFO - Setting next_dagrun for example_xcom_args to None, run_after=None
[2025-02-20T09:25:58.076+0000] {logging_mixin.py:190} INFO - [2025-02-20T09:25:58.076+0000] {dag.py:4180} INFO - Setting next_dagrun for example_xcom_args_with_operators to None, run_after=None
[2025-02-20T09:25:58.095+0000] {processor.py:208} INFO - Processing /home/airflow/.local/lib/python3.12/site-packages/airflow/example_dags/example_xcomargs.py took 0.092 seconds
[2025-02-20T09:26:28.311+0000] {processor.py:186} INFO - Started process (PID=280) to work on /home/airflow/.local/lib/python3.12/site-packages/airflow/example_dags/example_xcomargs.py
[2025-02-20T09:26:28.312+0000] {processor.py:914} INFO - Processing file /home/airflow/.local/lib/python3.12/site-packages/airflow/example_dags/example_xcomargs.py for tasks to queue
[2025-02-20T09:26:28.315+0000] {logging_mixin.py:190} INFO - [2025-02-20T09:26:28.314+0000] {dagbag.py:588} INFO - Filling up the DagBag from /home/airflow/.local/lib/python3.12/site-packages/airflow/example_dags/example_xcomargs.py
[2025-02-20T09:26:28.327+0000] {processor.py:925} INFO - DAG(s) 'example_xcom_args_with_operators', 'example_xcom_args' retrieved from /home/airflow/.local/lib/python3.12/site-packages/airflow/example_dags/example_xcomargs.py
[2025-02-20T09:26:28.359+0000] {logging_mixin.py:190} INFO - [2025-02-20T09:26:28.358+0000] {dag.py:3239} INFO - Sync 2 DAGs
[2025-02-20T09:26:28.381+0000] {logging_mixin.py:190} INFO - [2025-02-20T09:26:28.381+0000] {dag.py:4180} INFO - Setting next_dagrun for example_xcom_args to None, run_after=None
[2025-02-20T09:26:28.388+0000] {logging_mixin.py:190} INFO - [2025-02-20T09:26:28.387+0000] {dag.py:4180} INFO - Setting next_dagrun for example_xcom_args_with_operators to None, run_after=None
[2025-02-20T09:26:28.406+0000] {processor.py:208} INFO - Processing /home/airflow/.local/lib/python3.12/site-packages/airflow/example_dags/example_xcomargs.py took 0.101 seconds
[2025-02-20T09:26:59.366+0000] {processor.py:186} INFO - Started process (PID=343) to work on /home/airflow/.local/lib/python3.12/site-packages/airflow/example_dags/example_xcomargs.py
[2025-02-20T09:26:59.367+0000] {processor.py:914} INFO - Processing file /home/airflow/.local/lib/python3.12/site-packages/airflow/example_dags/example_xcomargs.py for tasks to queue
[2025-02-20T09:26:59.370+0000] {logging_mixin.py:190} INFO - [2025-02-20T09:26:59.370+0000] {dagbag.py:588} INFO - Filling up the DagBag from /home/airflow/.local/lib/python3.12/site-packages/airflow/example_dags/example_xcomargs.py
[2025-02-20T09:26:59.382+0000] {processor.py:925} INFO - DAG(s) 'example_xcom_args', 'example_xcom_args_with_operators' retrieved from /home/airflow/.local/lib/python3.12/site-packages/airflow/example_dags/example_xcomargs.py
[2025-02-20T09:26:59.414+0000] {logging_mixin.py:190} INFO - [2025-02-20T09:26:59.413+0000] {dag.py:3239} INFO - Sync 2 DAGs
[2025-02-20T09:26:59.429+0000] {logging_mixin.py:190} INFO - [2025-02-20T09:26:59.429+0000] {dag.py:4180} INFO - Setting next_dagrun for example_xcom_args to None, run_after=None
[2025-02-20T09:26:59.434+0000] {logging_mixin.py:190} INFO - [2025-02-20T09:26:59.433+0000] {dag.py:4180} INFO - Setting next_dagrun for example_xcom_args_with_operators to None, run_after=None
[2025-02-20T09:26:59.455+0000] {processor.py:208} INFO - Processing /home/airflow/.local/lib/python3.12/site-packages/airflow/example_dags/example_xcomargs.py took 0.096 seconds
[2025-02-20T09:27:30.671+0000] {processor.py:186} INFO - Started process (PID=406) to work on /home/airflow/.local/lib/python3.12/site-packages/airflow/example_dags/example_xcomargs.py
[2025-02-20T09:27:30.672+0000] {processor.py:914} INFO - Processing file /home/airflow/.local/lib/python3.12/site-packages/airflow/example_dags/example_xcomargs.py for tasks to queue
[2025-02-20T09:27:30.675+0000] {logging_mixin.py:190} INFO - [2025-02-20T09:27:30.675+0000] {dagbag.py:588} INFO - Filling up the DagBag from /home/airflow/.local/lib/python3.12/site-packages/airflow/example_dags/example_xcomargs.py
[2025-02-20T09:27:30.686+0000] {processor.py:925} INFO - DAG(s) 'example_xcom_args_with_operators', 'example_xcom_args' retrieved from /home/airflow/.local/lib/python3.12/site-packages/airflow/example_dags/example_xcomargs.py
[2025-02-20T09:27:30.717+0000] {logging_mixin.py:190} INFO - [2025-02-20T09:27:30.717+0000] {dag.py:3239} INFO - Sync 2 DAGs
[2025-02-20T09:27:30.736+0000] {logging_mixin.py:190} INFO - [2025-02-20T09:27:30.736+0000] {dag.py:4180} INFO - Setting next_dagrun for example_xcom_args to None, run_after=None
[2025-02-20T09:27:30.741+0000] {logging_mixin.py:190} INFO - [2025-02-20T09:27:30.740+0000] {dag.py:4180} INFO - Setting next_dagrun for example_xcom_args_with_operators to None, run_after=None
[2025-02-20T09:27:30.760+0000] {processor.py:208} INFO - Processing /home/airflow/.local/lib/python3.12/site-packages/airflow/example_dags/example_xcomargs.py took 0.095 seconds
[2025-02-20T09:28:01.546+0000] {processor.py:186} INFO - Started process (PID=469) to work on /home/airflow/.local/lib/python3.12/site-packages/airflow/example_dags/example_xcomargs.py
[2025-02-20T09:28:01.547+0000] {processor.py:914} INFO - Processing file /home/airflow/.local/lib/python3.12/site-packages/airflow/example_dags/example_xcomargs.py for tasks to queue
[2025-02-20T09:28:01.551+0000] {logging_mixin.py:190} INFO - [2025-02-20T09:28:01.551+0000] {dagbag.py:588} INFO - Filling up the DagBag from /home/airflow/.local/lib/python3.12/site-packages/airflow/example_dags/example_xcomargs.py
[2025-02-20T09:28:01.563+0000] {processor.py:925} INFO - DAG(s) 'example_xcom_args', 'example_xcom_args_with_operators' retrieved from /home/airflow/.local/lib/python3.12/site-packages/airflow/example_dags/example_xcomargs.py
[2025-02-20T09:28:01.593+0000] {logging_mixin.py:190} INFO - [2025-02-20T09:28:01.593+0000] {dag.py:3239} INFO - Sync 2 DAGs
[2025-02-20T09:28:01.618+0000] {logging_mixin.py:190} INFO - [2025-02-20T09:28:01.618+0000] {dag.py:4180} INFO - Setting next_dagrun for example_xcom_args to None, run_after=None
[2025-02-20T09:28:01.626+0000] {logging_mixin.py:190} INFO - [2025-02-20T09:28:01.625+0000] {dag.py:4180} INFO - Setting next_dagrun for example_xcom_args_with_operators to None, run_after=None
[2025-02-20T09:28:01.655+0000] {processor.py:208} INFO - Processing /home/airflow/.local/lib/python3.12/site-packages/airflow/example_dags/example_xcomargs.py took 0.116 seconds
