[2025-02-20T09:24:48.820+0000] {processor.py:186} INFO - Started process (PID=70) to work on /home/airflow/.local/lib/python3.12/site-packages/airflow/example_dags/example_python_operator.py
[2025-02-20T09:24:48.822+0000] {processor.py:914} INFO - Processing file /home/airflow/.local/lib/python3.12/site-packages/airflow/example_dags/example_python_operator.py for tasks to queue
[2025-02-20T09:24:48.830+0000] {logging_mixin.py:190} INFO - [2025-02-20T09:24:48.829+0000] {dagbag.py:588} INFO - Filling up the DagBag from /home/airflow/.local/lib/python3.12/site-packages/airflow/example_dags/example_python_operator.py
[2025-02-20T09:24:48.909+0000] {processor.py:925} INFO - DAG(s) 'example_python_operator' retrieved from /home/airflow/.local/lib/python3.12/site-packages/airflow/example_dags/example_python_operator.py
[2025-02-20T09:24:49.329+0000] {logging_mixin.py:190} INFO - [2025-02-20T09:24:49.328+0000] {override.py:1911} INFO - Created Permission View: can edit on DAG:example_python_operator
[2025-02-20T09:24:49.345+0000] {logging_mixin.py:190} INFO - [2025-02-20T09:24:49.344+0000] {override.py:1911} INFO - Created Permission View: can delete on DAG:example_python_operator
[2025-02-20T09:24:49.354+0000] {logging_mixin.py:190} INFO - [2025-02-20T09:24:49.353+0000] {override.py:1911} INFO - Created Permission View: can read on DAG:example_python_operator
[2025-02-20T09:24:49.364+0000] {logging_mixin.py:190} INFO - [2025-02-20T09:24:49.364+0000] {override.py:1911} INFO - Created Permission View: can create on DAG Run:example_python_operator
[2025-02-20T09:24:49.374+0000] {logging_mixin.py:190} INFO - [2025-02-20T09:24:49.374+0000] {override.py:1911} INFO - Created Permission View: menu access on DAG Run:example_python_operator
[2025-02-20T09:24:49.384+0000] {logging_mixin.py:190} INFO - [2025-02-20T09:24:49.384+0000] {override.py:1911} INFO - Created Permission View: can delete on DAG Run:example_python_operator
[2025-02-20T09:24:49.395+0000] {logging_mixin.py:190} INFO - [2025-02-20T09:24:49.394+0000] {override.py:1911} INFO - Created Permission View: can read on DAG Run:example_python_operator
[2025-02-20T09:24:49.395+0000] {logging_mixin.py:190} INFO - [2025-02-20T09:24:49.395+0000] {dag.py:3239} INFO - Sync 1 DAGs
[2025-02-20T09:24:49.422+0000] {logging_mixin.py:190} INFO - [2025-02-20T09:24:49.422+0000] {dag.py:3262} INFO - Creating ORM DAG for example_python_operator
[2025-02-20T09:24:49.424+0000] {logging_mixin.py:190} INFO - [2025-02-20T09:24:49.424+0000] {dag.py:4180} INFO - Setting next_dagrun for example_python_operator to None, run_after=None
[2025-02-20T09:24:49.451+0000] {processor.py:208} INFO - Processing /home/airflow/.local/lib/python3.12/site-packages/airflow/example_dags/example_python_operator.py took 0.650 seconds
[2025-02-20T09:25:19.480+0000] {processor.py:186} INFO - Started process (PID=133) to work on /home/airflow/.local/lib/python3.12/site-packages/airflow/example_dags/example_python_operator.py
[2025-02-20T09:25:19.481+0000] {processor.py:914} INFO - Processing file /home/airflow/.local/lib/python3.12/site-packages/airflow/example_dags/example_python_operator.py for tasks to queue
[2025-02-20T09:25:19.484+0000] {logging_mixin.py:190} INFO - [2025-02-20T09:25:19.484+0000] {dagbag.py:588} INFO - Filling up the DagBag from /home/airflow/.local/lib/python3.12/site-packages/airflow/example_dags/example_python_operator.py
[2025-02-20T09:25:19.498+0000] {processor.py:925} INFO - DAG(s) 'example_python_operator' retrieved from /home/airflow/.local/lib/python3.12/site-packages/airflow/example_dags/example_python_operator.py
[2025-02-20T09:25:19.535+0000] {logging_mixin.py:190} INFO - [2025-02-20T09:25:19.535+0000] {dag.py:3239} INFO - Sync 1 DAGs
[2025-02-20T09:25:19.551+0000] {logging_mixin.py:190} INFO - [2025-02-20T09:25:19.550+0000] {dag.py:4180} INFO - Setting next_dagrun for example_python_operator to None, run_after=None
[2025-02-20T09:25:19.576+0000] {processor.py:208} INFO - Processing /home/airflow/.local/lib/python3.12/site-packages/airflow/example_dags/example_python_operator.py took 0.102 seconds
[2025-02-20T09:25:49.814+0000] {processor.py:186} INFO - Started process (PID=196) to work on /home/airflow/.local/lib/python3.12/site-packages/airflow/example_dags/example_python_operator.py
[2025-02-20T09:25:49.815+0000] {processor.py:914} INFO - Processing file /home/airflow/.local/lib/python3.12/site-packages/airflow/example_dags/example_python_operator.py for tasks to queue
[2025-02-20T09:25:49.818+0000] {logging_mixin.py:190} INFO - [2025-02-20T09:25:49.817+0000] {dagbag.py:588} INFO - Filling up the DagBag from /home/airflow/.local/lib/python3.12/site-packages/airflow/example_dags/example_python_operator.py
[2025-02-20T09:25:49.834+0000] {processor.py:925} INFO - DAG(s) 'example_python_operator' retrieved from /home/airflow/.local/lib/python3.12/site-packages/airflow/example_dags/example_python_operator.py
[2025-02-20T09:25:49.863+0000] {logging_mixin.py:190} INFO - [2025-02-20T09:25:49.863+0000] {dag.py:3239} INFO - Sync 1 DAGs
[2025-02-20T09:25:49.884+0000] {logging_mixin.py:190} INFO - [2025-02-20T09:25:49.883+0000] {dag.py:4180} INFO - Setting next_dagrun for example_python_operator to None, run_after=None
[2025-02-20T09:25:49.910+0000] {processor.py:208} INFO - Processing /home/airflow/.local/lib/python3.12/site-packages/airflow/example_dags/example_python_operator.py took 0.106 seconds
[2025-02-20T09:26:20.672+0000] {processor.py:186} INFO - Started process (PID=259) to work on /home/airflow/.local/lib/python3.12/site-packages/airflow/example_dags/example_python_operator.py
[2025-02-20T09:26:20.673+0000] {processor.py:914} INFO - Processing file /home/airflow/.local/lib/python3.12/site-packages/airflow/example_dags/example_python_operator.py for tasks to queue
[2025-02-20T09:26:20.677+0000] {logging_mixin.py:190} INFO - [2025-02-20T09:26:20.676+0000] {dagbag.py:588} INFO - Filling up the DagBag from /home/airflow/.local/lib/python3.12/site-packages/airflow/example_dags/example_python_operator.py
[2025-02-20T09:26:20.694+0000] {processor.py:925} INFO - DAG(s) 'example_python_operator' retrieved from /home/airflow/.local/lib/python3.12/site-packages/airflow/example_dags/example_python_operator.py
[2025-02-20T09:26:20.725+0000] {logging_mixin.py:190} INFO - [2025-02-20T09:26:20.725+0000] {dag.py:3239} INFO - Sync 1 DAGs
[2025-02-20T09:26:20.741+0000] {logging_mixin.py:190} INFO - [2025-02-20T09:26:20.740+0000] {dag.py:4180} INFO - Setting next_dagrun for example_python_operator to None, run_after=None
[2025-02-20T09:26:20.765+0000] {processor.py:208} INFO - Processing /home/airflow/.local/lib/python3.12/site-packages/airflow/example_dags/example_python_operator.py took 0.102 seconds
[2025-02-20T09:26:51.168+0000] {processor.py:186} INFO - Started process (PID=322) to work on /home/airflow/.local/lib/python3.12/site-packages/airflow/example_dags/example_python_operator.py
[2025-02-20T09:26:51.169+0000] {processor.py:914} INFO - Processing file /home/airflow/.local/lib/python3.12/site-packages/airflow/example_dags/example_python_operator.py for tasks to queue
[2025-02-20T09:26:51.175+0000] {logging_mixin.py:190} INFO - [2025-02-20T09:26:51.174+0000] {dagbag.py:588} INFO - Filling up the DagBag from /home/airflow/.local/lib/python3.12/site-packages/airflow/example_dags/example_python_operator.py
[2025-02-20T09:26:51.190+0000] {processor.py:925} INFO - DAG(s) 'example_python_operator' retrieved from /home/airflow/.local/lib/python3.12/site-packages/airflow/example_dags/example_python_operator.py
[2025-02-20T09:26:51.224+0000] {logging_mixin.py:190} INFO - [2025-02-20T09:26:51.223+0000] {dag.py:3239} INFO - Sync 1 DAGs
[2025-02-20T09:26:51.240+0000] {logging_mixin.py:190} INFO - [2025-02-20T09:26:51.240+0000] {dag.py:4180} INFO - Setting next_dagrun for example_python_operator to None, run_after=None
[2025-02-20T09:26:51.265+0000] {processor.py:208} INFO - Processing /home/airflow/.local/lib/python3.12/site-packages/airflow/example_dags/example_python_operator.py took 0.106 seconds
[2025-02-20T09:27:21.308+0000] {processor.py:186} INFO - Started process (PID=385) to work on /home/airflow/.local/lib/python3.12/site-packages/airflow/example_dags/example_python_operator.py
[2025-02-20T09:27:21.310+0000] {processor.py:914} INFO - Processing file /home/airflow/.local/lib/python3.12/site-packages/airflow/example_dags/example_python_operator.py for tasks to queue
[2025-02-20T09:27:21.313+0000] {logging_mixin.py:190} INFO - [2025-02-20T09:27:21.313+0000] {dagbag.py:588} INFO - Filling up the DagBag from /home/airflow/.local/lib/python3.12/site-packages/airflow/example_dags/example_python_operator.py
[2025-02-20T09:27:21.330+0000] {processor.py:925} INFO - DAG(s) 'example_python_operator' retrieved from /home/airflow/.local/lib/python3.12/site-packages/airflow/example_dags/example_python_operator.py
[2025-02-20T09:27:21.359+0000] {logging_mixin.py:190} INFO - [2025-02-20T09:27:21.359+0000] {dag.py:3239} INFO - Sync 1 DAGs
[2025-02-20T09:27:21.375+0000] {logging_mixin.py:190} INFO - [2025-02-20T09:27:21.375+0000] {dag.py:4180} INFO - Setting next_dagrun for example_python_operator to None, run_after=None
[2025-02-20T09:27:21.400+0000] {processor.py:208} INFO - Processing /home/airflow/.local/lib/python3.12/site-packages/airflow/example_dags/example_python_operator.py took 0.098 seconds
[2025-02-20T09:27:52.087+0000] {processor.py:186} INFO - Started process (PID=448) to work on /home/airflow/.local/lib/python3.12/site-packages/airflow/example_dags/example_python_operator.py
[2025-02-20T09:27:52.089+0000] {processor.py:914} INFO - Processing file /home/airflow/.local/lib/python3.12/site-packages/airflow/example_dags/example_python_operator.py for tasks to queue
[2025-02-20T09:27:52.092+0000] {logging_mixin.py:190} INFO - [2025-02-20T09:27:52.092+0000] {dagbag.py:588} INFO - Filling up the DagBag from /home/airflow/.local/lib/python3.12/site-packages/airflow/example_dags/example_python_operator.py
[2025-02-20T09:27:52.109+0000] {processor.py:925} INFO - DAG(s) 'example_python_operator' retrieved from /home/airflow/.local/lib/python3.12/site-packages/airflow/example_dags/example_python_operator.py
[2025-02-20T09:27:52.151+0000] {logging_mixin.py:190} INFO - [2025-02-20T09:27:52.150+0000] {dag.py:3239} INFO - Sync 1 DAGs
[2025-02-20T09:27:52.174+0000] {logging_mixin.py:190} INFO - [2025-02-20T09:27:52.174+0000] {dag.py:4180} INFO - Setting next_dagrun for example_python_operator to None, run_after=None
[2025-02-20T09:27:52.200+0000] {processor.py:208} INFO - Processing /home/airflow/.local/lib/python3.12/site-packages/airflow/example_dags/example_python_operator.py took 0.121 seconds
