[2025-02-20T09:25:00.089+0000] {processor.py:186} INFO - Started process (PID=110) to work on /home/airflow/.local/lib/python3.12/site-packages/airflow/example_dags/tutorial.py
[2025-02-20T09:25:00.090+0000] {processor.py:914} INFO - Processing file /home/airflow/.local/lib/python3.12/site-packages/airflow/example_dags/tutorial.py for tasks to queue
[2025-02-20T09:25:00.094+0000] {logging_mixin.py:190} INFO - [2025-02-20T09:25:00.094+0000] {dagbag.py:588} INFO - Filling up the DagBag from /home/airflow/.local/lib/python3.12/site-packages/airflow/example_dags/tutorial.py
[2025-02-20T09:25:00.110+0000] {processor.py:925} INFO - DAG(s) 'tutorial' retrieved from /home/airflow/.local/lib/python3.12/site-packages/airflow/example_dags/tutorial.py
[2025-02-20T09:25:00.291+0000] {logging_mixin.py:190} INFO - [2025-02-20T09:25:00.290+0000] {override.py:1911} INFO - Created Permission View: can edit on DAG:tutorial
[2025-02-20T09:25:00.305+0000] {logging_mixin.py:190} INFO - [2025-02-20T09:25:00.305+0000] {override.py:1911} INFO - Created Permission View: can delete on DAG:tutorial
[2025-02-20T09:25:00.315+0000] {logging_mixin.py:190} INFO - [2025-02-20T09:25:00.315+0000] {override.py:1911} INFO - Created Permission View: can read on DAG:tutorial
[2025-02-20T09:25:00.327+0000] {logging_mixin.py:190} INFO - [2025-02-20T09:25:00.326+0000] {override.py:1911} INFO - Created Permission View: can create on DAG Run:tutorial
[2025-02-20T09:25:00.338+0000] {logging_mixin.py:190} INFO - [2025-02-20T09:25:00.337+0000] {override.py:1911} INFO - Created Permission View: menu access on DAG Run:tutorial
[2025-02-20T09:25:00.349+0000] {logging_mixin.py:190} INFO - [2025-02-20T09:25:00.348+0000] {override.py:1911} INFO - Created Permission View: can delete on DAG Run:tutorial
[2025-02-20T09:25:00.358+0000] {logging_mixin.py:190} INFO - [2025-02-20T09:25:00.358+0000] {override.py:1911} INFO - Created Permission View: can read on DAG Run:tutorial
[2025-02-20T09:25:00.359+0000] {logging_mixin.py:190} INFO - [2025-02-20T09:25:00.359+0000] {dag.py:3239} INFO - Sync 1 DAGs
[2025-02-20T09:25:00.377+0000] {logging_mixin.py:190} INFO - [2025-02-20T09:25:00.377+0000] {dag.py:3262} INFO - Creating ORM DAG for tutorial
[2025-02-20T09:25:00.391+0000] {logging_mixin.py:190} INFO - [2025-02-20T09:25:00.390+0000] {dag.py:4180} INFO - Setting next_dagrun for tutorial to 2025-02-19 00:00:00+00:00, run_after=2025-02-20 00:00:00+00:00
[2025-02-20T09:25:00.413+0000] {processor.py:208} INFO - Processing /home/airflow/.local/lib/python3.12/site-packages/airflow/example_dags/tutorial.py took 0.332 seconds
[2025-02-20T09:25:31.180+0000] {processor.py:186} INFO - Started process (PID=173) to work on /home/airflow/.local/lib/python3.12/site-packages/airflow/example_dags/tutorial.py
[2025-02-20T09:25:31.182+0000] {processor.py:914} INFO - Processing file /home/airflow/.local/lib/python3.12/site-packages/airflow/example_dags/tutorial.py for tasks to queue
[2025-02-20T09:25:31.185+0000] {logging_mixin.py:190} INFO - [2025-02-20T09:25:31.184+0000] {dagbag.py:588} INFO - Filling up the DagBag from /home/airflow/.local/lib/python3.12/site-packages/airflow/example_dags/tutorial.py
[2025-02-20T09:25:31.194+0000] {processor.py:925} INFO - DAG(s) 'tutorial' retrieved from /home/airflow/.local/lib/python3.12/site-packages/airflow/example_dags/tutorial.py
[2025-02-20T09:25:31.220+0000] {logging_mixin.py:190} INFO - [2025-02-20T09:25:31.219+0000] {dag.py:3239} INFO - Sync 1 DAGs
[2025-02-20T09:25:31.246+0000] {logging_mixin.py:190} INFO - [2025-02-20T09:25:31.246+0000] {dag.py:4180} INFO - Setting next_dagrun for tutorial to 2025-02-19 00:00:00+00:00, run_after=2025-02-20 00:00:00+00:00
[2025-02-20T09:25:31.269+0000] {processor.py:208} INFO - Processing /home/airflow/.local/lib/python3.12/site-packages/airflow/example_dags/tutorial.py took 0.098 seconds
[2025-02-20T09:26:01.877+0000] {processor.py:186} INFO - Started process (PID=236) to work on /home/airflow/.local/lib/python3.12/site-packages/airflow/example_dags/tutorial.py
[2025-02-20T09:26:01.878+0000] {processor.py:914} INFO - Processing file /home/airflow/.local/lib/python3.12/site-packages/airflow/example_dags/tutorial.py for tasks to queue
[2025-02-20T09:26:01.881+0000] {logging_mixin.py:190} INFO - [2025-02-20T09:26:01.880+0000] {dagbag.py:588} INFO - Filling up the DagBag from /home/airflow/.local/lib/python3.12/site-packages/airflow/example_dags/tutorial.py
[2025-02-20T09:26:01.892+0000] {processor.py:925} INFO - DAG(s) 'tutorial' retrieved from /home/airflow/.local/lib/python3.12/site-packages/airflow/example_dags/tutorial.py
[2025-02-20T09:26:01.918+0000] {logging_mixin.py:190} INFO - [2025-02-20T09:26:01.918+0000] {dag.py:3239} INFO - Sync 1 DAGs
[2025-02-20T09:26:01.946+0000] {logging_mixin.py:190} INFO - [2025-02-20T09:26:01.946+0000] {dag.py:4180} INFO - Setting next_dagrun for tutorial to 2025-02-19 00:00:00+00:00, run_after=2025-02-20 00:00:00+00:00
[2025-02-20T09:26:01.967+0000] {processor.py:208} INFO - Processing /home/airflow/.local/lib/python3.12/site-packages/airflow/example_dags/tutorial.py took 0.098 seconds
[2025-02-20T09:26:32.800+0000] {processor.py:186} INFO - Started process (PID=299) to work on /home/airflow/.local/lib/python3.12/site-packages/airflow/example_dags/tutorial.py
[2025-02-20T09:26:32.801+0000] {processor.py:914} INFO - Processing file /home/airflow/.local/lib/python3.12/site-packages/airflow/example_dags/tutorial.py for tasks to queue
[2025-02-20T09:26:32.805+0000] {logging_mixin.py:190} INFO - [2025-02-20T09:26:32.804+0000] {dagbag.py:588} INFO - Filling up the DagBag from /home/airflow/.local/lib/python3.12/site-packages/airflow/example_dags/tutorial.py
[2025-02-20T09:26:32.814+0000] {processor.py:925} INFO - DAG(s) 'tutorial' retrieved from /home/airflow/.local/lib/python3.12/site-packages/airflow/example_dags/tutorial.py
[2025-02-20T09:26:32.841+0000] {logging_mixin.py:190} INFO - [2025-02-20T09:26:32.841+0000] {dag.py:3239} INFO - Sync 1 DAGs
[2025-02-20T09:26:32.868+0000] {logging_mixin.py:190} INFO - [2025-02-20T09:26:32.868+0000] {dag.py:4180} INFO - Setting next_dagrun for tutorial to 2025-02-19 00:00:00+00:00, run_after=2025-02-20 00:00:00+00:00
[2025-02-20T09:26:32.887+0000] {processor.py:208} INFO - Processing /home/airflow/.local/lib/python3.12/site-packages/airflow/example_dags/tutorial.py took 0.093 seconds
[2025-02-20T09:27:03.212+0000] {processor.py:186} INFO - Started process (PID=362) to work on /home/airflow/.local/lib/python3.12/site-packages/airflow/example_dags/tutorial.py
[2025-02-20T09:27:03.213+0000] {processor.py:914} INFO - Processing file /home/airflow/.local/lib/python3.12/site-packages/airflow/example_dags/tutorial.py for tasks to queue
[2025-02-20T09:27:03.216+0000] {logging_mixin.py:190} INFO - [2025-02-20T09:27:03.216+0000] {dagbag.py:588} INFO - Filling up the DagBag from /home/airflow/.local/lib/python3.12/site-packages/airflow/example_dags/tutorial.py
[2025-02-20T09:27:03.225+0000] {processor.py:925} INFO - DAG(s) 'tutorial' retrieved from /home/airflow/.local/lib/python3.12/site-packages/airflow/example_dags/tutorial.py
[2025-02-20T09:27:03.254+0000] {logging_mixin.py:190} INFO - [2025-02-20T09:27:03.253+0000] {dag.py:3239} INFO - Sync 1 DAGs
[2025-02-20T09:27:03.279+0000] {logging_mixin.py:190} INFO - [2025-02-20T09:27:03.279+0000] {dag.py:4180} INFO - Setting next_dagrun for tutorial to 2025-02-19 00:00:00+00:00, run_after=2025-02-20 00:00:00+00:00
[2025-02-20T09:27:03.301+0000] {processor.py:208} INFO - Processing /home/airflow/.local/lib/python3.12/site-packages/airflow/example_dags/tutorial.py took 0.098 seconds
[2025-02-20T09:27:34.062+0000] {processor.py:186} INFO - Started process (PID=425) to work on /home/airflow/.local/lib/python3.12/site-packages/airflow/example_dags/tutorial.py
[2025-02-20T09:27:34.063+0000] {processor.py:914} INFO - Processing file /home/airflow/.local/lib/python3.12/site-packages/airflow/example_dags/tutorial.py for tasks to queue
[2025-02-20T09:27:34.066+0000] {logging_mixin.py:190} INFO - [2025-02-20T09:27:34.066+0000] {dagbag.py:588} INFO - Filling up the DagBag from /home/airflow/.local/lib/python3.12/site-packages/airflow/example_dags/tutorial.py
[2025-02-20T09:27:34.076+0000] {processor.py:925} INFO - DAG(s) 'tutorial' retrieved from /home/airflow/.local/lib/python3.12/site-packages/airflow/example_dags/tutorial.py
[2025-02-20T09:27:34.101+0000] {logging_mixin.py:190} INFO - [2025-02-20T09:27:34.101+0000] {dag.py:3239} INFO - Sync 1 DAGs
[2025-02-20T09:27:34.127+0000] {logging_mixin.py:190} INFO - [2025-02-20T09:27:34.126+0000] {dag.py:4180} INFO - Setting next_dagrun for tutorial to 2025-02-19 00:00:00+00:00, run_after=2025-02-20 00:00:00+00:00
[2025-02-20T09:27:34.156+0000] {processor.py:208} INFO - Processing /home/airflow/.local/lib/python3.12/site-packages/airflow/example_dags/tutorial.py took 0.100 seconds
[2025-02-20T09:28:05.005+0000] {processor.py:186} INFO - Started process (PID=488) to work on /home/airflow/.local/lib/python3.12/site-packages/airflow/example_dags/tutorial.py
[2025-02-20T09:28:05.007+0000] {processor.py:914} INFO - Processing file /home/airflow/.local/lib/python3.12/site-packages/airflow/example_dags/tutorial.py for tasks to queue
[2025-02-20T09:28:05.010+0000] {logging_mixin.py:190} INFO - [2025-02-20T09:28:05.010+0000] {dagbag.py:588} INFO - Filling up the DagBag from /home/airflow/.local/lib/python3.12/site-packages/airflow/example_dags/tutorial.py
[2025-02-20T09:28:05.023+0000] {processor.py:925} INFO - DAG(s) 'tutorial' retrieved from /home/airflow/.local/lib/python3.12/site-packages/airflow/example_dags/tutorial.py
[2025-02-20T09:28:05.059+0000] {logging_mixin.py:190} INFO - [2025-02-20T09:28:05.058+0000] {dag.py:3239} INFO - Sync 1 DAGs
[2025-02-20T09:28:05.096+0000] {logging_mixin.py:190} INFO - [2025-02-20T09:28:05.096+0000] {dag.py:4180} INFO - Setting next_dagrun for tutorial to 2025-02-19 00:00:00+00:00, run_after=2025-02-20 00:00:00+00:00
[2025-02-20T09:28:05.116+0000] {processor.py:208} INFO - Processing /home/airflow/.local/lib/python3.12/site-packages/airflow/example_dags/tutorial.py took 0.120 seconds
