[2025-02-20T09:24:56.497+0000] {processor.py:186} INFO - Started process (PID=94) to work on /home/airflow/.local/lib/python3.12/site-packages/airflow/example_dags/tutorial_dag.py
[2025-02-20T09:24:56.498+0000] {processor.py:914} INFO - Processing file /home/airflow/.local/lib/python3.12/site-packages/airflow/example_dags/tutorial_dag.py for tasks to queue
[2025-02-20T09:24:56.502+0000] {logging_mixin.py:190} INFO - [2025-02-20T09:24:56.502+0000] {dagbag.py:588} INFO - Filling up the DagBag from /home/airflow/.local/lib/python3.12/site-packages/airflow/example_dags/tutorial_dag.py
[2025-02-20T09:24:56.514+0000] {processor.py:925} INFO - DAG(s) 'tutorial_dag' retrieved from /home/airflow/.local/lib/python3.12/site-packages/airflow/example_dags/tutorial_dag.py
[2025-02-20T09:24:56.670+0000] {logging_mixin.py:190} INFO - [2025-02-20T09:24:56.669+0000] {override.py:1911} INFO - Created Permission View: can edit on DAG:tutorial_dag
[2025-02-20T09:24:56.686+0000] {logging_mixin.py:190} INFO - [2025-02-20T09:24:56.685+0000] {override.py:1911} INFO - Created Permission View: can delete on DAG:tutorial_dag
[2025-02-20T09:24:56.696+0000] {logging_mixin.py:190} INFO - [2025-02-20T09:24:56.696+0000] {override.py:1911} INFO - Created Permission View: can read on DAG:tutorial_dag
[2025-02-20T09:24:56.711+0000] {logging_mixin.py:190} INFO - [2025-02-20T09:24:56.710+0000] {override.py:1911} INFO - Created Permission View: can create on DAG Run:tutorial_dag
[2025-02-20T09:24:56.721+0000] {logging_mixin.py:190} INFO - [2025-02-20T09:24:56.721+0000] {override.py:1911} INFO - Created Permission View: menu access on DAG Run:tutorial_dag
[2025-02-20T09:24:56.731+0000] {logging_mixin.py:190} INFO - [2025-02-20T09:24:56.731+0000] {override.py:1911} INFO - Created Permission View: can delete on DAG Run:tutorial_dag
[2025-02-20T09:24:56.741+0000] {logging_mixin.py:190} INFO - [2025-02-20T09:24:56.741+0000] {override.py:1911} INFO - Created Permission View: can read on DAG Run:tutorial_dag
[2025-02-20T09:24:56.742+0000] {logging_mixin.py:190} INFO - [2025-02-20T09:24:56.742+0000] {dag.py:3239} INFO - Sync 1 DAGs
[2025-02-20T09:24:56.762+0000] {logging_mixin.py:190} INFO - [2025-02-20T09:24:56.762+0000] {dag.py:3262} INFO - Creating ORM DAG for tutorial_dag
[2025-02-20T09:24:56.764+0000] {logging_mixin.py:190} INFO - [2025-02-20T09:24:56.764+0000] {dag.py:4180} INFO - Setting next_dagrun for tutorial_dag to None, run_after=None
[2025-02-20T09:24:56.792+0000] {processor.py:208} INFO - Processing /home/airflow/.local/lib/python3.12/site-packages/airflow/example_dags/tutorial_dag.py took 0.302 seconds
[2025-02-20T09:25:27.435+0000] {processor.py:186} INFO - Started process (PID=157) to work on /home/airflow/.local/lib/python3.12/site-packages/airflow/example_dags/tutorial_dag.py
[2025-02-20T09:25:27.437+0000] {processor.py:914} INFO - Processing file /home/airflow/.local/lib/python3.12/site-packages/airflow/example_dags/tutorial_dag.py for tasks to queue
[2025-02-20T09:25:27.440+0000] {logging_mixin.py:190} INFO - [2025-02-20T09:25:27.439+0000] {dagbag.py:588} INFO - Filling up the DagBag from /home/airflow/.local/lib/python3.12/site-packages/airflow/example_dags/tutorial_dag.py
[2025-02-20T09:25:27.448+0000] {processor.py:925} INFO - DAG(s) 'tutorial_dag' retrieved from /home/airflow/.local/lib/python3.12/site-packages/airflow/example_dags/tutorial_dag.py
[2025-02-20T09:25:27.475+0000] {logging_mixin.py:190} INFO - [2025-02-20T09:25:27.474+0000] {dag.py:3239} INFO - Sync 1 DAGs
[2025-02-20T09:25:27.491+0000] {logging_mixin.py:190} INFO - [2025-02-20T09:25:27.491+0000] {dag.py:4180} INFO - Setting next_dagrun for tutorial_dag to None, run_after=None
[2025-02-20T09:25:27.514+0000] {processor.py:208} INFO - Processing /home/airflow/.local/lib/python3.12/site-packages/airflow/example_dags/tutorial_dag.py took 0.085 seconds
[2025-02-20T09:25:58.159+0000] {processor.py:186} INFO - Started process (PID=220) to work on /home/airflow/.local/lib/python3.12/site-packages/airflow/example_dags/tutorial_dag.py
[2025-02-20T09:25:58.160+0000] {processor.py:914} INFO - Processing file /home/airflow/.local/lib/python3.12/site-packages/airflow/example_dags/tutorial_dag.py for tasks to queue
[2025-02-20T09:25:58.164+0000] {logging_mixin.py:190} INFO - [2025-02-20T09:25:58.163+0000] {dagbag.py:588} INFO - Filling up the DagBag from /home/airflow/.local/lib/python3.12/site-packages/airflow/example_dags/tutorial_dag.py
[2025-02-20T09:25:58.173+0000] {processor.py:925} INFO - DAG(s) 'tutorial_dag' retrieved from /home/airflow/.local/lib/python3.12/site-packages/airflow/example_dags/tutorial_dag.py
[2025-02-20T09:25:58.200+0000] {logging_mixin.py:190} INFO - [2025-02-20T09:25:58.200+0000] {dag.py:3239} INFO - Sync 1 DAGs
[2025-02-20T09:25:58.216+0000] {logging_mixin.py:190} INFO - [2025-02-20T09:25:58.216+0000] {dag.py:4180} INFO - Setting next_dagrun for tutorial_dag to None, run_after=None
[2025-02-20T09:25:58.238+0000] {processor.py:208} INFO - Processing /home/airflow/.local/lib/python3.12/site-packages/airflow/example_dags/tutorial_dag.py took 0.085 seconds
[2025-02-20T09:26:28.502+0000] {processor.py:186} INFO - Started process (PID=283) to work on /home/airflow/.local/lib/python3.12/site-packages/airflow/example_dags/tutorial_dag.py
[2025-02-20T09:26:28.503+0000] {processor.py:914} INFO - Processing file /home/airflow/.local/lib/python3.12/site-packages/airflow/example_dags/tutorial_dag.py for tasks to queue
[2025-02-20T09:26:28.507+0000] {logging_mixin.py:190} INFO - [2025-02-20T09:26:28.506+0000] {dagbag.py:588} INFO - Filling up the DagBag from /home/airflow/.local/lib/python3.12/site-packages/airflow/example_dags/tutorial_dag.py
[2025-02-20T09:26:28.515+0000] {processor.py:925} INFO - DAG(s) 'tutorial_dag' retrieved from /home/airflow/.local/lib/python3.12/site-packages/airflow/example_dags/tutorial_dag.py
[2025-02-20T09:26:28.541+0000] {logging_mixin.py:190} INFO - [2025-02-20T09:26:28.540+0000] {dag.py:3239} INFO - Sync 1 DAGs
[2025-02-20T09:26:28.558+0000] {logging_mixin.py:190} INFO - [2025-02-20T09:26:28.558+0000] {dag.py:4180} INFO - Setting next_dagrun for tutorial_dag to None, run_after=None
[2025-02-20T09:26:28.582+0000] {processor.py:208} INFO - Processing /home/airflow/.local/lib/python3.12/site-packages/airflow/example_dags/tutorial_dag.py took 0.089 seconds
[2025-02-20T09:26:59.622+0000] {processor.py:186} INFO - Started process (PID=346) to work on /home/airflow/.local/lib/python3.12/site-packages/airflow/example_dags/tutorial_dag.py
[2025-02-20T09:26:59.623+0000] {processor.py:914} INFO - Processing file /home/airflow/.local/lib/python3.12/site-packages/airflow/example_dags/tutorial_dag.py for tasks to queue
[2025-02-20T09:26:59.626+0000] {logging_mixin.py:190} INFO - [2025-02-20T09:26:59.625+0000] {dagbag.py:588} INFO - Filling up the DagBag from /home/airflow/.local/lib/python3.12/site-packages/airflow/example_dags/tutorial_dag.py
[2025-02-20T09:26:59.635+0000] {processor.py:925} INFO - DAG(s) 'tutorial_dag' retrieved from /home/airflow/.local/lib/python3.12/site-packages/airflow/example_dags/tutorial_dag.py
[2025-02-20T09:26:59.664+0000] {logging_mixin.py:190} INFO - [2025-02-20T09:26:59.664+0000] {dag.py:3239} INFO - Sync 1 DAGs
[2025-02-20T09:26:59.680+0000] {logging_mixin.py:190} INFO - [2025-02-20T09:26:59.680+0000] {dag.py:4180} INFO - Setting next_dagrun for tutorial_dag to None, run_after=None
[2025-02-20T09:26:59.702+0000] {processor.py:208} INFO - Processing /home/airflow/.local/lib/python3.12/site-packages/airflow/example_dags/tutorial_dag.py took 0.088 seconds
[2025-02-20T09:27:30.844+0000] {processor.py:186} INFO - Started process (PID=409) to work on /home/airflow/.local/lib/python3.12/site-packages/airflow/example_dags/tutorial_dag.py
[2025-02-20T09:27:30.845+0000] {processor.py:914} INFO - Processing file /home/airflow/.local/lib/python3.12/site-packages/airflow/example_dags/tutorial_dag.py for tasks to queue
[2025-02-20T09:27:30.848+0000] {logging_mixin.py:190} INFO - [2025-02-20T09:27:30.848+0000] {dagbag.py:588} INFO - Filling up the DagBag from /home/airflow/.local/lib/python3.12/site-packages/airflow/example_dags/tutorial_dag.py
[2025-02-20T09:27:30.857+0000] {processor.py:925} INFO - DAG(s) 'tutorial_dag' retrieved from /home/airflow/.local/lib/python3.12/site-packages/airflow/example_dags/tutorial_dag.py
[2025-02-20T09:27:30.884+0000] {logging_mixin.py:190} INFO - [2025-02-20T09:27:30.883+0000] {dag.py:3239} INFO - Sync 1 DAGs
[2025-02-20T09:27:30.899+0000] {logging_mixin.py:190} INFO - [2025-02-20T09:27:30.899+0000] {dag.py:4180} INFO - Setting next_dagrun for tutorial_dag to None, run_after=None
[2025-02-20T09:27:30.921+0000] {processor.py:208} INFO - Processing /home/airflow/.local/lib/python3.12/site-packages/airflow/example_dags/tutorial_dag.py took 0.084 seconds
[2025-02-20T09:28:01.822+0000] {processor.py:186} INFO - Started process (PID=472) to work on /home/airflow/.local/lib/python3.12/site-packages/airflow/example_dags/tutorial_dag.py
[2025-02-20T09:28:01.823+0000] {processor.py:914} INFO - Processing file /home/airflow/.local/lib/python3.12/site-packages/airflow/example_dags/tutorial_dag.py for tasks to queue
[2025-02-20T09:28:01.826+0000] {logging_mixin.py:190} INFO - [2025-02-20T09:28:01.826+0000] {dagbag.py:588} INFO - Filling up the DagBag from /home/airflow/.local/lib/python3.12/site-packages/airflow/example_dags/tutorial_dag.py
[2025-02-20T09:28:01.835+0000] {processor.py:925} INFO - DAG(s) 'tutorial_dag' retrieved from /home/airflow/.local/lib/python3.12/site-packages/airflow/example_dags/tutorial_dag.py
[2025-02-20T09:28:01.867+0000] {logging_mixin.py:190} INFO - [2025-02-20T09:28:01.867+0000] {dag.py:3239} INFO - Sync 1 DAGs
[2025-02-20T09:28:01.889+0000] {logging_mixin.py:190} INFO - [2025-02-20T09:28:01.888+0000] {dag.py:4180} INFO - Setting next_dagrun for tutorial_dag to None, run_after=None
[2025-02-20T09:28:01.914+0000] {processor.py:208} INFO - Processing /home/airflow/.local/lib/python3.12/site-packages/airflow/example_dags/tutorial_dag.py took 0.101 seconds
